ARM GAS  /tmp/cc6kL6ri.s 			page 1


   1              		.cpu cortex-m4
   2              		.arch armv7e-m
   3              		.fpu fpv4-sp-d16
   4              		.eabi_attribute 27, 1
   5              		.eabi_attribute 28, 1
   6              		.eabi_attribute 20, 1
   7              		.eabi_attribute 21, 1
   8              		.eabi_attribute 23, 3
   9              		.eabi_attribute 24, 1
  10              		.eabi_attribute 25, 1
  11              		.eabi_attribute 26, 1
  12              		.eabi_attribute 30, 6
  13              		.eabi_attribute 34, 1
  14              		.eabi_attribute 18, 4
  15              		.file	"stm32l4xx_hal_i2c_ex.c"
  16              		.text
  17              	.Ltext0:
  18              		.cfi_sections	.debug_frame
  19              		.file 1 "Drivers/STM32L4xx_HAL_Driver/Src/stm32l4xx_hal_i2c_ex.c"
  20              		.section	.rodata.CHANNEL_OFFSET_TAB,"a"
  21              		.align	2
  24              	CHANNEL_OFFSET_TAB:
  25 0000 081C3044 		.ascii	"\010\0340DXl\200"
  25      586C80
  26              		.section	.text.HAL_I2CEx_ConfigAnalogFilter,"ax",%progbits
  27              		.align	1
  28              		.global	HAL_I2CEx_ConfigAnalogFilter
  29              		.syntax unified
  30              		.thumb
  31              		.thumb_func
  33              	HAL_I2CEx_ConfigAnalogFilter:
  34              	.LFB445:
   1:Drivers/STM32L4xx_HAL_Driver/Src/stm32l4xx_hal_i2c_ex.c **** /**
   2:Drivers/STM32L4xx_HAL_Driver/Src/stm32l4xx_hal_i2c_ex.c ****   ******************************************************************************
   3:Drivers/STM32L4xx_HAL_Driver/Src/stm32l4xx_hal_i2c_ex.c ****   * @file    stm32l4xx_hal_i2c_ex.c
   4:Drivers/STM32L4xx_HAL_Driver/Src/stm32l4xx_hal_i2c_ex.c ****   * @author  MCD Application Team
   5:Drivers/STM32L4xx_HAL_Driver/Src/stm32l4xx_hal_i2c_ex.c ****   * @brief   I2C Extended HAL module driver.
   6:Drivers/STM32L4xx_HAL_Driver/Src/stm32l4xx_hal_i2c_ex.c ****   *          This file provides firmware functions to manage the following
   7:Drivers/STM32L4xx_HAL_Driver/Src/stm32l4xx_hal_i2c_ex.c ****   *          functionalities of I2C Extended peripheral:
   8:Drivers/STM32L4xx_HAL_Driver/Src/stm32l4xx_hal_i2c_ex.c ****   *           + Filter Mode Functions
   9:Drivers/STM32L4xx_HAL_Driver/Src/stm32l4xx_hal_i2c_ex.c ****   *           + WakeUp Mode Functions
  10:Drivers/STM32L4xx_HAL_Driver/Src/stm32l4xx_hal_i2c_ex.c ****   *           + FastModePlus Functions
  11:Drivers/STM32L4xx_HAL_Driver/Src/stm32l4xx_hal_i2c_ex.c ****   *
  12:Drivers/STM32L4xx_HAL_Driver/Src/stm32l4xx_hal_i2c_ex.c ****   ******************************************************************************
  13:Drivers/STM32L4xx_HAL_Driver/Src/stm32l4xx_hal_i2c_ex.c ****   * @attention
  14:Drivers/STM32L4xx_HAL_Driver/Src/stm32l4xx_hal_i2c_ex.c ****   *
  15:Drivers/STM32L4xx_HAL_Driver/Src/stm32l4xx_hal_i2c_ex.c ****   * Copyright (c) 2017 STMicroelectronics.
  16:Drivers/STM32L4xx_HAL_Driver/Src/stm32l4xx_hal_i2c_ex.c ****   * All rights reserved.
  17:Drivers/STM32L4xx_HAL_Driver/Src/stm32l4xx_hal_i2c_ex.c ****   *
  18:Drivers/STM32L4xx_HAL_Driver/Src/stm32l4xx_hal_i2c_ex.c ****   * This software is licensed under terms that can be found in the LICENSE file
  19:Drivers/STM32L4xx_HAL_Driver/Src/stm32l4xx_hal_i2c_ex.c ****   * in the root directory of this software component.
  20:Drivers/STM32L4xx_HAL_Driver/Src/stm32l4xx_hal_i2c_ex.c ****   * If no LICENSE file comes with this software, it is provided AS-IS.
  21:Drivers/STM32L4xx_HAL_Driver/Src/stm32l4xx_hal_i2c_ex.c ****   *
  22:Drivers/STM32L4xx_HAL_Driver/Src/stm32l4xx_hal_i2c_ex.c ****   ******************************************************************************
  23:Drivers/STM32L4xx_HAL_Driver/Src/stm32l4xx_hal_i2c_ex.c ****   @verbatim
  24:Drivers/STM32L4xx_HAL_Driver/Src/stm32l4xx_hal_i2c_ex.c ****   ==============================================================================
  25:Drivers/STM32L4xx_HAL_Driver/Src/stm32l4xx_hal_i2c_ex.c ****                ##### I2C peripheral Extended features  #####
ARM GAS  /tmp/cc6kL6ri.s 			page 2


  26:Drivers/STM32L4xx_HAL_Driver/Src/stm32l4xx_hal_i2c_ex.c ****   ==============================================================================
  27:Drivers/STM32L4xx_HAL_Driver/Src/stm32l4xx_hal_i2c_ex.c **** 
  28:Drivers/STM32L4xx_HAL_Driver/Src/stm32l4xx_hal_i2c_ex.c ****   [..] Comparing to other previous devices, the I2C interface for STM32L4xx
  29:Drivers/STM32L4xx_HAL_Driver/Src/stm32l4xx_hal_i2c_ex.c ****        devices contains the following additional features
  30:Drivers/STM32L4xx_HAL_Driver/Src/stm32l4xx_hal_i2c_ex.c **** 
  31:Drivers/STM32L4xx_HAL_Driver/Src/stm32l4xx_hal_i2c_ex.c ****        (+) Possibility to disable or enable Analog Noise Filter
  32:Drivers/STM32L4xx_HAL_Driver/Src/stm32l4xx_hal_i2c_ex.c ****        (+) Use of a configured Digital Noise Filter
  33:Drivers/STM32L4xx_HAL_Driver/Src/stm32l4xx_hal_i2c_ex.c ****        (+) Disable or enable wakeup from Stop mode(s)
  34:Drivers/STM32L4xx_HAL_Driver/Src/stm32l4xx_hal_i2c_ex.c ****        (+) Disable or enable Fast Mode Plus
  35:Drivers/STM32L4xx_HAL_Driver/Src/stm32l4xx_hal_i2c_ex.c **** 
  36:Drivers/STM32L4xx_HAL_Driver/Src/stm32l4xx_hal_i2c_ex.c ****                      ##### How to use this driver #####
  37:Drivers/STM32L4xx_HAL_Driver/Src/stm32l4xx_hal_i2c_ex.c ****   ==============================================================================
  38:Drivers/STM32L4xx_HAL_Driver/Src/stm32l4xx_hal_i2c_ex.c ****   [..] This driver provides functions to configure Noise Filter and Wake Up Feature
  39:Drivers/STM32L4xx_HAL_Driver/Src/stm32l4xx_hal_i2c_ex.c ****     (#) Configure I2C Analog noise filter using the function HAL_I2CEx_ConfigAnalogFilter()
  40:Drivers/STM32L4xx_HAL_Driver/Src/stm32l4xx_hal_i2c_ex.c ****     (#) Configure I2C Digital noise filter using the function HAL_I2CEx_ConfigDigitalFilter()
  41:Drivers/STM32L4xx_HAL_Driver/Src/stm32l4xx_hal_i2c_ex.c ****     (#) Configure the enable or disable of I2C Wake Up Mode using the functions :
  42:Drivers/STM32L4xx_HAL_Driver/Src/stm32l4xx_hal_i2c_ex.c ****           (++) HAL_I2CEx_EnableWakeUp()
  43:Drivers/STM32L4xx_HAL_Driver/Src/stm32l4xx_hal_i2c_ex.c ****           (++) HAL_I2CEx_DisableWakeUp()
  44:Drivers/STM32L4xx_HAL_Driver/Src/stm32l4xx_hal_i2c_ex.c ****     (#) Configure the enable or disable of fast mode plus driving capability using the functions :
  45:Drivers/STM32L4xx_HAL_Driver/Src/stm32l4xx_hal_i2c_ex.c ****           (++) HAL_I2CEx_EnableFastModePlus()
  46:Drivers/STM32L4xx_HAL_Driver/Src/stm32l4xx_hal_i2c_ex.c ****           (++) HAL_I2CEx_DisableFastModePlus()
  47:Drivers/STM32L4xx_HAL_Driver/Src/stm32l4xx_hal_i2c_ex.c ****   @endverbatim
  48:Drivers/STM32L4xx_HAL_Driver/Src/stm32l4xx_hal_i2c_ex.c ****   */
  49:Drivers/STM32L4xx_HAL_Driver/Src/stm32l4xx_hal_i2c_ex.c **** 
  50:Drivers/STM32L4xx_HAL_Driver/Src/stm32l4xx_hal_i2c_ex.c **** /* Includes ------------------------------------------------------------------*/
  51:Drivers/STM32L4xx_HAL_Driver/Src/stm32l4xx_hal_i2c_ex.c **** #include "stm32l4xx_hal.h"
  52:Drivers/STM32L4xx_HAL_Driver/Src/stm32l4xx_hal_i2c_ex.c **** 
  53:Drivers/STM32L4xx_HAL_Driver/Src/stm32l4xx_hal_i2c_ex.c **** /** @addtogroup STM32L4xx_HAL_Driver
  54:Drivers/STM32L4xx_HAL_Driver/Src/stm32l4xx_hal_i2c_ex.c ****   * @{
  55:Drivers/STM32L4xx_HAL_Driver/Src/stm32l4xx_hal_i2c_ex.c ****   */
  56:Drivers/STM32L4xx_HAL_Driver/Src/stm32l4xx_hal_i2c_ex.c **** 
  57:Drivers/STM32L4xx_HAL_Driver/Src/stm32l4xx_hal_i2c_ex.c **** /** @defgroup I2CEx I2CEx
  58:Drivers/STM32L4xx_HAL_Driver/Src/stm32l4xx_hal_i2c_ex.c ****   * @brief I2C Extended HAL module driver
  59:Drivers/STM32L4xx_HAL_Driver/Src/stm32l4xx_hal_i2c_ex.c ****   * @{
  60:Drivers/STM32L4xx_HAL_Driver/Src/stm32l4xx_hal_i2c_ex.c ****   */
  61:Drivers/STM32L4xx_HAL_Driver/Src/stm32l4xx_hal_i2c_ex.c **** 
  62:Drivers/STM32L4xx_HAL_Driver/Src/stm32l4xx_hal_i2c_ex.c **** #ifdef HAL_I2C_MODULE_ENABLED
  63:Drivers/STM32L4xx_HAL_Driver/Src/stm32l4xx_hal_i2c_ex.c **** 
  64:Drivers/STM32L4xx_HAL_Driver/Src/stm32l4xx_hal_i2c_ex.c **** /* Private typedef -----------------------------------------------------------*/
  65:Drivers/STM32L4xx_HAL_Driver/Src/stm32l4xx_hal_i2c_ex.c **** /* Private define ------------------------------------------------------------*/
  66:Drivers/STM32L4xx_HAL_Driver/Src/stm32l4xx_hal_i2c_ex.c **** /* Private macro -------------------------------------------------------------*/
  67:Drivers/STM32L4xx_HAL_Driver/Src/stm32l4xx_hal_i2c_ex.c **** /* Private variables ---------------------------------------------------------*/
  68:Drivers/STM32L4xx_HAL_Driver/Src/stm32l4xx_hal_i2c_ex.c **** /* Private function prototypes -----------------------------------------------*/
  69:Drivers/STM32L4xx_HAL_Driver/Src/stm32l4xx_hal_i2c_ex.c **** /* Private functions ---------------------------------------------------------*/
  70:Drivers/STM32L4xx_HAL_Driver/Src/stm32l4xx_hal_i2c_ex.c **** 
  71:Drivers/STM32L4xx_HAL_Driver/Src/stm32l4xx_hal_i2c_ex.c **** /** @defgroup I2CEx_Exported_Functions I2C Extended Exported Functions
  72:Drivers/STM32L4xx_HAL_Driver/Src/stm32l4xx_hal_i2c_ex.c ****   * @{
  73:Drivers/STM32L4xx_HAL_Driver/Src/stm32l4xx_hal_i2c_ex.c ****   */
  74:Drivers/STM32L4xx_HAL_Driver/Src/stm32l4xx_hal_i2c_ex.c **** 
  75:Drivers/STM32L4xx_HAL_Driver/Src/stm32l4xx_hal_i2c_ex.c **** /** @defgroup I2CEx_Exported_Functions_Group1 Filter Mode Functions
  76:Drivers/STM32L4xx_HAL_Driver/Src/stm32l4xx_hal_i2c_ex.c ****   * @brief    Filter Mode Functions
  77:Drivers/STM32L4xx_HAL_Driver/Src/stm32l4xx_hal_i2c_ex.c ****   *
  78:Drivers/STM32L4xx_HAL_Driver/Src/stm32l4xx_hal_i2c_ex.c **** @verbatim
  79:Drivers/STM32L4xx_HAL_Driver/Src/stm32l4xx_hal_i2c_ex.c ****  ===============================================================================
  80:Drivers/STM32L4xx_HAL_Driver/Src/stm32l4xx_hal_i2c_ex.c ****                       ##### Filter Mode Functions #####
  81:Drivers/STM32L4xx_HAL_Driver/Src/stm32l4xx_hal_i2c_ex.c ****  ===============================================================================
  82:Drivers/STM32L4xx_HAL_Driver/Src/stm32l4xx_hal_i2c_ex.c ****     [..] This section provides functions allowing to:
ARM GAS  /tmp/cc6kL6ri.s 			page 3


  83:Drivers/STM32L4xx_HAL_Driver/Src/stm32l4xx_hal_i2c_ex.c ****       (+) Configure Noise Filters
  84:Drivers/STM32L4xx_HAL_Driver/Src/stm32l4xx_hal_i2c_ex.c **** 
  85:Drivers/STM32L4xx_HAL_Driver/Src/stm32l4xx_hal_i2c_ex.c **** @endverbatim
  86:Drivers/STM32L4xx_HAL_Driver/Src/stm32l4xx_hal_i2c_ex.c ****   * @{
  87:Drivers/STM32L4xx_HAL_Driver/Src/stm32l4xx_hal_i2c_ex.c ****   */
  88:Drivers/STM32L4xx_HAL_Driver/Src/stm32l4xx_hal_i2c_ex.c **** 
  89:Drivers/STM32L4xx_HAL_Driver/Src/stm32l4xx_hal_i2c_ex.c **** /**
  90:Drivers/STM32L4xx_HAL_Driver/Src/stm32l4xx_hal_i2c_ex.c ****   * @brief  Configure I2C Analog noise filter.
  91:Drivers/STM32L4xx_HAL_Driver/Src/stm32l4xx_hal_i2c_ex.c ****   * @param  hi2c Pointer to a I2C_HandleTypeDef structure that contains
  92:Drivers/STM32L4xx_HAL_Driver/Src/stm32l4xx_hal_i2c_ex.c ****   *                the configuration information for the specified I2Cx peripheral.
  93:Drivers/STM32L4xx_HAL_Driver/Src/stm32l4xx_hal_i2c_ex.c ****   * @param  AnalogFilter New state of the Analog filter.
  94:Drivers/STM32L4xx_HAL_Driver/Src/stm32l4xx_hal_i2c_ex.c ****   * @retval HAL status
  95:Drivers/STM32L4xx_HAL_Driver/Src/stm32l4xx_hal_i2c_ex.c ****   */
  96:Drivers/STM32L4xx_HAL_Driver/Src/stm32l4xx_hal_i2c_ex.c **** HAL_StatusTypeDef HAL_I2CEx_ConfigAnalogFilter(I2C_HandleTypeDef *hi2c, uint32_t AnalogFilter)
  97:Drivers/STM32L4xx_HAL_Driver/Src/stm32l4xx_hal_i2c_ex.c **** {
  35              		.loc 1 97 1
  36              		.cfi_startproc
  37              		@ args = 0, pretend = 0, frame = 8
  38              		@ frame_needed = 1, uses_anonymous_args = 0
  39              		@ link register save eliminated.
  40 0000 80B4     		push	{r7}
  41              		.cfi_def_cfa_offset 4
  42              		.cfi_offset 7, -4
  43 0002 83B0     		sub	sp, sp, #12
  44              		.cfi_def_cfa_offset 16
  45 0004 00AF     		add	r7, sp, #0
  46              		.cfi_def_cfa_register 7
  47 0006 7860     		str	r0, [r7, #4]
  48 0008 3960     		str	r1, [r7]
  98:Drivers/STM32L4xx_HAL_Driver/Src/stm32l4xx_hal_i2c_ex.c ****   /* Check the parameters */
  99:Drivers/STM32L4xx_HAL_Driver/Src/stm32l4xx_hal_i2c_ex.c ****   assert_param(IS_I2C_ALL_INSTANCE(hi2c->Instance));
 100:Drivers/STM32L4xx_HAL_Driver/Src/stm32l4xx_hal_i2c_ex.c ****   assert_param(IS_I2C_ANALOG_FILTER(AnalogFilter));
 101:Drivers/STM32L4xx_HAL_Driver/Src/stm32l4xx_hal_i2c_ex.c **** 
 102:Drivers/STM32L4xx_HAL_Driver/Src/stm32l4xx_hal_i2c_ex.c ****   if (hi2c->State == HAL_I2C_STATE_READY)
  49              		.loc 1 102 11
  50 000a 7B68     		ldr	r3, [r7, #4]
  51 000c 93F84130 		ldrb	r3, [r3, #65]
  52 0010 DBB2     		uxtb	r3, r3
  53              		.loc 1 102 6
  54 0012 202B     		cmp	r3, #32
  55 0014 38D1     		bne	.L2
 103:Drivers/STM32L4xx_HAL_Driver/Src/stm32l4xx_hal_i2c_ex.c ****   {
 104:Drivers/STM32L4xx_HAL_Driver/Src/stm32l4xx_hal_i2c_ex.c ****     /* Process Locked */
 105:Drivers/STM32L4xx_HAL_Driver/Src/stm32l4xx_hal_i2c_ex.c ****     __HAL_LOCK(hi2c);
  56              		.loc 1 105 5
  57 0016 7B68     		ldr	r3, [r7, #4]
  58 0018 93F84030 		ldrb	r3, [r3, #64]	@ zero_extendqisi2
  59 001c 012B     		cmp	r3, #1
  60 001e 01D1     		bne	.L3
  61              		.loc 1 105 5 is_stmt 0 discriminator 1
  62 0020 0223     		movs	r3, #2
  63              		.loc 1 105 5
  64 0022 32E0     		b	.L4
  65              	.L3:
  66              		.loc 1 105 5 discriminator 2
  67 0024 7B68     		ldr	r3, [r7, #4]
  68 0026 0122     		movs	r2, #1
ARM GAS  /tmp/cc6kL6ri.s 			page 4


  69 0028 83F84020 		strb	r2, [r3, #64]
 106:Drivers/STM32L4xx_HAL_Driver/Src/stm32l4xx_hal_i2c_ex.c **** 
 107:Drivers/STM32L4xx_HAL_Driver/Src/stm32l4xx_hal_i2c_ex.c ****     hi2c->State = HAL_I2C_STATE_BUSY;
  70              		.loc 1 107 17 is_stmt 1
  71 002c 7B68     		ldr	r3, [r7, #4]
  72 002e 2422     		movs	r2, #36
  73 0030 83F84120 		strb	r2, [r3, #65]
 108:Drivers/STM32L4xx_HAL_Driver/Src/stm32l4xx_hal_i2c_ex.c **** 
 109:Drivers/STM32L4xx_HAL_Driver/Src/stm32l4xx_hal_i2c_ex.c ****     /* Disable the selected I2C peripheral */
 110:Drivers/STM32L4xx_HAL_Driver/Src/stm32l4xx_hal_i2c_ex.c ****     __HAL_I2C_DISABLE(hi2c);
  74              		.loc 1 110 5
  75 0034 7B68     		ldr	r3, [r7, #4]
  76 0036 1B68     		ldr	r3, [r3]
  77 0038 1A68     		ldr	r2, [r3]
  78 003a 7B68     		ldr	r3, [r7, #4]
  79 003c 1B68     		ldr	r3, [r3]
  80 003e 22F00102 		bic	r2, r2, #1
  81 0042 1A60     		str	r2, [r3]
 111:Drivers/STM32L4xx_HAL_Driver/Src/stm32l4xx_hal_i2c_ex.c **** 
 112:Drivers/STM32L4xx_HAL_Driver/Src/stm32l4xx_hal_i2c_ex.c ****     /* Reset I2Cx ANOFF bit */
 113:Drivers/STM32L4xx_HAL_Driver/Src/stm32l4xx_hal_i2c_ex.c ****     hi2c->Instance->CR1 &= ~(I2C_CR1_ANFOFF);
  82              		.loc 1 113 9
  83 0044 7B68     		ldr	r3, [r7, #4]
  84 0046 1B68     		ldr	r3, [r3]
  85              		.loc 1 113 19
  86 0048 1A68     		ldr	r2, [r3]
  87              		.loc 1 113 9
  88 004a 7B68     		ldr	r3, [r7, #4]
  89 004c 1B68     		ldr	r3, [r3]
  90              		.loc 1 113 25
  91 004e 22F48052 		bic	r2, r2, #4096
  92 0052 1A60     		str	r2, [r3]
 114:Drivers/STM32L4xx_HAL_Driver/Src/stm32l4xx_hal_i2c_ex.c **** 
 115:Drivers/STM32L4xx_HAL_Driver/Src/stm32l4xx_hal_i2c_ex.c ****     /* Set analog filter bit*/
 116:Drivers/STM32L4xx_HAL_Driver/Src/stm32l4xx_hal_i2c_ex.c ****     hi2c->Instance->CR1 |= AnalogFilter;
  93              		.loc 1 116 9
  94 0054 7B68     		ldr	r3, [r7, #4]
  95 0056 1B68     		ldr	r3, [r3]
  96              		.loc 1 116 19
  97 0058 1968     		ldr	r1, [r3]
  98              		.loc 1 116 9
  99 005a 7B68     		ldr	r3, [r7, #4]
 100 005c 1B68     		ldr	r3, [r3]
 101              		.loc 1 116 25
 102 005e 3A68     		ldr	r2, [r7]
 103 0060 0A43     		orrs	r2, r2, r1
 104 0062 1A60     		str	r2, [r3]
 117:Drivers/STM32L4xx_HAL_Driver/Src/stm32l4xx_hal_i2c_ex.c **** 
 118:Drivers/STM32L4xx_HAL_Driver/Src/stm32l4xx_hal_i2c_ex.c ****     __HAL_I2C_ENABLE(hi2c);
 105              		.loc 1 118 5
 106 0064 7B68     		ldr	r3, [r7, #4]
 107 0066 1B68     		ldr	r3, [r3]
 108 0068 1A68     		ldr	r2, [r3]
 109 006a 7B68     		ldr	r3, [r7, #4]
 110 006c 1B68     		ldr	r3, [r3]
 111 006e 42F00102 		orr	r2, r2, #1
 112 0072 1A60     		str	r2, [r3]
ARM GAS  /tmp/cc6kL6ri.s 			page 5


 119:Drivers/STM32L4xx_HAL_Driver/Src/stm32l4xx_hal_i2c_ex.c **** 
 120:Drivers/STM32L4xx_HAL_Driver/Src/stm32l4xx_hal_i2c_ex.c ****     hi2c->State = HAL_I2C_STATE_READY;
 113              		.loc 1 120 17
 114 0074 7B68     		ldr	r3, [r7, #4]
 115 0076 2022     		movs	r2, #32
 116 0078 83F84120 		strb	r2, [r3, #65]
 121:Drivers/STM32L4xx_HAL_Driver/Src/stm32l4xx_hal_i2c_ex.c **** 
 122:Drivers/STM32L4xx_HAL_Driver/Src/stm32l4xx_hal_i2c_ex.c ****     /* Process Unlocked */
 123:Drivers/STM32L4xx_HAL_Driver/Src/stm32l4xx_hal_i2c_ex.c ****     __HAL_UNLOCK(hi2c);
 117              		.loc 1 123 5
 118 007c 7B68     		ldr	r3, [r7, #4]
 119 007e 0022     		movs	r2, #0
 120 0080 83F84020 		strb	r2, [r3, #64]
 124:Drivers/STM32L4xx_HAL_Driver/Src/stm32l4xx_hal_i2c_ex.c **** 
 125:Drivers/STM32L4xx_HAL_Driver/Src/stm32l4xx_hal_i2c_ex.c ****     return HAL_OK;
 121              		.loc 1 125 12
 122 0084 0023     		movs	r3, #0
 123 0086 00E0     		b	.L4
 124              	.L2:
 126:Drivers/STM32L4xx_HAL_Driver/Src/stm32l4xx_hal_i2c_ex.c ****   }
 127:Drivers/STM32L4xx_HAL_Driver/Src/stm32l4xx_hal_i2c_ex.c ****   else
 128:Drivers/STM32L4xx_HAL_Driver/Src/stm32l4xx_hal_i2c_ex.c ****   {
 129:Drivers/STM32L4xx_HAL_Driver/Src/stm32l4xx_hal_i2c_ex.c ****     return HAL_BUSY;
 125              		.loc 1 129 12
 126 0088 0223     		movs	r3, #2
 127              	.L4:
 130:Drivers/STM32L4xx_HAL_Driver/Src/stm32l4xx_hal_i2c_ex.c ****   }
 131:Drivers/STM32L4xx_HAL_Driver/Src/stm32l4xx_hal_i2c_ex.c **** }
 128              		.loc 1 131 1
 129 008a 1846     		mov	r0, r3
 130 008c 0C37     		adds	r7, r7, #12
 131              		.cfi_def_cfa_offset 4
 132 008e BD46     		mov	sp, r7
 133              		.cfi_def_cfa_register 13
 134              		@ sp needed
 135 0090 5DF8047B 		ldr	r7, [sp], #4
 136              		.cfi_restore 7
 137              		.cfi_def_cfa_offset 0
 138 0094 7047     		bx	lr
 139              		.cfi_endproc
 140              	.LFE445:
 142              		.section	.text.HAL_I2CEx_ConfigDigitalFilter,"ax",%progbits
 143              		.align	1
 144              		.global	HAL_I2CEx_ConfigDigitalFilter
 145              		.syntax unified
 146              		.thumb
 147              		.thumb_func
 149              	HAL_I2CEx_ConfigDigitalFilter:
 150              	.LFB446:
 132:Drivers/STM32L4xx_HAL_Driver/Src/stm32l4xx_hal_i2c_ex.c **** 
 133:Drivers/STM32L4xx_HAL_Driver/Src/stm32l4xx_hal_i2c_ex.c **** /**
 134:Drivers/STM32L4xx_HAL_Driver/Src/stm32l4xx_hal_i2c_ex.c ****   * @brief  Configure I2C Digital noise filter.
 135:Drivers/STM32L4xx_HAL_Driver/Src/stm32l4xx_hal_i2c_ex.c ****   * @param  hi2c Pointer to a I2C_HandleTypeDef structure that contains
 136:Drivers/STM32L4xx_HAL_Driver/Src/stm32l4xx_hal_i2c_ex.c ****   *                the configuration information for the specified I2Cx peripheral.
 137:Drivers/STM32L4xx_HAL_Driver/Src/stm32l4xx_hal_i2c_ex.c ****   * @param  DigitalFilter Coefficient of digital noise filter between Min_Data=0x00 and Max_Data=0x
 138:Drivers/STM32L4xx_HAL_Driver/Src/stm32l4xx_hal_i2c_ex.c ****   * @retval HAL status
 139:Drivers/STM32L4xx_HAL_Driver/Src/stm32l4xx_hal_i2c_ex.c ****   */
ARM GAS  /tmp/cc6kL6ri.s 			page 6


 140:Drivers/STM32L4xx_HAL_Driver/Src/stm32l4xx_hal_i2c_ex.c **** HAL_StatusTypeDef HAL_I2CEx_ConfigDigitalFilter(I2C_HandleTypeDef *hi2c, uint32_t DigitalFilter)
 141:Drivers/STM32L4xx_HAL_Driver/Src/stm32l4xx_hal_i2c_ex.c **** {
 151              		.loc 1 141 1
 152              		.cfi_startproc
 153              		@ args = 0, pretend = 0, frame = 16
 154              		@ frame_needed = 1, uses_anonymous_args = 0
 155              		@ link register save eliminated.
 156 0000 80B4     		push	{r7}
 157              		.cfi_def_cfa_offset 4
 158              		.cfi_offset 7, -4
 159 0002 85B0     		sub	sp, sp, #20
 160              		.cfi_def_cfa_offset 24
 161 0004 00AF     		add	r7, sp, #0
 162              		.cfi_def_cfa_register 7
 163 0006 7860     		str	r0, [r7, #4]
 164 0008 3960     		str	r1, [r7]
 142:Drivers/STM32L4xx_HAL_Driver/Src/stm32l4xx_hal_i2c_ex.c ****   uint32_t tmpreg;
 143:Drivers/STM32L4xx_HAL_Driver/Src/stm32l4xx_hal_i2c_ex.c **** 
 144:Drivers/STM32L4xx_HAL_Driver/Src/stm32l4xx_hal_i2c_ex.c ****   /* Check the parameters */
 145:Drivers/STM32L4xx_HAL_Driver/Src/stm32l4xx_hal_i2c_ex.c ****   assert_param(IS_I2C_ALL_INSTANCE(hi2c->Instance));
 146:Drivers/STM32L4xx_HAL_Driver/Src/stm32l4xx_hal_i2c_ex.c ****   assert_param(IS_I2C_DIGITAL_FILTER(DigitalFilter));
 147:Drivers/STM32L4xx_HAL_Driver/Src/stm32l4xx_hal_i2c_ex.c **** 
 148:Drivers/STM32L4xx_HAL_Driver/Src/stm32l4xx_hal_i2c_ex.c ****   if (hi2c->State == HAL_I2C_STATE_READY)
 165              		.loc 1 148 11
 166 000a 7B68     		ldr	r3, [r7, #4]
 167 000c 93F84130 		ldrb	r3, [r3, #65]
 168 0010 DBB2     		uxtb	r3, r3
 169              		.loc 1 148 6
 170 0012 202B     		cmp	r3, #32
 171 0014 39D1     		bne	.L6
 149:Drivers/STM32L4xx_HAL_Driver/Src/stm32l4xx_hal_i2c_ex.c ****   {
 150:Drivers/STM32L4xx_HAL_Driver/Src/stm32l4xx_hal_i2c_ex.c ****     /* Process Locked */
 151:Drivers/STM32L4xx_HAL_Driver/Src/stm32l4xx_hal_i2c_ex.c ****     __HAL_LOCK(hi2c);
 172              		.loc 1 151 5
 173 0016 7B68     		ldr	r3, [r7, #4]
 174 0018 93F84030 		ldrb	r3, [r3, #64]	@ zero_extendqisi2
 175 001c 012B     		cmp	r3, #1
 176 001e 01D1     		bne	.L7
 177              		.loc 1 151 5 is_stmt 0 discriminator 1
 178 0020 0223     		movs	r3, #2
 179              		.loc 1 151 5
 180 0022 33E0     		b	.L8
 181              	.L7:
 182              		.loc 1 151 5 discriminator 2
 183 0024 7B68     		ldr	r3, [r7, #4]
 184 0026 0122     		movs	r2, #1
 185 0028 83F84020 		strb	r2, [r3, #64]
 152:Drivers/STM32L4xx_HAL_Driver/Src/stm32l4xx_hal_i2c_ex.c **** 
 153:Drivers/STM32L4xx_HAL_Driver/Src/stm32l4xx_hal_i2c_ex.c ****     hi2c->State = HAL_I2C_STATE_BUSY;
 186              		.loc 1 153 17 is_stmt 1
 187 002c 7B68     		ldr	r3, [r7, #4]
 188 002e 2422     		movs	r2, #36
 189 0030 83F84120 		strb	r2, [r3, #65]
 154:Drivers/STM32L4xx_HAL_Driver/Src/stm32l4xx_hal_i2c_ex.c **** 
 155:Drivers/STM32L4xx_HAL_Driver/Src/stm32l4xx_hal_i2c_ex.c ****     /* Disable the selected I2C peripheral */
 156:Drivers/STM32L4xx_HAL_Driver/Src/stm32l4xx_hal_i2c_ex.c ****     __HAL_I2C_DISABLE(hi2c);
 190              		.loc 1 156 5
ARM GAS  /tmp/cc6kL6ri.s 			page 7


 191 0034 7B68     		ldr	r3, [r7, #4]
 192 0036 1B68     		ldr	r3, [r3]
 193 0038 1A68     		ldr	r2, [r3]
 194 003a 7B68     		ldr	r3, [r7, #4]
 195 003c 1B68     		ldr	r3, [r3]
 196 003e 22F00102 		bic	r2, r2, #1
 197 0042 1A60     		str	r2, [r3]
 157:Drivers/STM32L4xx_HAL_Driver/Src/stm32l4xx_hal_i2c_ex.c **** 
 158:Drivers/STM32L4xx_HAL_Driver/Src/stm32l4xx_hal_i2c_ex.c ****     /* Get the old register value */
 159:Drivers/STM32L4xx_HAL_Driver/Src/stm32l4xx_hal_i2c_ex.c ****     tmpreg = hi2c->Instance->CR1;
 198              		.loc 1 159 18
 199 0044 7B68     		ldr	r3, [r7, #4]
 200 0046 1B68     		ldr	r3, [r3]
 201              		.loc 1 159 12
 202 0048 1B68     		ldr	r3, [r3]
 203 004a FB60     		str	r3, [r7, #12]
 160:Drivers/STM32L4xx_HAL_Driver/Src/stm32l4xx_hal_i2c_ex.c **** 
 161:Drivers/STM32L4xx_HAL_Driver/Src/stm32l4xx_hal_i2c_ex.c ****     /* Reset I2Cx DNF bits [11:8] */
 162:Drivers/STM32L4xx_HAL_Driver/Src/stm32l4xx_hal_i2c_ex.c ****     tmpreg &= ~(I2C_CR1_DNF);
 204              		.loc 1 162 12
 205 004c FB68     		ldr	r3, [r7, #12]
 206 004e 23F47063 		bic	r3, r3, #3840
 207 0052 FB60     		str	r3, [r7, #12]
 163:Drivers/STM32L4xx_HAL_Driver/Src/stm32l4xx_hal_i2c_ex.c **** 
 164:Drivers/STM32L4xx_HAL_Driver/Src/stm32l4xx_hal_i2c_ex.c ****     /* Set I2Cx DNF coefficient */
 165:Drivers/STM32L4xx_HAL_Driver/Src/stm32l4xx_hal_i2c_ex.c ****     tmpreg |= DigitalFilter << 8U;
 208              		.loc 1 165 29
 209 0054 3B68     		ldr	r3, [r7]
 210 0056 1B02     		lsls	r3, r3, #8
 211              		.loc 1 165 12
 212 0058 FA68     		ldr	r2, [r7, #12]
 213 005a 1343     		orrs	r3, r3, r2
 214 005c FB60     		str	r3, [r7, #12]
 166:Drivers/STM32L4xx_HAL_Driver/Src/stm32l4xx_hal_i2c_ex.c **** 
 167:Drivers/STM32L4xx_HAL_Driver/Src/stm32l4xx_hal_i2c_ex.c ****     /* Store the new register value */
 168:Drivers/STM32L4xx_HAL_Driver/Src/stm32l4xx_hal_i2c_ex.c ****     hi2c->Instance->CR1 = tmpreg;
 215              		.loc 1 168 9
 216 005e 7B68     		ldr	r3, [r7, #4]
 217 0060 1B68     		ldr	r3, [r3]
 218              		.loc 1 168 25
 219 0062 FA68     		ldr	r2, [r7, #12]
 220 0064 1A60     		str	r2, [r3]
 169:Drivers/STM32L4xx_HAL_Driver/Src/stm32l4xx_hal_i2c_ex.c **** 
 170:Drivers/STM32L4xx_HAL_Driver/Src/stm32l4xx_hal_i2c_ex.c ****     __HAL_I2C_ENABLE(hi2c);
 221              		.loc 1 170 5
 222 0066 7B68     		ldr	r3, [r7, #4]
 223 0068 1B68     		ldr	r3, [r3]
 224 006a 1A68     		ldr	r2, [r3]
 225 006c 7B68     		ldr	r3, [r7, #4]
 226 006e 1B68     		ldr	r3, [r3]
 227 0070 42F00102 		orr	r2, r2, #1
 228 0074 1A60     		str	r2, [r3]
 171:Drivers/STM32L4xx_HAL_Driver/Src/stm32l4xx_hal_i2c_ex.c **** 
 172:Drivers/STM32L4xx_HAL_Driver/Src/stm32l4xx_hal_i2c_ex.c ****     hi2c->State = HAL_I2C_STATE_READY;
 229              		.loc 1 172 17
 230 0076 7B68     		ldr	r3, [r7, #4]
 231 0078 2022     		movs	r2, #32
ARM GAS  /tmp/cc6kL6ri.s 			page 8


 232 007a 83F84120 		strb	r2, [r3, #65]
 173:Drivers/STM32L4xx_HAL_Driver/Src/stm32l4xx_hal_i2c_ex.c **** 
 174:Drivers/STM32L4xx_HAL_Driver/Src/stm32l4xx_hal_i2c_ex.c ****     /* Process Unlocked */
 175:Drivers/STM32L4xx_HAL_Driver/Src/stm32l4xx_hal_i2c_ex.c ****     __HAL_UNLOCK(hi2c);
 233              		.loc 1 175 5
 234 007e 7B68     		ldr	r3, [r7, #4]
 235 0080 0022     		movs	r2, #0
 236 0082 83F84020 		strb	r2, [r3, #64]
 176:Drivers/STM32L4xx_HAL_Driver/Src/stm32l4xx_hal_i2c_ex.c **** 
 177:Drivers/STM32L4xx_HAL_Driver/Src/stm32l4xx_hal_i2c_ex.c ****     return HAL_OK;
 237              		.loc 1 177 12
 238 0086 0023     		movs	r3, #0
 239 0088 00E0     		b	.L8
 240              	.L6:
 178:Drivers/STM32L4xx_HAL_Driver/Src/stm32l4xx_hal_i2c_ex.c ****   }
 179:Drivers/STM32L4xx_HAL_Driver/Src/stm32l4xx_hal_i2c_ex.c ****   else
 180:Drivers/STM32L4xx_HAL_Driver/Src/stm32l4xx_hal_i2c_ex.c ****   {
 181:Drivers/STM32L4xx_HAL_Driver/Src/stm32l4xx_hal_i2c_ex.c ****     return HAL_BUSY;
 241              		.loc 1 181 12
 242 008a 0223     		movs	r3, #2
 243              	.L8:
 182:Drivers/STM32L4xx_HAL_Driver/Src/stm32l4xx_hal_i2c_ex.c ****   }
 183:Drivers/STM32L4xx_HAL_Driver/Src/stm32l4xx_hal_i2c_ex.c **** }
 244              		.loc 1 183 1
 245 008c 1846     		mov	r0, r3
 246 008e 1437     		adds	r7, r7, #20
 247              		.cfi_def_cfa_offset 4
 248 0090 BD46     		mov	sp, r7
 249              		.cfi_def_cfa_register 13
 250              		@ sp needed
 251 0092 5DF8047B 		ldr	r7, [sp], #4
 252              		.cfi_restore 7
 253              		.cfi_def_cfa_offset 0
 254 0096 7047     		bx	lr
 255              		.cfi_endproc
 256              	.LFE446:
 258              		.section	.text.HAL_I2CEx_EnableWakeUp,"ax",%progbits
 259              		.align	1
 260              		.global	HAL_I2CEx_EnableWakeUp
 261              		.syntax unified
 262              		.thumb
 263              		.thumb_func
 265              	HAL_I2CEx_EnableWakeUp:
 266              	.LFB447:
 184:Drivers/STM32L4xx_HAL_Driver/Src/stm32l4xx_hal_i2c_ex.c **** /**
 185:Drivers/STM32L4xx_HAL_Driver/Src/stm32l4xx_hal_i2c_ex.c ****   * @}
 186:Drivers/STM32L4xx_HAL_Driver/Src/stm32l4xx_hal_i2c_ex.c ****   */
 187:Drivers/STM32L4xx_HAL_Driver/Src/stm32l4xx_hal_i2c_ex.c **** 
 188:Drivers/STM32L4xx_HAL_Driver/Src/stm32l4xx_hal_i2c_ex.c **** /** @defgroup I2CEx_Exported_Functions_Group2 WakeUp Mode Functions
 189:Drivers/STM32L4xx_HAL_Driver/Src/stm32l4xx_hal_i2c_ex.c ****   * @brief    WakeUp Mode Functions
 190:Drivers/STM32L4xx_HAL_Driver/Src/stm32l4xx_hal_i2c_ex.c ****   *
 191:Drivers/STM32L4xx_HAL_Driver/Src/stm32l4xx_hal_i2c_ex.c **** @verbatim
 192:Drivers/STM32L4xx_HAL_Driver/Src/stm32l4xx_hal_i2c_ex.c ****  ===============================================================================
 193:Drivers/STM32L4xx_HAL_Driver/Src/stm32l4xx_hal_i2c_ex.c ****                       ##### WakeUp Mode Functions #####
 194:Drivers/STM32L4xx_HAL_Driver/Src/stm32l4xx_hal_i2c_ex.c ****  ===============================================================================
 195:Drivers/STM32L4xx_HAL_Driver/Src/stm32l4xx_hal_i2c_ex.c ****     [..] This section provides functions allowing to:
 196:Drivers/STM32L4xx_HAL_Driver/Src/stm32l4xx_hal_i2c_ex.c ****       (+) Configure Wake Up Feature
ARM GAS  /tmp/cc6kL6ri.s 			page 9


 197:Drivers/STM32L4xx_HAL_Driver/Src/stm32l4xx_hal_i2c_ex.c **** 
 198:Drivers/STM32L4xx_HAL_Driver/Src/stm32l4xx_hal_i2c_ex.c **** @endverbatim
 199:Drivers/STM32L4xx_HAL_Driver/Src/stm32l4xx_hal_i2c_ex.c ****   * @{
 200:Drivers/STM32L4xx_HAL_Driver/Src/stm32l4xx_hal_i2c_ex.c ****   */
 201:Drivers/STM32L4xx_HAL_Driver/Src/stm32l4xx_hal_i2c_ex.c **** 
 202:Drivers/STM32L4xx_HAL_Driver/Src/stm32l4xx_hal_i2c_ex.c **** /**
 203:Drivers/STM32L4xx_HAL_Driver/Src/stm32l4xx_hal_i2c_ex.c ****   * @brief  Enable I2C wakeup from Stop mode(s).
 204:Drivers/STM32L4xx_HAL_Driver/Src/stm32l4xx_hal_i2c_ex.c ****   * @param  hi2c Pointer to a I2C_HandleTypeDef structure that contains
 205:Drivers/STM32L4xx_HAL_Driver/Src/stm32l4xx_hal_i2c_ex.c ****   *                the configuration information for the specified I2Cx peripheral.
 206:Drivers/STM32L4xx_HAL_Driver/Src/stm32l4xx_hal_i2c_ex.c ****   * @retval HAL status
 207:Drivers/STM32L4xx_HAL_Driver/Src/stm32l4xx_hal_i2c_ex.c ****   */
 208:Drivers/STM32L4xx_HAL_Driver/Src/stm32l4xx_hal_i2c_ex.c **** HAL_StatusTypeDef HAL_I2CEx_EnableWakeUp(I2C_HandleTypeDef *hi2c)
 209:Drivers/STM32L4xx_HAL_Driver/Src/stm32l4xx_hal_i2c_ex.c **** {
 267              		.loc 1 209 1
 268              		.cfi_startproc
 269              		@ args = 0, pretend = 0, frame = 8
 270              		@ frame_needed = 1, uses_anonymous_args = 0
 271              		@ link register save eliminated.
 272 0000 80B4     		push	{r7}
 273              		.cfi_def_cfa_offset 4
 274              		.cfi_offset 7, -4
 275 0002 83B0     		sub	sp, sp, #12
 276              		.cfi_def_cfa_offset 16
 277 0004 00AF     		add	r7, sp, #0
 278              		.cfi_def_cfa_register 7
 279 0006 7860     		str	r0, [r7, #4]
 210:Drivers/STM32L4xx_HAL_Driver/Src/stm32l4xx_hal_i2c_ex.c ****   /* Check the parameters */
 211:Drivers/STM32L4xx_HAL_Driver/Src/stm32l4xx_hal_i2c_ex.c ****   assert_param(IS_I2C_WAKEUP_FROMSTOP_INSTANCE(hi2c->Instance));
 212:Drivers/STM32L4xx_HAL_Driver/Src/stm32l4xx_hal_i2c_ex.c **** 
 213:Drivers/STM32L4xx_HAL_Driver/Src/stm32l4xx_hal_i2c_ex.c ****   if (hi2c->State == HAL_I2C_STATE_READY)
 280              		.loc 1 213 11
 281 0008 7B68     		ldr	r3, [r7, #4]
 282 000a 93F84130 		ldrb	r3, [r3, #65]
 283 000e DBB2     		uxtb	r3, r3
 284              		.loc 1 213 6
 285 0010 202B     		cmp	r3, #32
 286 0012 30D1     		bne	.L10
 214:Drivers/STM32L4xx_HAL_Driver/Src/stm32l4xx_hal_i2c_ex.c ****   {
 215:Drivers/STM32L4xx_HAL_Driver/Src/stm32l4xx_hal_i2c_ex.c ****     /* Process Locked */
 216:Drivers/STM32L4xx_HAL_Driver/Src/stm32l4xx_hal_i2c_ex.c ****     __HAL_LOCK(hi2c);
 287              		.loc 1 216 5
 288 0014 7B68     		ldr	r3, [r7, #4]
 289 0016 93F84030 		ldrb	r3, [r3, #64]	@ zero_extendqisi2
 290 001a 012B     		cmp	r3, #1
 291 001c 01D1     		bne	.L11
 292              		.loc 1 216 5 is_stmt 0 discriminator 1
 293 001e 0223     		movs	r3, #2
 294              		.loc 1 216 5
 295 0020 2AE0     		b	.L12
 296              	.L11:
 297              		.loc 1 216 5 discriminator 2
 298 0022 7B68     		ldr	r3, [r7, #4]
 299 0024 0122     		movs	r2, #1
 300 0026 83F84020 		strb	r2, [r3, #64]
 217:Drivers/STM32L4xx_HAL_Driver/Src/stm32l4xx_hal_i2c_ex.c **** 
 218:Drivers/STM32L4xx_HAL_Driver/Src/stm32l4xx_hal_i2c_ex.c ****     hi2c->State = HAL_I2C_STATE_BUSY;
 301              		.loc 1 218 17 is_stmt 1
ARM GAS  /tmp/cc6kL6ri.s 			page 10


 302 002a 7B68     		ldr	r3, [r7, #4]
 303 002c 2422     		movs	r2, #36
 304 002e 83F84120 		strb	r2, [r3, #65]
 219:Drivers/STM32L4xx_HAL_Driver/Src/stm32l4xx_hal_i2c_ex.c **** 
 220:Drivers/STM32L4xx_HAL_Driver/Src/stm32l4xx_hal_i2c_ex.c ****     /* Disable the selected I2C peripheral */
 221:Drivers/STM32L4xx_HAL_Driver/Src/stm32l4xx_hal_i2c_ex.c ****     __HAL_I2C_DISABLE(hi2c);
 305              		.loc 1 221 5
 306 0032 7B68     		ldr	r3, [r7, #4]
 307 0034 1B68     		ldr	r3, [r3]
 308 0036 1A68     		ldr	r2, [r3]
 309 0038 7B68     		ldr	r3, [r7, #4]
 310 003a 1B68     		ldr	r3, [r3]
 311 003c 22F00102 		bic	r2, r2, #1
 312 0040 1A60     		str	r2, [r3]
 222:Drivers/STM32L4xx_HAL_Driver/Src/stm32l4xx_hal_i2c_ex.c **** 
 223:Drivers/STM32L4xx_HAL_Driver/Src/stm32l4xx_hal_i2c_ex.c ****     /* Enable wakeup from stop mode */
 224:Drivers/STM32L4xx_HAL_Driver/Src/stm32l4xx_hal_i2c_ex.c ****     hi2c->Instance->CR1 |= I2C_CR1_WUPEN;
 313              		.loc 1 224 9
 314 0042 7B68     		ldr	r3, [r7, #4]
 315 0044 1B68     		ldr	r3, [r3]
 316              		.loc 1 224 19
 317 0046 1A68     		ldr	r2, [r3]
 318              		.loc 1 224 9
 319 0048 7B68     		ldr	r3, [r7, #4]
 320 004a 1B68     		ldr	r3, [r3]
 321              		.loc 1 224 25
 322 004c 42F48022 		orr	r2, r2, #262144
 323 0050 1A60     		str	r2, [r3]
 225:Drivers/STM32L4xx_HAL_Driver/Src/stm32l4xx_hal_i2c_ex.c **** 
 226:Drivers/STM32L4xx_HAL_Driver/Src/stm32l4xx_hal_i2c_ex.c ****     __HAL_I2C_ENABLE(hi2c);
 324              		.loc 1 226 5
 325 0052 7B68     		ldr	r3, [r7, #4]
 326 0054 1B68     		ldr	r3, [r3]
 327 0056 1A68     		ldr	r2, [r3]
 328 0058 7B68     		ldr	r3, [r7, #4]
 329 005a 1B68     		ldr	r3, [r3]
 330 005c 42F00102 		orr	r2, r2, #1
 331 0060 1A60     		str	r2, [r3]
 227:Drivers/STM32L4xx_HAL_Driver/Src/stm32l4xx_hal_i2c_ex.c **** 
 228:Drivers/STM32L4xx_HAL_Driver/Src/stm32l4xx_hal_i2c_ex.c ****     hi2c->State = HAL_I2C_STATE_READY;
 332              		.loc 1 228 17
 333 0062 7B68     		ldr	r3, [r7, #4]
 334 0064 2022     		movs	r2, #32
 335 0066 83F84120 		strb	r2, [r3, #65]
 229:Drivers/STM32L4xx_HAL_Driver/Src/stm32l4xx_hal_i2c_ex.c **** 
 230:Drivers/STM32L4xx_HAL_Driver/Src/stm32l4xx_hal_i2c_ex.c ****     /* Process Unlocked */
 231:Drivers/STM32L4xx_HAL_Driver/Src/stm32l4xx_hal_i2c_ex.c ****     __HAL_UNLOCK(hi2c);
 336              		.loc 1 231 5
 337 006a 7B68     		ldr	r3, [r7, #4]
 338 006c 0022     		movs	r2, #0
 339 006e 83F84020 		strb	r2, [r3, #64]
 232:Drivers/STM32L4xx_HAL_Driver/Src/stm32l4xx_hal_i2c_ex.c **** 
 233:Drivers/STM32L4xx_HAL_Driver/Src/stm32l4xx_hal_i2c_ex.c ****     return HAL_OK;
 340              		.loc 1 233 12
 341 0072 0023     		movs	r3, #0
 342 0074 00E0     		b	.L12
 343              	.L10:
ARM GAS  /tmp/cc6kL6ri.s 			page 11


 234:Drivers/STM32L4xx_HAL_Driver/Src/stm32l4xx_hal_i2c_ex.c ****   }
 235:Drivers/STM32L4xx_HAL_Driver/Src/stm32l4xx_hal_i2c_ex.c ****   else
 236:Drivers/STM32L4xx_HAL_Driver/Src/stm32l4xx_hal_i2c_ex.c ****   {
 237:Drivers/STM32L4xx_HAL_Driver/Src/stm32l4xx_hal_i2c_ex.c ****     return HAL_BUSY;
 344              		.loc 1 237 12
 345 0076 0223     		movs	r3, #2
 346              	.L12:
 238:Drivers/STM32L4xx_HAL_Driver/Src/stm32l4xx_hal_i2c_ex.c ****   }
 239:Drivers/STM32L4xx_HAL_Driver/Src/stm32l4xx_hal_i2c_ex.c **** }
 347              		.loc 1 239 1
 348 0078 1846     		mov	r0, r3
 349 007a 0C37     		adds	r7, r7, #12
 350              		.cfi_def_cfa_offset 4
 351 007c BD46     		mov	sp, r7
 352              		.cfi_def_cfa_register 13
 353              		@ sp needed
 354 007e 5DF8047B 		ldr	r7, [sp], #4
 355              		.cfi_restore 7
 356              		.cfi_def_cfa_offset 0
 357 0082 7047     		bx	lr
 358              		.cfi_endproc
 359              	.LFE447:
 361              		.section	.text.HAL_I2CEx_DisableWakeUp,"ax",%progbits
 362              		.align	1
 363              		.global	HAL_I2CEx_DisableWakeUp
 364              		.syntax unified
 365              		.thumb
 366              		.thumb_func
 368              	HAL_I2CEx_DisableWakeUp:
 369              	.LFB448:
 240:Drivers/STM32L4xx_HAL_Driver/Src/stm32l4xx_hal_i2c_ex.c **** 
 241:Drivers/STM32L4xx_HAL_Driver/Src/stm32l4xx_hal_i2c_ex.c **** /**
 242:Drivers/STM32L4xx_HAL_Driver/Src/stm32l4xx_hal_i2c_ex.c ****   * @brief  Disable I2C wakeup from Stop mode(s).
 243:Drivers/STM32L4xx_HAL_Driver/Src/stm32l4xx_hal_i2c_ex.c ****   * @param  hi2c Pointer to a I2C_HandleTypeDef structure that contains
 244:Drivers/STM32L4xx_HAL_Driver/Src/stm32l4xx_hal_i2c_ex.c ****   *                the configuration information for the specified I2Cx peripheral.
 245:Drivers/STM32L4xx_HAL_Driver/Src/stm32l4xx_hal_i2c_ex.c ****   * @retval HAL status
 246:Drivers/STM32L4xx_HAL_Driver/Src/stm32l4xx_hal_i2c_ex.c ****   */
 247:Drivers/STM32L4xx_HAL_Driver/Src/stm32l4xx_hal_i2c_ex.c **** HAL_StatusTypeDef HAL_I2CEx_DisableWakeUp(I2C_HandleTypeDef *hi2c)
 248:Drivers/STM32L4xx_HAL_Driver/Src/stm32l4xx_hal_i2c_ex.c **** {
 370              		.loc 1 248 1
 371              		.cfi_startproc
 372              		@ args = 0, pretend = 0, frame = 8
 373              		@ frame_needed = 1, uses_anonymous_args = 0
 374              		@ link register save eliminated.
 375 0000 80B4     		push	{r7}
 376              		.cfi_def_cfa_offset 4
 377              		.cfi_offset 7, -4
 378 0002 83B0     		sub	sp, sp, #12
 379              		.cfi_def_cfa_offset 16
 380 0004 00AF     		add	r7, sp, #0
 381              		.cfi_def_cfa_register 7
 382 0006 7860     		str	r0, [r7, #4]
 249:Drivers/STM32L4xx_HAL_Driver/Src/stm32l4xx_hal_i2c_ex.c ****   /* Check the parameters */
 250:Drivers/STM32L4xx_HAL_Driver/Src/stm32l4xx_hal_i2c_ex.c ****   assert_param(IS_I2C_WAKEUP_FROMSTOP_INSTANCE(hi2c->Instance));
 251:Drivers/STM32L4xx_HAL_Driver/Src/stm32l4xx_hal_i2c_ex.c **** 
 252:Drivers/STM32L4xx_HAL_Driver/Src/stm32l4xx_hal_i2c_ex.c ****   if (hi2c->State == HAL_I2C_STATE_READY)
 383              		.loc 1 252 11
ARM GAS  /tmp/cc6kL6ri.s 			page 12


 384 0008 7B68     		ldr	r3, [r7, #4]
 385 000a 93F84130 		ldrb	r3, [r3, #65]
 386 000e DBB2     		uxtb	r3, r3
 387              		.loc 1 252 6
 388 0010 202B     		cmp	r3, #32
 389 0012 30D1     		bne	.L14
 253:Drivers/STM32L4xx_HAL_Driver/Src/stm32l4xx_hal_i2c_ex.c ****   {
 254:Drivers/STM32L4xx_HAL_Driver/Src/stm32l4xx_hal_i2c_ex.c ****     /* Process Locked */
 255:Drivers/STM32L4xx_HAL_Driver/Src/stm32l4xx_hal_i2c_ex.c ****     __HAL_LOCK(hi2c);
 390              		.loc 1 255 5
 391 0014 7B68     		ldr	r3, [r7, #4]
 392 0016 93F84030 		ldrb	r3, [r3, #64]	@ zero_extendqisi2
 393 001a 012B     		cmp	r3, #1
 394 001c 01D1     		bne	.L15
 395              		.loc 1 255 5 is_stmt 0 discriminator 1
 396 001e 0223     		movs	r3, #2
 397              		.loc 1 255 5
 398 0020 2AE0     		b	.L16
 399              	.L15:
 400              		.loc 1 255 5 discriminator 2
 401 0022 7B68     		ldr	r3, [r7, #4]
 402 0024 0122     		movs	r2, #1
 403 0026 83F84020 		strb	r2, [r3, #64]
 256:Drivers/STM32L4xx_HAL_Driver/Src/stm32l4xx_hal_i2c_ex.c **** 
 257:Drivers/STM32L4xx_HAL_Driver/Src/stm32l4xx_hal_i2c_ex.c ****     hi2c->State = HAL_I2C_STATE_BUSY;
 404              		.loc 1 257 17 is_stmt 1
 405 002a 7B68     		ldr	r3, [r7, #4]
 406 002c 2422     		movs	r2, #36
 407 002e 83F84120 		strb	r2, [r3, #65]
 258:Drivers/STM32L4xx_HAL_Driver/Src/stm32l4xx_hal_i2c_ex.c **** 
 259:Drivers/STM32L4xx_HAL_Driver/Src/stm32l4xx_hal_i2c_ex.c ****     /* Disable the selected I2C peripheral */
 260:Drivers/STM32L4xx_HAL_Driver/Src/stm32l4xx_hal_i2c_ex.c ****     __HAL_I2C_DISABLE(hi2c);
 408              		.loc 1 260 5
 409 0032 7B68     		ldr	r3, [r7, #4]
 410 0034 1B68     		ldr	r3, [r3]
 411 0036 1A68     		ldr	r2, [r3]
 412 0038 7B68     		ldr	r3, [r7, #4]
 413 003a 1B68     		ldr	r3, [r3]
 414 003c 22F00102 		bic	r2, r2, #1
 415 0040 1A60     		str	r2, [r3]
 261:Drivers/STM32L4xx_HAL_Driver/Src/stm32l4xx_hal_i2c_ex.c **** 
 262:Drivers/STM32L4xx_HAL_Driver/Src/stm32l4xx_hal_i2c_ex.c ****     /* Enable wakeup from stop mode */
 263:Drivers/STM32L4xx_HAL_Driver/Src/stm32l4xx_hal_i2c_ex.c ****     hi2c->Instance->CR1 &= ~(I2C_CR1_WUPEN);
 416              		.loc 1 263 9
 417 0042 7B68     		ldr	r3, [r7, #4]
 418 0044 1B68     		ldr	r3, [r3]
 419              		.loc 1 263 19
 420 0046 1A68     		ldr	r2, [r3]
 421              		.loc 1 263 9
 422 0048 7B68     		ldr	r3, [r7, #4]
 423 004a 1B68     		ldr	r3, [r3]
 424              		.loc 1 263 25
 425 004c 22F48022 		bic	r2, r2, #262144
 426 0050 1A60     		str	r2, [r3]
 264:Drivers/STM32L4xx_HAL_Driver/Src/stm32l4xx_hal_i2c_ex.c **** 
 265:Drivers/STM32L4xx_HAL_Driver/Src/stm32l4xx_hal_i2c_ex.c ****     __HAL_I2C_ENABLE(hi2c);
 427              		.loc 1 265 5
ARM GAS  /tmp/cc6kL6ri.s 			page 13


 428 0052 7B68     		ldr	r3, [r7, #4]
 429 0054 1B68     		ldr	r3, [r3]
 430 0056 1A68     		ldr	r2, [r3]
 431 0058 7B68     		ldr	r3, [r7, #4]
 432 005a 1B68     		ldr	r3, [r3]
 433 005c 42F00102 		orr	r2, r2, #1
 434 0060 1A60     		str	r2, [r3]
 266:Drivers/STM32L4xx_HAL_Driver/Src/stm32l4xx_hal_i2c_ex.c **** 
 267:Drivers/STM32L4xx_HAL_Driver/Src/stm32l4xx_hal_i2c_ex.c ****     hi2c->State = HAL_I2C_STATE_READY;
 435              		.loc 1 267 17
 436 0062 7B68     		ldr	r3, [r7, #4]
 437 0064 2022     		movs	r2, #32
 438 0066 83F84120 		strb	r2, [r3, #65]
 268:Drivers/STM32L4xx_HAL_Driver/Src/stm32l4xx_hal_i2c_ex.c **** 
 269:Drivers/STM32L4xx_HAL_Driver/Src/stm32l4xx_hal_i2c_ex.c ****     /* Process Unlocked */
 270:Drivers/STM32L4xx_HAL_Driver/Src/stm32l4xx_hal_i2c_ex.c ****     __HAL_UNLOCK(hi2c);
 439              		.loc 1 270 5
 440 006a 7B68     		ldr	r3, [r7, #4]
 441 006c 0022     		movs	r2, #0
 442 006e 83F84020 		strb	r2, [r3, #64]
 271:Drivers/STM32L4xx_HAL_Driver/Src/stm32l4xx_hal_i2c_ex.c **** 
 272:Drivers/STM32L4xx_HAL_Driver/Src/stm32l4xx_hal_i2c_ex.c ****     return HAL_OK;
 443              		.loc 1 272 12
 444 0072 0023     		movs	r3, #0
 445 0074 00E0     		b	.L16
 446              	.L14:
 273:Drivers/STM32L4xx_HAL_Driver/Src/stm32l4xx_hal_i2c_ex.c ****   }
 274:Drivers/STM32L4xx_HAL_Driver/Src/stm32l4xx_hal_i2c_ex.c ****   else
 275:Drivers/STM32L4xx_HAL_Driver/Src/stm32l4xx_hal_i2c_ex.c ****   {
 276:Drivers/STM32L4xx_HAL_Driver/Src/stm32l4xx_hal_i2c_ex.c ****     return HAL_BUSY;
 447              		.loc 1 276 12
 448 0076 0223     		movs	r3, #2
 449              	.L16:
 277:Drivers/STM32L4xx_HAL_Driver/Src/stm32l4xx_hal_i2c_ex.c ****   }
 278:Drivers/STM32L4xx_HAL_Driver/Src/stm32l4xx_hal_i2c_ex.c **** }
 450              		.loc 1 278 1
 451 0078 1846     		mov	r0, r3
 452 007a 0C37     		adds	r7, r7, #12
 453              		.cfi_def_cfa_offset 4
 454 007c BD46     		mov	sp, r7
 455              		.cfi_def_cfa_register 13
 456              		@ sp needed
 457 007e 5DF8047B 		ldr	r7, [sp], #4
 458              		.cfi_restore 7
 459              		.cfi_def_cfa_offset 0
 460 0082 7047     		bx	lr
 461              		.cfi_endproc
 462              	.LFE448:
 464              		.section	.text.HAL_I2CEx_EnableFastModePlus,"ax",%progbits
 465              		.align	1
 466              		.global	HAL_I2CEx_EnableFastModePlus
 467              		.syntax unified
 468              		.thumb
 469              		.thumb_func
 471              	HAL_I2CEx_EnableFastModePlus:
 472              	.LFB449:
 279:Drivers/STM32L4xx_HAL_Driver/Src/stm32l4xx_hal_i2c_ex.c **** /**
ARM GAS  /tmp/cc6kL6ri.s 			page 14


 280:Drivers/STM32L4xx_HAL_Driver/Src/stm32l4xx_hal_i2c_ex.c ****   * @}
 281:Drivers/STM32L4xx_HAL_Driver/Src/stm32l4xx_hal_i2c_ex.c ****   */
 282:Drivers/STM32L4xx_HAL_Driver/Src/stm32l4xx_hal_i2c_ex.c **** 
 283:Drivers/STM32L4xx_HAL_Driver/Src/stm32l4xx_hal_i2c_ex.c **** /** @defgroup I2CEx_Exported_Functions_Group3 Fast Mode Plus Functions
 284:Drivers/STM32L4xx_HAL_Driver/Src/stm32l4xx_hal_i2c_ex.c ****   * @brief    Fast Mode Plus Functions
 285:Drivers/STM32L4xx_HAL_Driver/Src/stm32l4xx_hal_i2c_ex.c ****   *
 286:Drivers/STM32L4xx_HAL_Driver/Src/stm32l4xx_hal_i2c_ex.c **** @verbatim
 287:Drivers/STM32L4xx_HAL_Driver/Src/stm32l4xx_hal_i2c_ex.c ****  ===============================================================================
 288:Drivers/STM32L4xx_HAL_Driver/Src/stm32l4xx_hal_i2c_ex.c ****                       ##### Fast Mode Plus Functions #####
 289:Drivers/STM32L4xx_HAL_Driver/Src/stm32l4xx_hal_i2c_ex.c ****  ===============================================================================
 290:Drivers/STM32L4xx_HAL_Driver/Src/stm32l4xx_hal_i2c_ex.c ****     [..] This section provides functions allowing to:
 291:Drivers/STM32L4xx_HAL_Driver/Src/stm32l4xx_hal_i2c_ex.c ****       (+) Configure Fast Mode Plus
 292:Drivers/STM32L4xx_HAL_Driver/Src/stm32l4xx_hal_i2c_ex.c **** 
 293:Drivers/STM32L4xx_HAL_Driver/Src/stm32l4xx_hal_i2c_ex.c **** @endverbatim
 294:Drivers/STM32L4xx_HAL_Driver/Src/stm32l4xx_hal_i2c_ex.c ****   * @{
 295:Drivers/STM32L4xx_HAL_Driver/Src/stm32l4xx_hal_i2c_ex.c ****   */
 296:Drivers/STM32L4xx_HAL_Driver/Src/stm32l4xx_hal_i2c_ex.c **** 
 297:Drivers/STM32L4xx_HAL_Driver/Src/stm32l4xx_hal_i2c_ex.c **** /**
 298:Drivers/STM32L4xx_HAL_Driver/Src/stm32l4xx_hal_i2c_ex.c ****   * @brief Enable the I2C fast mode plus driving capability.
 299:Drivers/STM32L4xx_HAL_Driver/Src/stm32l4xx_hal_i2c_ex.c ****   * @param ConfigFastModePlus Selects the pin.
 300:Drivers/STM32L4xx_HAL_Driver/Src/stm32l4xx_hal_i2c_ex.c ****   *   This parameter can be one of the @ref I2CEx_FastModePlus values
 301:Drivers/STM32L4xx_HAL_Driver/Src/stm32l4xx_hal_i2c_ex.c ****   * @note  For I2C1, fast mode plus driving capability can be enabled on all selected
 302:Drivers/STM32L4xx_HAL_Driver/Src/stm32l4xx_hal_i2c_ex.c ****   *        I2C1 pins using I2C_FASTMODEPLUS_I2C1 parameter or independently
 303:Drivers/STM32L4xx_HAL_Driver/Src/stm32l4xx_hal_i2c_ex.c ****   *        on each one of the following pins PB6, PB7, PB8 and PB9.
 304:Drivers/STM32L4xx_HAL_Driver/Src/stm32l4xx_hal_i2c_ex.c ****   * @note  For remaining I2C1 pins (PA14, PA15...) fast mode plus driving capability
 305:Drivers/STM32L4xx_HAL_Driver/Src/stm32l4xx_hal_i2c_ex.c ****   *        can be enabled only by using I2C_FASTMODEPLUS_I2C1 parameter.
 306:Drivers/STM32L4xx_HAL_Driver/Src/stm32l4xx_hal_i2c_ex.c ****   * @note  For all I2C2 pins fast mode plus driving capability can be enabled
 307:Drivers/STM32L4xx_HAL_Driver/Src/stm32l4xx_hal_i2c_ex.c ****   *        only by using I2C_FASTMODEPLUS_I2C2 parameter.
 308:Drivers/STM32L4xx_HAL_Driver/Src/stm32l4xx_hal_i2c_ex.c ****   * @note  For all I2C3 pins fast mode plus driving capability can be enabled
 309:Drivers/STM32L4xx_HAL_Driver/Src/stm32l4xx_hal_i2c_ex.c ****   *        only by using I2C_FASTMODEPLUS_I2C3 parameter.
 310:Drivers/STM32L4xx_HAL_Driver/Src/stm32l4xx_hal_i2c_ex.c ****   * @note  For all I2C4 pins fast mode plus driving capability can be enabled
 311:Drivers/STM32L4xx_HAL_Driver/Src/stm32l4xx_hal_i2c_ex.c ****   *        only by using I2C_FASTMODEPLUS_I2C4 parameter.
 312:Drivers/STM32L4xx_HAL_Driver/Src/stm32l4xx_hal_i2c_ex.c ****   * @retval None
 313:Drivers/STM32L4xx_HAL_Driver/Src/stm32l4xx_hal_i2c_ex.c ****   */
 314:Drivers/STM32L4xx_HAL_Driver/Src/stm32l4xx_hal_i2c_ex.c **** void HAL_I2CEx_EnableFastModePlus(uint32_t ConfigFastModePlus)
 315:Drivers/STM32L4xx_HAL_Driver/Src/stm32l4xx_hal_i2c_ex.c **** {
 473              		.loc 1 315 1
 474              		.cfi_startproc
 475              		@ args = 0, pretend = 0, frame = 16
 476              		@ frame_needed = 1, uses_anonymous_args = 0
 477              		@ link register save eliminated.
 478 0000 80B4     		push	{r7}
 479              		.cfi_def_cfa_offset 4
 480              		.cfi_offset 7, -4
 481 0002 85B0     		sub	sp, sp, #20
 482              		.cfi_def_cfa_offset 24
 483 0004 00AF     		add	r7, sp, #0
 484              		.cfi_def_cfa_register 7
 485 0006 7860     		str	r0, [r7, #4]
 486              	.LBB2:
 316:Drivers/STM32L4xx_HAL_Driver/Src/stm32l4xx_hal_i2c_ex.c ****   /* Check the parameter */
 317:Drivers/STM32L4xx_HAL_Driver/Src/stm32l4xx_hal_i2c_ex.c ****   assert_param(IS_I2C_FASTMODEPLUS(ConfigFastModePlus));
 318:Drivers/STM32L4xx_HAL_Driver/Src/stm32l4xx_hal_i2c_ex.c **** 
 319:Drivers/STM32L4xx_HAL_Driver/Src/stm32l4xx_hal_i2c_ex.c ****   /* Enable SYSCFG clock */
 320:Drivers/STM32L4xx_HAL_Driver/Src/stm32l4xx_hal_i2c_ex.c ****   __HAL_RCC_SYSCFG_CLK_ENABLE();
 487              		.loc 1 320 3
 488 0008 0B4B     		ldr	r3, .L18
ARM GAS  /tmp/cc6kL6ri.s 			page 15


 489 000a 1B6E     		ldr	r3, [r3, #96]
 490 000c 0A4A     		ldr	r2, .L18
 491 000e 43F00103 		orr	r3, r3, #1
 492 0012 1366     		str	r3, [r2, #96]
 493 0014 084B     		ldr	r3, .L18
 494 0016 1B6E     		ldr	r3, [r3, #96]
 495 0018 03F00103 		and	r3, r3, #1
 496 001c FB60     		str	r3, [r7, #12]
 497 001e FB68     		ldr	r3, [r7, #12]
 498              	.LBE2:
 321:Drivers/STM32L4xx_HAL_Driver/Src/stm32l4xx_hal_i2c_ex.c **** 
 322:Drivers/STM32L4xx_HAL_Driver/Src/stm32l4xx_hal_i2c_ex.c ****   /* Enable fast mode plus driving capability for selected pin */
 323:Drivers/STM32L4xx_HAL_Driver/Src/stm32l4xx_hal_i2c_ex.c ****   SET_BIT(SYSCFG->CFGR1, (uint32_t)ConfigFastModePlus);
 499              		.loc 1 323 3
 500 0020 064B     		ldr	r3, .L18+4
 501 0022 5A68     		ldr	r2, [r3, #4]
 502 0024 0549     		ldr	r1, .L18+4
 503 0026 7B68     		ldr	r3, [r7, #4]
 504 0028 1343     		orrs	r3, r3, r2
 505 002a 4B60     		str	r3, [r1, #4]
 324:Drivers/STM32L4xx_HAL_Driver/Src/stm32l4xx_hal_i2c_ex.c **** }
 506              		.loc 1 324 1
 507 002c 00BF     		nop
 508 002e 1437     		adds	r7, r7, #20
 509              		.cfi_def_cfa_offset 4
 510 0030 BD46     		mov	sp, r7
 511              		.cfi_def_cfa_register 13
 512              		@ sp needed
 513 0032 5DF8047B 		ldr	r7, [sp], #4
 514              		.cfi_restore 7
 515              		.cfi_def_cfa_offset 0
 516 0036 7047     		bx	lr
 517              	.L19:
 518              		.align	2
 519              	.L18:
 520 0038 00100240 		.word	1073876992
 521 003c 00000140 		.word	1073807360
 522              		.cfi_endproc
 523              	.LFE449:
 525              		.section	.text.HAL_I2CEx_DisableFastModePlus,"ax",%progbits
 526              		.align	1
 527              		.global	HAL_I2CEx_DisableFastModePlus
 528              		.syntax unified
 529              		.thumb
 530              		.thumb_func
 532              	HAL_I2CEx_DisableFastModePlus:
 533              	.LFB450:
 325:Drivers/STM32L4xx_HAL_Driver/Src/stm32l4xx_hal_i2c_ex.c **** 
 326:Drivers/STM32L4xx_HAL_Driver/Src/stm32l4xx_hal_i2c_ex.c **** /**
 327:Drivers/STM32L4xx_HAL_Driver/Src/stm32l4xx_hal_i2c_ex.c ****   * @brief Disable the I2C fast mode plus driving capability.
 328:Drivers/STM32L4xx_HAL_Driver/Src/stm32l4xx_hal_i2c_ex.c ****   * @param ConfigFastModePlus Selects the pin.
 329:Drivers/STM32L4xx_HAL_Driver/Src/stm32l4xx_hal_i2c_ex.c ****   *   This parameter can be one of the @ref I2CEx_FastModePlus values
 330:Drivers/STM32L4xx_HAL_Driver/Src/stm32l4xx_hal_i2c_ex.c ****   * @note  For I2C1, fast mode plus driving capability can be disabled on all selected
 331:Drivers/STM32L4xx_HAL_Driver/Src/stm32l4xx_hal_i2c_ex.c ****   *        I2C1 pins using I2C_FASTMODEPLUS_I2C1 parameter or independently
 332:Drivers/STM32L4xx_HAL_Driver/Src/stm32l4xx_hal_i2c_ex.c ****   *        on each one of the following pins PB6, PB7, PB8 and PB9.
 333:Drivers/STM32L4xx_HAL_Driver/Src/stm32l4xx_hal_i2c_ex.c ****   * @note  For remaining I2C1 pins (PA14, PA15...) fast mode plus driving capability
 334:Drivers/STM32L4xx_HAL_Driver/Src/stm32l4xx_hal_i2c_ex.c ****   *        can be disabled only by using I2C_FASTMODEPLUS_I2C1 parameter.
ARM GAS  /tmp/cc6kL6ri.s 			page 16


 335:Drivers/STM32L4xx_HAL_Driver/Src/stm32l4xx_hal_i2c_ex.c ****   * @note  For all I2C2 pins fast mode plus driving capability can be disabled
 336:Drivers/STM32L4xx_HAL_Driver/Src/stm32l4xx_hal_i2c_ex.c ****   *        only by using I2C_FASTMODEPLUS_I2C2 parameter.
 337:Drivers/STM32L4xx_HAL_Driver/Src/stm32l4xx_hal_i2c_ex.c ****   * @note  For all I2C3 pins fast mode plus driving capability can be disabled
 338:Drivers/STM32L4xx_HAL_Driver/Src/stm32l4xx_hal_i2c_ex.c ****   *        only by using I2C_FASTMODEPLUS_I2C3 parameter.
 339:Drivers/STM32L4xx_HAL_Driver/Src/stm32l4xx_hal_i2c_ex.c ****   * @note  For all I2C4 pins fast mode plus driving capability can be disabled
 340:Drivers/STM32L4xx_HAL_Driver/Src/stm32l4xx_hal_i2c_ex.c ****   *        only by using I2C_FASTMODEPLUS_I2C4 parameter.
 341:Drivers/STM32L4xx_HAL_Driver/Src/stm32l4xx_hal_i2c_ex.c ****   * @retval None
 342:Drivers/STM32L4xx_HAL_Driver/Src/stm32l4xx_hal_i2c_ex.c ****   */
 343:Drivers/STM32L4xx_HAL_Driver/Src/stm32l4xx_hal_i2c_ex.c **** void HAL_I2CEx_DisableFastModePlus(uint32_t ConfigFastModePlus)
 344:Drivers/STM32L4xx_HAL_Driver/Src/stm32l4xx_hal_i2c_ex.c **** {
 534              		.loc 1 344 1
 535              		.cfi_startproc
 536              		@ args = 0, pretend = 0, frame = 16
 537              		@ frame_needed = 1, uses_anonymous_args = 0
 538              		@ link register save eliminated.
 539 0000 80B4     		push	{r7}
 540              		.cfi_def_cfa_offset 4
 541              		.cfi_offset 7, -4
 542 0002 85B0     		sub	sp, sp, #20
 543              		.cfi_def_cfa_offset 24
 544 0004 00AF     		add	r7, sp, #0
 545              		.cfi_def_cfa_register 7
 546 0006 7860     		str	r0, [r7, #4]
 547              	.LBB3:
 345:Drivers/STM32L4xx_HAL_Driver/Src/stm32l4xx_hal_i2c_ex.c ****   /* Check the parameter */
 346:Drivers/STM32L4xx_HAL_Driver/Src/stm32l4xx_hal_i2c_ex.c ****   assert_param(IS_I2C_FASTMODEPLUS(ConfigFastModePlus));
 347:Drivers/STM32L4xx_HAL_Driver/Src/stm32l4xx_hal_i2c_ex.c **** 
 348:Drivers/STM32L4xx_HAL_Driver/Src/stm32l4xx_hal_i2c_ex.c ****   /* Enable SYSCFG clock */
 349:Drivers/STM32L4xx_HAL_Driver/Src/stm32l4xx_hal_i2c_ex.c ****   __HAL_RCC_SYSCFG_CLK_ENABLE();
 548              		.loc 1 349 3
 549 0008 0C4B     		ldr	r3, .L21
 550 000a 1B6E     		ldr	r3, [r3, #96]
 551 000c 0B4A     		ldr	r2, .L21
 552 000e 43F00103 		orr	r3, r3, #1
 553 0012 1366     		str	r3, [r2, #96]
 554 0014 094B     		ldr	r3, .L21
 555 0016 1B6E     		ldr	r3, [r3, #96]
 556 0018 03F00103 		and	r3, r3, #1
 557 001c FB60     		str	r3, [r7, #12]
 558 001e FB68     		ldr	r3, [r7, #12]
 559              	.LBE3:
 350:Drivers/STM32L4xx_HAL_Driver/Src/stm32l4xx_hal_i2c_ex.c **** 
 351:Drivers/STM32L4xx_HAL_Driver/Src/stm32l4xx_hal_i2c_ex.c ****   /* Disable fast mode plus driving capability for selected pin */
 352:Drivers/STM32L4xx_HAL_Driver/Src/stm32l4xx_hal_i2c_ex.c ****   CLEAR_BIT(SYSCFG->CFGR1, (uint32_t)ConfigFastModePlus);
 560              		.loc 1 352 3
 561 0020 074B     		ldr	r3, .L21+4
 562 0022 5A68     		ldr	r2, [r3, #4]
 563 0024 7B68     		ldr	r3, [r7, #4]
 564 0026 DB43     		mvns	r3, r3
 565 0028 0549     		ldr	r1, .L21+4
 566 002a 1340     		ands	r3, r3, r2
 567 002c 4B60     		str	r3, [r1, #4]
 353:Drivers/STM32L4xx_HAL_Driver/Src/stm32l4xx_hal_i2c_ex.c **** }
 568              		.loc 1 353 1
 569 002e 00BF     		nop
 570 0030 1437     		adds	r7, r7, #20
 571              		.cfi_def_cfa_offset 4
ARM GAS  /tmp/cc6kL6ri.s 			page 17


 572 0032 BD46     		mov	sp, r7
 573              		.cfi_def_cfa_register 13
 574              		@ sp needed
 575 0034 5DF8047B 		ldr	r7, [sp], #4
 576              		.cfi_restore 7
 577              		.cfi_def_cfa_offset 0
 578 0038 7047     		bx	lr
 579              	.L22:
 580 003a 00BF     		.align	2
 581              	.L21:
 582 003c 00100240 		.word	1073876992
 583 0040 00000140 		.word	1073807360
 584              		.cfi_endproc
 585              	.LFE450:
 587              		.text
 588              	.Letext0:
 589              		.file 2 "/usr/lib/gcc/arm-none-eabi/13.2.1/include/stdint.h"
 590              		.file 3 "Drivers/CMSIS/Device/ST/STM32L4xx/Include/stm32l475xx.h"
 591              		.file 4 "Drivers/STM32L4xx_HAL_Driver/Inc/stm32l4xx_hal_def.h"
 592              		.file 5 "Drivers/STM32L4xx_HAL_Driver/Inc/stm32l4xx_hal_dma.h"
 593              		.file 6 "Drivers/STM32L4xx_HAL_Driver/Inc/stm32l4xx_hal_i2c.h"
 594              		.file 7 "Drivers/STM32L4xx_HAL_Driver/Inc/stm32l4xx_ll_dma.h"
ARM GAS  /tmp/cc6kL6ri.s 			page 18


DEFINED SYMBOLS
                            *ABS*:00000000 stm32l4xx_hal_i2c_ex.c
     /tmp/cc6kL6ri.s:21     .rodata.CHANNEL_OFFSET_TAB:00000000 $d
     /tmp/cc6kL6ri.s:24     .rodata.CHANNEL_OFFSET_TAB:00000000 CHANNEL_OFFSET_TAB
     /tmp/cc6kL6ri.s:27     .text.HAL_I2CEx_ConfigAnalogFilter:00000000 $t
     /tmp/cc6kL6ri.s:33     .text.HAL_I2CEx_ConfigAnalogFilter:00000000 HAL_I2CEx_ConfigAnalogFilter
     /tmp/cc6kL6ri.s:143    .text.HAL_I2CEx_ConfigDigitalFilter:00000000 $t
     /tmp/cc6kL6ri.s:149    .text.HAL_I2CEx_ConfigDigitalFilter:00000000 HAL_I2CEx_ConfigDigitalFilter
     /tmp/cc6kL6ri.s:259    .text.HAL_I2CEx_EnableWakeUp:00000000 $t
     /tmp/cc6kL6ri.s:265    .text.HAL_I2CEx_EnableWakeUp:00000000 HAL_I2CEx_EnableWakeUp
     /tmp/cc6kL6ri.s:362    .text.HAL_I2CEx_DisableWakeUp:00000000 $t
     /tmp/cc6kL6ri.s:368    .text.HAL_I2CEx_DisableWakeUp:00000000 HAL_I2CEx_DisableWakeUp
     /tmp/cc6kL6ri.s:465    .text.HAL_I2CEx_EnableFastModePlus:00000000 $t
     /tmp/cc6kL6ri.s:471    .text.HAL_I2CEx_EnableFastModePlus:00000000 HAL_I2CEx_EnableFastModePlus
     /tmp/cc6kL6ri.s:520    .text.HAL_I2CEx_EnableFastModePlus:00000038 $d
     /tmp/cc6kL6ri.s:526    .text.HAL_I2CEx_DisableFastModePlus:00000000 $t
     /tmp/cc6kL6ri.s:532    .text.HAL_I2CEx_DisableFastModePlus:00000000 HAL_I2CEx_DisableFastModePlus
     /tmp/cc6kL6ri.s:582    .text.HAL_I2CEx_DisableFastModePlus:0000003c $d
                           .group:00000000 wm4.0.e7b64c2c371cf922f2c8028878d5c18e
                           .group:00000000 wm4.stm32l4xx_hal_conf.h.23.286c2f63aaa73ed97ffb4d26f7caa6e9
                           .group:00000000 wm4.stm32l4xx.h.38.9f5830373ca31b8a3cd182fdc6c7b69a
                           .group:00000000 wm4.stm32l475xx.h.34.2f1a75aed66751e299f09004aef64973
                           .group:00000000 wm4.stdint.h.29.6d480f4ba0f60596e88234283d42444f
                           .group:00000000 wm4.cmsis_version.h.32.46e8eccfa2cfeaae11d008bb2823a3ed
                           .group:00000000 wm4.core_cm4.h.66.e4ff136c4a17abc46741866f64f8e729
                           .group:00000000 wm4.cmsis_gcc.h.26.78077cef1206e937f7b56043ffca496a
                           .group:00000000 wm4.core_cm4.h.174.fcddd62df80231752fa39eb9b61dadfe
                           .group:00000000 wm4.mpu_armv7.h.32.4049752bb5792d4e15357775e9506cfc
                           .group:00000000 wm4.stm32l475xx.h.423.4d783859c9ac66890c9807dd7bd3a4db
                           .group:00000000 wm4.stm32l4xx.h.196.f5ae8047c57b6175c94f246ef967a286
                           .group:00000000 wm4.stm32_hal_legacy.h.22.08b8350ccf512ba8d98002fb33e7cbe5
                           .group:00000000 wm4.stddef.h.39.0dc9006b34572d4d9cae4c8b422c4971
                           .group:00000000 wm4.stm32l4xx_hal_def.h.58.1058a33f7217e935f2a6b51956d66a69
                           .group:00000000 wm4.stm32l4xx_hal_rcc.h.156.ab8eecc4e10f4827a2aa75d3549a356d
                           .group:00000000 wm4.stm32l4xx_hal_rcc_ex.h.20.4a82a27d561b6d42fa16a54f82e29067
                           .group:00000000 wm4.stm32l4xx_hal_gpio.h.21.2d2b1fd6aa6afa7b6dcc89cf752a9a25
                           .group:00000000 wm4.stm32l4xx_hal_gpio_ex.h.21.7ea705f5185dd3c6b8ea336f2858cd46
                           .group:00000000 wm4.stm32l4xx_ll_dma.h.21.b30e7f48d60d1fc53041ec1e3fd6e54a
                           .group:00000000 wm4.stm32l4xx_hal_dma.h.166.54a7f8d65cee6f051d541dc010387b5a
                           .group:00000000 wm4.stm32l4xx_hal_dfsdm.h.21.6785e38d00075079c7f2e5657def82ae
                           .group:00000000 wm4.stm32l4xx_hal_cortex.h.21.cb491126bd2d6f44e90b66f27acb8434
                           .group:00000000 wm4.stm32l4xx_ll_adc.h.21.0c578f71501c74365c67044efed214d6
                           .group:00000000 wm4.stm32l4xx_hal_adc.h.411.68f60682cdb20556089756a482f23764
                           .group:00000000 wm4.stm32l4xx_hal_adc_ex.h.21.7b82cb80166a21dfa8cb3e2fa8f8e654
                           .group:00000000 wm4.stm32l4xx_hal_can.h.21.5019586d8e7137c0cec16eb1f9d6677b
                           .group:00000000 wm4.stm32l4xx_ll_exti.h.21.d866eff070d6f999af2ce4ea60aa40ac
                           .group:00000000 wm4.stm32l4xx_hal_comp.h.87.7f14cb673a463359c83faa552328844d
                           .group:00000000 wm4.stm32l4xx_hal_crc.h.21.4c36a140cca35e6a8e478e76c6ad98e3
                           .group:00000000 wm4.stm32l4xx_hal_crc_ex.h.21.9cc3dead436542d416ee5572c231a242
                           .group:00000000 wm4.stm32l4xx_hal_dac.h.21.69feba704135531cf3d9b92de27b71d5
                           .group:00000000 wm4.stm32l4xx_hal_dac_ex.h.21.c86699169bead5415cc3e94027b67df4
                           .group:00000000 wm4.stm32l4xx_hal_exti.h.21.242e0410874d91d6d7523948fff74125
                           .group:00000000 wm4.stm32l4xx_hal_firewall.h.21.7ed44f4228fcc2ef96d2177dd8632645
                           .group:00000000 wm4.stm32l4xx_hal_flash.h.20.5e337018ccfa211b4afe888a79aae9f5
                           .group:00000000 wm4.stm32l4xx_hal_flash.h.846.0445f6ea07a3f9aac82891c8687d96fb
                           .group:00000000 wm4.stm32l4xx_ll_usb.h.21.5b5e42fb72a33dd326d7b20064953946
                           .group:00000000 wm4.stm32l4xx_hal_hcd.h.107.73f2fd24f57e8822da5cc86bd5ad3dfd
ARM GAS  /tmp/cc6kL6ri.s 			page 19


                           .group:00000000 wm4.stm32l4xx_hal_i2c.h.21.e7fc2065051c77019a818818e4a637d8
                           .group:00000000 wm4.stm32l4xx_hal_i2c_ex.h.21.ad4ad4e558d4fec06df87d163a6927d7
                           .group:00000000 wm4.stm32l4xx_hal_i2c.h.737.fa3908c81294cf0f9894ae336466002c
                           .group:00000000 wm4.stm32l4xx_hal_irda.h.21.136c042f9eef333167a549cc099df0c9
                           .group:00000000 wm4.stm32l4xx_hal_irda_ex.h.21.e0ada4e6d2b2cadfb512dd3c8ac0a637
                           .group:00000000 wm4.stm32l4xx_hal_iwdg.h.21.f94ca75f2fe1ebc7a2a8d0f5b58d8430
                           .group:00000000 wm4.stm32l4xx_hal_lptim.h.21.78222ea6639fc8c02789d293a048991e
                           .group:00000000 wm4.stm32l4xx_ll_sdmmc.h.21.65a5a8696b6ca7b87cc93d218084d702
                           .group:00000000 wm4.stm32l4xx_hal_mmc.h.69.8f4159f0a88ef1ebc33c58a8f10362b9
                           .group:00000000 wm4.stm32l4xx_ll_fmc.h.21.156a244c55010643ee92c6119049cb68
                           .group:00000000 wm4.stm32l4xx_hal_nand.h.176.9bfeac6e4e757991088bbd0df44e2be9
                           .group:00000000 wm4.stm32l4xx_hal_nor.h.21.d47e91e825f466bbac02fac0a7845a7a
                           .group:00000000 wm4.stm32l4xx_hal_opamp.h.21.9d841e1eaccee939f247b3f973f8af5f
                           .group:00000000 wm4.stm32l4xx_hal_pcd.h.169.addb1fac652268a18a0707cfcb5e2e47
                           .group:00000000 wm4.stm32l4xx_hal_pwr.h.21.7ddab2caa97243c36e496eca17b27618
                           .group:00000000 wm4.stm32l4xx_hal_pwr_ex.h.21.65ad8bbdbcb1950d945c0de10f22dc80
                           .group:00000000 wm4.stm32l4xx_hal_qspi.h.21.0291dad4eaa82101f2f77d76315c9b12
                           .group:00000000 wm4.stm32l4xx_hal_rng.h.21.96593715bdeab0c74ac9dfc538fb2feb
                           .group:00000000 wm4.stm32l4xx_hal_rtc.h.21.9da6b1aeebde99930891f803cb7f9678
                           .group:00000000 wm4.stm32l4xx_hal_rtc_ex.h.21.c692539378320719c7f2a2da1ca64502
                           .group:00000000 wm4.stm32l4xx_hal_rtc.h.999.c8bd9450c783628bd606ecb31bea5cc9
                           .group:00000000 wm4.stm32l4xx_hal_sai.h.21.c1165aaf2bbde65fae28ed4817be5cc5
                           .group:00000000 wm4.stm32l4xx_hal_sd.h.21.b395c90a87e82f7e8d77d4a518036063
                           .group:00000000 wm4.stm32l4xx_hal_smartcard.h.21.423c3ad63e0df35b864303e89e6d253c
                           .group:00000000 wm4.stm32l4xx_hal_smartcard_ex.h.21.801a2ce9252a785aec000b3fc7667a74
                           .group:00000000 wm4.stm32l4xx_hal_smbus.h.21.7480adb16468bfdce819ee591f21299e
                           .group:00000000 wm4.stm32l4xx_hal_smbus_ex.h.21.bdc715f5f6fb6612a871d3c03c3b871f
                           .group:00000000 wm4.stm32l4xx_hal_spi.h.21.3b51f9f7b241962f6b3483c47a43334f
                           .group:00000000 wm4.stm32l4xx_hal_sram.h.21.285210181e158bddc1cdde63dde572fd
                           .group:00000000 wm4.stm32l4xx_hal_swpmi.h.21.787f994f40b117a62aad9a6dd408b8fc
                           .group:00000000 wm4.stm32l4xx_hal_tim.h.21.d190832030e7505384ad081daa7ba8d6
                           .group:00000000 wm4.stm32l4xx_hal_tim_ex.h.21.1d0860218366ee9f64a97fd8af0ddee1
                           .group:00000000 wm4.stm32l4xx_hal_tsc.h.21.e9010049847ea38297d4b95a5ede0d8c
                           .group:00000000 wm4.stm32l4xx_hal_uart.h.21.480c0a64ca01596a921cda9dceb01df4
                           .group:00000000 wm4.stm32l4xx_hal_uart_ex.h.21.d793e64693c93af07c90464aef42bd83
                           .group:00000000 wm4.stm32l4xx_hal_usart.h.21.561c0058e33cb8df6671dcd29d5d25f9
                           .group:00000000 wm4.stm32l4xx_hal_usart_ex.h.21.111da650523691ebc80d64103d7b26e5
                           .group:00000000 wm4.stm32l4xx_hal_wwdg.h.21.073aa79d58120ae4fb8590c46b210051
                           .group:00000000 wm4.stm32l4xx_hal.h.75.d364b3778b3801d2f66bb409c48d396d

NO UNDEFINED SYMBOLS
