ARM GAS  /tmp/cci2Dqxh.s 			page 1


   1              		.cpu cortex-m4
   2              		.arch armv7e-m
   3              		.fpu fpv4-sp-d16
   4              		.eabi_attribute 27, 1
   5              		.eabi_attribute 28, 1
   6              		.eabi_attribute 20, 1
   7              		.eabi_attribute 21, 1
   8              		.eabi_attribute 23, 3
   9              		.eabi_attribute 24, 1
  10              		.eabi_attribute 25, 1
  11              		.eabi_attribute 26, 1
  12              		.eabi_attribute 30, 6
  13              		.eabi_attribute 34, 1
  14              		.eabi_attribute 18, 4
  15              		.file	"stm32l4xx_hal_smartcard_ex.c"
  16              		.text
  17              	.Ltext0:
  18              		.cfi_sections	.debug_frame
  19              		.file 1 "Drivers/STM32L4xx_HAL_Driver/Src/stm32l4xx_hal_smartcard_ex.c"
  20              		.section	.rodata.CHANNEL_OFFSET_TAB,"a"
  21              		.align	2
  24              	CHANNEL_OFFSET_TAB:
  25 0000 081C3044 		.ascii	"\010\0340DXl\200"
  25      586C80
  26              		.section	.text.HAL_SMARTCARDEx_BlockLength_Config,"ax",%progbits
  27              		.align	1
  28              		.global	HAL_SMARTCARDEx_BlockLength_Config
  29              		.syntax unified
  30              		.thumb
  31              		.thumb_func
  33              	HAL_SMARTCARDEx_BlockLength_Config:
  34              	.LFB445:
   1:Drivers/STM32L4xx_HAL_Driver/Src/stm32l4xx_hal_smartcard_ex.c **** /**
   2:Drivers/STM32L4xx_HAL_Driver/Src/stm32l4xx_hal_smartcard_ex.c ****   ******************************************************************************
   3:Drivers/STM32L4xx_HAL_Driver/Src/stm32l4xx_hal_smartcard_ex.c ****   * @file    stm32l4xx_hal_smartcard_ex.c
   4:Drivers/STM32L4xx_HAL_Driver/Src/stm32l4xx_hal_smartcard_ex.c ****   * @author  MCD Application Team
   5:Drivers/STM32L4xx_HAL_Driver/Src/stm32l4xx_hal_smartcard_ex.c ****   * @brief   SMARTCARD HAL module driver.
   6:Drivers/STM32L4xx_HAL_Driver/Src/stm32l4xx_hal_smartcard_ex.c ****   *          This file provides extended firmware functions to manage the following
   7:Drivers/STM32L4xx_HAL_Driver/Src/stm32l4xx_hal_smartcard_ex.c ****   *          functionalities of the SmartCard.
   8:Drivers/STM32L4xx_HAL_Driver/Src/stm32l4xx_hal_smartcard_ex.c ****   *           + Initialization and de-initialization functions
   9:Drivers/STM32L4xx_HAL_Driver/Src/stm32l4xx_hal_smartcard_ex.c ****   *           + Peripheral Control functions
  10:Drivers/STM32L4xx_HAL_Driver/Src/stm32l4xx_hal_smartcard_ex.c ****   *
  11:Drivers/STM32L4xx_HAL_Driver/Src/stm32l4xx_hal_smartcard_ex.c ****   ******************************************************************************
  12:Drivers/STM32L4xx_HAL_Driver/Src/stm32l4xx_hal_smartcard_ex.c ****   * @attention
  13:Drivers/STM32L4xx_HAL_Driver/Src/stm32l4xx_hal_smartcard_ex.c ****   *
  14:Drivers/STM32L4xx_HAL_Driver/Src/stm32l4xx_hal_smartcard_ex.c ****   * Copyright (c) 2017 STMicroelectronics.
  15:Drivers/STM32L4xx_HAL_Driver/Src/stm32l4xx_hal_smartcard_ex.c ****   * All rights reserved.
  16:Drivers/STM32L4xx_HAL_Driver/Src/stm32l4xx_hal_smartcard_ex.c ****   *
  17:Drivers/STM32L4xx_HAL_Driver/Src/stm32l4xx_hal_smartcard_ex.c ****   * This software is licensed under terms that can be found in the LICENSE file
  18:Drivers/STM32L4xx_HAL_Driver/Src/stm32l4xx_hal_smartcard_ex.c ****   * in the root directory of this software component.
  19:Drivers/STM32L4xx_HAL_Driver/Src/stm32l4xx_hal_smartcard_ex.c ****   * If no LICENSE file comes with this software, it is provided AS-IS.
  20:Drivers/STM32L4xx_HAL_Driver/Src/stm32l4xx_hal_smartcard_ex.c ****   *
  21:Drivers/STM32L4xx_HAL_Driver/Src/stm32l4xx_hal_smartcard_ex.c ****   ******************************************************************************
  22:Drivers/STM32L4xx_HAL_Driver/Src/stm32l4xx_hal_smartcard_ex.c ****   @verbatim
  23:Drivers/STM32L4xx_HAL_Driver/Src/stm32l4xx_hal_smartcard_ex.c ****   =============================================================================
  24:Drivers/STM32L4xx_HAL_Driver/Src/stm32l4xx_hal_smartcard_ex.c ****                ##### SMARTCARD peripheral extended features  #####
  25:Drivers/STM32L4xx_HAL_Driver/Src/stm32l4xx_hal_smartcard_ex.c ****   =============================================================================
ARM GAS  /tmp/cci2Dqxh.s 			page 2


  26:Drivers/STM32L4xx_HAL_Driver/Src/stm32l4xx_hal_smartcard_ex.c ****   [..]
  27:Drivers/STM32L4xx_HAL_Driver/Src/stm32l4xx_hal_smartcard_ex.c ****   The Extended SMARTCARD HAL driver can be used as follows:
  28:Drivers/STM32L4xx_HAL_Driver/Src/stm32l4xx_hal_smartcard_ex.c **** 
  29:Drivers/STM32L4xx_HAL_Driver/Src/stm32l4xx_hal_smartcard_ex.c ****     (#) After having configured the SMARTCARD basic features with HAL_SMARTCARD_Init(),
  30:Drivers/STM32L4xx_HAL_Driver/Src/stm32l4xx_hal_smartcard_ex.c ****         then program SMARTCARD advanced features if required (TX/RX pins swap, TimeOut,
  31:Drivers/STM32L4xx_HAL_Driver/Src/stm32l4xx_hal_smartcard_ex.c ****         auto-retry counter,...) in the hsmartcard AdvancedInit structure.
  32:Drivers/STM32L4xx_HAL_Driver/Src/stm32l4xx_hal_smartcard_ex.c **** 
  33:Drivers/STM32L4xx_HAL_Driver/Src/stm32l4xx_hal_smartcard_ex.c ****     (#) FIFO mode enabling/disabling and RX/TX FIFO threshold programming.
  34:Drivers/STM32L4xx_HAL_Driver/Src/stm32l4xx_hal_smartcard_ex.c **** 
  35:Drivers/STM32L4xx_HAL_Driver/Src/stm32l4xx_hal_smartcard_ex.c ****         -@- When SMARTCARD operates in FIFO mode, FIFO mode must be enabled prior
  36:Drivers/STM32L4xx_HAL_Driver/Src/stm32l4xx_hal_smartcard_ex.c ****             starting RX/TX transfers. Also RX/TX FIFO thresholds must be
  37:Drivers/STM32L4xx_HAL_Driver/Src/stm32l4xx_hal_smartcard_ex.c ****             configured prior starting RX/TX transfers.
  38:Drivers/STM32L4xx_HAL_Driver/Src/stm32l4xx_hal_smartcard_ex.c **** 
  39:Drivers/STM32L4xx_HAL_Driver/Src/stm32l4xx_hal_smartcard_ex.c ****   @endverbatim
  40:Drivers/STM32L4xx_HAL_Driver/Src/stm32l4xx_hal_smartcard_ex.c ****   ******************************************************************************
  41:Drivers/STM32L4xx_HAL_Driver/Src/stm32l4xx_hal_smartcard_ex.c ****   */
  42:Drivers/STM32L4xx_HAL_Driver/Src/stm32l4xx_hal_smartcard_ex.c **** 
  43:Drivers/STM32L4xx_HAL_Driver/Src/stm32l4xx_hal_smartcard_ex.c **** /* Includes ------------------------------------------------------------------*/
  44:Drivers/STM32L4xx_HAL_Driver/Src/stm32l4xx_hal_smartcard_ex.c **** #include "stm32l4xx_hal.h"
  45:Drivers/STM32L4xx_HAL_Driver/Src/stm32l4xx_hal_smartcard_ex.c **** 
  46:Drivers/STM32L4xx_HAL_Driver/Src/stm32l4xx_hal_smartcard_ex.c **** /** @addtogroup STM32L4xx_HAL_Driver
  47:Drivers/STM32L4xx_HAL_Driver/Src/stm32l4xx_hal_smartcard_ex.c ****   * @{
  48:Drivers/STM32L4xx_HAL_Driver/Src/stm32l4xx_hal_smartcard_ex.c ****   */
  49:Drivers/STM32L4xx_HAL_Driver/Src/stm32l4xx_hal_smartcard_ex.c **** 
  50:Drivers/STM32L4xx_HAL_Driver/Src/stm32l4xx_hal_smartcard_ex.c **** /** @defgroup SMARTCARDEx SMARTCARDEx
  51:Drivers/STM32L4xx_HAL_Driver/Src/stm32l4xx_hal_smartcard_ex.c ****   * @brief SMARTCARD Extended HAL module driver
  52:Drivers/STM32L4xx_HAL_Driver/Src/stm32l4xx_hal_smartcard_ex.c ****   * @{
  53:Drivers/STM32L4xx_HAL_Driver/Src/stm32l4xx_hal_smartcard_ex.c ****   */
  54:Drivers/STM32L4xx_HAL_Driver/Src/stm32l4xx_hal_smartcard_ex.c **** #ifdef HAL_SMARTCARD_MODULE_ENABLED
  55:Drivers/STM32L4xx_HAL_Driver/Src/stm32l4xx_hal_smartcard_ex.c **** 
  56:Drivers/STM32L4xx_HAL_Driver/Src/stm32l4xx_hal_smartcard_ex.c **** /* Private typedef -----------------------------------------------------------*/
  57:Drivers/STM32L4xx_HAL_Driver/Src/stm32l4xx_hal_smartcard_ex.c **** /* Private define ------------------------------------------------------------*/
  58:Drivers/STM32L4xx_HAL_Driver/Src/stm32l4xx_hal_smartcard_ex.c **** /** @defgroup SMARTCARDEx_Private_Constants SMARTCARD Extended Private Constants
  59:Drivers/STM32L4xx_HAL_Driver/Src/stm32l4xx_hal_smartcard_ex.c ****   * @{
  60:Drivers/STM32L4xx_HAL_Driver/Src/stm32l4xx_hal_smartcard_ex.c ****   */
  61:Drivers/STM32L4xx_HAL_Driver/Src/stm32l4xx_hal_smartcard_ex.c **** /* UART RX FIFO depth */
  62:Drivers/STM32L4xx_HAL_Driver/Src/stm32l4xx_hal_smartcard_ex.c **** #define RX_FIFO_DEPTH 8U
  63:Drivers/STM32L4xx_HAL_Driver/Src/stm32l4xx_hal_smartcard_ex.c **** 
  64:Drivers/STM32L4xx_HAL_Driver/Src/stm32l4xx_hal_smartcard_ex.c **** /* UART TX FIFO depth */
  65:Drivers/STM32L4xx_HAL_Driver/Src/stm32l4xx_hal_smartcard_ex.c **** #define TX_FIFO_DEPTH 8U
  66:Drivers/STM32L4xx_HAL_Driver/Src/stm32l4xx_hal_smartcard_ex.c **** /**
  67:Drivers/STM32L4xx_HAL_Driver/Src/stm32l4xx_hal_smartcard_ex.c ****   * @}
  68:Drivers/STM32L4xx_HAL_Driver/Src/stm32l4xx_hal_smartcard_ex.c ****   */
  69:Drivers/STM32L4xx_HAL_Driver/Src/stm32l4xx_hal_smartcard_ex.c **** 
  70:Drivers/STM32L4xx_HAL_Driver/Src/stm32l4xx_hal_smartcard_ex.c **** /* Private macros ------------------------------------------------------------*/
  71:Drivers/STM32L4xx_HAL_Driver/Src/stm32l4xx_hal_smartcard_ex.c **** /* Private variables ---------------------------------------------------------*/
  72:Drivers/STM32L4xx_HAL_Driver/Src/stm32l4xx_hal_smartcard_ex.c **** /* Private function prototypes -----------------------------------------------*/
  73:Drivers/STM32L4xx_HAL_Driver/Src/stm32l4xx_hal_smartcard_ex.c **** #if defined(USART_CR1_FIFOEN)
  74:Drivers/STM32L4xx_HAL_Driver/Src/stm32l4xx_hal_smartcard_ex.c **** static void SMARTCARDEx_SetNbDataToProcess(SMARTCARD_HandleTypeDef *hsmartcard);
  75:Drivers/STM32L4xx_HAL_Driver/Src/stm32l4xx_hal_smartcard_ex.c **** 
  76:Drivers/STM32L4xx_HAL_Driver/Src/stm32l4xx_hal_smartcard_ex.c **** #endif /* USART_CR1_FIFOEN */
  77:Drivers/STM32L4xx_HAL_Driver/Src/stm32l4xx_hal_smartcard_ex.c **** /* Exported functions --------------------------------------------------------*/
  78:Drivers/STM32L4xx_HAL_Driver/Src/stm32l4xx_hal_smartcard_ex.c **** /** @defgroup SMARTCARDEx_Exported_Functions  SMARTCARD Extended Exported Functions
  79:Drivers/STM32L4xx_HAL_Driver/Src/stm32l4xx_hal_smartcard_ex.c ****   * @{
  80:Drivers/STM32L4xx_HAL_Driver/Src/stm32l4xx_hal_smartcard_ex.c ****   */
  81:Drivers/STM32L4xx_HAL_Driver/Src/stm32l4xx_hal_smartcard_ex.c **** 
  82:Drivers/STM32L4xx_HAL_Driver/Src/stm32l4xx_hal_smartcard_ex.c **** /** @defgroup SMARTCARDEx_Exported_Functions_Group1 Extended Peripheral Control functions
ARM GAS  /tmp/cci2Dqxh.s 			page 3


  83:Drivers/STM32L4xx_HAL_Driver/Src/stm32l4xx_hal_smartcard_ex.c ****   * @brief    Extended control functions
  84:Drivers/STM32L4xx_HAL_Driver/Src/stm32l4xx_hal_smartcard_ex.c ****   *
  85:Drivers/STM32L4xx_HAL_Driver/Src/stm32l4xx_hal_smartcard_ex.c **** @verbatim
  86:Drivers/STM32L4xx_HAL_Driver/Src/stm32l4xx_hal_smartcard_ex.c ****   ===============================================================================
  87:Drivers/STM32L4xx_HAL_Driver/Src/stm32l4xx_hal_smartcard_ex.c ****                       ##### Peripheral Control functions #####
  88:Drivers/STM32L4xx_HAL_Driver/Src/stm32l4xx_hal_smartcard_ex.c ****   ===============================================================================
  89:Drivers/STM32L4xx_HAL_Driver/Src/stm32l4xx_hal_smartcard_ex.c ****   [..]
  90:Drivers/STM32L4xx_HAL_Driver/Src/stm32l4xx_hal_smartcard_ex.c ****   This subsection provides a set of functions allowing to initialize the SMARTCARD.
  91:Drivers/STM32L4xx_HAL_Driver/Src/stm32l4xx_hal_smartcard_ex.c ****      (+) HAL_SMARTCARDEx_BlockLength_Config() API allows to configure the Block Length on the fly
  92:Drivers/STM32L4xx_HAL_Driver/Src/stm32l4xx_hal_smartcard_ex.c ****      (+) HAL_SMARTCARDEx_TimeOut_Config() API allows to configure the receiver timeout value on the
  93:Drivers/STM32L4xx_HAL_Driver/Src/stm32l4xx_hal_smartcard_ex.c ****      (+) HAL_SMARTCARDEx_EnableReceiverTimeOut() API enables the receiver timeout feature
  94:Drivers/STM32L4xx_HAL_Driver/Src/stm32l4xx_hal_smartcard_ex.c ****      (+) HAL_SMARTCARDEx_DisableReceiverTimeOut() API disables the receiver timeout feature
  95:Drivers/STM32L4xx_HAL_Driver/Src/stm32l4xx_hal_smartcard_ex.c **** 
  96:Drivers/STM32L4xx_HAL_Driver/Src/stm32l4xx_hal_smartcard_ex.c **** @endverbatim
  97:Drivers/STM32L4xx_HAL_Driver/Src/stm32l4xx_hal_smartcard_ex.c ****   * @{
  98:Drivers/STM32L4xx_HAL_Driver/Src/stm32l4xx_hal_smartcard_ex.c ****   */
  99:Drivers/STM32L4xx_HAL_Driver/Src/stm32l4xx_hal_smartcard_ex.c **** 
 100:Drivers/STM32L4xx_HAL_Driver/Src/stm32l4xx_hal_smartcard_ex.c **** /** @brief Update on the fly the SMARTCARD block length in RTOR register.
 101:Drivers/STM32L4xx_HAL_Driver/Src/stm32l4xx_hal_smartcard_ex.c ****   * @param hsmartcard Pointer to a SMARTCARD_HandleTypeDef structure that contains
 102:Drivers/STM32L4xx_HAL_Driver/Src/stm32l4xx_hal_smartcard_ex.c ****   *                    the configuration information for the specified SMARTCARD module.
 103:Drivers/STM32L4xx_HAL_Driver/Src/stm32l4xx_hal_smartcard_ex.c ****   * @param BlockLength SMARTCARD block length (8-bit long at most)
 104:Drivers/STM32L4xx_HAL_Driver/Src/stm32l4xx_hal_smartcard_ex.c ****   * @retval None
 105:Drivers/STM32L4xx_HAL_Driver/Src/stm32l4xx_hal_smartcard_ex.c ****   */
 106:Drivers/STM32L4xx_HAL_Driver/Src/stm32l4xx_hal_smartcard_ex.c **** void HAL_SMARTCARDEx_BlockLength_Config(SMARTCARD_HandleTypeDef *hsmartcard, uint8_t BlockLength)
 107:Drivers/STM32L4xx_HAL_Driver/Src/stm32l4xx_hal_smartcard_ex.c **** {
  35              		.loc 1 107 1
  36              		.cfi_startproc
  37              		@ args = 0, pretend = 0, frame = 8
  38              		@ frame_needed = 1, uses_anonymous_args = 0
  39              		@ link register save eliminated.
  40 0000 80B4     		push	{r7}
  41              		.cfi_def_cfa_offset 4
  42              		.cfi_offset 7, -4
  43 0002 83B0     		sub	sp, sp, #12
  44              		.cfi_def_cfa_offset 16
  45 0004 00AF     		add	r7, sp, #0
  46              		.cfi_def_cfa_register 7
  47 0006 7860     		str	r0, [r7, #4]
  48 0008 0B46     		mov	r3, r1
  49 000a FB70     		strb	r3, [r7, #3]
 108:Drivers/STM32L4xx_HAL_Driver/Src/stm32l4xx_hal_smartcard_ex.c ****   MODIFY_REG(hsmartcard->Instance->RTOR, USART_RTOR_BLEN, ((uint32_t)BlockLength << USART_RTOR_BLEN
  50              		.loc 1 108 3
  51 000c 7B68     		ldr	r3, [r7, #4]
  52 000e 1B68     		ldr	r3, [r3]
  53 0010 5B69     		ldr	r3, [r3, #20]
  54 0012 23F07F41 		bic	r1, r3, #-16777216
  55 0016 FB78     		ldrb	r3, [r7, #3]	@ zero_extendqisi2
  56 0018 1A06     		lsls	r2, r3, #24
  57 001a 7B68     		ldr	r3, [r7, #4]
  58 001c 1B68     		ldr	r3, [r3]
  59 001e 0A43     		orrs	r2, r2, r1
  60 0020 5A61     		str	r2, [r3, #20]
 109:Drivers/STM32L4xx_HAL_Driver/Src/stm32l4xx_hal_smartcard_ex.c **** }
  61              		.loc 1 109 1
  62 0022 00BF     		nop
  63 0024 0C37     		adds	r7, r7, #12
  64              		.cfi_def_cfa_offset 4
ARM GAS  /tmp/cci2Dqxh.s 			page 4


  65 0026 BD46     		mov	sp, r7
  66              		.cfi_def_cfa_register 13
  67              		@ sp needed
  68 0028 5DF8047B 		ldr	r7, [sp], #4
  69              		.cfi_restore 7
  70              		.cfi_def_cfa_offset 0
  71 002c 7047     		bx	lr
  72              		.cfi_endproc
  73              	.LFE445:
  75              		.section	.text.HAL_SMARTCARDEx_TimeOut_Config,"ax",%progbits
  76              		.align	1
  77              		.global	HAL_SMARTCARDEx_TimeOut_Config
  78              		.syntax unified
  79              		.thumb
  80              		.thumb_func
  82              	HAL_SMARTCARDEx_TimeOut_Config:
  83              	.LFB446:
 110:Drivers/STM32L4xx_HAL_Driver/Src/stm32l4xx_hal_smartcard_ex.c **** 
 111:Drivers/STM32L4xx_HAL_Driver/Src/stm32l4xx_hal_smartcard_ex.c **** /** @brief Update on the fly the receiver timeout value in RTOR register.
 112:Drivers/STM32L4xx_HAL_Driver/Src/stm32l4xx_hal_smartcard_ex.c ****   * @param hsmartcard Pointer to a SMARTCARD_HandleTypeDef structure that contains
 113:Drivers/STM32L4xx_HAL_Driver/Src/stm32l4xx_hal_smartcard_ex.c ****   *                    the configuration information for the specified SMARTCARD module.
 114:Drivers/STM32L4xx_HAL_Driver/Src/stm32l4xx_hal_smartcard_ex.c ****   * @param TimeOutValue receiver timeout value in number of baud blocks. The timeout
 115:Drivers/STM32L4xx_HAL_Driver/Src/stm32l4xx_hal_smartcard_ex.c ****   *                     value must be less or equal to 0x0FFFFFFFF.
 116:Drivers/STM32L4xx_HAL_Driver/Src/stm32l4xx_hal_smartcard_ex.c ****   * @retval None
 117:Drivers/STM32L4xx_HAL_Driver/Src/stm32l4xx_hal_smartcard_ex.c ****   */
 118:Drivers/STM32L4xx_HAL_Driver/Src/stm32l4xx_hal_smartcard_ex.c **** void HAL_SMARTCARDEx_TimeOut_Config(SMARTCARD_HandleTypeDef *hsmartcard, uint32_t TimeOutValue)
 119:Drivers/STM32L4xx_HAL_Driver/Src/stm32l4xx_hal_smartcard_ex.c **** {
  84              		.loc 1 119 1
  85              		.cfi_startproc
  86              		@ args = 0, pretend = 0, frame = 8
  87              		@ frame_needed = 1, uses_anonymous_args = 0
  88              		@ link register save eliminated.
  89 0000 80B4     		push	{r7}
  90              		.cfi_def_cfa_offset 4
  91              		.cfi_offset 7, -4
  92 0002 83B0     		sub	sp, sp, #12
  93              		.cfi_def_cfa_offset 16
  94 0004 00AF     		add	r7, sp, #0
  95              		.cfi_def_cfa_register 7
  96 0006 7860     		str	r0, [r7, #4]
  97 0008 3960     		str	r1, [r7]
 120:Drivers/STM32L4xx_HAL_Driver/Src/stm32l4xx_hal_smartcard_ex.c ****   assert_param(IS_SMARTCARD_TIMEOUT_VALUE(hsmartcard->Init.TimeOutValue));
 121:Drivers/STM32L4xx_HAL_Driver/Src/stm32l4xx_hal_smartcard_ex.c ****   MODIFY_REG(hsmartcard->Instance->RTOR, USART_RTOR_RTO, TimeOutValue);
  98              		.loc 1 121 3
  99 000a 7B68     		ldr	r3, [r7, #4]
 100 000c 1B68     		ldr	r3, [r3]
 101 000e 5B69     		ldr	r3, [r3, #20]
 102 0010 03F07F41 		and	r1, r3, #-16777216
 103 0014 7B68     		ldr	r3, [r7, #4]
 104 0016 1B68     		ldr	r3, [r3]
 105 0018 3A68     		ldr	r2, [r7]
 106 001a 0A43     		orrs	r2, r2, r1
 107 001c 5A61     		str	r2, [r3, #20]
 122:Drivers/STM32L4xx_HAL_Driver/Src/stm32l4xx_hal_smartcard_ex.c **** }
 108              		.loc 1 122 1
 109 001e 00BF     		nop
 110 0020 0C37     		adds	r7, r7, #12
ARM GAS  /tmp/cci2Dqxh.s 			page 5


 111              		.cfi_def_cfa_offset 4
 112 0022 BD46     		mov	sp, r7
 113              		.cfi_def_cfa_register 13
 114              		@ sp needed
 115 0024 5DF8047B 		ldr	r7, [sp], #4
 116              		.cfi_restore 7
 117              		.cfi_def_cfa_offset 0
 118 0028 7047     		bx	lr
 119              		.cfi_endproc
 120              	.LFE446:
 122              		.section	.text.HAL_SMARTCARDEx_EnableReceiverTimeOut,"ax",%progbits
 123              		.align	1
 124              		.global	HAL_SMARTCARDEx_EnableReceiverTimeOut
 125              		.syntax unified
 126              		.thumb
 127              		.thumb_func
 129              	HAL_SMARTCARDEx_EnableReceiverTimeOut:
 130              	.LFB447:
 123:Drivers/STM32L4xx_HAL_Driver/Src/stm32l4xx_hal_smartcard_ex.c **** 
 124:Drivers/STM32L4xx_HAL_Driver/Src/stm32l4xx_hal_smartcard_ex.c **** /** @brief Enable the SMARTCARD receiver timeout feature.
 125:Drivers/STM32L4xx_HAL_Driver/Src/stm32l4xx_hal_smartcard_ex.c ****   * @param hsmartcard Pointer to a SMARTCARD_HandleTypeDef structure that contains
 126:Drivers/STM32L4xx_HAL_Driver/Src/stm32l4xx_hal_smartcard_ex.c ****   *                    the configuration information for the specified SMARTCARD module.
 127:Drivers/STM32L4xx_HAL_Driver/Src/stm32l4xx_hal_smartcard_ex.c ****   * @retval HAL status
 128:Drivers/STM32L4xx_HAL_Driver/Src/stm32l4xx_hal_smartcard_ex.c ****   */
 129:Drivers/STM32L4xx_HAL_Driver/Src/stm32l4xx_hal_smartcard_ex.c **** HAL_StatusTypeDef HAL_SMARTCARDEx_EnableReceiverTimeOut(SMARTCARD_HandleTypeDef *hsmartcard)
 130:Drivers/STM32L4xx_HAL_Driver/Src/stm32l4xx_hal_smartcard_ex.c **** {
 131              		.loc 1 130 1
 132              		.cfi_startproc
 133              		@ args = 0, pretend = 0, frame = 8
 134              		@ frame_needed = 1, uses_anonymous_args = 0
 135              		@ link register save eliminated.
 136 0000 80B4     		push	{r7}
 137              		.cfi_def_cfa_offset 4
 138              		.cfi_offset 7, -4
 139 0002 83B0     		sub	sp, sp, #12
 140              		.cfi_def_cfa_offset 16
 141 0004 00AF     		add	r7, sp, #0
 142              		.cfi_def_cfa_register 7
 143 0006 7860     		str	r0, [r7, #4]
 131:Drivers/STM32L4xx_HAL_Driver/Src/stm32l4xx_hal_smartcard_ex.c ****   if (hsmartcard->gState == HAL_SMARTCARD_STATE_READY)
 144              		.loc 1 131 17
 145 0008 7B68     		ldr	r3, [r7, #4]
 146 000a 5B6F     		ldr	r3, [r3, #116]
 147              		.loc 1 131 6
 148 000c 202B     		cmp	r3, #32
 149 000e 1ED1     		bne	.L4
 132:Drivers/STM32L4xx_HAL_Driver/Src/stm32l4xx_hal_smartcard_ex.c ****   {
 133:Drivers/STM32L4xx_HAL_Driver/Src/stm32l4xx_hal_smartcard_ex.c ****     /* Process Locked */
 134:Drivers/STM32L4xx_HAL_Driver/Src/stm32l4xx_hal_smartcard_ex.c ****     __HAL_LOCK(hsmartcard);
 150              		.loc 1 134 5
 151 0010 7B68     		ldr	r3, [r7, #4]
 152 0012 93F87030 		ldrb	r3, [r3, #112]	@ zero_extendqisi2
 153 0016 012B     		cmp	r3, #1
 154 0018 01D1     		bne	.L5
 155              		.loc 1 134 5 is_stmt 0 discriminator 1
 156 001a 0223     		movs	r3, #2
 157              		.loc 1 134 5
ARM GAS  /tmp/cci2Dqxh.s 			page 6


 158 001c 18E0     		b	.L6
 159              	.L5:
 160              		.loc 1 134 5 discriminator 2
 161 001e 7B68     		ldr	r3, [r7, #4]
 162 0020 0122     		movs	r2, #1
 163 0022 83F87020 		strb	r2, [r3, #112]
 135:Drivers/STM32L4xx_HAL_Driver/Src/stm32l4xx_hal_smartcard_ex.c **** 
 136:Drivers/STM32L4xx_HAL_Driver/Src/stm32l4xx_hal_smartcard_ex.c ****     hsmartcard->gState = HAL_SMARTCARD_STATE_BUSY;
 164              		.loc 1 136 24 is_stmt 1
 165 0026 7B68     		ldr	r3, [r7, #4]
 166 0028 2422     		movs	r2, #36
 167 002a 5A67     		str	r2, [r3, #116]
 137:Drivers/STM32L4xx_HAL_Driver/Src/stm32l4xx_hal_smartcard_ex.c **** 
 138:Drivers/STM32L4xx_HAL_Driver/Src/stm32l4xx_hal_smartcard_ex.c ****     /* Set the USART RTOEN bit */
 139:Drivers/STM32L4xx_HAL_Driver/Src/stm32l4xx_hal_smartcard_ex.c ****     SET_BIT(hsmartcard->Instance->CR2, USART_CR2_RTOEN);
 168              		.loc 1 139 5
 169 002c 7B68     		ldr	r3, [r7, #4]
 170 002e 1B68     		ldr	r3, [r3]
 171 0030 5A68     		ldr	r2, [r3, #4]
 172 0032 7B68     		ldr	r3, [r7, #4]
 173 0034 1B68     		ldr	r3, [r3]
 174 0036 42F40002 		orr	r2, r2, #8388608
 175 003a 5A60     		str	r2, [r3, #4]
 140:Drivers/STM32L4xx_HAL_Driver/Src/stm32l4xx_hal_smartcard_ex.c **** 
 141:Drivers/STM32L4xx_HAL_Driver/Src/stm32l4xx_hal_smartcard_ex.c ****     hsmartcard->gState = HAL_SMARTCARD_STATE_READY;
 176              		.loc 1 141 24
 177 003c 7B68     		ldr	r3, [r7, #4]
 178 003e 2022     		movs	r2, #32
 179 0040 5A67     		str	r2, [r3, #116]
 142:Drivers/STM32L4xx_HAL_Driver/Src/stm32l4xx_hal_smartcard_ex.c **** 
 143:Drivers/STM32L4xx_HAL_Driver/Src/stm32l4xx_hal_smartcard_ex.c ****     /* Process Unlocked */
 144:Drivers/STM32L4xx_HAL_Driver/Src/stm32l4xx_hal_smartcard_ex.c ****     __HAL_UNLOCK(hsmartcard);
 180              		.loc 1 144 5
 181 0042 7B68     		ldr	r3, [r7, #4]
 182 0044 0022     		movs	r2, #0
 183 0046 83F87020 		strb	r2, [r3, #112]
 145:Drivers/STM32L4xx_HAL_Driver/Src/stm32l4xx_hal_smartcard_ex.c **** 
 146:Drivers/STM32L4xx_HAL_Driver/Src/stm32l4xx_hal_smartcard_ex.c ****     return HAL_OK;
 184              		.loc 1 146 12
 185 004a 0023     		movs	r3, #0
 186 004c 00E0     		b	.L6
 187              	.L4:
 147:Drivers/STM32L4xx_HAL_Driver/Src/stm32l4xx_hal_smartcard_ex.c ****   }
 148:Drivers/STM32L4xx_HAL_Driver/Src/stm32l4xx_hal_smartcard_ex.c ****   else
 149:Drivers/STM32L4xx_HAL_Driver/Src/stm32l4xx_hal_smartcard_ex.c ****   {
 150:Drivers/STM32L4xx_HAL_Driver/Src/stm32l4xx_hal_smartcard_ex.c ****     return HAL_BUSY;
 188              		.loc 1 150 12
 189 004e 0223     		movs	r3, #2
 190              	.L6:
 151:Drivers/STM32L4xx_HAL_Driver/Src/stm32l4xx_hal_smartcard_ex.c ****   }
 152:Drivers/STM32L4xx_HAL_Driver/Src/stm32l4xx_hal_smartcard_ex.c **** }
 191              		.loc 1 152 1
 192 0050 1846     		mov	r0, r3
 193 0052 0C37     		adds	r7, r7, #12
 194              		.cfi_def_cfa_offset 4
 195 0054 BD46     		mov	sp, r7
 196              		.cfi_def_cfa_register 13
ARM GAS  /tmp/cci2Dqxh.s 			page 7


 197              		@ sp needed
 198 0056 5DF8047B 		ldr	r7, [sp], #4
 199              		.cfi_restore 7
 200              		.cfi_def_cfa_offset 0
 201 005a 7047     		bx	lr
 202              		.cfi_endproc
 203              	.LFE447:
 205              		.section	.text.HAL_SMARTCARDEx_DisableReceiverTimeOut,"ax",%progbits
 206              		.align	1
 207              		.global	HAL_SMARTCARDEx_DisableReceiverTimeOut
 208              		.syntax unified
 209              		.thumb
 210              		.thumb_func
 212              	HAL_SMARTCARDEx_DisableReceiverTimeOut:
 213              	.LFB448:
 153:Drivers/STM32L4xx_HAL_Driver/Src/stm32l4xx_hal_smartcard_ex.c **** 
 154:Drivers/STM32L4xx_HAL_Driver/Src/stm32l4xx_hal_smartcard_ex.c **** /** @brief Disable the SMARTCARD receiver timeout feature.
 155:Drivers/STM32L4xx_HAL_Driver/Src/stm32l4xx_hal_smartcard_ex.c ****   * @param hsmartcard Pointer to a SMARTCARD_HandleTypeDef structure that contains
 156:Drivers/STM32L4xx_HAL_Driver/Src/stm32l4xx_hal_smartcard_ex.c ****   *                    the configuration information for the specified SMARTCARD module.
 157:Drivers/STM32L4xx_HAL_Driver/Src/stm32l4xx_hal_smartcard_ex.c ****   * @retval HAL status
 158:Drivers/STM32L4xx_HAL_Driver/Src/stm32l4xx_hal_smartcard_ex.c ****   */
 159:Drivers/STM32L4xx_HAL_Driver/Src/stm32l4xx_hal_smartcard_ex.c **** HAL_StatusTypeDef HAL_SMARTCARDEx_DisableReceiverTimeOut(SMARTCARD_HandleTypeDef *hsmartcard)
 160:Drivers/STM32L4xx_HAL_Driver/Src/stm32l4xx_hal_smartcard_ex.c **** {
 214              		.loc 1 160 1
 215              		.cfi_startproc
 216              		@ args = 0, pretend = 0, frame = 8
 217              		@ frame_needed = 1, uses_anonymous_args = 0
 218              		@ link register save eliminated.
 219 0000 80B4     		push	{r7}
 220              		.cfi_def_cfa_offset 4
 221              		.cfi_offset 7, -4
 222 0002 83B0     		sub	sp, sp, #12
 223              		.cfi_def_cfa_offset 16
 224 0004 00AF     		add	r7, sp, #0
 225              		.cfi_def_cfa_register 7
 226 0006 7860     		str	r0, [r7, #4]
 161:Drivers/STM32L4xx_HAL_Driver/Src/stm32l4xx_hal_smartcard_ex.c ****   if (hsmartcard->gState == HAL_SMARTCARD_STATE_READY)
 227              		.loc 1 161 17
 228 0008 7B68     		ldr	r3, [r7, #4]
 229 000a 5B6F     		ldr	r3, [r3, #116]
 230              		.loc 1 161 6
 231 000c 202B     		cmp	r3, #32
 232 000e 1ED1     		bne	.L8
 162:Drivers/STM32L4xx_HAL_Driver/Src/stm32l4xx_hal_smartcard_ex.c ****   {
 163:Drivers/STM32L4xx_HAL_Driver/Src/stm32l4xx_hal_smartcard_ex.c ****     /* Process Locked */
 164:Drivers/STM32L4xx_HAL_Driver/Src/stm32l4xx_hal_smartcard_ex.c ****     __HAL_LOCK(hsmartcard);
 233              		.loc 1 164 5
 234 0010 7B68     		ldr	r3, [r7, #4]
 235 0012 93F87030 		ldrb	r3, [r3, #112]	@ zero_extendqisi2
 236 0016 012B     		cmp	r3, #1
 237 0018 01D1     		bne	.L9
 238              		.loc 1 164 5 is_stmt 0 discriminator 1
 239 001a 0223     		movs	r3, #2
 240              		.loc 1 164 5
 241 001c 18E0     		b	.L10
 242              	.L9:
 243              		.loc 1 164 5 discriminator 2
ARM GAS  /tmp/cci2Dqxh.s 			page 8


 244 001e 7B68     		ldr	r3, [r7, #4]
 245 0020 0122     		movs	r2, #1
 246 0022 83F87020 		strb	r2, [r3, #112]
 165:Drivers/STM32L4xx_HAL_Driver/Src/stm32l4xx_hal_smartcard_ex.c **** 
 166:Drivers/STM32L4xx_HAL_Driver/Src/stm32l4xx_hal_smartcard_ex.c ****     hsmartcard->gState = HAL_SMARTCARD_STATE_BUSY;
 247              		.loc 1 166 24 is_stmt 1
 248 0026 7B68     		ldr	r3, [r7, #4]
 249 0028 2422     		movs	r2, #36
 250 002a 5A67     		str	r2, [r3, #116]
 167:Drivers/STM32L4xx_HAL_Driver/Src/stm32l4xx_hal_smartcard_ex.c **** 
 168:Drivers/STM32L4xx_HAL_Driver/Src/stm32l4xx_hal_smartcard_ex.c ****     /* Clear the USART RTOEN bit */
 169:Drivers/STM32L4xx_HAL_Driver/Src/stm32l4xx_hal_smartcard_ex.c ****     CLEAR_BIT(hsmartcard->Instance->CR2, USART_CR2_RTOEN);
 251              		.loc 1 169 5
 252 002c 7B68     		ldr	r3, [r7, #4]
 253 002e 1B68     		ldr	r3, [r3]
 254 0030 5A68     		ldr	r2, [r3, #4]
 255 0032 7B68     		ldr	r3, [r7, #4]
 256 0034 1B68     		ldr	r3, [r3]
 257 0036 22F40002 		bic	r2, r2, #8388608
 258 003a 5A60     		str	r2, [r3, #4]
 170:Drivers/STM32L4xx_HAL_Driver/Src/stm32l4xx_hal_smartcard_ex.c **** 
 171:Drivers/STM32L4xx_HAL_Driver/Src/stm32l4xx_hal_smartcard_ex.c ****     hsmartcard->gState = HAL_SMARTCARD_STATE_READY;
 259              		.loc 1 171 24
 260 003c 7B68     		ldr	r3, [r7, #4]
 261 003e 2022     		movs	r2, #32
 262 0040 5A67     		str	r2, [r3, #116]
 172:Drivers/STM32L4xx_HAL_Driver/Src/stm32l4xx_hal_smartcard_ex.c **** 
 173:Drivers/STM32L4xx_HAL_Driver/Src/stm32l4xx_hal_smartcard_ex.c ****     /* Process Unlocked */
 174:Drivers/STM32L4xx_HAL_Driver/Src/stm32l4xx_hal_smartcard_ex.c ****     __HAL_UNLOCK(hsmartcard);
 263              		.loc 1 174 5
 264 0042 7B68     		ldr	r3, [r7, #4]
 265 0044 0022     		movs	r2, #0
 266 0046 83F87020 		strb	r2, [r3, #112]
 175:Drivers/STM32L4xx_HAL_Driver/Src/stm32l4xx_hal_smartcard_ex.c **** 
 176:Drivers/STM32L4xx_HAL_Driver/Src/stm32l4xx_hal_smartcard_ex.c ****     return HAL_OK;
 267              		.loc 1 176 12
 268 004a 0023     		movs	r3, #0
 269 004c 00E0     		b	.L10
 270              	.L8:
 177:Drivers/STM32L4xx_HAL_Driver/Src/stm32l4xx_hal_smartcard_ex.c ****   }
 178:Drivers/STM32L4xx_HAL_Driver/Src/stm32l4xx_hal_smartcard_ex.c ****   else
 179:Drivers/STM32L4xx_HAL_Driver/Src/stm32l4xx_hal_smartcard_ex.c ****   {
 180:Drivers/STM32L4xx_HAL_Driver/Src/stm32l4xx_hal_smartcard_ex.c ****     return HAL_BUSY;
 271              		.loc 1 180 12
 272 004e 0223     		movs	r3, #2
 273              	.L10:
 181:Drivers/STM32L4xx_HAL_Driver/Src/stm32l4xx_hal_smartcard_ex.c ****   }
 182:Drivers/STM32L4xx_HAL_Driver/Src/stm32l4xx_hal_smartcard_ex.c **** }
 274              		.loc 1 182 1
 275 0050 1846     		mov	r0, r3
 276 0052 0C37     		adds	r7, r7, #12
 277              		.cfi_def_cfa_offset 4
 278 0054 BD46     		mov	sp, r7
 279              		.cfi_def_cfa_register 13
 280              		@ sp needed
 281 0056 5DF8047B 		ldr	r7, [sp], #4
 282              		.cfi_restore 7
ARM GAS  /tmp/cci2Dqxh.s 			page 9


 283              		.cfi_def_cfa_offset 0
 284 005a 7047     		bx	lr
 285              		.cfi_endproc
 286              	.LFE448:
 288              		.text
 289              	.Letext0:
 290              		.file 2 "/usr/lib/gcc/arm-none-eabi/13.2.1/include/stdint.h"
 291              		.file 3 "Drivers/CMSIS/Device/ST/STM32L4xx/Include/stm32l475xx.h"
 292              		.file 4 "Drivers/STM32L4xx_HAL_Driver/Inc/stm32l4xx_hal_def.h"
 293              		.file 5 "Drivers/STM32L4xx_HAL_Driver/Inc/stm32l4xx_hal_dma.h"
 294              		.file 6 "Drivers/STM32L4xx_HAL_Driver/Inc/stm32l4xx_hal_smartcard.h"
 295              		.file 7 "Drivers/STM32L4xx_HAL_Driver/Inc/stm32l4xx_ll_dma.h"
ARM GAS  /tmp/cci2Dqxh.s 			page 10


DEFINED SYMBOLS
                            *ABS*:00000000 stm32l4xx_hal_smartcard_ex.c
     /tmp/cci2Dqxh.s:21     .rodata.CHANNEL_OFFSET_TAB:00000000 $d
     /tmp/cci2Dqxh.s:24     .rodata.CHANNEL_OFFSET_TAB:00000000 CHANNEL_OFFSET_TAB
     /tmp/cci2Dqxh.s:27     .text.HAL_SMARTCARDEx_BlockLength_Config:00000000 $t
     /tmp/cci2Dqxh.s:33     .text.HAL_SMARTCARDEx_BlockLength_Config:00000000 HAL_SMARTCARDEx_BlockLength_Config
     /tmp/cci2Dqxh.s:76     .text.HAL_SMARTCARDEx_TimeOut_Config:00000000 $t
     /tmp/cci2Dqxh.s:82     .text.HAL_SMARTCARDEx_TimeOut_Config:00000000 HAL_SMARTCARDEx_TimeOut_Config
     /tmp/cci2Dqxh.s:123    .text.HAL_SMARTCARDEx_EnableReceiverTimeOut:00000000 $t
     /tmp/cci2Dqxh.s:129    .text.HAL_SMARTCARDEx_EnableReceiverTimeOut:00000000 HAL_SMARTCARDEx_EnableReceiverTimeOut
     /tmp/cci2Dqxh.s:206    .text.HAL_SMARTCARDEx_DisableReceiverTimeOut:00000000 $t
     /tmp/cci2Dqxh.s:212    .text.HAL_SMARTCARDEx_DisableReceiverTimeOut:00000000 HAL_SMARTCARDEx_DisableReceiverTimeOut
                           .group:00000000 wm4.0.e7b64c2c371cf922f2c8028878d5c18e
                           .group:00000000 wm4.stm32l4xx_hal_conf.h.23.286c2f63aaa73ed97ffb4d26f7caa6e9
                           .group:00000000 wm4.stm32l4xx.h.38.9f5830373ca31b8a3cd182fdc6c7b69a
                           .group:00000000 wm4.stm32l475xx.h.34.2f1a75aed66751e299f09004aef64973
                           .group:00000000 wm4.stdint.h.29.6d480f4ba0f60596e88234283d42444f
                           .group:00000000 wm4.cmsis_version.h.32.46e8eccfa2cfeaae11d008bb2823a3ed
                           .group:00000000 wm4.core_cm4.h.66.e4ff136c4a17abc46741866f64f8e729
                           .group:00000000 wm4.cmsis_gcc.h.26.78077cef1206e937f7b56043ffca496a
                           .group:00000000 wm4.core_cm4.h.174.fcddd62df80231752fa39eb9b61dadfe
                           .group:00000000 wm4.mpu_armv7.h.32.4049752bb5792d4e15357775e9506cfc
                           .group:00000000 wm4.stm32l475xx.h.423.4d783859c9ac66890c9807dd7bd3a4db
                           .group:00000000 wm4.stm32l4xx.h.196.f5ae8047c57b6175c94f246ef967a286
                           .group:00000000 wm4.stm32_hal_legacy.h.22.08b8350ccf512ba8d98002fb33e7cbe5
                           .group:00000000 wm4.stddef.h.39.0dc9006b34572d4d9cae4c8b422c4971
                           .group:00000000 wm4.stm32l4xx_hal_def.h.58.1058a33f7217e935f2a6b51956d66a69
                           .group:00000000 wm4.stm32l4xx_hal_rcc.h.156.ab8eecc4e10f4827a2aa75d3549a356d
                           .group:00000000 wm4.stm32l4xx_hal_rcc_ex.h.20.4a82a27d561b6d42fa16a54f82e29067
                           .group:00000000 wm4.stm32l4xx_hal_gpio.h.21.2d2b1fd6aa6afa7b6dcc89cf752a9a25
                           .group:00000000 wm4.stm32l4xx_hal_gpio_ex.h.21.7ea705f5185dd3c6b8ea336f2858cd46
                           .group:00000000 wm4.stm32l4xx_ll_dma.h.21.b30e7f48d60d1fc53041ec1e3fd6e54a
                           .group:00000000 wm4.stm32l4xx_hal_dma.h.166.54a7f8d65cee6f051d541dc010387b5a
                           .group:00000000 wm4.stm32l4xx_hal_dfsdm.h.21.6785e38d00075079c7f2e5657def82ae
                           .group:00000000 wm4.stm32l4xx_hal_cortex.h.21.cb491126bd2d6f44e90b66f27acb8434
                           .group:00000000 wm4.stm32l4xx_ll_adc.h.21.0c578f71501c74365c67044efed214d6
                           .group:00000000 wm4.stm32l4xx_hal_adc.h.411.68f60682cdb20556089756a482f23764
                           .group:00000000 wm4.stm32l4xx_hal_adc_ex.h.21.7b82cb80166a21dfa8cb3e2fa8f8e654
                           .group:00000000 wm4.stm32l4xx_hal_can.h.21.5019586d8e7137c0cec16eb1f9d6677b
                           .group:00000000 wm4.stm32l4xx_ll_exti.h.21.d866eff070d6f999af2ce4ea60aa40ac
                           .group:00000000 wm4.stm32l4xx_hal_comp.h.87.7f14cb673a463359c83faa552328844d
                           .group:00000000 wm4.stm32l4xx_hal_crc.h.21.4c36a140cca35e6a8e478e76c6ad98e3
                           .group:00000000 wm4.stm32l4xx_hal_crc_ex.h.21.9cc3dead436542d416ee5572c231a242
                           .group:00000000 wm4.stm32l4xx_hal_dac.h.21.69feba704135531cf3d9b92de27b71d5
                           .group:00000000 wm4.stm32l4xx_hal_dac_ex.h.21.c86699169bead5415cc3e94027b67df4
                           .group:00000000 wm4.stm32l4xx_hal_exti.h.21.242e0410874d91d6d7523948fff74125
                           .group:00000000 wm4.stm32l4xx_hal_firewall.h.21.7ed44f4228fcc2ef96d2177dd8632645
                           .group:00000000 wm4.stm32l4xx_hal_flash.h.20.5e337018ccfa211b4afe888a79aae9f5
                           .group:00000000 wm4.stm32l4xx_hal_flash.h.846.0445f6ea07a3f9aac82891c8687d96fb
                           .group:00000000 wm4.stm32l4xx_ll_usb.h.21.5b5e42fb72a33dd326d7b20064953946
                           .group:00000000 wm4.stm32l4xx_hal_hcd.h.107.73f2fd24f57e8822da5cc86bd5ad3dfd
                           .group:00000000 wm4.stm32l4xx_hal_i2c.h.21.e7fc2065051c77019a818818e4a637d8
                           .group:00000000 wm4.stm32l4xx_hal_i2c_ex.h.21.ad4ad4e558d4fec06df87d163a6927d7
                           .group:00000000 wm4.stm32l4xx_hal_i2c.h.737.fa3908c81294cf0f9894ae336466002c
                           .group:00000000 wm4.stm32l4xx_hal_irda.h.21.136c042f9eef333167a549cc099df0c9
                           .group:00000000 wm4.stm32l4xx_hal_irda_ex.h.21.e0ada4e6d2b2cadfb512dd3c8ac0a637
                           .group:00000000 wm4.stm32l4xx_hal_iwdg.h.21.f94ca75f2fe1ebc7a2a8d0f5b58d8430
ARM GAS  /tmp/cci2Dqxh.s 			page 11


                           .group:00000000 wm4.stm32l4xx_hal_lptim.h.21.78222ea6639fc8c02789d293a048991e
                           .group:00000000 wm4.stm32l4xx_ll_sdmmc.h.21.65a5a8696b6ca7b87cc93d218084d702
                           .group:00000000 wm4.stm32l4xx_hal_mmc.h.69.8f4159f0a88ef1ebc33c58a8f10362b9
                           .group:00000000 wm4.stm32l4xx_ll_fmc.h.21.156a244c55010643ee92c6119049cb68
                           .group:00000000 wm4.stm32l4xx_hal_nand.h.176.9bfeac6e4e757991088bbd0df44e2be9
                           .group:00000000 wm4.stm32l4xx_hal_nor.h.21.d47e91e825f466bbac02fac0a7845a7a
                           .group:00000000 wm4.stm32l4xx_hal_opamp.h.21.9d841e1eaccee939f247b3f973f8af5f
                           .group:00000000 wm4.stm32l4xx_hal_pcd.h.169.addb1fac652268a18a0707cfcb5e2e47
                           .group:00000000 wm4.stm32l4xx_hal_pwr.h.21.7ddab2caa97243c36e496eca17b27618
                           .group:00000000 wm4.stm32l4xx_hal_pwr_ex.h.21.65ad8bbdbcb1950d945c0de10f22dc80
                           .group:00000000 wm4.stm32l4xx_hal_qspi.h.21.0291dad4eaa82101f2f77d76315c9b12
                           .group:00000000 wm4.stm32l4xx_hal_rng.h.21.96593715bdeab0c74ac9dfc538fb2feb
                           .group:00000000 wm4.stm32l4xx_hal_rtc.h.21.9da6b1aeebde99930891f803cb7f9678
                           .group:00000000 wm4.stm32l4xx_hal_rtc_ex.h.21.c692539378320719c7f2a2da1ca64502
                           .group:00000000 wm4.stm32l4xx_hal_rtc.h.999.c8bd9450c783628bd606ecb31bea5cc9
                           .group:00000000 wm4.stm32l4xx_hal_sai.h.21.c1165aaf2bbde65fae28ed4817be5cc5
                           .group:00000000 wm4.stm32l4xx_hal_sd.h.21.b395c90a87e82f7e8d77d4a518036063
                           .group:00000000 wm4.stm32l4xx_hal_smartcard.h.21.423c3ad63e0df35b864303e89e6d253c
                           .group:00000000 wm4.stm32l4xx_hal_smartcard_ex.h.21.801a2ce9252a785aec000b3fc7667a74
                           .group:00000000 wm4.stm32l4xx_hal_smbus.h.21.7480adb16468bfdce819ee591f21299e
                           .group:00000000 wm4.stm32l4xx_hal_smbus_ex.h.21.bdc715f5f6fb6612a871d3c03c3b871f
                           .group:00000000 wm4.stm32l4xx_hal_spi.h.21.3b51f9f7b241962f6b3483c47a43334f
                           .group:00000000 wm4.stm32l4xx_hal_sram.h.21.285210181e158bddc1cdde63dde572fd
                           .group:00000000 wm4.stm32l4xx_hal_swpmi.h.21.787f994f40b117a62aad9a6dd408b8fc
                           .group:00000000 wm4.stm32l4xx_hal_tim.h.21.d190832030e7505384ad081daa7ba8d6
                           .group:00000000 wm4.stm32l4xx_hal_tim_ex.h.21.1d0860218366ee9f64a97fd8af0ddee1
                           .group:00000000 wm4.stm32l4xx_hal_tsc.h.21.e9010049847ea38297d4b95a5ede0d8c
                           .group:00000000 wm4.stm32l4xx_hal_uart.h.21.480c0a64ca01596a921cda9dceb01df4
                           .group:00000000 wm4.stm32l4xx_hal_uart_ex.h.21.d793e64693c93af07c90464aef42bd83
                           .group:00000000 wm4.stm32l4xx_hal_usart.h.21.561c0058e33cb8df6671dcd29d5d25f9
                           .group:00000000 wm4.stm32l4xx_hal_usart_ex.h.21.111da650523691ebc80d64103d7b26e5
                           .group:00000000 wm4.stm32l4xx_hal_wwdg.h.21.073aa79d58120ae4fb8590c46b210051
                           .group:00000000 wm4.stm32l4xx_hal.h.75.d364b3778b3801d2f66bb409c48d396d

NO UNDEFINED SYMBOLS
