ARM GAS  /tmp/ccvvH73S.s 			page 1


   1              		.cpu cortex-m4
   2              		.arch armv7e-m
   3              		.fpu fpv4-sp-d16
   4              		.eabi_attribute 27, 1
   5              		.eabi_attribute 28, 1
   6              		.eabi_attribute 20, 1
   7              		.eabi_attribute 21, 1
   8              		.eabi_attribute 23, 3
   9              		.eabi_attribute 24, 1
  10              		.eabi_attribute 25, 1
  11              		.eabi_attribute 26, 1
  12              		.eabi_attribute 30, 6
  13              		.eabi_attribute 34, 1
  14              		.eabi_attribute 18, 4
  15              		.file	"stm32l4xx_hal_pcd_ex.c"
  16              		.text
  17              	.Ltext0:
  18              		.cfi_sections	.debug_frame
  19              		.file 1 "Drivers/STM32L4xx_HAL_Driver/Src/stm32l4xx_hal_pcd_ex.c"
  20              		.section	.rodata.CHANNEL_OFFSET_TAB,"a"
  21              		.align	2
  24              	CHANNEL_OFFSET_TAB:
  25 0000 081C3044 		.ascii	"\010\0340DXl\200"
  25      586C80
  26              		.section	.text.HAL_PCDEx_SetTxFiFo,"ax",%progbits
  27              		.align	1
  28              		.global	HAL_PCDEx_SetTxFiFo
  29              		.syntax unified
  30              		.thumb
  31              		.thumb_func
  33              	HAL_PCDEx_SetTxFiFo:
  34              	.LFB445:
   1:Drivers/STM32L4xx_HAL_Driver/Src/stm32l4xx_hal_pcd_ex.c **** /**
   2:Drivers/STM32L4xx_HAL_Driver/Src/stm32l4xx_hal_pcd_ex.c ****   ******************************************************************************
   3:Drivers/STM32L4xx_HAL_Driver/Src/stm32l4xx_hal_pcd_ex.c ****   * @file    stm32l4xx_hal_pcd_ex.c
   4:Drivers/STM32L4xx_HAL_Driver/Src/stm32l4xx_hal_pcd_ex.c ****   * @author  MCD Application Team
   5:Drivers/STM32L4xx_HAL_Driver/Src/stm32l4xx_hal_pcd_ex.c ****   * @brief   PCD Extended HAL module driver.
   6:Drivers/STM32L4xx_HAL_Driver/Src/stm32l4xx_hal_pcd_ex.c ****   *          This file provides firmware functions to manage the following
   7:Drivers/STM32L4xx_HAL_Driver/Src/stm32l4xx_hal_pcd_ex.c ****   *          functionalities of the USB Peripheral Controller:
   8:Drivers/STM32L4xx_HAL_Driver/Src/stm32l4xx_hal_pcd_ex.c ****   *           + Extended features functions
   9:Drivers/STM32L4xx_HAL_Driver/Src/stm32l4xx_hal_pcd_ex.c ****   *
  10:Drivers/STM32L4xx_HAL_Driver/Src/stm32l4xx_hal_pcd_ex.c ****   ******************************************************************************
  11:Drivers/STM32L4xx_HAL_Driver/Src/stm32l4xx_hal_pcd_ex.c ****   * @attention
  12:Drivers/STM32L4xx_HAL_Driver/Src/stm32l4xx_hal_pcd_ex.c ****   *
  13:Drivers/STM32L4xx_HAL_Driver/Src/stm32l4xx_hal_pcd_ex.c ****   * Copyright (c) 2017 STMicroelectronics.
  14:Drivers/STM32L4xx_HAL_Driver/Src/stm32l4xx_hal_pcd_ex.c ****   * All rights reserved.
  15:Drivers/STM32L4xx_HAL_Driver/Src/stm32l4xx_hal_pcd_ex.c ****   *
  16:Drivers/STM32L4xx_HAL_Driver/Src/stm32l4xx_hal_pcd_ex.c ****   * This software is licensed under terms that can be found in the LICENSE file
  17:Drivers/STM32L4xx_HAL_Driver/Src/stm32l4xx_hal_pcd_ex.c ****   * in the root directory of this software component.
  18:Drivers/STM32L4xx_HAL_Driver/Src/stm32l4xx_hal_pcd_ex.c ****   * If no LICENSE file comes with this software, it is provided AS-IS.
  19:Drivers/STM32L4xx_HAL_Driver/Src/stm32l4xx_hal_pcd_ex.c ****   *
  20:Drivers/STM32L4xx_HAL_Driver/Src/stm32l4xx_hal_pcd_ex.c ****   ******************************************************************************
  21:Drivers/STM32L4xx_HAL_Driver/Src/stm32l4xx_hal_pcd_ex.c ****   */
  22:Drivers/STM32L4xx_HAL_Driver/Src/stm32l4xx_hal_pcd_ex.c **** 
  23:Drivers/STM32L4xx_HAL_Driver/Src/stm32l4xx_hal_pcd_ex.c **** /* Includes ------------------------------------------------------------------*/
  24:Drivers/STM32L4xx_HAL_Driver/Src/stm32l4xx_hal_pcd_ex.c **** #include "stm32l4xx_hal.h"
  25:Drivers/STM32L4xx_HAL_Driver/Src/stm32l4xx_hal_pcd_ex.c **** 
ARM GAS  /tmp/ccvvH73S.s 			page 2


  26:Drivers/STM32L4xx_HAL_Driver/Src/stm32l4xx_hal_pcd_ex.c **** /** @addtogroup STM32L4xx_HAL_Driver
  27:Drivers/STM32L4xx_HAL_Driver/Src/stm32l4xx_hal_pcd_ex.c ****   * @{
  28:Drivers/STM32L4xx_HAL_Driver/Src/stm32l4xx_hal_pcd_ex.c ****   */
  29:Drivers/STM32L4xx_HAL_Driver/Src/stm32l4xx_hal_pcd_ex.c **** 
  30:Drivers/STM32L4xx_HAL_Driver/Src/stm32l4xx_hal_pcd_ex.c **** /** @defgroup PCDEx PCDEx
  31:Drivers/STM32L4xx_HAL_Driver/Src/stm32l4xx_hal_pcd_ex.c ****   * @brief PCD Extended HAL module driver
  32:Drivers/STM32L4xx_HAL_Driver/Src/stm32l4xx_hal_pcd_ex.c ****   * @{
  33:Drivers/STM32L4xx_HAL_Driver/Src/stm32l4xx_hal_pcd_ex.c ****   */
  34:Drivers/STM32L4xx_HAL_Driver/Src/stm32l4xx_hal_pcd_ex.c **** 
  35:Drivers/STM32L4xx_HAL_Driver/Src/stm32l4xx_hal_pcd_ex.c **** #ifdef HAL_PCD_MODULE_ENABLED
  36:Drivers/STM32L4xx_HAL_Driver/Src/stm32l4xx_hal_pcd_ex.c **** 
  37:Drivers/STM32L4xx_HAL_Driver/Src/stm32l4xx_hal_pcd_ex.c **** #if defined (USB) || defined (USB_OTG_FS)
  38:Drivers/STM32L4xx_HAL_Driver/Src/stm32l4xx_hal_pcd_ex.c **** /* Private types -------------------------------------------------------------*/
  39:Drivers/STM32L4xx_HAL_Driver/Src/stm32l4xx_hal_pcd_ex.c **** /* Private variables ---------------------------------------------------------*/
  40:Drivers/STM32L4xx_HAL_Driver/Src/stm32l4xx_hal_pcd_ex.c **** /* Private constants ---------------------------------------------------------*/
  41:Drivers/STM32L4xx_HAL_Driver/Src/stm32l4xx_hal_pcd_ex.c **** /* Private macros ------------------------------------------------------------*/
  42:Drivers/STM32L4xx_HAL_Driver/Src/stm32l4xx_hal_pcd_ex.c **** /* Private functions ---------------------------------------------------------*/
  43:Drivers/STM32L4xx_HAL_Driver/Src/stm32l4xx_hal_pcd_ex.c **** /* Exported functions --------------------------------------------------------*/
  44:Drivers/STM32L4xx_HAL_Driver/Src/stm32l4xx_hal_pcd_ex.c **** 
  45:Drivers/STM32L4xx_HAL_Driver/Src/stm32l4xx_hal_pcd_ex.c **** /** @defgroup PCDEx_Exported_Functions PCDEx Exported Functions
  46:Drivers/STM32L4xx_HAL_Driver/Src/stm32l4xx_hal_pcd_ex.c ****   * @{
  47:Drivers/STM32L4xx_HAL_Driver/Src/stm32l4xx_hal_pcd_ex.c ****   */
  48:Drivers/STM32L4xx_HAL_Driver/Src/stm32l4xx_hal_pcd_ex.c **** 
  49:Drivers/STM32L4xx_HAL_Driver/Src/stm32l4xx_hal_pcd_ex.c **** /** @defgroup PCDEx_Exported_Functions_Group1 Peripheral Control functions
  50:Drivers/STM32L4xx_HAL_Driver/Src/stm32l4xx_hal_pcd_ex.c ****   * @brief    PCDEx control functions
  51:Drivers/STM32L4xx_HAL_Driver/Src/stm32l4xx_hal_pcd_ex.c ****   *
  52:Drivers/STM32L4xx_HAL_Driver/Src/stm32l4xx_hal_pcd_ex.c **** @verbatim
  53:Drivers/STM32L4xx_HAL_Driver/Src/stm32l4xx_hal_pcd_ex.c ****  ===============================================================================
  54:Drivers/STM32L4xx_HAL_Driver/Src/stm32l4xx_hal_pcd_ex.c ****                  ##### Extended features functions #####
  55:Drivers/STM32L4xx_HAL_Driver/Src/stm32l4xx_hal_pcd_ex.c ****  ===============================================================================
  56:Drivers/STM32L4xx_HAL_Driver/Src/stm32l4xx_hal_pcd_ex.c ****     [..]  This section provides functions allowing to:
  57:Drivers/STM32L4xx_HAL_Driver/Src/stm32l4xx_hal_pcd_ex.c ****       (+) Update FIFO configuration
  58:Drivers/STM32L4xx_HAL_Driver/Src/stm32l4xx_hal_pcd_ex.c **** 
  59:Drivers/STM32L4xx_HAL_Driver/Src/stm32l4xx_hal_pcd_ex.c **** @endverbatim
  60:Drivers/STM32L4xx_HAL_Driver/Src/stm32l4xx_hal_pcd_ex.c ****   * @{
  61:Drivers/STM32L4xx_HAL_Driver/Src/stm32l4xx_hal_pcd_ex.c ****   */
  62:Drivers/STM32L4xx_HAL_Driver/Src/stm32l4xx_hal_pcd_ex.c **** #if defined (USB_OTG_FS)
  63:Drivers/STM32L4xx_HAL_Driver/Src/stm32l4xx_hal_pcd_ex.c **** /**
  64:Drivers/STM32L4xx_HAL_Driver/Src/stm32l4xx_hal_pcd_ex.c ****   * @brief  Set Tx FIFO
  65:Drivers/STM32L4xx_HAL_Driver/Src/stm32l4xx_hal_pcd_ex.c ****   * @param  hpcd PCD handle
  66:Drivers/STM32L4xx_HAL_Driver/Src/stm32l4xx_hal_pcd_ex.c ****   * @param  fifo The number of Tx fifo
  67:Drivers/STM32L4xx_HAL_Driver/Src/stm32l4xx_hal_pcd_ex.c ****   * @param  size Fifo size
  68:Drivers/STM32L4xx_HAL_Driver/Src/stm32l4xx_hal_pcd_ex.c ****   * @retval HAL status
  69:Drivers/STM32L4xx_HAL_Driver/Src/stm32l4xx_hal_pcd_ex.c ****   */
  70:Drivers/STM32L4xx_HAL_Driver/Src/stm32l4xx_hal_pcd_ex.c **** HAL_StatusTypeDef HAL_PCDEx_SetTxFiFo(PCD_HandleTypeDef *hpcd, uint8_t fifo, uint16_t size)
  71:Drivers/STM32L4xx_HAL_Driver/Src/stm32l4xx_hal_pcd_ex.c **** {
  35              		.loc 1 71 1
  36              		.cfi_startproc
  37              		@ args = 0, pretend = 0, frame = 16
  38              		@ frame_needed = 1, uses_anonymous_args = 0
  39              		@ link register save eliminated.
  40 0000 80B4     		push	{r7}
  41              		.cfi_def_cfa_offset 4
  42              		.cfi_offset 7, -4
  43 0002 85B0     		sub	sp, sp, #20
  44              		.cfi_def_cfa_offset 24
  45 0004 00AF     		add	r7, sp, #0
ARM GAS  /tmp/ccvvH73S.s 			page 3


  46              		.cfi_def_cfa_register 7
  47 0006 7860     		str	r0, [r7, #4]
  48 0008 0B46     		mov	r3, r1
  49 000a FB70     		strb	r3, [r7, #3]
  50 000c 1346     		mov	r3, r2	@ movhi
  51 000e 3B80     		strh	r3, [r7]	@ movhi
  72:Drivers/STM32L4xx_HAL_Driver/Src/stm32l4xx_hal_pcd_ex.c ****   uint8_t i;
  73:Drivers/STM32L4xx_HAL_Driver/Src/stm32l4xx_hal_pcd_ex.c ****   uint32_t Tx_Offset;
  74:Drivers/STM32L4xx_HAL_Driver/Src/stm32l4xx_hal_pcd_ex.c **** 
  75:Drivers/STM32L4xx_HAL_Driver/Src/stm32l4xx_hal_pcd_ex.c ****   /*  TXn min size = 16 words. (n  : Transmit FIFO index)
  76:Drivers/STM32L4xx_HAL_Driver/Src/stm32l4xx_hal_pcd_ex.c ****       When a TxFIFO is not used, the Configuration should be as follows:
  77:Drivers/STM32L4xx_HAL_Driver/Src/stm32l4xx_hal_pcd_ex.c ****           case 1 :  n > m    and Txn is not used    (n,m  : Transmit FIFO indexes)
  78:Drivers/STM32L4xx_HAL_Driver/Src/stm32l4xx_hal_pcd_ex.c ****          --> Txm can use the space allocated for Txn.
  79:Drivers/STM32L4xx_HAL_Driver/Src/stm32l4xx_hal_pcd_ex.c ****          case2  :  n < m    and Txn is not used    (n,m  : Transmit FIFO indexes)
  80:Drivers/STM32L4xx_HAL_Driver/Src/stm32l4xx_hal_pcd_ex.c ****          --> Txn should be configured with the minimum space of 16 words
  81:Drivers/STM32L4xx_HAL_Driver/Src/stm32l4xx_hal_pcd_ex.c ****      The FIFO is used optimally when used TxFIFOs are allocated in the top
  82:Drivers/STM32L4xx_HAL_Driver/Src/stm32l4xx_hal_pcd_ex.c ****          of the FIFO.Ex: use EP1 and EP2 as IN instead of EP1 and EP3 as IN ones.
  83:Drivers/STM32L4xx_HAL_Driver/Src/stm32l4xx_hal_pcd_ex.c ****      When DMA is used 3n * FIFO locations should be reserved for internal DMA registers */
  84:Drivers/STM32L4xx_HAL_Driver/Src/stm32l4xx_hal_pcd_ex.c **** 
  85:Drivers/STM32L4xx_HAL_Driver/Src/stm32l4xx_hal_pcd_ex.c ****   Tx_Offset = hpcd->Instance->GRXFSIZ;
  52              		.loc 1 85 19
  53 0010 7B68     		ldr	r3, [r7, #4]
  54 0012 1B68     		ldr	r3, [r3]
  55              		.loc 1 85 13
  56 0014 5B6A     		ldr	r3, [r3, #36]
  57 0016 BB60     		str	r3, [r7, #8]
  86:Drivers/STM32L4xx_HAL_Driver/Src/stm32l4xx_hal_pcd_ex.c **** 
  87:Drivers/STM32L4xx_HAL_Driver/Src/stm32l4xx_hal_pcd_ex.c ****   if (fifo == 0U)
  58              		.loc 1 87 6
  59 0018 FB78     		ldrb	r3, [r7, #3]	@ zero_extendqisi2
  60 001a 002B     		cmp	r3, #0
  61 001c 07D1     		bne	.L2
  88:Drivers/STM32L4xx_HAL_Driver/Src/stm32l4xx_hal_pcd_ex.c ****   {
  89:Drivers/STM32L4xx_HAL_Driver/Src/stm32l4xx_hal_pcd_ex.c ****     hpcd->Instance->DIEPTXF0_HNPTXFSIZ = ((uint32_t)size << 16) | Tx_Offset;
  62              		.loc 1 89 43
  63 001e 3B88     		ldrh	r3, [r7]
  64              		.loc 1 89 58
  65 0020 1904     		lsls	r1, r3, #16
  66              		.loc 1 89 9
  67 0022 7B68     		ldr	r3, [r7, #4]
  68 0024 1B68     		ldr	r3, [r3]
  69              		.loc 1 89 65
  70 0026 BA68     		ldr	r2, [r7, #8]
  71 0028 0A43     		orrs	r2, r2, r1
  72              		.loc 1 89 40
  73 002a 9A62     		str	r2, [r3, #40]
  74 002c 28E0     		b	.L3
  75              	.L2:
  90:Drivers/STM32L4xx_HAL_Driver/Src/stm32l4xx_hal_pcd_ex.c ****   }
  91:Drivers/STM32L4xx_HAL_Driver/Src/stm32l4xx_hal_pcd_ex.c ****   else
  92:Drivers/STM32L4xx_HAL_Driver/Src/stm32l4xx_hal_pcd_ex.c ****   {
  93:Drivers/STM32L4xx_HAL_Driver/Src/stm32l4xx_hal_pcd_ex.c ****     Tx_Offset += (hpcd->Instance->DIEPTXF0_HNPTXFSIZ) >> 16;
  76              		.loc 1 93 23
  77 002e 7B68     		ldr	r3, [r7, #4]
  78 0030 1B68     		ldr	r3, [r3]
  79              		.loc 1 93 33
  80 0032 9B6A     		ldr	r3, [r3, #40]
ARM GAS  /tmp/ccvvH73S.s 			page 4


  81              		.loc 1 93 55
  82 0034 1B0C     		lsrs	r3, r3, #16
  83              		.loc 1 93 15
  84 0036 BA68     		ldr	r2, [r7, #8]
  85 0038 1344     		add	r3, r3, r2
  86 003a BB60     		str	r3, [r7, #8]
  94:Drivers/STM32L4xx_HAL_Driver/Src/stm32l4xx_hal_pcd_ex.c ****     for (i = 0U; i < (fifo - 1U); i++)
  87              		.loc 1 94 12
  88 003c 0023     		movs	r3, #0
  89 003e FB73     		strb	r3, [r7, #15]
  90              		.loc 1 94 5
  91 0040 0DE0     		b	.L4
  92              	.L5:
  95:Drivers/STM32L4xx_HAL_Driver/Src/stm32l4xx_hal_pcd_ex.c ****     {
  96:Drivers/STM32L4xx_HAL_Driver/Src/stm32l4xx_hal_pcd_ex.c ****       Tx_Offset += (hpcd->Instance->DIEPTXF[i] >> 16);
  93              		.loc 1 96 25
  94 0042 7B68     		ldr	r3, [r7, #4]
  95 0044 1A68     		ldr	r2, [r3]
  96              		.loc 1 96 44
  97 0046 FB7B     		ldrb	r3, [r7, #15]	@ zero_extendqisi2
  98 0048 4033     		adds	r3, r3, #64
  99 004a 9B00     		lsls	r3, r3, #2
 100 004c 1344     		add	r3, r3, r2
 101 004e 5B68     		ldr	r3, [r3, #4]
 102              		.loc 1 96 48
 103 0050 1B0C     		lsrs	r3, r3, #16
 104              		.loc 1 96 17
 105 0052 BA68     		ldr	r2, [r7, #8]
 106 0054 1344     		add	r3, r3, r2
 107 0056 BB60     		str	r3, [r7, #8]
  94:Drivers/STM32L4xx_HAL_Driver/Src/stm32l4xx_hal_pcd_ex.c ****     for (i = 0U; i < (fifo - 1U); i++)
 108              		.loc 1 94 36 discriminator 3
 109 0058 FB7B     		ldrb	r3, [r7, #15]	@ zero_extendqisi2
 110 005a 0133     		adds	r3, r3, #1
 111 005c FB73     		strb	r3, [r7, #15]
 112              	.L4:
  94:Drivers/STM32L4xx_HAL_Driver/Src/stm32l4xx_hal_pcd_ex.c ****     for (i = 0U; i < (fifo - 1U); i++)
 113              		.loc 1 94 20 discriminator 1
 114 005e FA7B     		ldrb	r2, [r7, #15]	@ zero_extendqisi2
  94:Drivers/STM32L4xx_HAL_Driver/Src/stm32l4xx_hal_pcd_ex.c ****     for (i = 0U; i < (fifo - 1U); i++)
 115              		.loc 1 94 28 discriminator 1
 116 0060 FB78     		ldrb	r3, [r7, #3]	@ zero_extendqisi2
 117 0062 013B     		subs	r3, r3, #1
  94:Drivers/STM32L4xx_HAL_Driver/Src/stm32l4xx_hal_pcd_ex.c ****     for (i = 0U; i < (fifo - 1U); i++)
 118              		.loc 1 94 20 discriminator 1
 119 0064 9A42     		cmp	r2, r3
 120 0066 ECD3     		bcc	.L5
  97:Drivers/STM32L4xx_HAL_Driver/Src/stm32l4xx_hal_pcd_ex.c ****     }
  98:Drivers/STM32L4xx_HAL_Driver/Src/stm32l4xx_hal_pcd_ex.c **** 
  99:Drivers/STM32L4xx_HAL_Driver/Src/stm32l4xx_hal_pcd_ex.c ****     /* Multiply Tx_Size by 2 to get higher performance */
 100:Drivers/STM32L4xx_HAL_Driver/Src/stm32l4xx_hal_pcd_ex.c ****     hpcd->Instance->DIEPTXF[fifo - 1U] = ((uint32_t)size << 16) | Tx_Offset;
 121              		.loc 1 100 43
 122 0068 3B88     		ldrh	r3, [r7]
 123              		.loc 1 100 58
 124 006a 1804     		lsls	r0, r3, #16
 125              		.loc 1 100 9
 126 006c 7B68     		ldr	r3, [r7, #4]
ARM GAS  /tmp/ccvvH73S.s 			page 5


 127 006e 1968     		ldr	r1, [r3]
 128              		.loc 1 100 34
 129 0070 FB78     		ldrb	r3, [r7, #3]	@ zero_extendqisi2
 130 0072 013B     		subs	r3, r3, #1
 131              		.loc 1 100 65
 132 0074 BA68     		ldr	r2, [r7, #8]
 133 0076 0243     		orrs	r2, r2, r0
 134              		.loc 1 100 40
 135 0078 4033     		adds	r3, r3, #64
 136 007a 9B00     		lsls	r3, r3, #2
 137 007c 0B44     		add	r3, r3, r1
 138 007e 5A60     		str	r2, [r3, #4]
 139              	.L3:
 101:Drivers/STM32L4xx_HAL_Driver/Src/stm32l4xx_hal_pcd_ex.c ****   }
 102:Drivers/STM32L4xx_HAL_Driver/Src/stm32l4xx_hal_pcd_ex.c **** 
 103:Drivers/STM32L4xx_HAL_Driver/Src/stm32l4xx_hal_pcd_ex.c ****   return HAL_OK;
 140              		.loc 1 103 10
 141 0080 0023     		movs	r3, #0
 104:Drivers/STM32L4xx_HAL_Driver/Src/stm32l4xx_hal_pcd_ex.c **** }
 142              		.loc 1 104 1
 143 0082 1846     		mov	r0, r3
 144 0084 1437     		adds	r7, r7, #20
 145              		.cfi_def_cfa_offset 4
 146 0086 BD46     		mov	sp, r7
 147              		.cfi_def_cfa_register 13
 148              		@ sp needed
 149 0088 5DF8047B 		ldr	r7, [sp], #4
 150              		.cfi_restore 7
 151              		.cfi_def_cfa_offset 0
 152 008c 7047     		bx	lr
 153              		.cfi_endproc
 154              	.LFE445:
 156              		.section	.text.HAL_PCDEx_SetRxFiFo,"ax",%progbits
 157              		.align	1
 158              		.global	HAL_PCDEx_SetRxFiFo
 159              		.syntax unified
 160              		.thumb
 161              		.thumb_func
 163              	HAL_PCDEx_SetRxFiFo:
 164              	.LFB446:
 105:Drivers/STM32L4xx_HAL_Driver/Src/stm32l4xx_hal_pcd_ex.c **** 
 106:Drivers/STM32L4xx_HAL_Driver/Src/stm32l4xx_hal_pcd_ex.c **** /**
 107:Drivers/STM32L4xx_HAL_Driver/Src/stm32l4xx_hal_pcd_ex.c ****   * @brief  Set Rx FIFO
 108:Drivers/STM32L4xx_HAL_Driver/Src/stm32l4xx_hal_pcd_ex.c ****   * @param  hpcd PCD handle
 109:Drivers/STM32L4xx_HAL_Driver/Src/stm32l4xx_hal_pcd_ex.c ****   * @param  size Size of Rx fifo
 110:Drivers/STM32L4xx_HAL_Driver/Src/stm32l4xx_hal_pcd_ex.c ****   * @retval HAL status
 111:Drivers/STM32L4xx_HAL_Driver/Src/stm32l4xx_hal_pcd_ex.c ****   */
 112:Drivers/STM32L4xx_HAL_Driver/Src/stm32l4xx_hal_pcd_ex.c **** HAL_StatusTypeDef HAL_PCDEx_SetRxFiFo(PCD_HandleTypeDef *hpcd, uint16_t size)
 113:Drivers/STM32L4xx_HAL_Driver/Src/stm32l4xx_hal_pcd_ex.c **** {
 165              		.loc 1 113 1
 166              		.cfi_startproc
 167              		@ args = 0, pretend = 0, frame = 8
 168              		@ frame_needed = 1, uses_anonymous_args = 0
 169              		@ link register save eliminated.
 170 0000 80B4     		push	{r7}
 171              		.cfi_def_cfa_offset 4
 172              		.cfi_offset 7, -4
ARM GAS  /tmp/ccvvH73S.s 			page 6


 173 0002 83B0     		sub	sp, sp, #12
 174              		.cfi_def_cfa_offset 16
 175 0004 00AF     		add	r7, sp, #0
 176              		.cfi_def_cfa_register 7
 177 0006 7860     		str	r0, [r7, #4]
 178 0008 0B46     		mov	r3, r1
 179 000a 7B80     		strh	r3, [r7, #2]	@ movhi
 114:Drivers/STM32L4xx_HAL_Driver/Src/stm32l4xx_hal_pcd_ex.c ****   hpcd->Instance->GRXFSIZ = size;
 180              		.loc 1 114 7
 181 000c 7B68     		ldr	r3, [r7, #4]
 182 000e 1B68     		ldr	r3, [r3]
 183              		.loc 1 114 27
 184 0010 7A88     		ldrh	r2, [r7, #2]
 185 0012 5A62     		str	r2, [r3, #36]
 115:Drivers/STM32L4xx_HAL_Driver/Src/stm32l4xx_hal_pcd_ex.c **** 
 116:Drivers/STM32L4xx_HAL_Driver/Src/stm32l4xx_hal_pcd_ex.c ****   return HAL_OK;
 186              		.loc 1 116 10
 187 0014 0023     		movs	r3, #0
 117:Drivers/STM32L4xx_HAL_Driver/Src/stm32l4xx_hal_pcd_ex.c **** }
 188              		.loc 1 117 1
 189 0016 1846     		mov	r0, r3
 190 0018 0C37     		adds	r7, r7, #12
 191              		.cfi_def_cfa_offset 4
 192 001a BD46     		mov	sp, r7
 193              		.cfi_def_cfa_register 13
 194              		@ sp needed
 195 001c 5DF8047B 		ldr	r7, [sp], #4
 196              		.cfi_restore 7
 197              		.cfi_def_cfa_offset 0
 198 0020 7047     		bx	lr
 199              		.cfi_endproc
 200              	.LFE446:
 202              		.section	.text.HAL_PCDEx_ActivateLPM,"ax",%progbits
 203              		.align	1
 204              		.global	HAL_PCDEx_ActivateLPM
 205              		.syntax unified
 206              		.thumb
 207              		.thumb_func
 209              	HAL_PCDEx_ActivateLPM:
 210              	.LFB447:
 118:Drivers/STM32L4xx_HAL_Driver/Src/stm32l4xx_hal_pcd_ex.c **** 
 119:Drivers/STM32L4xx_HAL_Driver/Src/stm32l4xx_hal_pcd_ex.c **** /**
 120:Drivers/STM32L4xx_HAL_Driver/Src/stm32l4xx_hal_pcd_ex.c ****   * @brief  Activate LPM feature.
 121:Drivers/STM32L4xx_HAL_Driver/Src/stm32l4xx_hal_pcd_ex.c ****   * @param  hpcd PCD handle
 122:Drivers/STM32L4xx_HAL_Driver/Src/stm32l4xx_hal_pcd_ex.c ****   * @retval HAL status
 123:Drivers/STM32L4xx_HAL_Driver/Src/stm32l4xx_hal_pcd_ex.c ****   */
 124:Drivers/STM32L4xx_HAL_Driver/Src/stm32l4xx_hal_pcd_ex.c **** HAL_StatusTypeDef HAL_PCDEx_ActivateLPM(PCD_HandleTypeDef *hpcd)
 125:Drivers/STM32L4xx_HAL_Driver/Src/stm32l4xx_hal_pcd_ex.c **** {
 211              		.loc 1 125 1
 212              		.cfi_startproc
 213              		@ args = 0, pretend = 0, frame = 16
 214              		@ frame_needed = 1, uses_anonymous_args = 0
 215              		@ link register save eliminated.
 216 0000 80B4     		push	{r7}
 217              		.cfi_def_cfa_offset 4
 218              		.cfi_offset 7, -4
 219 0002 85B0     		sub	sp, sp, #20
ARM GAS  /tmp/ccvvH73S.s 			page 7


 220              		.cfi_def_cfa_offset 24
 221 0004 00AF     		add	r7, sp, #0
 222              		.cfi_def_cfa_register 7
 223 0006 7860     		str	r0, [r7, #4]
 126:Drivers/STM32L4xx_HAL_Driver/Src/stm32l4xx_hal_pcd_ex.c ****   USB_OTG_GlobalTypeDef *USBx = hpcd->Instance;
 224              		.loc 1 126 26
 225 0008 7B68     		ldr	r3, [r7, #4]
 226 000a 1B68     		ldr	r3, [r3]
 227 000c FB60     		str	r3, [r7, #12]
 127:Drivers/STM32L4xx_HAL_Driver/Src/stm32l4xx_hal_pcd_ex.c **** 
 128:Drivers/STM32L4xx_HAL_Driver/Src/stm32l4xx_hal_pcd_ex.c ****   hpcd->lpm_active = 1U;
 228              		.loc 1 128 20
 229 000e 7B68     		ldr	r3, [r7, #4]
 230 0010 0122     		movs	r2, #1
 231 0012 C3F8D824 		str	r2, [r3, #1240]
 129:Drivers/STM32L4xx_HAL_Driver/Src/stm32l4xx_hal_pcd_ex.c ****   hpcd->LPM_State = LPM_L0;
 232              		.loc 1 129 19
 233 0016 7B68     		ldr	r3, [r7, #4]
 234 0018 0022     		movs	r2, #0
 235 001a 83F8CC24 		strb	r2, [r3, #1228]
 130:Drivers/STM32L4xx_HAL_Driver/Src/stm32l4xx_hal_pcd_ex.c ****   USBx->GINTMSK |= USB_OTG_GINTMSK_LPMINTM;
 236              		.loc 1 130 7
 237 001e FB68     		ldr	r3, [r7, #12]
 238 0020 9B69     		ldr	r3, [r3, #24]
 239              		.loc 1 130 17
 240 0022 43F00062 		orr	r2, r3, #134217728
 241 0026 FB68     		ldr	r3, [r7, #12]
 242 0028 9A61     		str	r2, [r3, #24]
 131:Drivers/STM32L4xx_HAL_Driver/Src/stm32l4xx_hal_pcd_ex.c ****   USBx->GLPMCFG |= (USB_OTG_GLPMCFG_LPMEN | USB_OTG_GLPMCFG_LPMACK | USB_OTG_GLPMCFG_ENBESL);
 243              		.loc 1 131 7
 244 002a FB68     		ldr	r3, [r7, #12]
 245 002c 5B6D     		ldr	r3, [r3, #84]
 246              		.loc 1 131 17
 247 002e 43F08053 		orr	r3, r3, #268435456
 248 0032 43F00303 		orr	r3, r3, #3
 249 0036 FA68     		ldr	r2, [r7, #12]
 250 0038 5365     		str	r3, [r2, #84]
 132:Drivers/STM32L4xx_HAL_Driver/Src/stm32l4xx_hal_pcd_ex.c **** 
 133:Drivers/STM32L4xx_HAL_Driver/Src/stm32l4xx_hal_pcd_ex.c ****   return HAL_OK;
 251              		.loc 1 133 10
 252 003a 0023     		movs	r3, #0
 134:Drivers/STM32L4xx_HAL_Driver/Src/stm32l4xx_hal_pcd_ex.c **** }
 253              		.loc 1 134 1
 254 003c 1846     		mov	r0, r3
 255 003e 1437     		adds	r7, r7, #20
 256              		.cfi_def_cfa_offset 4
 257 0040 BD46     		mov	sp, r7
 258              		.cfi_def_cfa_register 13
 259              		@ sp needed
 260 0042 5DF8047B 		ldr	r7, [sp], #4
 261              		.cfi_restore 7
 262              		.cfi_def_cfa_offset 0
 263 0046 7047     		bx	lr
 264              		.cfi_endproc
 265              	.LFE447:
 267              		.section	.text.HAL_PCDEx_DeActivateLPM,"ax",%progbits
 268              		.align	1
ARM GAS  /tmp/ccvvH73S.s 			page 8


 269              		.global	HAL_PCDEx_DeActivateLPM
 270              		.syntax unified
 271              		.thumb
 272              		.thumb_func
 274              	HAL_PCDEx_DeActivateLPM:
 275              	.LFB448:
 135:Drivers/STM32L4xx_HAL_Driver/Src/stm32l4xx_hal_pcd_ex.c **** 
 136:Drivers/STM32L4xx_HAL_Driver/Src/stm32l4xx_hal_pcd_ex.c **** /**
 137:Drivers/STM32L4xx_HAL_Driver/Src/stm32l4xx_hal_pcd_ex.c ****   * @brief  Deactivate LPM feature.
 138:Drivers/STM32L4xx_HAL_Driver/Src/stm32l4xx_hal_pcd_ex.c ****   * @param  hpcd PCD handle
 139:Drivers/STM32L4xx_HAL_Driver/Src/stm32l4xx_hal_pcd_ex.c ****   * @retval HAL status
 140:Drivers/STM32L4xx_HAL_Driver/Src/stm32l4xx_hal_pcd_ex.c ****   */
 141:Drivers/STM32L4xx_HAL_Driver/Src/stm32l4xx_hal_pcd_ex.c **** HAL_StatusTypeDef HAL_PCDEx_DeActivateLPM(PCD_HandleTypeDef *hpcd)
 142:Drivers/STM32L4xx_HAL_Driver/Src/stm32l4xx_hal_pcd_ex.c **** {
 276              		.loc 1 142 1
 277              		.cfi_startproc
 278              		@ args = 0, pretend = 0, frame = 16
 279              		@ frame_needed = 1, uses_anonymous_args = 0
 280              		@ link register save eliminated.
 281 0000 80B4     		push	{r7}
 282              		.cfi_def_cfa_offset 4
 283              		.cfi_offset 7, -4
 284 0002 85B0     		sub	sp, sp, #20
 285              		.cfi_def_cfa_offset 24
 286 0004 00AF     		add	r7, sp, #0
 287              		.cfi_def_cfa_register 7
 288 0006 7860     		str	r0, [r7, #4]
 143:Drivers/STM32L4xx_HAL_Driver/Src/stm32l4xx_hal_pcd_ex.c ****   USB_OTG_GlobalTypeDef *USBx = hpcd->Instance;
 289              		.loc 1 143 26
 290 0008 7B68     		ldr	r3, [r7, #4]
 291 000a 1B68     		ldr	r3, [r3]
 292 000c FB60     		str	r3, [r7, #12]
 144:Drivers/STM32L4xx_HAL_Driver/Src/stm32l4xx_hal_pcd_ex.c **** 
 145:Drivers/STM32L4xx_HAL_Driver/Src/stm32l4xx_hal_pcd_ex.c ****   hpcd->lpm_active = 0U;
 293              		.loc 1 145 20
 294 000e 7B68     		ldr	r3, [r7, #4]
 295 0010 0022     		movs	r2, #0
 296 0012 C3F8D824 		str	r2, [r3, #1240]
 146:Drivers/STM32L4xx_HAL_Driver/Src/stm32l4xx_hal_pcd_ex.c ****   USBx->GINTMSK &= ~USB_OTG_GINTMSK_LPMINTM;
 297              		.loc 1 146 7
 298 0016 FB68     		ldr	r3, [r7, #12]
 299 0018 9B69     		ldr	r3, [r3, #24]
 300              		.loc 1 146 17
 301 001a 23F00062 		bic	r2, r3, #134217728
 302 001e FB68     		ldr	r3, [r7, #12]
 303 0020 9A61     		str	r2, [r3, #24]
 147:Drivers/STM32L4xx_HAL_Driver/Src/stm32l4xx_hal_pcd_ex.c ****   USBx->GLPMCFG &= ~(USB_OTG_GLPMCFG_LPMEN | USB_OTG_GLPMCFG_LPMACK | USB_OTG_GLPMCFG_ENBESL);
 304              		.loc 1 147 7
 305 0022 FB68     		ldr	r3, [r7, #12]
 306 0024 5B6D     		ldr	r3, [r3, #84]
 307              		.loc 1 147 17
 308 0026 23F08053 		bic	r3, r3, #268435456
 309 002a 23F00303 		bic	r3, r3, #3
 310 002e FA68     		ldr	r2, [r7, #12]
 311 0030 5365     		str	r3, [r2, #84]
 148:Drivers/STM32L4xx_HAL_Driver/Src/stm32l4xx_hal_pcd_ex.c **** 
 149:Drivers/STM32L4xx_HAL_Driver/Src/stm32l4xx_hal_pcd_ex.c ****   return HAL_OK;
ARM GAS  /tmp/ccvvH73S.s 			page 9


 312              		.loc 1 149 10
 313 0032 0023     		movs	r3, #0
 150:Drivers/STM32L4xx_HAL_Driver/Src/stm32l4xx_hal_pcd_ex.c **** }
 314              		.loc 1 150 1
 315 0034 1846     		mov	r0, r3
 316 0036 1437     		adds	r7, r7, #20
 317              		.cfi_def_cfa_offset 4
 318 0038 BD46     		mov	sp, r7
 319              		.cfi_def_cfa_register 13
 320              		@ sp needed
 321 003a 5DF8047B 		ldr	r7, [sp], #4
 322              		.cfi_restore 7
 323              		.cfi_def_cfa_offset 0
 324 003e 7047     		bx	lr
 325              		.cfi_endproc
 326              	.LFE448:
 328              		.section	.text.HAL_PCDEx_BCD_VBUSDetect,"ax",%progbits
 329              		.align	1
 330              		.global	HAL_PCDEx_BCD_VBUSDetect
 331              		.syntax unified
 332              		.thumb
 333              		.thumb_func
 335              	HAL_PCDEx_BCD_VBUSDetect:
 336              	.LFB449:
 151:Drivers/STM32L4xx_HAL_Driver/Src/stm32l4xx_hal_pcd_ex.c **** 
 152:Drivers/STM32L4xx_HAL_Driver/Src/stm32l4xx_hal_pcd_ex.c **** 
 153:Drivers/STM32L4xx_HAL_Driver/Src/stm32l4xx_hal_pcd_ex.c **** /**
 154:Drivers/STM32L4xx_HAL_Driver/Src/stm32l4xx_hal_pcd_ex.c ****   * @brief  Handle BatteryCharging Process.
 155:Drivers/STM32L4xx_HAL_Driver/Src/stm32l4xx_hal_pcd_ex.c ****   * @param  hpcd PCD handle
 156:Drivers/STM32L4xx_HAL_Driver/Src/stm32l4xx_hal_pcd_ex.c ****   * @retval HAL status
 157:Drivers/STM32L4xx_HAL_Driver/Src/stm32l4xx_hal_pcd_ex.c ****   */
 158:Drivers/STM32L4xx_HAL_Driver/Src/stm32l4xx_hal_pcd_ex.c **** void HAL_PCDEx_BCD_VBUSDetect(PCD_HandleTypeDef *hpcd)
 159:Drivers/STM32L4xx_HAL_Driver/Src/stm32l4xx_hal_pcd_ex.c **** {
 337              		.loc 1 159 1
 338              		.cfi_startproc
 339              		@ args = 0, pretend = 0, frame = 16
 340              		@ frame_needed = 1, uses_anonymous_args = 0
 341 0000 80B5     		push	{r7, lr}
 342              		.cfi_def_cfa_offset 8
 343              		.cfi_offset 7, -8
 344              		.cfi_offset 14, -4
 345 0002 84B0     		sub	sp, sp, #16
 346              		.cfi_def_cfa_offset 24
 347 0004 00AF     		add	r7, sp, #0
 348              		.cfi_def_cfa_register 7
 349 0006 7860     		str	r0, [r7, #4]
 160:Drivers/STM32L4xx_HAL_Driver/Src/stm32l4xx_hal_pcd_ex.c ****   USB_OTG_GlobalTypeDef *USBx = hpcd->Instance;
 350              		.loc 1 160 26
 351 0008 7B68     		ldr	r3, [r7, #4]
 352 000a 1B68     		ldr	r3, [r3]
 353 000c FB60     		str	r3, [r7, #12]
 161:Drivers/STM32L4xx_HAL_Driver/Src/stm32l4xx_hal_pcd_ex.c ****   uint32_t tickstart = HAL_GetTick();
 354              		.loc 1 161 24
 355 000e FFF7FEFF 		bl	HAL_GetTick
 356 0012 B860     		str	r0, [r7, #8]
 162:Drivers/STM32L4xx_HAL_Driver/Src/stm32l4xx_hal_pcd_ex.c **** 
 163:Drivers/STM32L4xx_HAL_Driver/Src/stm32l4xx_hal_pcd_ex.c ****   /* Enable DCD : Data Contact Detect */
ARM GAS  /tmp/ccvvH73S.s 			page 10


 164:Drivers/STM32L4xx_HAL_Driver/Src/stm32l4xx_hal_pcd_ex.c ****   USBx->GCCFG |= USB_OTG_GCCFG_DCDEN;
 357              		.loc 1 164 7
 358 0014 FB68     		ldr	r3, [r7, #12]
 359 0016 9B6B     		ldr	r3, [r3, #56]
 360              		.loc 1 164 15
 361 0018 43F48022 		orr	r2, r3, #262144
 362 001c FB68     		ldr	r3, [r7, #12]
 363 001e 9A63     		str	r2, [r3, #56]
 165:Drivers/STM32L4xx_HAL_Driver/Src/stm32l4xx_hal_pcd_ex.c **** 
 166:Drivers/STM32L4xx_HAL_Driver/Src/stm32l4xx_hal_pcd_ex.c ****   /* Wait for Min DCD Timeout */
 167:Drivers/STM32L4xx_HAL_Driver/Src/stm32l4xx_hal_pcd_ex.c ****   HAL_Delay(300U);
 364              		.loc 1 167 3
 365 0020 4FF49670 		mov	r0, #300
 366 0024 FFF7FEFF 		bl	HAL_Delay
 168:Drivers/STM32L4xx_HAL_Driver/Src/stm32l4xx_hal_pcd_ex.c **** 
 169:Drivers/STM32L4xx_HAL_Driver/Src/stm32l4xx_hal_pcd_ex.c ****   /* Check Detect flag */
 170:Drivers/STM32L4xx_HAL_Driver/Src/stm32l4xx_hal_pcd_ex.c ****   if ((USBx->GCCFG & USB_OTG_GCCFG_DCDET) == USB_OTG_GCCFG_DCDET)
 367              		.loc 1 170 12
 368 0028 FB68     		ldr	r3, [r7, #12]
 369 002a 9B6B     		ldr	r3, [r3, #56]
 370              		.loc 1 170 20
 371 002c 03F00103 		and	r3, r3, #1
 372              		.loc 1 170 6
 373 0030 012B     		cmp	r3, #1
 374 0032 03D1     		bne	.L14
 171:Drivers/STM32L4xx_HAL_Driver/Src/stm32l4xx_hal_pcd_ex.c ****   {
 172:Drivers/STM32L4xx_HAL_Driver/Src/stm32l4xx_hal_pcd_ex.c **** #if (USE_HAL_PCD_REGISTER_CALLBACKS == 1U)
 173:Drivers/STM32L4xx_HAL_Driver/Src/stm32l4xx_hal_pcd_ex.c ****     hpcd->BCDCallback(hpcd, PCD_BCD_CONTACT_DETECTION);
 174:Drivers/STM32L4xx_HAL_Driver/Src/stm32l4xx_hal_pcd_ex.c **** #else
 175:Drivers/STM32L4xx_HAL_Driver/Src/stm32l4xx_hal_pcd_ex.c ****     HAL_PCDEx_BCD_Callback(hpcd, PCD_BCD_CONTACT_DETECTION);
 375              		.loc 1 175 5
 376 0034 FE21     		movs	r1, #254
 377 0036 7868     		ldr	r0, [r7, #4]
 378 0038 FFF7FEFF 		bl	HAL_PCDEx_BCD_Callback
 379              	.L14:
 176:Drivers/STM32L4xx_HAL_Driver/Src/stm32l4xx_hal_pcd_ex.c **** #endif /* USE_HAL_PCD_REGISTER_CALLBACKS */
 177:Drivers/STM32L4xx_HAL_Driver/Src/stm32l4xx_hal_pcd_ex.c ****   }
 178:Drivers/STM32L4xx_HAL_Driver/Src/stm32l4xx_hal_pcd_ex.c **** 
 179:Drivers/STM32L4xx_HAL_Driver/Src/stm32l4xx_hal_pcd_ex.c ****   /* Primary detection: checks if connected to Standard Downstream Port
 180:Drivers/STM32L4xx_HAL_Driver/Src/stm32l4xx_hal_pcd_ex.c ****   (without charging capability) */
 181:Drivers/STM32L4xx_HAL_Driver/Src/stm32l4xx_hal_pcd_ex.c ****   USBx->GCCFG &= ~USB_OTG_GCCFG_DCDEN;
 380              		.loc 1 181 7
 381 003c FB68     		ldr	r3, [r7, #12]
 382 003e 9B6B     		ldr	r3, [r3, #56]
 383              		.loc 1 181 15
 384 0040 23F48022 		bic	r2, r3, #262144
 385 0044 FB68     		ldr	r3, [r7, #12]
 386 0046 9A63     		str	r2, [r3, #56]
 182:Drivers/STM32L4xx_HAL_Driver/Src/stm32l4xx_hal_pcd_ex.c ****   HAL_Delay(50U);
 387              		.loc 1 182 3
 388 0048 3220     		movs	r0, #50
 389 004a FFF7FEFF 		bl	HAL_Delay
 183:Drivers/STM32L4xx_HAL_Driver/Src/stm32l4xx_hal_pcd_ex.c ****   USBx->GCCFG |= USB_OTG_GCCFG_PDEN;
 390              		.loc 1 183 7
 391 004e FB68     		ldr	r3, [r7, #12]
 392 0050 9B6B     		ldr	r3, [r3, #56]
 393              		.loc 1 183 15
ARM GAS  /tmp/ccvvH73S.s 			page 11


 394 0052 43F40022 		orr	r2, r3, #524288
 395 0056 FB68     		ldr	r3, [r7, #12]
 396 0058 9A63     		str	r2, [r3, #56]
 184:Drivers/STM32L4xx_HAL_Driver/Src/stm32l4xx_hal_pcd_ex.c ****   HAL_Delay(50U);
 397              		.loc 1 184 3
 398 005a 3220     		movs	r0, #50
 399 005c FFF7FEFF 		bl	HAL_Delay
 185:Drivers/STM32L4xx_HAL_Driver/Src/stm32l4xx_hal_pcd_ex.c **** 
 186:Drivers/STM32L4xx_HAL_Driver/Src/stm32l4xx_hal_pcd_ex.c ****   if ((USBx->GCCFG & USB_OTG_GCCFG_PDET) == 0U)
 400              		.loc 1 186 12
 401 0060 FB68     		ldr	r3, [r7, #12]
 402 0062 9B6B     		ldr	r3, [r3, #56]
 403              		.loc 1 186 20
 404 0064 03F00203 		and	r3, r3, #2
 405              		.loc 1 186 6
 406 0068 002B     		cmp	r3, #0
 407 006a 04D1     		bne	.L15
 187:Drivers/STM32L4xx_HAL_Driver/Src/stm32l4xx_hal_pcd_ex.c ****   {
 188:Drivers/STM32L4xx_HAL_Driver/Src/stm32l4xx_hal_pcd_ex.c ****     /* Case of Standard Downstream Port */
 189:Drivers/STM32L4xx_HAL_Driver/Src/stm32l4xx_hal_pcd_ex.c **** #if (USE_HAL_PCD_REGISTER_CALLBACKS == 1U)
 190:Drivers/STM32L4xx_HAL_Driver/Src/stm32l4xx_hal_pcd_ex.c ****     hpcd->BCDCallback(hpcd, PCD_BCD_STD_DOWNSTREAM_PORT);
 191:Drivers/STM32L4xx_HAL_Driver/Src/stm32l4xx_hal_pcd_ex.c **** #else
 192:Drivers/STM32L4xx_HAL_Driver/Src/stm32l4xx_hal_pcd_ex.c ****     HAL_PCDEx_BCD_Callback(hpcd, PCD_BCD_STD_DOWNSTREAM_PORT);
 408              		.loc 1 192 5
 409 006c FD21     		movs	r1, #253
 410 006e 7868     		ldr	r0, [r7, #4]
 411 0070 FFF7FEFF 		bl	HAL_PCDEx_BCD_Callback
 412 0074 20E0     		b	.L16
 413              	.L15:
 193:Drivers/STM32L4xx_HAL_Driver/Src/stm32l4xx_hal_pcd_ex.c **** #endif /* USE_HAL_PCD_REGISTER_CALLBACKS */
 194:Drivers/STM32L4xx_HAL_Driver/Src/stm32l4xx_hal_pcd_ex.c ****   }
 195:Drivers/STM32L4xx_HAL_Driver/Src/stm32l4xx_hal_pcd_ex.c ****   else
 196:Drivers/STM32L4xx_HAL_Driver/Src/stm32l4xx_hal_pcd_ex.c ****   {
 197:Drivers/STM32L4xx_HAL_Driver/Src/stm32l4xx_hal_pcd_ex.c ****     /* start secondary detection to check connection to Charging Downstream
 198:Drivers/STM32L4xx_HAL_Driver/Src/stm32l4xx_hal_pcd_ex.c ****     Port or Dedicated Charging Port */
 199:Drivers/STM32L4xx_HAL_Driver/Src/stm32l4xx_hal_pcd_ex.c ****     USBx->GCCFG &= ~(USB_OTG_GCCFG_PDEN);
 414              		.loc 1 199 9
 415 0076 FB68     		ldr	r3, [r7, #12]
 416 0078 9B6B     		ldr	r3, [r3, #56]
 417              		.loc 1 199 17
 418 007a 23F40022 		bic	r2, r3, #524288
 419 007e FB68     		ldr	r3, [r7, #12]
 420 0080 9A63     		str	r2, [r3, #56]
 200:Drivers/STM32L4xx_HAL_Driver/Src/stm32l4xx_hal_pcd_ex.c ****     HAL_Delay(50U);
 421              		.loc 1 200 5
 422 0082 3220     		movs	r0, #50
 423 0084 FFF7FEFF 		bl	HAL_Delay
 201:Drivers/STM32L4xx_HAL_Driver/Src/stm32l4xx_hal_pcd_ex.c ****     USBx->GCCFG |= USB_OTG_GCCFG_SDEN;
 424              		.loc 1 201 9
 425 0088 FB68     		ldr	r3, [r7, #12]
 426 008a 9B6B     		ldr	r3, [r3, #56]
 427              		.loc 1 201 17
 428 008c 43F48012 		orr	r2, r3, #1048576
 429 0090 FB68     		ldr	r3, [r7, #12]
 430 0092 9A63     		str	r2, [r3, #56]
 202:Drivers/STM32L4xx_HAL_Driver/Src/stm32l4xx_hal_pcd_ex.c ****     HAL_Delay(50U);
 431              		.loc 1 202 5
ARM GAS  /tmp/ccvvH73S.s 			page 12


 432 0094 3220     		movs	r0, #50
 433 0096 FFF7FEFF 		bl	HAL_Delay
 203:Drivers/STM32L4xx_HAL_Driver/Src/stm32l4xx_hal_pcd_ex.c **** 
 204:Drivers/STM32L4xx_HAL_Driver/Src/stm32l4xx_hal_pcd_ex.c ****     if ((USBx->GCCFG & USB_OTG_GCCFG_SDET) == USB_OTG_GCCFG_SDET)
 434              		.loc 1 204 14
 435 009a FB68     		ldr	r3, [r7, #12]
 436 009c 9B6B     		ldr	r3, [r3, #56]
 437              		.loc 1 204 22
 438 009e 03F00403 		and	r3, r3, #4
 439              		.loc 1 204 8
 440 00a2 042B     		cmp	r3, #4
 441 00a4 04D1     		bne	.L17
 205:Drivers/STM32L4xx_HAL_Driver/Src/stm32l4xx_hal_pcd_ex.c ****     {
 206:Drivers/STM32L4xx_HAL_Driver/Src/stm32l4xx_hal_pcd_ex.c ****       /* case Dedicated Charging Port  */
 207:Drivers/STM32L4xx_HAL_Driver/Src/stm32l4xx_hal_pcd_ex.c **** #if (USE_HAL_PCD_REGISTER_CALLBACKS == 1U)
 208:Drivers/STM32L4xx_HAL_Driver/Src/stm32l4xx_hal_pcd_ex.c ****       hpcd->BCDCallback(hpcd, PCD_BCD_DEDICATED_CHARGING_PORT);
 209:Drivers/STM32L4xx_HAL_Driver/Src/stm32l4xx_hal_pcd_ex.c **** #else
 210:Drivers/STM32L4xx_HAL_Driver/Src/stm32l4xx_hal_pcd_ex.c ****       HAL_PCDEx_BCD_Callback(hpcd, PCD_BCD_DEDICATED_CHARGING_PORT);
 442              		.loc 1 210 7
 443 00a6 FB21     		movs	r1, #251
 444 00a8 7868     		ldr	r0, [r7, #4]
 445 00aa FFF7FEFF 		bl	HAL_PCDEx_BCD_Callback
 446 00ae 03E0     		b	.L16
 447              	.L17:
 211:Drivers/STM32L4xx_HAL_Driver/Src/stm32l4xx_hal_pcd_ex.c **** #endif /* USE_HAL_PCD_REGISTER_CALLBACKS */
 212:Drivers/STM32L4xx_HAL_Driver/Src/stm32l4xx_hal_pcd_ex.c ****     }
 213:Drivers/STM32L4xx_HAL_Driver/Src/stm32l4xx_hal_pcd_ex.c ****     else
 214:Drivers/STM32L4xx_HAL_Driver/Src/stm32l4xx_hal_pcd_ex.c ****     {
 215:Drivers/STM32L4xx_HAL_Driver/Src/stm32l4xx_hal_pcd_ex.c ****       /* case Charging Downstream Port */
 216:Drivers/STM32L4xx_HAL_Driver/Src/stm32l4xx_hal_pcd_ex.c **** #if (USE_HAL_PCD_REGISTER_CALLBACKS == 1U)
 217:Drivers/STM32L4xx_HAL_Driver/Src/stm32l4xx_hal_pcd_ex.c ****       hpcd->BCDCallback(hpcd, PCD_BCD_CHARGING_DOWNSTREAM_PORT);
 218:Drivers/STM32L4xx_HAL_Driver/Src/stm32l4xx_hal_pcd_ex.c **** #else
 219:Drivers/STM32L4xx_HAL_Driver/Src/stm32l4xx_hal_pcd_ex.c ****       HAL_PCDEx_BCD_Callback(hpcd, PCD_BCD_CHARGING_DOWNSTREAM_PORT);
 448              		.loc 1 219 7
 449 00b0 FC21     		movs	r1, #252
 450 00b2 7868     		ldr	r0, [r7, #4]
 451 00b4 FFF7FEFF 		bl	HAL_PCDEx_BCD_Callback
 452              	.L16:
 220:Drivers/STM32L4xx_HAL_Driver/Src/stm32l4xx_hal_pcd_ex.c **** #endif /* USE_HAL_PCD_REGISTER_CALLBACKS */
 221:Drivers/STM32L4xx_HAL_Driver/Src/stm32l4xx_hal_pcd_ex.c ****     }
 222:Drivers/STM32L4xx_HAL_Driver/Src/stm32l4xx_hal_pcd_ex.c ****   }
 223:Drivers/STM32L4xx_HAL_Driver/Src/stm32l4xx_hal_pcd_ex.c **** 
 224:Drivers/STM32L4xx_HAL_Driver/Src/stm32l4xx_hal_pcd_ex.c ****   /* Battery Charging capability discovery finished */
 225:Drivers/STM32L4xx_HAL_Driver/Src/stm32l4xx_hal_pcd_ex.c ****   (void)HAL_PCDEx_DeActivateBCD(hpcd);
 453              		.loc 1 225 9
 454 00b8 7868     		ldr	r0, [r7, #4]
 455 00ba FFF7FEFF 		bl	HAL_PCDEx_DeActivateBCD
 226:Drivers/STM32L4xx_HAL_Driver/Src/stm32l4xx_hal_pcd_ex.c **** 
 227:Drivers/STM32L4xx_HAL_Driver/Src/stm32l4xx_hal_pcd_ex.c ****   /* Check for the Timeout, else start USB Device */
 228:Drivers/STM32L4xx_HAL_Driver/Src/stm32l4xx_hal_pcd_ex.c ****   if ((HAL_GetTick() - tickstart) > 1000U)
 456              		.loc 1 228 8
 457 00be FFF7FEFF 		bl	HAL_GetTick
 458 00c2 0246     		mov	r2, r0
 459              		.loc 1 228 22 discriminator 1
 460 00c4 BB68     		ldr	r3, [r7, #8]
 461 00c6 D31A     		subs	r3, r2, r3
 462              		.loc 1 228 6 discriminator 1
ARM GAS  /tmp/ccvvH73S.s 			page 13


 463 00c8 B3F57A7F 		cmp	r3, #1000
 464 00cc 04D9     		bls	.L18
 229:Drivers/STM32L4xx_HAL_Driver/Src/stm32l4xx_hal_pcd_ex.c ****   {
 230:Drivers/STM32L4xx_HAL_Driver/Src/stm32l4xx_hal_pcd_ex.c **** #if (USE_HAL_PCD_REGISTER_CALLBACKS == 1U)
 231:Drivers/STM32L4xx_HAL_Driver/Src/stm32l4xx_hal_pcd_ex.c ****     hpcd->BCDCallback(hpcd, PCD_BCD_ERROR);
 232:Drivers/STM32L4xx_HAL_Driver/Src/stm32l4xx_hal_pcd_ex.c **** #else
 233:Drivers/STM32L4xx_HAL_Driver/Src/stm32l4xx_hal_pcd_ex.c ****     HAL_PCDEx_BCD_Callback(hpcd, PCD_BCD_ERROR);
 465              		.loc 1 233 5
 466 00ce FF21     		movs	r1, #255
 467 00d0 7868     		ldr	r0, [r7, #4]
 468 00d2 FFF7FEFF 		bl	HAL_PCDEx_BCD_Callback
 234:Drivers/STM32L4xx_HAL_Driver/Src/stm32l4xx_hal_pcd_ex.c **** #endif /* USE_HAL_PCD_REGISTER_CALLBACKS */
 235:Drivers/STM32L4xx_HAL_Driver/Src/stm32l4xx_hal_pcd_ex.c ****   }
 236:Drivers/STM32L4xx_HAL_Driver/Src/stm32l4xx_hal_pcd_ex.c ****   else
 237:Drivers/STM32L4xx_HAL_Driver/Src/stm32l4xx_hal_pcd_ex.c ****   {
 238:Drivers/STM32L4xx_HAL_Driver/Src/stm32l4xx_hal_pcd_ex.c **** #if (USE_HAL_PCD_REGISTER_CALLBACKS == 1U)
 239:Drivers/STM32L4xx_HAL_Driver/Src/stm32l4xx_hal_pcd_ex.c ****     hpcd->BCDCallback(hpcd, PCD_BCD_DISCOVERY_COMPLETED);
 240:Drivers/STM32L4xx_HAL_Driver/Src/stm32l4xx_hal_pcd_ex.c **** #else
 241:Drivers/STM32L4xx_HAL_Driver/Src/stm32l4xx_hal_pcd_ex.c ****     HAL_PCDEx_BCD_Callback(hpcd, PCD_BCD_DISCOVERY_COMPLETED);
 242:Drivers/STM32L4xx_HAL_Driver/Src/stm32l4xx_hal_pcd_ex.c **** #endif /* USE_HAL_PCD_REGISTER_CALLBACKS */
 243:Drivers/STM32L4xx_HAL_Driver/Src/stm32l4xx_hal_pcd_ex.c ****   }
 244:Drivers/STM32L4xx_HAL_Driver/Src/stm32l4xx_hal_pcd_ex.c **** }
 469              		.loc 1 244 1
 470 00d6 03E0     		b	.L20
 471              	.L18:
 241:Drivers/STM32L4xx_HAL_Driver/Src/stm32l4xx_hal_pcd_ex.c **** #endif /* USE_HAL_PCD_REGISTER_CALLBACKS */
 472              		.loc 1 241 5
 473 00d8 0021     		movs	r1, #0
 474 00da 7868     		ldr	r0, [r7, #4]
 475 00dc FFF7FEFF 		bl	HAL_PCDEx_BCD_Callback
 476              	.L20:
 477              		.loc 1 244 1
 478 00e0 00BF     		nop
 479 00e2 1037     		adds	r7, r7, #16
 480              		.cfi_def_cfa_offset 8
 481 00e4 BD46     		mov	sp, r7
 482              		.cfi_def_cfa_register 13
 483              		@ sp needed
 484 00e6 80BD     		pop	{r7, pc}
 485              		.cfi_endproc
 486              	.LFE449:
 488              		.section	.text.HAL_PCDEx_ActivateBCD,"ax",%progbits
 489              		.align	1
 490              		.global	HAL_PCDEx_ActivateBCD
 491              		.syntax unified
 492              		.thumb
 493              		.thumb_func
 495              	HAL_PCDEx_ActivateBCD:
 496              	.LFB450:
 245:Drivers/STM32L4xx_HAL_Driver/Src/stm32l4xx_hal_pcd_ex.c **** 
 246:Drivers/STM32L4xx_HAL_Driver/Src/stm32l4xx_hal_pcd_ex.c **** /**
 247:Drivers/STM32L4xx_HAL_Driver/Src/stm32l4xx_hal_pcd_ex.c ****   * @brief  Activate BatteryCharging feature.
 248:Drivers/STM32L4xx_HAL_Driver/Src/stm32l4xx_hal_pcd_ex.c ****   * @param  hpcd PCD handle
 249:Drivers/STM32L4xx_HAL_Driver/Src/stm32l4xx_hal_pcd_ex.c ****   * @retval HAL status
 250:Drivers/STM32L4xx_HAL_Driver/Src/stm32l4xx_hal_pcd_ex.c ****   */
 251:Drivers/STM32L4xx_HAL_Driver/Src/stm32l4xx_hal_pcd_ex.c **** HAL_StatusTypeDef HAL_PCDEx_ActivateBCD(PCD_HandleTypeDef *hpcd)
 252:Drivers/STM32L4xx_HAL_Driver/Src/stm32l4xx_hal_pcd_ex.c **** {
ARM GAS  /tmp/ccvvH73S.s 			page 14


 497              		.loc 1 252 1
 498              		.cfi_startproc
 499              		@ args = 0, pretend = 0, frame = 16
 500              		@ frame_needed = 1, uses_anonymous_args = 0
 501              		@ link register save eliminated.
 502 0000 80B4     		push	{r7}
 503              		.cfi_def_cfa_offset 4
 504              		.cfi_offset 7, -4
 505 0002 85B0     		sub	sp, sp, #20
 506              		.cfi_def_cfa_offset 24
 507 0004 00AF     		add	r7, sp, #0
 508              		.cfi_def_cfa_register 7
 509 0006 7860     		str	r0, [r7, #4]
 253:Drivers/STM32L4xx_HAL_Driver/Src/stm32l4xx_hal_pcd_ex.c ****   USB_OTG_GlobalTypeDef *USBx = hpcd->Instance;
 510              		.loc 1 253 26
 511 0008 7B68     		ldr	r3, [r7, #4]
 512 000a 1B68     		ldr	r3, [r3]
 513 000c FB60     		str	r3, [r7, #12]
 254:Drivers/STM32L4xx_HAL_Driver/Src/stm32l4xx_hal_pcd_ex.c **** 
 255:Drivers/STM32L4xx_HAL_Driver/Src/stm32l4xx_hal_pcd_ex.c ****   USBx->GCCFG &= ~(USB_OTG_GCCFG_PDEN);
 514              		.loc 1 255 7
 515 000e FB68     		ldr	r3, [r7, #12]
 516 0010 9B6B     		ldr	r3, [r3, #56]
 517              		.loc 1 255 15
 518 0012 23F40022 		bic	r2, r3, #524288
 519 0016 FB68     		ldr	r3, [r7, #12]
 520 0018 9A63     		str	r2, [r3, #56]
 256:Drivers/STM32L4xx_HAL_Driver/Src/stm32l4xx_hal_pcd_ex.c ****   USBx->GCCFG &= ~(USB_OTG_GCCFG_SDEN);
 521              		.loc 1 256 7
 522 001a FB68     		ldr	r3, [r7, #12]
 523 001c 9B6B     		ldr	r3, [r3, #56]
 524              		.loc 1 256 15
 525 001e 23F48012 		bic	r2, r3, #1048576
 526 0022 FB68     		ldr	r3, [r7, #12]
 527 0024 9A63     		str	r2, [r3, #56]
 257:Drivers/STM32L4xx_HAL_Driver/Src/stm32l4xx_hal_pcd_ex.c **** 
 258:Drivers/STM32L4xx_HAL_Driver/Src/stm32l4xx_hal_pcd_ex.c ****   /* Power Down USB transceiver  */
 259:Drivers/STM32L4xx_HAL_Driver/Src/stm32l4xx_hal_pcd_ex.c ****   USBx->GCCFG &= ~(USB_OTG_GCCFG_PWRDWN);
 528              		.loc 1 259 7
 529 0026 FB68     		ldr	r3, [r7, #12]
 530 0028 9B6B     		ldr	r3, [r3, #56]
 531              		.loc 1 259 15
 532 002a 23F48032 		bic	r2, r3, #65536
 533 002e FB68     		ldr	r3, [r7, #12]
 534 0030 9A63     		str	r2, [r3, #56]
 260:Drivers/STM32L4xx_HAL_Driver/Src/stm32l4xx_hal_pcd_ex.c **** 
 261:Drivers/STM32L4xx_HAL_Driver/Src/stm32l4xx_hal_pcd_ex.c ****   /* Enable Battery charging */
 262:Drivers/STM32L4xx_HAL_Driver/Src/stm32l4xx_hal_pcd_ex.c ****   USBx->GCCFG |= USB_OTG_GCCFG_BCDEN;
 535              		.loc 1 262 7
 536 0032 FB68     		ldr	r3, [r7, #12]
 537 0034 9B6B     		ldr	r3, [r3, #56]
 538              		.loc 1 262 15
 539 0036 43F40032 		orr	r2, r3, #131072
 540 003a FB68     		ldr	r3, [r7, #12]
 541 003c 9A63     		str	r2, [r3, #56]
 263:Drivers/STM32L4xx_HAL_Driver/Src/stm32l4xx_hal_pcd_ex.c **** 
 264:Drivers/STM32L4xx_HAL_Driver/Src/stm32l4xx_hal_pcd_ex.c ****   hpcd->battery_charging_active = 1U;
ARM GAS  /tmp/ccvvH73S.s 			page 15


 542              		.loc 1 264 33
 543 003e 7B68     		ldr	r3, [r7, #4]
 544 0040 0122     		movs	r2, #1
 545 0042 C3F8DC24 		str	r2, [r3, #1244]
 265:Drivers/STM32L4xx_HAL_Driver/Src/stm32l4xx_hal_pcd_ex.c **** 
 266:Drivers/STM32L4xx_HAL_Driver/Src/stm32l4xx_hal_pcd_ex.c ****   return HAL_OK;
 546              		.loc 1 266 10
 547 0046 0023     		movs	r3, #0
 267:Drivers/STM32L4xx_HAL_Driver/Src/stm32l4xx_hal_pcd_ex.c **** }
 548              		.loc 1 267 1
 549 0048 1846     		mov	r0, r3
 550 004a 1437     		adds	r7, r7, #20
 551              		.cfi_def_cfa_offset 4
 552 004c BD46     		mov	sp, r7
 553              		.cfi_def_cfa_register 13
 554              		@ sp needed
 555 004e 5DF8047B 		ldr	r7, [sp], #4
 556              		.cfi_restore 7
 557              		.cfi_def_cfa_offset 0
 558 0052 7047     		bx	lr
 559              		.cfi_endproc
 560              	.LFE450:
 562              		.section	.text.HAL_PCDEx_DeActivateBCD,"ax",%progbits
 563              		.align	1
 564              		.global	HAL_PCDEx_DeActivateBCD
 565              		.syntax unified
 566              		.thumb
 567              		.thumb_func
 569              	HAL_PCDEx_DeActivateBCD:
 570              	.LFB451:
 268:Drivers/STM32L4xx_HAL_Driver/Src/stm32l4xx_hal_pcd_ex.c **** 
 269:Drivers/STM32L4xx_HAL_Driver/Src/stm32l4xx_hal_pcd_ex.c **** /**
 270:Drivers/STM32L4xx_HAL_Driver/Src/stm32l4xx_hal_pcd_ex.c ****   * @brief  Deactivate BatteryCharging feature.
 271:Drivers/STM32L4xx_HAL_Driver/Src/stm32l4xx_hal_pcd_ex.c ****   * @param  hpcd PCD handle
 272:Drivers/STM32L4xx_HAL_Driver/Src/stm32l4xx_hal_pcd_ex.c ****   * @retval HAL status
 273:Drivers/STM32L4xx_HAL_Driver/Src/stm32l4xx_hal_pcd_ex.c ****   */
 274:Drivers/STM32L4xx_HAL_Driver/Src/stm32l4xx_hal_pcd_ex.c **** HAL_StatusTypeDef HAL_PCDEx_DeActivateBCD(PCD_HandleTypeDef *hpcd)
 275:Drivers/STM32L4xx_HAL_Driver/Src/stm32l4xx_hal_pcd_ex.c **** {
 571              		.loc 1 275 1
 572              		.cfi_startproc
 573              		@ args = 0, pretend = 0, frame = 16
 574              		@ frame_needed = 1, uses_anonymous_args = 0
 575              		@ link register save eliminated.
 576 0000 80B4     		push	{r7}
 577              		.cfi_def_cfa_offset 4
 578              		.cfi_offset 7, -4
 579 0002 85B0     		sub	sp, sp, #20
 580              		.cfi_def_cfa_offset 24
 581 0004 00AF     		add	r7, sp, #0
 582              		.cfi_def_cfa_register 7
 583 0006 7860     		str	r0, [r7, #4]
 276:Drivers/STM32L4xx_HAL_Driver/Src/stm32l4xx_hal_pcd_ex.c ****   USB_OTG_GlobalTypeDef *USBx = hpcd->Instance;
 584              		.loc 1 276 26
 585 0008 7B68     		ldr	r3, [r7, #4]
 586 000a 1B68     		ldr	r3, [r3]
 587 000c FB60     		str	r3, [r7, #12]
 277:Drivers/STM32L4xx_HAL_Driver/Src/stm32l4xx_hal_pcd_ex.c **** 
ARM GAS  /tmp/ccvvH73S.s 			page 16


 278:Drivers/STM32L4xx_HAL_Driver/Src/stm32l4xx_hal_pcd_ex.c ****   USBx->GCCFG &= ~(USB_OTG_GCCFG_SDEN);
 588              		.loc 1 278 7
 589 000e FB68     		ldr	r3, [r7, #12]
 590 0010 9B6B     		ldr	r3, [r3, #56]
 591              		.loc 1 278 15
 592 0012 23F48012 		bic	r2, r3, #1048576
 593 0016 FB68     		ldr	r3, [r7, #12]
 594 0018 9A63     		str	r2, [r3, #56]
 279:Drivers/STM32L4xx_HAL_Driver/Src/stm32l4xx_hal_pcd_ex.c ****   USBx->GCCFG &= ~(USB_OTG_GCCFG_PDEN);
 595              		.loc 1 279 7
 596 001a FB68     		ldr	r3, [r7, #12]
 597 001c 9B6B     		ldr	r3, [r3, #56]
 598              		.loc 1 279 15
 599 001e 23F40022 		bic	r2, r3, #524288
 600 0022 FB68     		ldr	r3, [r7, #12]
 601 0024 9A63     		str	r2, [r3, #56]
 280:Drivers/STM32L4xx_HAL_Driver/Src/stm32l4xx_hal_pcd_ex.c **** 
 281:Drivers/STM32L4xx_HAL_Driver/Src/stm32l4xx_hal_pcd_ex.c ****   /* Disable Battery charging */
 282:Drivers/STM32L4xx_HAL_Driver/Src/stm32l4xx_hal_pcd_ex.c ****   USBx->GCCFG &= ~(USB_OTG_GCCFG_BCDEN);
 602              		.loc 1 282 7
 603 0026 FB68     		ldr	r3, [r7, #12]
 604 0028 9B6B     		ldr	r3, [r3, #56]
 605              		.loc 1 282 15
 606 002a 23F40032 		bic	r2, r3, #131072
 607 002e FB68     		ldr	r3, [r7, #12]
 608 0030 9A63     		str	r2, [r3, #56]
 283:Drivers/STM32L4xx_HAL_Driver/Src/stm32l4xx_hal_pcd_ex.c **** 
 284:Drivers/STM32L4xx_HAL_Driver/Src/stm32l4xx_hal_pcd_ex.c ****   hpcd->battery_charging_active = 0U;
 609              		.loc 1 284 33
 610 0032 7B68     		ldr	r3, [r7, #4]
 611 0034 0022     		movs	r2, #0
 612 0036 C3F8DC24 		str	r2, [r3, #1244]
 285:Drivers/STM32L4xx_HAL_Driver/Src/stm32l4xx_hal_pcd_ex.c **** 
 286:Drivers/STM32L4xx_HAL_Driver/Src/stm32l4xx_hal_pcd_ex.c ****   return HAL_OK;
 613              		.loc 1 286 10
 614 003a 0023     		movs	r3, #0
 287:Drivers/STM32L4xx_HAL_Driver/Src/stm32l4xx_hal_pcd_ex.c **** }
 615              		.loc 1 287 1
 616 003c 1846     		mov	r0, r3
 617 003e 1437     		adds	r7, r7, #20
 618              		.cfi_def_cfa_offset 4
 619 0040 BD46     		mov	sp, r7
 620              		.cfi_def_cfa_register 13
 621              		@ sp needed
 622 0042 5DF8047B 		ldr	r7, [sp], #4
 623              		.cfi_restore 7
 624              		.cfi_def_cfa_offset 0
 625 0046 7047     		bx	lr
 626              		.cfi_endproc
 627              	.LFE451:
 629              		.section	.text.HAL_PCDEx_LPM_Callback,"ax",%progbits
 630              		.align	1
 631              		.weak	HAL_PCDEx_LPM_Callback
 632              		.syntax unified
 633              		.thumb
 634              		.thumb_func
 636              	HAL_PCDEx_LPM_Callback:
ARM GAS  /tmp/ccvvH73S.s 			page 17


 637              	.LFB452:
 288:Drivers/STM32L4xx_HAL_Driver/Src/stm32l4xx_hal_pcd_ex.c **** 
 289:Drivers/STM32L4xx_HAL_Driver/Src/stm32l4xx_hal_pcd_ex.c **** #endif /* defined (USB_OTG_FS) */
 290:Drivers/STM32L4xx_HAL_Driver/Src/stm32l4xx_hal_pcd_ex.c **** #if defined (USB)
 291:Drivers/STM32L4xx_HAL_Driver/Src/stm32l4xx_hal_pcd_ex.c **** /**
 292:Drivers/STM32L4xx_HAL_Driver/Src/stm32l4xx_hal_pcd_ex.c ****   * @brief  Configure PMA for EP
 293:Drivers/STM32L4xx_HAL_Driver/Src/stm32l4xx_hal_pcd_ex.c ****   * @param  hpcd  Device instance
 294:Drivers/STM32L4xx_HAL_Driver/Src/stm32l4xx_hal_pcd_ex.c ****   * @param  ep_addr endpoint address
 295:Drivers/STM32L4xx_HAL_Driver/Src/stm32l4xx_hal_pcd_ex.c ****   * @param  ep_kind endpoint Kind
 296:Drivers/STM32L4xx_HAL_Driver/Src/stm32l4xx_hal_pcd_ex.c ****   *                  USB_SNG_BUF: Single Buffer used
 297:Drivers/STM32L4xx_HAL_Driver/Src/stm32l4xx_hal_pcd_ex.c ****   *                  USB_DBL_BUF: Double Buffer used
 298:Drivers/STM32L4xx_HAL_Driver/Src/stm32l4xx_hal_pcd_ex.c ****   * @param  pmaadress: EP address in The PMA: In case of single buffer endpoint
 299:Drivers/STM32L4xx_HAL_Driver/Src/stm32l4xx_hal_pcd_ex.c ****   *                   this parameter is 16-bit value providing the address
 300:Drivers/STM32L4xx_HAL_Driver/Src/stm32l4xx_hal_pcd_ex.c ****   *                   in PMA allocated to endpoint.
 301:Drivers/STM32L4xx_HAL_Driver/Src/stm32l4xx_hal_pcd_ex.c ****   *                   In case of double buffer endpoint this parameter
 302:Drivers/STM32L4xx_HAL_Driver/Src/stm32l4xx_hal_pcd_ex.c ****   *                   is a 32-bit value providing the endpoint buffer 0 address
 303:Drivers/STM32L4xx_HAL_Driver/Src/stm32l4xx_hal_pcd_ex.c ****   *                   in the LSB part of 32-bit value and endpoint buffer 1 address
 304:Drivers/STM32L4xx_HAL_Driver/Src/stm32l4xx_hal_pcd_ex.c ****   *                   in the MSB part of 32-bit value.
 305:Drivers/STM32L4xx_HAL_Driver/Src/stm32l4xx_hal_pcd_ex.c ****   * @retval HAL status
 306:Drivers/STM32L4xx_HAL_Driver/Src/stm32l4xx_hal_pcd_ex.c ****   */
 307:Drivers/STM32L4xx_HAL_Driver/Src/stm32l4xx_hal_pcd_ex.c **** 
 308:Drivers/STM32L4xx_HAL_Driver/Src/stm32l4xx_hal_pcd_ex.c **** HAL_StatusTypeDef  HAL_PCDEx_PMAConfig(PCD_HandleTypeDef *hpcd, uint16_t ep_addr,
 309:Drivers/STM32L4xx_HAL_Driver/Src/stm32l4xx_hal_pcd_ex.c ****                                        uint16_t ep_kind, uint32_t pmaadress)
 310:Drivers/STM32L4xx_HAL_Driver/Src/stm32l4xx_hal_pcd_ex.c **** {
 311:Drivers/STM32L4xx_HAL_Driver/Src/stm32l4xx_hal_pcd_ex.c ****   PCD_EPTypeDef *ep;
 312:Drivers/STM32L4xx_HAL_Driver/Src/stm32l4xx_hal_pcd_ex.c **** 
 313:Drivers/STM32L4xx_HAL_Driver/Src/stm32l4xx_hal_pcd_ex.c ****   /* Initialize ep structure */
 314:Drivers/STM32L4xx_HAL_Driver/Src/stm32l4xx_hal_pcd_ex.c ****   if ((0x80U & ep_addr) == 0x80U)
 315:Drivers/STM32L4xx_HAL_Driver/Src/stm32l4xx_hal_pcd_ex.c ****   {
 316:Drivers/STM32L4xx_HAL_Driver/Src/stm32l4xx_hal_pcd_ex.c ****     ep = &hpcd->IN_ep[ep_addr & EP_ADDR_MSK];
 317:Drivers/STM32L4xx_HAL_Driver/Src/stm32l4xx_hal_pcd_ex.c ****   }
 318:Drivers/STM32L4xx_HAL_Driver/Src/stm32l4xx_hal_pcd_ex.c ****   else
 319:Drivers/STM32L4xx_HAL_Driver/Src/stm32l4xx_hal_pcd_ex.c ****   {
 320:Drivers/STM32L4xx_HAL_Driver/Src/stm32l4xx_hal_pcd_ex.c ****     ep = &hpcd->OUT_ep[ep_addr];
 321:Drivers/STM32L4xx_HAL_Driver/Src/stm32l4xx_hal_pcd_ex.c ****   }
 322:Drivers/STM32L4xx_HAL_Driver/Src/stm32l4xx_hal_pcd_ex.c **** 
 323:Drivers/STM32L4xx_HAL_Driver/Src/stm32l4xx_hal_pcd_ex.c ****   /* Here we check if the endpoint is single or double Buffer*/
 324:Drivers/STM32L4xx_HAL_Driver/Src/stm32l4xx_hal_pcd_ex.c ****   if (ep_kind == PCD_SNG_BUF)
 325:Drivers/STM32L4xx_HAL_Driver/Src/stm32l4xx_hal_pcd_ex.c ****   {
 326:Drivers/STM32L4xx_HAL_Driver/Src/stm32l4xx_hal_pcd_ex.c ****     /* Single Buffer */
 327:Drivers/STM32L4xx_HAL_Driver/Src/stm32l4xx_hal_pcd_ex.c ****     ep->doublebuffer = 0U;
 328:Drivers/STM32L4xx_HAL_Driver/Src/stm32l4xx_hal_pcd_ex.c **** 
 329:Drivers/STM32L4xx_HAL_Driver/Src/stm32l4xx_hal_pcd_ex.c ****     /* Configure the PMA */
 330:Drivers/STM32L4xx_HAL_Driver/Src/stm32l4xx_hal_pcd_ex.c ****     ep->pmaadress = (uint16_t)pmaadress;
 331:Drivers/STM32L4xx_HAL_Driver/Src/stm32l4xx_hal_pcd_ex.c ****   }
 332:Drivers/STM32L4xx_HAL_Driver/Src/stm32l4xx_hal_pcd_ex.c **** #if (USE_USB_DOUBLE_BUFFER == 1U)
 333:Drivers/STM32L4xx_HAL_Driver/Src/stm32l4xx_hal_pcd_ex.c ****   else /* USB_DBL_BUF */
 334:Drivers/STM32L4xx_HAL_Driver/Src/stm32l4xx_hal_pcd_ex.c ****   {
 335:Drivers/STM32L4xx_HAL_Driver/Src/stm32l4xx_hal_pcd_ex.c ****     /* Double Buffer Endpoint */
 336:Drivers/STM32L4xx_HAL_Driver/Src/stm32l4xx_hal_pcd_ex.c ****     ep->doublebuffer = 1U;
 337:Drivers/STM32L4xx_HAL_Driver/Src/stm32l4xx_hal_pcd_ex.c **** 
 338:Drivers/STM32L4xx_HAL_Driver/Src/stm32l4xx_hal_pcd_ex.c ****     /* Configure the PMA */
 339:Drivers/STM32L4xx_HAL_Driver/Src/stm32l4xx_hal_pcd_ex.c ****     ep->pmaaddr0 = (uint16_t)(pmaadress & 0xFFFFU);
 340:Drivers/STM32L4xx_HAL_Driver/Src/stm32l4xx_hal_pcd_ex.c ****     ep->pmaaddr1 = (uint16_t)((pmaadress & 0xFFFF0000U) >> 16);
 341:Drivers/STM32L4xx_HAL_Driver/Src/stm32l4xx_hal_pcd_ex.c ****   }
 342:Drivers/STM32L4xx_HAL_Driver/Src/stm32l4xx_hal_pcd_ex.c **** #endif /* (USE_USB_DOUBLE_BUFFER == 1U) */
 343:Drivers/STM32L4xx_HAL_Driver/Src/stm32l4xx_hal_pcd_ex.c **** 
ARM GAS  /tmp/ccvvH73S.s 			page 18


 344:Drivers/STM32L4xx_HAL_Driver/Src/stm32l4xx_hal_pcd_ex.c ****   return HAL_OK;
 345:Drivers/STM32L4xx_HAL_Driver/Src/stm32l4xx_hal_pcd_ex.c **** }
 346:Drivers/STM32L4xx_HAL_Driver/Src/stm32l4xx_hal_pcd_ex.c **** 
 347:Drivers/STM32L4xx_HAL_Driver/Src/stm32l4xx_hal_pcd_ex.c **** /**
 348:Drivers/STM32L4xx_HAL_Driver/Src/stm32l4xx_hal_pcd_ex.c ****   * @brief  Activate BatteryCharging feature.
 349:Drivers/STM32L4xx_HAL_Driver/Src/stm32l4xx_hal_pcd_ex.c ****   * @param  hpcd PCD handle
 350:Drivers/STM32L4xx_HAL_Driver/Src/stm32l4xx_hal_pcd_ex.c ****   * @retval HAL status
 351:Drivers/STM32L4xx_HAL_Driver/Src/stm32l4xx_hal_pcd_ex.c ****   */
 352:Drivers/STM32L4xx_HAL_Driver/Src/stm32l4xx_hal_pcd_ex.c **** HAL_StatusTypeDef HAL_PCDEx_ActivateBCD(PCD_HandleTypeDef *hpcd)
 353:Drivers/STM32L4xx_HAL_Driver/Src/stm32l4xx_hal_pcd_ex.c **** {
 354:Drivers/STM32L4xx_HAL_Driver/Src/stm32l4xx_hal_pcd_ex.c ****   USB_TypeDef *USBx = hpcd->Instance;
 355:Drivers/STM32L4xx_HAL_Driver/Src/stm32l4xx_hal_pcd_ex.c ****   hpcd->battery_charging_active = 1U;
 356:Drivers/STM32L4xx_HAL_Driver/Src/stm32l4xx_hal_pcd_ex.c **** 
 357:Drivers/STM32L4xx_HAL_Driver/Src/stm32l4xx_hal_pcd_ex.c ****   USBx->BCDR &= ~(USB_BCDR_PDEN);
 358:Drivers/STM32L4xx_HAL_Driver/Src/stm32l4xx_hal_pcd_ex.c ****   USBx->BCDR &= ~(USB_BCDR_SDEN);
 359:Drivers/STM32L4xx_HAL_Driver/Src/stm32l4xx_hal_pcd_ex.c **** 
 360:Drivers/STM32L4xx_HAL_Driver/Src/stm32l4xx_hal_pcd_ex.c ****   /* Enable BCD feature */
 361:Drivers/STM32L4xx_HAL_Driver/Src/stm32l4xx_hal_pcd_ex.c ****   USBx->BCDR |= USB_BCDR_BCDEN;
 362:Drivers/STM32L4xx_HAL_Driver/Src/stm32l4xx_hal_pcd_ex.c **** 
 363:Drivers/STM32L4xx_HAL_Driver/Src/stm32l4xx_hal_pcd_ex.c ****   return HAL_OK;
 364:Drivers/STM32L4xx_HAL_Driver/Src/stm32l4xx_hal_pcd_ex.c **** }
 365:Drivers/STM32L4xx_HAL_Driver/Src/stm32l4xx_hal_pcd_ex.c **** 
 366:Drivers/STM32L4xx_HAL_Driver/Src/stm32l4xx_hal_pcd_ex.c **** /**
 367:Drivers/STM32L4xx_HAL_Driver/Src/stm32l4xx_hal_pcd_ex.c ****   * @brief  Deactivate BatteryCharging feature.
 368:Drivers/STM32L4xx_HAL_Driver/Src/stm32l4xx_hal_pcd_ex.c ****   * @param  hpcd PCD handle
 369:Drivers/STM32L4xx_HAL_Driver/Src/stm32l4xx_hal_pcd_ex.c ****   * @retval HAL status
 370:Drivers/STM32L4xx_HAL_Driver/Src/stm32l4xx_hal_pcd_ex.c ****   */
 371:Drivers/STM32L4xx_HAL_Driver/Src/stm32l4xx_hal_pcd_ex.c **** HAL_StatusTypeDef HAL_PCDEx_DeActivateBCD(PCD_HandleTypeDef *hpcd)
 372:Drivers/STM32L4xx_HAL_Driver/Src/stm32l4xx_hal_pcd_ex.c **** {
 373:Drivers/STM32L4xx_HAL_Driver/Src/stm32l4xx_hal_pcd_ex.c ****   USB_TypeDef *USBx = hpcd->Instance;
 374:Drivers/STM32L4xx_HAL_Driver/Src/stm32l4xx_hal_pcd_ex.c ****   hpcd->battery_charging_active = 0U;
 375:Drivers/STM32L4xx_HAL_Driver/Src/stm32l4xx_hal_pcd_ex.c **** 
 376:Drivers/STM32L4xx_HAL_Driver/Src/stm32l4xx_hal_pcd_ex.c ****   /* Disable BCD feature */
 377:Drivers/STM32L4xx_HAL_Driver/Src/stm32l4xx_hal_pcd_ex.c ****   USBx->BCDR &= ~(USB_BCDR_BCDEN);
 378:Drivers/STM32L4xx_HAL_Driver/Src/stm32l4xx_hal_pcd_ex.c **** 
 379:Drivers/STM32L4xx_HAL_Driver/Src/stm32l4xx_hal_pcd_ex.c ****   return HAL_OK;
 380:Drivers/STM32L4xx_HAL_Driver/Src/stm32l4xx_hal_pcd_ex.c **** }
 381:Drivers/STM32L4xx_HAL_Driver/Src/stm32l4xx_hal_pcd_ex.c **** 
 382:Drivers/STM32L4xx_HAL_Driver/Src/stm32l4xx_hal_pcd_ex.c **** /**
 383:Drivers/STM32L4xx_HAL_Driver/Src/stm32l4xx_hal_pcd_ex.c ****   * @brief  Handle BatteryCharging Process.
 384:Drivers/STM32L4xx_HAL_Driver/Src/stm32l4xx_hal_pcd_ex.c ****   * @param  hpcd PCD handle
 385:Drivers/STM32L4xx_HAL_Driver/Src/stm32l4xx_hal_pcd_ex.c ****   * @retval HAL status
 386:Drivers/STM32L4xx_HAL_Driver/Src/stm32l4xx_hal_pcd_ex.c ****   */
 387:Drivers/STM32L4xx_HAL_Driver/Src/stm32l4xx_hal_pcd_ex.c **** void HAL_PCDEx_BCD_VBUSDetect(PCD_HandleTypeDef *hpcd)
 388:Drivers/STM32L4xx_HAL_Driver/Src/stm32l4xx_hal_pcd_ex.c **** {
 389:Drivers/STM32L4xx_HAL_Driver/Src/stm32l4xx_hal_pcd_ex.c ****   USB_TypeDef *USBx = hpcd->Instance;
 390:Drivers/STM32L4xx_HAL_Driver/Src/stm32l4xx_hal_pcd_ex.c ****   uint32_t tickstart = HAL_GetTick();
 391:Drivers/STM32L4xx_HAL_Driver/Src/stm32l4xx_hal_pcd_ex.c **** 
 392:Drivers/STM32L4xx_HAL_Driver/Src/stm32l4xx_hal_pcd_ex.c ****   /* Wait for Min DCD Timeout */
 393:Drivers/STM32L4xx_HAL_Driver/Src/stm32l4xx_hal_pcd_ex.c ****   HAL_Delay(350U);
 394:Drivers/STM32L4xx_HAL_Driver/Src/stm32l4xx_hal_pcd_ex.c **** 
 395:Drivers/STM32L4xx_HAL_Driver/Src/stm32l4xx_hal_pcd_ex.c ****   /* Primary detection: checks if connected to Standard Downstream Port
 396:Drivers/STM32L4xx_HAL_Driver/Src/stm32l4xx_hal_pcd_ex.c ****   (without charging capability) */
 397:Drivers/STM32L4xx_HAL_Driver/Src/stm32l4xx_hal_pcd_ex.c ****   USBx->BCDR |= (USB_BCDR_PDEN);
 398:Drivers/STM32L4xx_HAL_Driver/Src/stm32l4xx_hal_pcd_ex.c ****   HAL_Delay(50U);
 399:Drivers/STM32L4xx_HAL_Driver/Src/stm32l4xx_hal_pcd_ex.c **** 
 400:Drivers/STM32L4xx_HAL_Driver/Src/stm32l4xx_hal_pcd_ex.c ****   /* If Charger detect ? */
ARM GAS  /tmp/ccvvH73S.s 			page 19


 401:Drivers/STM32L4xx_HAL_Driver/Src/stm32l4xx_hal_pcd_ex.c ****   if ((USBx->BCDR & USB_BCDR_PDET) == USB_BCDR_PDET)
 402:Drivers/STM32L4xx_HAL_Driver/Src/stm32l4xx_hal_pcd_ex.c ****   {
 403:Drivers/STM32L4xx_HAL_Driver/Src/stm32l4xx_hal_pcd_ex.c ****     /* Start secondary detection to check connection to Charging Downstream
 404:Drivers/STM32L4xx_HAL_Driver/Src/stm32l4xx_hal_pcd_ex.c ****     Port or Dedicated Charging Port */
 405:Drivers/STM32L4xx_HAL_Driver/Src/stm32l4xx_hal_pcd_ex.c ****     USBx->BCDR &= ~(USB_BCDR_PDEN);
 406:Drivers/STM32L4xx_HAL_Driver/Src/stm32l4xx_hal_pcd_ex.c ****     HAL_Delay(50U);
 407:Drivers/STM32L4xx_HAL_Driver/Src/stm32l4xx_hal_pcd_ex.c ****     USBx->BCDR |= (USB_BCDR_SDEN);
 408:Drivers/STM32L4xx_HAL_Driver/Src/stm32l4xx_hal_pcd_ex.c ****     HAL_Delay(50U);
 409:Drivers/STM32L4xx_HAL_Driver/Src/stm32l4xx_hal_pcd_ex.c **** 
 410:Drivers/STM32L4xx_HAL_Driver/Src/stm32l4xx_hal_pcd_ex.c ****     /* If CDP ? */
 411:Drivers/STM32L4xx_HAL_Driver/Src/stm32l4xx_hal_pcd_ex.c ****     if ((USBx->BCDR & USB_BCDR_SDET) == USB_BCDR_SDET)
 412:Drivers/STM32L4xx_HAL_Driver/Src/stm32l4xx_hal_pcd_ex.c ****     {
 413:Drivers/STM32L4xx_HAL_Driver/Src/stm32l4xx_hal_pcd_ex.c ****       /* Dedicated Downstream Port DCP */
 414:Drivers/STM32L4xx_HAL_Driver/Src/stm32l4xx_hal_pcd_ex.c **** #if (USE_HAL_PCD_REGISTER_CALLBACKS == 1U)
 415:Drivers/STM32L4xx_HAL_Driver/Src/stm32l4xx_hal_pcd_ex.c ****       hpcd->BCDCallback(hpcd, PCD_BCD_DEDICATED_CHARGING_PORT);
 416:Drivers/STM32L4xx_HAL_Driver/Src/stm32l4xx_hal_pcd_ex.c **** #else
 417:Drivers/STM32L4xx_HAL_Driver/Src/stm32l4xx_hal_pcd_ex.c ****       HAL_PCDEx_BCD_Callback(hpcd, PCD_BCD_DEDICATED_CHARGING_PORT);
 418:Drivers/STM32L4xx_HAL_Driver/Src/stm32l4xx_hal_pcd_ex.c **** #endif /* USE_HAL_PCD_REGISTER_CALLBACKS */
 419:Drivers/STM32L4xx_HAL_Driver/Src/stm32l4xx_hal_pcd_ex.c ****     }
 420:Drivers/STM32L4xx_HAL_Driver/Src/stm32l4xx_hal_pcd_ex.c ****     else
 421:Drivers/STM32L4xx_HAL_Driver/Src/stm32l4xx_hal_pcd_ex.c ****     {
 422:Drivers/STM32L4xx_HAL_Driver/Src/stm32l4xx_hal_pcd_ex.c ****       /* Charging Downstream Port CDP */
 423:Drivers/STM32L4xx_HAL_Driver/Src/stm32l4xx_hal_pcd_ex.c **** #if (USE_HAL_PCD_REGISTER_CALLBACKS == 1U)
 424:Drivers/STM32L4xx_HAL_Driver/Src/stm32l4xx_hal_pcd_ex.c ****       hpcd->BCDCallback(hpcd, PCD_BCD_CHARGING_DOWNSTREAM_PORT);
 425:Drivers/STM32L4xx_HAL_Driver/Src/stm32l4xx_hal_pcd_ex.c **** #else
 426:Drivers/STM32L4xx_HAL_Driver/Src/stm32l4xx_hal_pcd_ex.c ****       HAL_PCDEx_BCD_Callback(hpcd, PCD_BCD_CHARGING_DOWNSTREAM_PORT);
 427:Drivers/STM32L4xx_HAL_Driver/Src/stm32l4xx_hal_pcd_ex.c **** #endif /* USE_HAL_PCD_REGISTER_CALLBACKS */
 428:Drivers/STM32L4xx_HAL_Driver/Src/stm32l4xx_hal_pcd_ex.c ****     }
 429:Drivers/STM32L4xx_HAL_Driver/Src/stm32l4xx_hal_pcd_ex.c ****   }
 430:Drivers/STM32L4xx_HAL_Driver/Src/stm32l4xx_hal_pcd_ex.c ****   else /* NO */
 431:Drivers/STM32L4xx_HAL_Driver/Src/stm32l4xx_hal_pcd_ex.c ****   {
 432:Drivers/STM32L4xx_HAL_Driver/Src/stm32l4xx_hal_pcd_ex.c ****     /* Standard Downstream Port */
 433:Drivers/STM32L4xx_HAL_Driver/Src/stm32l4xx_hal_pcd_ex.c **** #if (USE_HAL_PCD_REGISTER_CALLBACKS == 1U)
 434:Drivers/STM32L4xx_HAL_Driver/Src/stm32l4xx_hal_pcd_ex.c ****     hpcd->BCDCallback(hpcd, PCD_BCD_STD_DOWNSTREAM_PORT);
 435:Drivers/STM32L4xx_HAL_Driver/Src/stm32l4xx_hal_pcd_ex.c **** #else
 436:Drivers/STM32L4xx_HAL_Driver/Src/stm32l4xx_hal_pcd_ex.c ****     HAL_PCDEx_BCD_Callback(hpcd, PCD_BCD_STD_DOWNSTREAM_PORT);
 437:Drivers/STM32L4xx_HAL_Driver/Src/stm32l4xx_hal_pcd_ex.c **** #endif /* USE_HAL_PCD_REGISTER_CALLBACKS */
 438:Drivers/STM32L4xx_HAL_Driver/Src/stm32l4xx_hal_pcd_ex.c ****   }
 439:Drivers/STM32L4xx_HAL_Driver/Src/stm32l4xx_hal_pcd_ex.c **** 
 440:Drivers/STM32L4xx_HAL_Driver/Src/stm32l4xx_hal_pcd_ex.c ****   /* Battery Charging capability discovery finished Start Enumeration */
 441:Drivers/STM32L4xx_HAL_Driver/Src/stm32l4xx_hal_pcd_ex.c ****   (void)HAL_PCDEx_DeActivateBCD(hpcd);
 442:Drivers/STM32L4xx_HAL_Driver/Src/stm32l4xx_hal_pcd_ex.c **** 
 443:Drivers/STM32L4xx_HAL_Driver/Src/stm32l4xx_hal_pcd_ex.c ****   /* Check for the Timeout, else start USB Device */
 444:Drivers/STM32L4xx_HAL_Driver/Src/stm32l4xx_hal_pcd_ex.c ****   if ((HAL_GetTick() - tickstart) > 1000U)
 445:Drivers/STM32L4xx_HAL_Driver/Src/stm32l4xx_hal_pcd_ex.c ****   {
 446:Drivers/STM32L4xx_HAL_Driver/Src/stm32l4xx_hal_pcd_ex.c **** #if (USE_HAL_PCD_REGISTER_CALLBACKS == 1U)
 447:Drivers/STM32L4xx_HAL_Driver/Src/stm32l4xx_hal_pcd_ex.c ****     hpcd->BCDCallback(hpcd, PCD_BCD_ERROR);
 448:Drivers/STM32L4xx_HAL_Driver/Src/stm32l4xx_hal_pcd_ex.c **** #else
 449:Drivers/STM32L4xx_HAL_Driver/Src/stm32l4xx_hal_pcd_ex.c ****     HAL_PCDEx_BCD_Callback(hpcd, PCD_BCD_ERROR);
 450:Drivers/STM32L4xx_HAL_Driver/Src/stm32l4xx_hal_pcd_ex.c **** #endif /* USE_HAL_PCD_REGISTER_CALLBACKS */
 451:Drivers/STM32L4xx_HAL_Driver/Src/stm32l4xx_hal_pcd_ex.c ****   }
 452:Drivers/STM32L4xx_HAL_Driver/Src/stm32l4xx_hal_pcd_ex.c ****   else
 453:Drivers/STM32L4xx_HAL_Driver/Src/stm32l4xx_hal_pcd_ex.c ****   {
 454:Drivers/STM32L4xx_HAL_Driver/Src/stm32l4xx_hal_pcd_ex.c **** #if (USE_HAL_PCD_REGISTER_CALLBACKS == 1U)
 455:Drivers/STM32L4xx_HAL_Driver/Src/stm32l4xx_hal_pcd_ex.c ****     hpcd->BCDCallback(hpcd, PCD_BCD_DISCOVERY_COMPLETED);
 456:Drivers/STM32L4xx_HAL_Driver/Src/stm32l4xx_hal_pcd_ex.c **** #else
 457:Drivers/STM32L4xx_HAL_Driver/Src/stm32l4xx_hal_pcd_ex.c ****     HAL_PCDEx_BCD_Callback(hpcd, PCD_BCD_DISCOVERY_COMPLETED);
ARM GAS  /tmp/ccvvH73S.s 			page 20


 458:Drivers/STM32L4xx_HAL_Driver/Src/stm32l4xx_hal_pcd_ex.c **** #endif /* USE_HAL_PCD_REGISTER_CALLBACKS */
 459:Drivers/STM32L4xx_HAL_Driver/Src/stm32l4xx_hal_pcd_ex.c ****   }
 460:Drivers/STM32L4xx_HAL_Driver/Src/stm32l4xx_hal_pcd_ex.c **** }
 461:Drivers/STM32L4xx_HAL_Driver/Src/stm32l4xx_hal_pcd_ex.c **** 
 462:Drivers/STM32L4xx_HAL_Driver/Src/stm32l4xx_hal_pcd_ex.c **** /**
 463:Drivers/STM32L4xx_HAL_Driver/Src/stm32l4xx_hal_pcd_ex.c ****   * @brief  Activate LPM feature.
 464:Drivers/STM32L4xx_HAL_Driver/Src/stm32l4xx_hal_pcd_ex.c ****   * @param  hpcd PCD handle
 465:Drivers/STM32L4xx_HAL_Driver/Src/stm32l4xx_hal_pcd_ex.c ****   * @retval HAL status
 466:Drivers/STM32L4xx_HAL_Driver/Src/stm32l4xx_hal_pcd_ex.c ****   */
 467:Drivers/STM32L4xx_HAL_Driver/Src/stm32l4xx_hal_pcd_ex.c **** HAL_StatusTypeDef HAL_PCDEx_ActivateLPM(PCD_HandleTypeDef *hpcd)
 468:Drivers/STM32L4xx_HAL_Driver/Src/stm32l4xx_hal_pcd_ex.c **** {
 469:Drivers/STM32L4xx_HAL_Driver/Src/stm32l4xx_hal_pcd_ex.c **** 
 470:Drivers/STM32L4xx_HAL_Driver/Src/stm32l4xx_hal_pcd_ex.c ****   USB_TypeDef *USBx = hpcd->Instance;
 471:Drivers/STM32L4xx_HAL_Driver/Src/stm32l4xx_hal_pcd_ex.c ****   hpcd->lpm_active = 1U;
 472:Drivers/STM32L4xx_HAL_Driver/Src/stm32l4xx_hal_pcd_ex.c ****   hpcd->LPM_State = LPM_L0;
 473:Drivers/STM32L4xx_HAL_Driver/Src/stm32l4xx_hal_pcd_ex.c **** 
 474:Drivers/STM32L4xx_HAL_Driver/Src/stm32l4xx_hal_pcd_ex.c ****   USBx->LPMCSR |= USB_LPMCSR_LMPEN;
 475:Drivers/STM32L4xx_HAL_Driver/Src/stm32l4xx_hal_pcd_ex.c ****   USBx->LPMCSR |= USB_LPMCSR_LPMACK;
 476:Drivers/STM32L4xx_HAL_Driver/Src/stm32l4xx_hal_pcd_ex.c **** 
 477:Drivers/STM32L4xx_HAL_Driver/Src/stm32l4xx_hal_pcd_ex.c ****   return HAL_OK;
 478:Drivers/STM32L4xx_HAL_Driver/Src/stm32l4xx_hal_pcd_ex.c **** }
 479:Drivers/STM32L4xx_HAL_Driver/Src/stm32l4xx_hal_pcd_ex.c **** 
 480:Drivers/STM32L4xx_HAL_Driver/Src/stm32l4xx_hal_pcd_ex.c **** /**
 481:Drivers/STM32L4xx_HAL_Driver/Src/stm32l4xx_hal_pcd_ex.c ****   * @brief  Deactivate LPM feature.
 482:Drivers/STM32L4xx_HAL_Driver/Src/stm32l4xx_hal_pcd_ex.c ****   * @param  hpcd PCD handle
 483:Drivers/STM32L4xx_HAL_Driver/Src/stm32l4xx_hal_pcd_ex.c ****   * @retval HAL status
 484:Drivers/STM32L4xx_HAL_Driver/Src/stm32l4xx_hal_pcd_ex.c ****   */
 485:Drivers/STM32L4xx_HAL_Driver/Src/stm32l4xx_hal_pcd_ex.c **** HAL_StatusTypeDef HAL_PCDEx_DeActivateLPM(PCD_HandleTypeDef *hpcd)
 486:Drivers/STM32L4xx_HAL_Driver/Src/stm32l4xx_hal_pcd_ex.c **** {
 487:Drivers/STM32L4xx_HAL_Driver/Src/stm32l4xx_hal_pcd_ex.c ****   USB_TypeDef *USBx = hpcd->Instance;
 488:Drivers/STM32L4xx_HAL_Driver/Src/stm32l4xx_hal_pcd_ex.c **** 
 489:Drivers/STM32L4xx_HAL_Driver/Src/stm32l4xx_hal_pcd_ex.c ****   hpcd->lpm_active = 0U;
 490:Drivers/STM32L4xx_HAL_Driver/Src/stm32l4xx_hal_pcd_ex.c **** 
 491:Drivers/STM32L4xx_HAL_Driver/Src/stm32l4xx_hal_pcd_ex.c ****   USBx->LPMCSR &= ~(USB_LPMCSR_LMPEN);
 492:Drivers/STM32L4xx_HAL_Driver/Src/stm32l4xx_hal_pcd_ex.c ****   USBx->LPMCSR &= ~(USB_LPMCSR_LPMACK);
 493:Drivers/STM32L4xx_HAL_Driver/Src/stm32l4xx_hal_pcd_ex.c **** 
 494:Drivers/STM32L4xx_HAL_Driver/Src/stm32l4xx_hal_pcd_ex.c ****   return HAL_OK;
 495:Drivers/STM32L4xx_HAL_Driver/Src/stm32l4xx_hal_pcd_ex.c **** }
 496:Drivers/STM32L4xx_HAL_Driver/Src/stm32l4xx_hal_pcd_ex.c **** #endif /* defined (USB) */
 497:Drivers/STM32L4xx_HAL_Driver/Src/stm32l4xx_hal_pcd_ex.c **** 
 498:Drivers/STM32L4xx_HAL_Driver/Src/stm32l4xx_hal_pcd_ex.c **** /**
 499:Drivers/STM32L4xx_HAL_Driver/Src/stm32l4xx_hal_pcd_ex.c ****   * @brief  Send LPM message to user layer callback.
 500:Drivers/STM32L4xx_HAL_Driver/Src/stm32l4xx_hal_pcd_ex.c ****   * @param  hpcd PCD handle
 501:Drivers/STM32L4xx_HAL_Driver/Src/stm32l4xx_hal_pcd_ex.c ****   * @param  msg LPM message
 502:Drivers/STM32L4xx_HAL_Driver/Src/stm32l4xx_hal_pcd_ex.c ****   * @retval HAL status
 503:Drivers/STM32L4xx_HAL_Driver/Src/stm32l4xx_hal_pcd_ex.c ****   */
 504:Drivers/STM32L4xx_HAL_Driver/Src/stm32l4xx_hal_pcd_ex.c **** __weak void HAL_PCDEx_LPM_Callback(PCD_HandleTypeDef *hpcd, PCD_LPM_MsgTypeDef msg)
 505:Drivers/STM32L4xx_HAL_Driver/Src/stm32l4xx_hal_pcd_ex.c **** {
 638              		.loc 1 505 1
 639              		.cfi_startproc
 640              		@ args = 0, pretend = 0, frame = 8
 641              		@ frame_needed = 1, uses_anonymous_args = 0
 642              		@ link register save eliminated.
 643 0000 80B4     		push	{r7}
 644              		.cfi_def_cfa_offset 4
 645              		.cfi_offset 7, -4
 646 0002 83B0     		sub	sp, sp, #12
ARM GAS  /tmp/ccvvH73S.s 			page 21


 647              		.cfi_def_cfa_offset 16
 648 0004 00AF     		add	r7, sp, #0
 649              		.cfi_def_cfa_register 7
 650 0006 7860     		str	r0, [r7, #4]
 651 0008 0B46     		mov	r3, r1
 652 000a FB70     		strb	r3, [r7, #3]
 506:Drivers/STM32L4xx_HAL_Driver/Src/stm32l4xx_hal_pcd_ex.c ****   /* Prevent unused argument(s) compilation warning */
 507:Drivers/STM32L4xx_HAL_Driver/Src/stm32l4xx_hal_pcd_ex.c ****   UNUSED(hpcd);
 508:Drivers/STM32L4xx_HAL_Driver/Src/stm32l4xx_hal_pcd_ex.c ****   UNUSED(msg);
 509:Drivers/STM32L4xx_HAL_Driver/Src/stm32l4xx_hal_pcd_ex.c **** 
 510:Drivers/STM32L4xx_HAL_Driver/Src/stm32l4xx_hal_pcd_ex.c ****   /* NOTE : This function should not be modified, when the callback is needed,
 511:Drivers/STM32L4xx_HAL_Driver/Src/stm32l4xx_hal_pcd_ex.c ****             the HAL_PCDEx_LPM_Callback could be implemented in the user file
 512:Drivers/STM32L4xx_HAL_Driver/Src/stm32l4xx_hal_pcd_ex.c ****    */
 513:Drivers/STM32L4xx_HAL_Driver/Src/stm32l4xx_hal_pcd_ex.c **** }
 653              		.loc 1 513 1
 654 000c 00BF     		nop
 655 000e 0C37     		adds	r7, r7, #12
 656              		.cfi_def_cfa_offset 4
 657 0010 BD46     		mov	sp, r7
 658              		.cfi_def_cfa_register 13
 659              		@ sp needed
 660 0012 5DF8047B 		ldr	r7, [sp], #4
 661              		.cfi_restore 7
 662              		.cfi_def_cfa_offset 0
 663 0016 7047     		bx	lr
 664              		.cfi_endproc
 665              	.LFE452:
 667              		.section	.text.HAL_PCDEx_BCD_Callback,"ax",%progbits
 668              		.align	1
 669              		.weak	HAL_PCDEx_BCD_Callback
 670              		.syntax unified
 671              		.thumb
 672              		.thumb_func
 674              	HAL_PCDEx_BCD_Callback:
 675              	.LFB453:
 514:Drivers/STM32L4xx_HAL_Driver/Src/stm32l4xx_hal_pcd_ex.c **** 
 515:Drivers/STM32L4xx_HAL_Driver/Src/stm32l4xx_hal_pcd_ex.c **** /**
 516:Drivers/STM32L4xx_HAL_Driver/Src/stm32l4xx_hal_pcd_ex.c ****   * @brief  Send BatteryCharging message to user layer callback.
 517:Drivers/STM32L4xx_HAL_Driver/Src/stm32l4xx_hal_pcd_ex.c ****   * @param  hpcd PCD handle
 518:Drivers/STM32L4xx_HAL_Driver/Src/stm32l4xx_hal_pcd_ex.c ****   * @param  msg LPM message
 519:Drivers/STM32L4xx_HAL_Driver/Src/stm32l4xx_hal_pcd_ex.c ****   * @retval HAL status
 520:Drivers/STM32L4xx_HAL_Driver/Src/stm32l4xx_hal_pcd_ex.c ****   */
 521:Drivers/STM32L4xx_HAL_Driver/Src/stm32l4xx_hal_pcd_ex.c **** __weak void HAL_PCDEx_BCD_Callback(PCD_HandleTypeDef *hpcd, PCD_BCD_MsgTypeDef msg)
 522:Drivers/STM32L4xx_HAL_Driver/Src/stm32l4xx_hal_pcd_ex.c **** {
 676              		.loc 1 522 1
 677              		.cfi_startproc
 678              		@ args = 0, pretend = 0, frame = 8
 679              		@ frame_needed = 1, uses_anonymous_args = 0
 680              		@ link register save eliminated.
 681 0000 80B4     		push	{r7}
 682              		.cfi_def_cfa_offset 4
 683              		.cfi_offset 7, -4
 684 0002 83B0     		sub	sp, sp, #12
 685              		.cfi_def_cfa_offset 16
 686 0004 00AF     		add	r7, sp, #0
 687              		.cfi_def_cfa_register 7
 688 0006 7860     		str	r0, [r7, #4]
ARM GAS  /tmp/ccvvH73S.s 			page 22


 689 0008 0B46     		mov	r3, r1
 690 000a FB70     		strb	r3, [r7, #3]
 523:Drivers/STM32L4xx_HAL_Driver/Src/stm32l4xx_hal_pcd_ex.c ****   /* Prevent unused argument(s) compilation warning */
 524:Drivers/STM32L4xx_HAL_Driver/Src/stm32l4xx_hal_pcd_ex.c ****   UNUSED(hpcd);
 525:Drivers/STM32L4xx_HAL_Driver/Src/stm32l4xx_hal_pcd_ex.c ****   UNUSED(msg);
 526:Drivers/STM32L4xx_HAL_Driver/Src/stm32l4xx_hal_pcd_ex.c **** 
 527:Drivers/STM32L4xx_HAL_Driver/Src/stm32l4xx_hal_pcd_ex.c ****   /* NOTE : This function should not be modified, when the callback is needed,
 528:Drivers/STM32L4xx_HAL_Driver/Src/stm32l4xx_hal_pcd_ex.c ****             the HAL_PCDEx_BCD_Callback could be implemented in the user file
 529:Drivers/STM32L4xx_HAL_Driver/Src/stm32l4xx_hal_pcd_ex.c ****    */
 530:Drivers/STM32L4xx_HAL_Driver/Src/stm32l4xx_hal_pcd_ex.c **** }
 691              		.loc 1 530 1
 692 000c 00BF     		nop
 693 000e 0C37     		adds	r7, r7, #12
 694              		.cfi_def_cfa_offset 4
 695 0010 BD46     		mov	sp, r7
 696              		.cfi_def_cfa_register 13
 697              		@ sp needed
 698 0012 5DF8047B 		ldr	r7, [sp], #4
 699              		.cfi_restore 7
 700              		.cfi_def_cfa_offset 0
 701 0016 7047     		bx	lr
 702              		.cfi_endproc
 703              	.LFE453:
 705              		.text
 706              	.Letext0:
 707              		.file 2 "/usr/lib/gcc/arm-none-eabi/13.2.1/include/stdint.h"
 708              		.file 3 "Drivers/CMSIS/Device/ST/STM32L4xx/Include/stm32l475xx.h"
 709              		.file 4 "Drivers/STM32L4xx_HAL_Driver/Inc/stm32l4xx_hal_def.h"
 710              		.file 5 "Drivers/STM32L4xx_HAL_Driver/Inc/stm32l4xx_ll_usb.h"
 711              		.file 6 "Drivers/STM32L4xx_HAL_Driver/Inc/stm32l4xx_hal_pcd.h"
 712              		.file 7 "Drivers/STM32L4xx_HAL_Driver/Inc/stm32l4xx_ll_dma.h"
 713              		.file 8 "Drivers/STM32L4xx_HAL_Driver/Inc/stm32l4xx_hal.h"
ARM GAS  /tmp/ccvvH73S.s 			page 23


DEFINED SYMBOLS
                            *ABS*:00000000 stm32l4xx_hal_pcd_ex.c
     /tmp/ccvvH73S.s:21     .rodata.CHANNEL_OFFSET_TAB:00000000 $d
     /tmp/ccvvH73S.s:24     .rodata.CHANNEL_OFFSET_TAB:00000000 CHANNEL_OFFSET_TAB
     /tmp/ccvvH73S.s:27     .text.HAL_PCDEx_SetTxFiFo:00000000 $t
     /tmp/ccvvH73S.s:33     .text.HAL_PCDEx_SetTxFiFo:00000000 HAL_PCDEx_SetTxFiFo
     /tmp/ccvvH73S.s:157    .text.HAL_PCDEx_SetRxFiFo:00000000 $t
     /tmp/ccvvH73S.s:163    .text.HAL_PCDEx_SetRxFiFo:00000000 HAL_PCDEx_SetRxFiFo
     /tmp/ccvvH73S.s:203    .text.HAL_PCDEx_ActivateLPM:00000000 $t
     /tmp/ccvvH73S.s:209    .text.HAL_PCDEx_ActivateLPM:00000000 HAL_PCDEx_ActivateLPM
     /tmp/ccvvH73S.s:268    .text.HAL_PCDEx_DeActivateLPM:00000000 $t
     /tmp/ccvvH73S.s:274    .text.HAL_PCDEx_DeActivateLPM:00000000 HAL_PCDEx_DeActivateLPM
     /tmp/ccvvH73S.s:329    .text.HAL_PCDEx_BCD_VBUSDetect:00000000 $t
     /tmp/ccvvH73S.s:335    .text.HAL_PCDEx_BCD_VBUSDetect:00000000 HAL_PCDEx_BCD_VBUSDetect
     /tmp/ccvvH73S.s:674    .text.HAL_PCDEx_BCD_Callback:00000000 HAL_PCDEx_BCD_Callback
     /tmp/ccvvH73S.s:569    .text.HAL_PCDEx_DeActivateBCD:00000000 HAL_PCDEx_DeActivateBCD
     /tmp/ccvvH73S.s:489    .text.HAL_PCDEx_ActivateBCD:00000000 $t
     /tmp/ccvvH73S.s:495    .text.HAL_PCDEx_ActivateBCD:00000000 HAL_PCDEx_ActivateBCD
     /tmp/ccvvH73S.s:563    .text.HAL_PCDEx_DeActivateBCD:00000000 $t
     /tmp/ccvvH73S.s:630    .text.HAL_PCDEx_LPM_Callback:00000000 $t
     /tmp/ccvvH73S.s:636    .text.HAL_PCDEx_LPM_Callback:00000000 HAL_PCDEx_LPM_Callback
     /tmp/ccvvH73S.s:668    .text.HAL_PCDEx_BCD_Callback:00000000 $t
                           .group:00000000 wm4.0.e7b64c2c371cf922f2c8028878d5c18e
                           .group:00000000 wm4.stm32l4xx_hal_conf.h.23.286c2f63aaa73ed97ffb4d26f7caa6e9
                           .group:00000000 wm4.stm32l4xx.h.38.9f5830373ca31b8a3cd182fdc6c7b69a
                           .group:00000000 wm4.stm32l475xx.h.34.2f1a75aed66751e299f09004aef64973
                           .group:00000000 wm4.stdint.h.29.6d480f4ba0f60596e88234283d42444f
                           .group:00000000 wm4.cmsis_version.h.32.46e8eccfa2cfeaae11d008bb2823a3ed
                           .group:00000000 wm4.core_cm4.h.66.e4ff136c4a17abc46741866f64f8e729
                           .group:00000000 wm4.cmsis_gcc.h.26.78077cef1206e937f7b56043ffca496a
                           .group:00000000 wm4.core_cm4.h.174.fcddd62df80231752fa39eb9b61dadfe
                           .group:00000000 wm4.mpu_armv7.h.32.4049752bb5792d4e15357775e9506cfc
                           .group:00000000 wm4.stm32l475xx.h.423.4d783859c9ac66890c9807dd7bd3a4db
                           .group:00000000 wm4.stm32l4xx.h.196.f5ae8047c57b6175c94f246ef967a286
                           .group:00000000 wm4.stm32_hal_legacy.h.22.08b8350ccf512ba8d98002fb33e7cbe5
                           .group:00000000 wm4.stddef.h.39.0dc9006b34572d4d9cae4c8b422c4971
                           .group:00000000 wm4.stm32l4xx_hal_def.h.58.1058a33f7217e935f2a6b51956d66a69
                           .group:00000000 wm4.stm32l4xx_hal_rcc.h.156.ab8eecc4e10f4827a2aa75d3549a356d
                           .group:00000000 wm4.stm32l4xx_hal_rcc_ex.h.20.4a82a27d561b6d42fa16a54f82e29067
                           .group:00000000 wm4.stm32l4xx_hal_gpio.h.21.2d2b1fd6aa6afa7b6dcc89cf752a9a25
                           .group:00000000 wm4.stm32l4xx_hal_gpio_ex.h.21.7ea705f5185dd3c6b8ea336f2858cd46
                           .group:00000000 wm4.stm32l4xx_ll_dma.h.21.b30e7f48d60d1fc53041ec1e3fd6e54a
                           .group:00000000 wm4.stm32l4xx_hal_dma.h.166.54a7f8d65cee6f051d541dc010387b5a
                           .group:00000000 wm4.stm32l4xx_hal_dfsdm.h.21.6785e38d00075079c7f2e5657def82ae
                           .group:00000000 wm4.stm32l4xx_hal_cortex.h.21.cb491126bd2d6f44e90b66f27acb8434
                           .group:00000000 wm4.stm32l4xx_ll_adc.h.21.0c578f71501c74365c67044efed214d6
                           .group:00000000 wm4.stm32l4xx_hal_adc.h.411.68f60682cdb20556089756a482f23764
                           .group:00000000 wm4.stm32l4xx_hal_adc_ex.h.21.7b82cb80166a21dfa8cb3e2fa8f8e654
                           .group:00000000 wm4.stm32l4xx_hal_can.h.21.5019586d8e7137c0cec16eb1f9d6677b
                           .group:00000000 wm4.stm32l4xx_ll_exti.h.21.d866eff070d6f999af2ce4ea60aa40ac
                           .group:00000000 wm4.stm32l4xx_hal_comp.h.87.7f14cb673a463359c83faa552328844d
                           .group:00000000 wm4.stm32l4xx_hal_crc.h.21.4c36a140cca35e6a8e478e76c6ad98e3
                           .group:00000000 wm4.stm32l4xx_hal_crc_ex.h.21.9cc3dead436542d416ee5572c231a242
                           .group:00000000 wm4.stm32l4xx_hal_dac.h.21.69feba704135531cf3d9b92de27b71d5
                           .group:00000000 wm4.stm32l4xx_hal_dac_ex.h.21.c86699169bead5415cc3e94027b67df4
                           .group:00000000 wm4.stm32l4xx_hal_exti.h.21.242e0410874d91d6d7523948fff74125
                           .group:00000000 wm4.stm32l4xx_hal_firewall.h.21.7ed44f4228fcc2ef96d2177dd8632645
ARM GAS  /tmp/ccvvH73S.s 			page 24


                           .group:00000000 wm4.stm32l4xx_hal_flash.h.20.5e337018ccfa211b4afe888a79aae9f5
                           .group:00000000 wm4.stm32l4xx_hal_flash.h.846.0445f6ea07a3f9aac82891c8687d96fb
                           .group:00000000 wm4.stm32l4xx_ll_usb.h.21.5b5e42fb72a33dd326d7b20064953946
                           .group:00000000 wm4.stm32l4xx_hal_hcd.h.107.73f2fd24f57e8822da5cc86bd5ad3dfd
                           .group:00000000 wm4.stm32l4xx_hal_i2c.h.21.e7fc2065051c77019a818818e4a637d8
                           .group:00000000 wm4.stm32l4xx_hal_i2c_ex.h.21.ad4ad4e558d4fec06df87d163a6927d7
                           .group:00000000 wm4.stm32l4xx_hal_i2c.h.737.fa3908c81294cf0f9894ae336466002c
                           .group:00000000 wm4.stm32l4xx_hal_irda.h.21.136c042f9eef333167a549cc099df0c9
                           .group:00000000 wm4.stm32l4xx_hal_irda_ex.h.21.e0ada4e6d2b2cadfb512dd3c8ac0a637
                           .group:00000000 wm4.stm32l4xx_hal_iwdg.h.21.f94ca75f2fe1ebc7a2a8d0f5b58d8430
                           .group:00000000 wm4.stm32l4xx_hal_lptim.h.21.78222ea6639fc8c02789d293a048991e
                           .group:00000000 wm4.stm32l4xx_ll_sdmmc.h.21.65a5a8696b6ca7b87cc93d218084d702
                           .group:00000000 wm4.stm32l4xx_hal_mmc.h.69.8f4159f0a88ef1ebc33c58a8f10362b9
                           .group:00000000 wm4.stm32l4xx_ll_fmc.h.21.156a244c55010643ee92c6119049cb68
                           .group:00000000 wm4.stm32l4xx_hal_nand.h.176.9bfeac6e4e757991088bbd0df44e2be9
                           .group:00000000 wm4.stm32l4xx_hal_nor.h.21.d47e91e825f466bbac02fac0a7845a7a
                           .group:00000000 wm4.stm32l4xx_hal_opamp.h.21.9d841e1eaccee939f247b3f973f8af5f
                           .group:00000000 wm4.stm32l4xx_hal_pcd.h.169.addb1fac652268a18a0707cfcb5e2e47
                           .group:00000000 wm4.stm32l4xx_hal_pwr.h.21.7ddab2caa97243c36e496eca17b27618
                           .group:00000000 wm4.stm32l4xx_hal_pwr_ex.h.21.65ad8bbdbcb1950d945c0de10f22dc80
                           .group:00000000 wm4.stm32l4xx_hal_qspi.h.21.0291dad4eaa82101f2f77d76315c9b12
                           .group:00000000 wm4.stm32l4xx_hal_rng.h.21.96593715bdeab0c74ac9dfc538fb2feb
                           .group:00000000 wm4.stm32l4xx_hal_rtc.h.21.9da6b1aeebde99930891f803cb7f9678
                           .group:00000000 wm4.stm32l4xx_hal_rtc_ex.h.21.c692539378320719c7f2a2da1ca64502
                           .group:00000000 wm4.stm32l4xx_hal_rtc.h.999.c8bd9450c783628bd606ecb31bea5cc9
                           .group:00000000 wm4.stm32l4xx_hal_sai.h.21.c1165aaf2bbde65fae28ed4817be5cc5
                           .group:00000000 wm4.stm32l4xx_hal_sd.h.21.b395c90a87e82f7e8d77d4a518036063
                           .group:00000000 wm4.stm32l4xx_hal_smartcard.h.21.423c3ad63e0df35b864303e89e6d253c
                           .group:00000000 wm4.stm32l4xx_hal_smartcard_ex.h.21.801a2ce9252a785aec000b3fc7667a74
                           .group:00000000 wm4.stm32l4xx_hal_smbus.h.21.7480adb16468bfdce819ee591f21299e
                           .group:00000000 wm4.stm32l4xx_hal_smbus_ex.h.21.bdc715f5f6fb6612a871d3c03c3b871f
                           .group:00000000 wm4.stm32l4xx_hal_spi.h.21.3b51f9f7b241962f6b3483c47a43334f
                           .group:00000000 wm4.stm32l4xx_hal_sram.h.21.285210181e158bddc1cdde63dde572fd
                           .group:00000000 wm4.stm32l4xx_hal_swpmi.h.21.787f994f40b117a62aad9a6dd408b8fc
                           .group:00000000 wm4.stm32l4xx_hal_tim.h.21.d190832030e7505384ad081daa7ba8d6
                           .group:00000000 wm4.stm32l4xx_hal_tim_ex.h.21.1d0860218366ee9f64a97fd8af0ddee1
                           .group:00000000 wm4.stm32l4xx_hal_tsc.h.21.e9010049847ea38297d4b95a5ede0d8c
                           .group:00000000 wm4.stm32l4xx_hal_uart.h.21.480c0a64ca01596a921cda9dceb01df4
                           .group:00000000 wm4.stm32l4xx_hal_uart_ex.h.21.d793e64693c93af07c90464aef42bd83
                           .group:00000000 wm4.stm32l4xx_hal_usart.h.21.561c0058e33cb8df6671dcd29d5d25f9
                           .group:00000000 wm4.stm32l4xx_hal_usart_ex.h.21.111da650523691ebc80d64103d7b26e5
                           .group:00000000 wm4.stm32l4xx_hal_wwdg.h.21.073aa79d58120ae4fb8590c46b210051
                           .group:00000000 wm4.stm32l4xx_hal.h.75.d364b3778b3801d2f66bb409c48d396d

UNDEFINED SYMBOLS
HAL_GetTick
HAL_Delay
