ARM GAS  /tmp/ccmkPlUt.s 			page 1


   1              		.cpu cortex-m4
   2              		.arch armv7e-m
   3              		.fpu fpv4-sp-d16
   4              		.eabi_attribute 27, 1
   5              		.eabi_attribute 28, 1
   6              		.eabi_attribute 20, 1
   7              		.eabi_attribute 21, 1
   8              		.eabi_attribute 23, 3
   9              		.eabi_attribute 24, 1
  10              		.eabi_attribute 25, 1
  11              		.eabi_attribute 26, 1
  12              		.eabi_attribute 30, 6
  13              		.eabi_attribute 34, 1
  14              		.eabi_attribute 18, 4
  15              		.file	"stm32l4xx_hal_crc_ex.c"
  16              		.text
  17              	.Ltext0:
  18              		.cfi_sections	.debug_frame
  19              		.file 1 "Drivers/STM32L4xx_HAL_Driver/Src/stm32l4xx_hal_crc_ex.c"
  20              		.section	.rodata.CHANNEL_OFFSET_TAB,"a"
  21              		.align	2
  24              	CHANNEL_OFFSET_TAB:
  25 0000 081C3044 		.ascii	"\010\0340DXl\200"
  25      586C80
  26              		.section	.text.HAL_CRCEx_Polynomial_Set,"ax",%progbits
  27              		.align	1
  28              		.global	HAL_CRCEx_Polynomial_Set
  29              		.syntax unified
  30              		.thumb
  31              		.thumb_func
  33              	HAL_CRCEx_Polynomial_Set:
  34              	.LFB445:
   1:Drivers/STM32L4xx_HAL_Driver/Src/stm32l4xx_hal_crc_ex.c **** /**
   2:Drivers/STM32L4xx_HAL_Driver/Src/stm32l4xx_hal_crc_ex.c ****   ******************************************************************************
   3:Drivers/STM32L4xx_HAL_Driver/Src/stm32l4xx_hal_crc_ex.c ****   * @file    stm32l4xx_hal_crc_ex.c
   4:Drivers/STM32L4xx_HAL_Driver/Src/stm32l4xx_hal_crc_ex.c ****   * @author  MCD Application Team
   5:Drivers/STM32L4xx_HAL_Driver/Src/stm32l4xx_hal_crc_ex.c ****   * @brief   Extended CRC HAL module driver.
   6:Drivers/STM32L4xx_HAL_Driver/Src/stm32l4xx_hal_crc_ex.c ****   *          This file provides firmware functions to manage the extended
   7:Drivers/STM32L4xx_HAL_Driver/Src/stm32l4xx_hal_crc_ex.c ****   *          functionalities of the CRC peripheral.
   8:Drivers/STM32L4xx_HAL_Driver/Src/stm32l4xx_hal_crc_ex.c ****   *
   9:Drivers/STM32L4xx_HAL_Driver/Src/stm32l4xx_hal_crc_ex.c ****   ******************************************************************************
  10:Drivers/STM32L4xx_HAL_Driver/Src/stm32l4xx_hal_crc_ex.c ****   * @attention
  11:Drivers/STM32L4xx_HAL_Driver/Src/stm32l4xx_hal_crc_ex.c ****   *
  12:Drivers/STM32L4xx_HAL_Driver/Src/stm32l4xx_hal_crc_ex.c ****   * Copyright (c) 2017 STMicroelectronics.
  13:Drivers/STM32L4xx_HAL_Driver/Src/stm32l4xx_hal_crc_ex.c ****   * All rights reserved.
  14:Drivers/STM32L4xx_HAL_Driver/Src/stm32l4xx_hal_crc_ex.c ****   *
  15:Drivers/STM32L4xx_HAL_Driver/Src/stm32l4xx_hal_crc_ex.c ****   * This software is licensed under terms that can be found in the LICENSE file
  16:Drivers/STM32L4xx_HAL_Driver/Src/stm32l4xx_hal_crc_ex.c ****   * in the root directory of this software component.
  17:Drivers/STM32L4xx_HAL_Driver/Src/stm32l4xx_hal_crc_ex.c ****   * If no LICENSE file comes with this software, it is provided AS-IS.
  18:Drivers/STM32L4xx_HAL_Driver/Src/stm32l4xx_hal_crc_ex.c ****   *
  19:Drivers/STM32L4xx_HAL_Driver/Src/stm32l4xx_hal_crc_ex.c ****   ******************************************************************************
  20:Drivers/STM32L4xx_HAL_Driver/Src/stm32l4xx_hal_crc_ex.c ****   @verbatim
  21:Drivers/STM32L4xx_HAL_Driver/Src/stm32l4xx_hal_crc_ex.c **** ================================================================================
  22:Drivers/STM32L4xx_HAL_Driver/Src/stm32l4xx_hal_crc_ex.c ****             ##### How to use this driver #####
  23:Drivers/STM32L4xx_HAL_Driver/Src/stm32l4xx_hal_crc_ex.c **** ================================================================================
  24:Drivers/STM32L4xx_HAL_Driver/Src/stm32l4xx_hal_crc_ex.c ****     [..]
  25:Drivers/STM32L4xx_HAL_Driver/Src/stm32l4xx_hal_crc_ex.c ****          (+) Set user-defined generating polynomial through HAL_CRCEx_Polynomial_Set()
ARM GAS  /tmp/ccmkPlUt.s 			page 2


  26:Drivers/STM32L4xx_HAL_Driver/Src/stm32l4xx_hal_crc_ex.c ****          (+) Configure Input or Output data inversion
  27:Drivers/STM32L4xx_HAL_Driver/Src/stm32l4xx_hal_crc_ex.c **** 
  28:Drivers/STM32L4xx_HAL_Driver/Src/stm32l4xx_hal_crc_ex.c ****   @endverbatim
  29:Drivers/STM32L4xx_HAL_Driver/Src/stm32l4xx_hal_crc_ex.c ****   ******************************************************************************
  30:Drivers/STM32L4xx_HAL_Driver/Src/stm32l4xx_hal_crc_ex.c ****   */
  31:Drivers/STM32L4xx_HAL_Driver/Src/stm32l4xx_hal_crc_ex.c **** 
  32:Drivers/STM32L4xx_HAL_Driver/Src/stm32l4xx_hal_crc_ex.c **** /* Includes ------------------------------------------------------------------*/
  33:Drivers/STM32L4xx_HAL_Driver/Src/stm32l4xx_hal_crc_ex.c **** #include "stm32l4xx_hal.h"
  34:Drivers/STM32L4xx_HAL_Driver/Src/stm32l4xx_hal_crc_ex.c **** 
  35:Drivers/STM32L4xx_HAL_Driver/Src/stm32l4xx_hal_crc_ex.c **** /** @addtogroup STM32L4xx_HAL_Driver
  36:Drivers/STM32L4xx_HAL_Driver/Src/stm32l4xx_hal_crc_ex.c ****   * @{
  37:Drivers/STM32L4xx_HAL_Driver/Src/stm32l4xx_hal_crc_ex.c ****   */
  38:Drivers/STM32L4xx_HAL_Driver/Src/stm32l4xx_hal_crc_ex.c **** 
  39:Drivers/STM32L4xx_HAL_Driver/Src/stm32l4xx_hal_crc_ex.c **** /** @defgroup CRCEx CRCEx
  40:Drivers/STM32L4xx_HAL_Driver/Src/stm32l4xx_hal_crc_ex.c ****   * @brief CRC Extended HAL module driver
  41:Drivers/STM32L4xx_HAL_Driver/Src/stm32l4xx_hal_crc_ex.c ****   * @{
  42:Drivers/STM32L4xx_HAL_Driver/Src/stm32l4xx_hal_crc_ex.c ****   */
  43:Drivers/STM32L4xx_HAL_Driver/Src/stm32l4xx_hal_crc_ex.c **** 
  44:Drivers/STM32L4xx_HAL_Driver/Src/stm32l4xx_hal_crc_ex.c **** #ifdef HAL_CRC_MODULE_ENABLED
  45:Drivers/STM32L4xx_HAL_Driver/Src/stm32l4xx_hal_crc_ex.c **** 
  46:Drivers/STM32L4xx_HAL_Driver/Src/stm32l4xx_hal_crc_ex.c **** /* Private typedef -----------------------------------------------------------*/
  47:Drivers/STM32L4xx_HAL_Driver/Src/stm32l4xx_hal_crc_ex.c **** /* Private define ------------------------------------------------------------*/
  48:Drivers/STM32L4xx_HAL_Driver/Src/stm32l4xx_hal_crc_ex.c **** /* Private macro -------------------------------------------------------------*/
  49:Drivers/STM32L4xx_HAL_Driver/Src/stm32l4xx_hal_crc_ex.c **** /* Private variables ---------------------------------------------------------*/
  50:Drivers/STM32L4xx_HAL_Driver/Src/stm32l4xx_hal_crc_ex.c **** /* Private function prototypes -----------------------------------------------*/
  51:Drivers/STM32L4xx_HAL_Driver/Src/stm32l4xx_hal_crc_ex.c **** /* Exported functions --------------------------------------------------------*/
  52:Drivers/STM32L4xx_HAL_Driver/Src/stm32l4xx_hal_crc_ex.c **** 
  53:Drivers/STM32L4xx_HAL_Driver/Src/stm32l4xx_hal_crc_ex.c **** /** @defgroup CRCEx_Exported_Functions CRC Extended Exported Functions
  54:Drivers/STM32L4xx_HAL_Driver/Src/stm32l4xx_hal_crc_ex.c ****   * @{
  55:Drivers/STM32L4xx_HAL_Driver/Src/stm32l4xx_hal_crc_ex.c ****   */
  56:Drivers/STM32L4xx_HAL_Driver/Src/stm32l4xx_hal_crc_ex.c **** 
  57:Drivers/STM32L4xx_HAL_Driver/Src/stm32l4xx_hal_crc_ex.c **** /** @defgroup CRCEx_Exported_Functions_Group1 Extended Initialization/de-initialization functions
  58:Drivers/STM32L4xx_HAL_Driver/Src/stm32l4xx_hal_crc_ex.c ****   * @brief    Extended Initialization and Configuration functions.
  59:Drivers/STM32L4xx_HAL_Driver/Src/stm32l4xx_hal_crc_ex.c ****   *
  60:Drivers/STM32L4xx_HAL_Driver/Src/stm32l4xx_hal_crc_ex.c **** @verbatim
  61:Drivers/STM32L4xx_HAL_Driver/Src/stm32l4xx_hal_crc_ex.c ****  ===============================================================================
  62:Drivers/STM32L4xx_HAL_Driver/Src/stm32l4xx_hal_crc_ex.c ****             ##### Extended configuration functions #####
  63:Drivers/STM32L4xx_HAL_Driver/Src/stm32l4xx_hal_crc_ex.c ****  ===============================================================================
  64:Drivers/STM32L4xx_HAL_Driver/Src/stm32l4xx_hal_crc_ex.c ****     [..]  This section provides functions allowing to:
  65:Drivers/STM32L4xx_HAL_Driver/Src/stm32l4xx_hal_crc_ex.c ****       (+) Configure the generating polynomial
  66:Drivers/STM32L4xx_HAL_Driver/Src/stm32l4xx_hal_crc_ex.c ****       (+) Configure the input data inversion
  67:Drivers/STM32L4xx_HAL_Driver/Src/stm32l4xx_hal_crc_ex.c ****       (+) Configure the output data inversion
  68:Drivers/STM32L4xx_HAL_Driver/Src/stm32l4xx_hal_crc_ex.c **** 
  69:Drivers/STM32L4xx_HAL_Driver/Src/stm32l4xx_hal_crc_ex.c **** @endverbatim
  70:Drivers/STM32L4xx_HAL_Driver/Src/stm32l4xx_hal_crc_ex.c ****   * @{
  71:Drivers/STM32L4xx_HAL_Driver/Src/stm32l4xx_hal_crc_ex.c ****   */
  72:Drivers/STM32L4xx_HAL_Driver/Src/stm32l4xx_hal_crc_ex.c **** 
  73:Drivers/STM32L4xx_HAL_Driver/Src/stm32l4xx_hal_crc_ex.c **** 
  74:Drivers/STM32L4xx_HAL_Driver/Src/stm32l4xx_hal_crc_ex.c **** /**
  75:Drivers/STM32L4xx_HAL_Driver/Src/stm32l4xx_hal_crc_ex.c ****   * @brief  Initialize the CRC polynomial if different from default one.
  76:Drivers/STM32L4xx_HAL_Driver/Src/stm32l4xx_hal_crc_ex.c ****   * @param  hcrc CRC handle
  77:Drivers/STM32L4xx_HAL_Driver/Src/stm32l4xx_hal_crc_ex.c ****   * @param  Pol CRC generating polynomial (7, 8, 16 or 32-bit long).
  78:Drivers/STM32L4xx_HAL_Driver/Src/stm32l4xx_hal_crc_ex.c ****   *         This parameter is written in normal representation, e.g.
  79:Drivers/STM32L4xx_HAL_Driver/Src/stm32l4xx_hal_crc_ex.c ****   *         @arg for a polynomial of degree 7, X^7 + X^6 + X^5 + X^2 + 1 is written 0x65
  80:Drivers/STM32L4xx_HAL_Driver/Src/stm32l4xx_hal_crc_ex.c ****   *         @arg for a polynomial of degree 16, X^16 + X^12 + X^5 + 1 is written 0x1021
  81:Drivers/STM32L4xx_HAL_Driver/Src/stm32l4xx_hal_crc_ex.c ****   * @param  PolyLength CRC polynomial length.
  82:Drivers/STM32L4xx_HAL_Driver/Src/stm32l4xx_hal_crc_ex.c ****   *         This parameter can be one of the following values:
ARM GAS  /tmp/ccmkPlUt.s 			page 3


  83:Drivers/STM32L4xx_HAL_Driver/Src/stm32l4xx_hal_crc_ex.c ****   *          @arg @ref CRC_POLYLENGTH_7B  7-bit long CRC (generating polynomial of degree 7)
  84:Drivers/STM32L4xx_HAL_Driver/Src/stm32l4xx_hal_crc_ex.c ****   *          @arg @ref CRC_POLYLENGTH_8B  8-bit long CRC (generating polynomial of degree 8)
  85:Drivers/STM32L4xx_HAL_Driver/Src/stm32l4xx_hal_crc_ex.c ****   *          @arg @ref CRC_POLYLENGTH_16B 16-bit long CRC (generating polynomial of degree 16)
  86:Drivers/STM32L4xx_HAL_Driver/Src/stm32l4xx_hal_crc_ex.c ****   *          @arg @ref CRC_POLYLENGTH_32B 32-bit long CRC (generating polynomial of degree 32)
  87:Drivers/STM32L4xx_HAL_Driver/Src/stm32l4xx_hal_crc_ex.c ****   * @retval HAL status
  88:Drivers/STM32L4xx_HAL_Driver/Src/stm32l4xx_hal_crc_ex.c ****   */
  89:Drivers/STM32L4xx_HAL_Driver/Src/stm32l4xx_hal_crc_ex.c **** HAL_StatusTypeDef HAL_CRCEx_Polynomial_Set(CRC_HandleTypeDef *hcrc, uint32_t Pol, uint32_t PolyLeng
  90:Drivers/STM32L4xx_HAL_Driver/Src/stm32l4xx_hal_crc_ex.c **** {
  35              		.loc 1 90 1
  36              		.cfi_startproc
  37              		@ args = 0, pretend = 0, frame = 24
  38              		@ frame_needed = 1, uses_anonymous_args = 0
  39              		@ link register save eliminated.
  40 0000 80B4     		push	{r7}
  41              		.cfi_def_cfa_offset 4
  42              		.cfi_offset 7, -4
  43 0002 87B0     		sub	sp, sp, #28
  44              		.cfi_def_cfa_offset 32
  45 0004 00AF     		add	r7, sp, #0
  46              		.cfi_def_cfa_register 7
  47 0006 F860     		str	r0, [r7, #12]
  48 0008 B960     		str	r1, [r7, #8]
  49 000a 7A60     		str	r2, [r7, #4]
  91:Drivers/STM32L4xx_HAL_Driver/Src/stm32l4xx_hal_crc_ex.c ****   HAL_StatusTypeDef status = HAL_OK;
  50              		.loc 1 91 21
  51 000c 0023     		movs	r3, #0
  52 000e FB75     		strb	r3, [r7, #23]
  92:Drivers/STM32L4xx_HAL_Driver/Src/stm32l4xx_hal_crc_ex.c ****   uint32_t msb = 31U; /* polynomial degree is 32 at most, so msb is initialized to max value */
  53              		.loc 1 92 12
  54 0010 1F23     		movs	r3, #31
  55 0012 3B61     		str	r3, [r7, #16]
  93:Drivers/STM32L4xx_HAL_Driver/Src/stm32l4xx_hal_crc_ex.c **** 
  94:Drivers/STM32L4xx_HAL_Driver/Src/stm32l4xx_hal_crc_ex.c ****   /* Check the parameters */
  95:Drivers/STM32L4xx_HAL_Driver/Src/stm32l4xx_hal_crc_ex.c ****   assert_param(IS_CRC_POL_LENGTH(PolyLength));
  96:Drivers/STM32L4xx_HAL_Driver/Src/stm32l4xx_hal_crc_ex.c **** 
  97:Drivers/STM32L4xx_HAL_Driver/Src/stm32l4xx_hal_crc_ex.c ****   /* Ensure that the generating polynomial is odd */
  98:Drivers/STM32L4xx_HAL_Driver/Src/stm32l4xx_hal_crc_ex.c ****   if ((Pol & (uint32_t)(0x1U)) ==  0U)
  56              		.loc 1 98 12
  57 0014 BB68     		ldr	r3, [r7, #8]
  58 0016 03F00103 		and	r3, r3, #1
  59              		.loc 1 98 6
  60 001a 002B     		cmp	r3, #0
  61 001c 02D1     		bne	.L21
  99:Drivers/STM32L4xx_HAL_Driver/Src/stm32l4xx_hal_crc_ex.c ****   {
 100:Drivers/STM32L4xx_HAL_Driver/Src/stm32l4xx_hal_crc_ex.c ****     status =  HAL_ERROR;
  62              		.loc 1 100 12
  63 001e 0123     		movs	r3, #1
  64 0020 FB75     		strb	r3, [r7, #23]
  65 0022 63E0     		b	.L3
  66              	.L21:
 101:Drivers/STM32L4xx_HAL_Driver/Src/stm32l4xx_hal_crc_ex.c ****   }
 102:Drivers/STM32L4xx_HAL_Driver/Src/stm32l4xx_hal_crc_ex.c ****   else
 103:Drivers/STM32L4xx_HAL_Driver/Src/stm32l4xx_hal_crc_ex.c ****   {
 104:Drivers/STM32L4xx_HAL_Driver/Src/stm32l4xx_hal_crc_ex.c ****     /* check polynomial definition vs polynomial size:
 105:Drivers/STM32L4xx_HAL_Driver/Src/stm32l4xx_hal_crc_ex.c ****      * polynomial length must be aligned with polynomial
 106:Drivers/STM32L4xx_HAL_Driver/Src/stm32l4xx_hal_crc_ex.c ****      * definition. HAL_ERROR is reported if Pol degree is
 107:Drivers/STM32L4xx_HAL_Driver/Src/stm32l4xx_hal_crc_ex.c ****      * larger than that indicated by PolyLength.
ARM GAS  /tmp/ccmkPlUt.s 			page 4


 108:Drivers/STM32L4xx_HAL_Driver/Src/stm32l4xx_hal_crc_ex.c ****      * Look for MSB position: msb will contain the degree of
 109:Drivers/STM32L4xx_HAL_Driver/Src/stm32l4xx_hal_crc_ex.c ****      *  the second to the largest polynomial member. E.g., for
 110:Drivers/STM32L4xx_HAL_Driver/Src/stm32l4xx_hal_crc_ex.c ****      *  X^7 + X^6 + X^5 + X^2 + 1, msb = 6. */
 111:Drivers/STM32L4xx_HAL_Driver/Src/stm32l4xx_hal_crc_ex.c ****     while ((msb-- > 0U) && ((Pol & ((uint32_t)(0x1U) << (msb & 0x1FU))) == 0U))
  67              		.loc 1 111 11
  68 0024 00BF     		nop
  69              	.L5:
  70              		.loc 1 111 16 discriminator 2
  71 0026 3B69     		ldr	r3, [r7, #16]
  72 0028 5A1E     		subs	r2, r3, #1
  73 002a 3A61     		str	r2, [r7, #16]
  74              		.loc 1 111 25 discriminator 2
  75 002c 002B     		cmp	r3, #0
  76 002e 09D0     		beq	.L4
  77              		.loc 1 111 62 discriminator 1
  78 0030 3B69     		ldr	r3, [r7, #16]
  79 0032 03F01F03 		and	r3, r3, #31
  80              		.loc 1 111 73 discriminator 1
  81 0036 BA68     		ldr	r2, [r7, #8]
  82 0038 22FA03F3 		lsr	r3, r2, r3
  83 003c 03F00103 		and	r3, r3, #1
  84              		.loc 1 111 25 discriminator 1
  85 0040 002B     		cmp	r3, #0
  86 0042 F0D0     		beq	.L5
  87              	.L4:
 112:Drivers/STM32L4xx_HAL_Driver/Src/stm32l4xx_hal_crc_ex.c ****     {
 113:Drivers/STM32L4xx_HAL_Driver/Src/stm32l4xx_hal_crc_ex.c ****     }
 114:Drivers/STM32L4xx_HAL_Driver/Src/stm32l4xx_hal_crc_ex.c **** 
 115:Drivers/STM32L4xx_HAL_Driver/Src/stm32l4xx_hal_crc_ex.c ****     switch (PolyLength)
  88              		.loc 1 115 5
  89 0044 7B68     		ldr	r3, [r7, #4]
  90 0046 182B     		cmp	r3, #24
  91 0048 46D8     		bhi	.L6
  92 004a 01A2     		adr	r2, .L8
  93 004c 52F823F0 		ldr	pc, [r2, r3, lsl #2]
  94              		.p2align 2
  95              	.L8:
  96 0050 DF000000 		.word	.L17+1
  97 0054 D9000000 		.word	.L6+1
  98 0058 D9000000 		.word	.L6+1
  99 005c D9000000 		.word	.L6+1
 100 0060 D9000000 		.word	.L6+1
 101 0064 D9000000 		.word	.L6+1
 102 0068 D9000000 		.word	.L6+1
 103 006c D9000000 		.word	.L6+1
 104 0070 CD000000 		.word	.L10+1
 105 0074 D9000000 		.word	.L6+1
 106 0078 D9000000 		.word	.L6+1
 107 007c D9000000 		.word	.L6+1
 108 0080 D9000000 		.word	.L6+1
 109 0084 D9000000 		.word	.L6+1
 110 0088 D9000000 		.word	.L6+1
 111 008c D9000000 		.word	.L6+1
 112 0090 C1000000 		.word	.L9+1
 113 0094 D9000000 		.word	.L6+1
 114 0098 D9000000 		.word	.L6+1
 115 009c D9000000 		.word	.L6+1
ARM GAS  /tmp/ccmkPlUt.s 			page 5


 116 00a0 D9000000 		.word	.L6+1
 117 00a4 D9000000 		.word	.L6+1
 118 00a8 D9000000 		.word	.L6+1
 119 00ac D9000000 		.word	.L6+1
 120 00b0 B5000000 		.word	.L7+1
 121              		.p2align 1
 122              	.L7:
 116:Drivers/STM32L4xx_HAL_Driver/Src/stm32l4xx_hal_crc_ex.c ****     {
 117:Drivers/STM32L4xx_HAL_Driver/Src/stm32l4xx_hal_crc_ex.c **** 
 118:Drivers/STM32L4xx_HAL_Driver/Src/stm32l4xx_hal_crc_ex.c ****       case CRC_POLYLENGTH_7B:
 119:Drivers/STM32L4xx_HAL_Driver/Src/stm32l4xx_hal_crc_ex.c ****         if (msb >= HAL_CRC_LENGTH_7B)
 123              		.loc 1 119 12
 124 00b4 3B69     		ldr	r3, [r7, #16]
 125 00b6 062B     		cmp	r3, #6
 126 00b8 13D9     		bls	.L18
 120:Drivers/STM32L4xx_HAL_Driver/Src/stm32l4xx_hal_crc_ex.c ****         {
 121:Drivers/STM32L4xx_HAL_Driver/Src/stm32l4xx_hal_crc_ex.c ****           status =   HAL_ERROR;
 127              		.loc 1 121 18
 128 00ba 0123     		movs	r3, #1
 129 00bc FB75     		strb	r3, [r7, #23]
 122:Drivers/STM32L4xx_HAL_Driver/Src/stm32l4xx_hal_crc_ex.c ****         }
 123:Drivers/STM32L4xx_HAL_Driver/Src/stm32l4xx_hal_crc_ex.c ****         break;
 130              		.loc 1 123 9
 131 00be 10E0     		b	.L18
 132              	.L9:
 124:Drivers/STM32L4xx_HAL_Driver/Src/stm32l4xx_hal_crc_ex.c ****       case CRC_POLYLENGTH_8B:
 125:Drivers/STM32L4xx_HAL_Driver/Src/stm32l4xx_hal_crc_ex.c ****         if (msb >= HAL_CRC_LENGTH_8B)
 133              		.loc 1 125 12
 134 00c0 3B69     		ldr	r3, [r7, #16]
 135 00c2 072B     		cmp	r3, #7
 136 00c4 0FD9     		bls	.L19
 126:Drivers/STM32L4xx_HAL_Driver/Src/stm32l4xx_hal_crc_ex.c ****         {
 127:Drivers/STM32L4xx_HAL_Driver/Src/stm32l4xx_hal_crc_ex.c ****           status =   HAL_ERROR;
 137              		.loc 1 127 18
 138 00c6 0123     		movs	r3, #1
 139 00c8 FB75     		strb	r3, [r7, #23]
 128:Drivers/STM32L4xx_HAL_Driver/Src/stm32l4xx_hal_crc_ex.c ****         }
 129:Drivers/STM32L4xx_HAL_Driver/Src/stm32l4xx_hal_crc_ex.c ****         break;
 140              		.loc 1 129 9
 141 00ca 0CE0     		b	.L19
 142              	.L10:
 130:Drivers/STM32L4xx_HAL_Driver/Src/stm32l4xx_hal_crc_ex.c ****       case CRC_POLYLENGTH_16B:
 131:Drivers/STM32L4xx_HAL_Driver/Src/stm32l4xx_hal_crc_ex.c ****         if (msb >= HAL_CRC_LENGTH_16B)
 143              		.loc 1 131 12
 144 00cc 3B69     		ldr	r3, [r7, #16]
 145 00ce 0F2B     		cmp	r3, #15
 146 00d0 0BD9     		bls	.L20
 132:Drivers/STM32L4xx_HAL_Driver/Src/stm32l4xx_hal_crc_ex.c ****         {
 133:Drivers/STM32L4xx_HAL_Driver/Src/stm32l4xx_hal_crc_ex.c ****           status =   HAL_ERROR;
 147              		.loc 1 133 18
 148 00d2 0123     		movs	r3, #1
 149 00d4 FB75     		strb	r3, [r7, #23]
 134:Drivers/STM32L4xx_HAL_Driver/Src/stm32l4xx_hal_crc_ex.c ****         }
 135:Drivers/STM32L4xx_HAL_Driver/Src/stm32l4xx_hal_crc_ex.c ****         break;
 150              		.loc 1 135 9
 151 00d6 08E0     		b	.L20
 152              	.L6:
ARM GAS  /tmp/ccmkPlUt.s 			page 6


 136:Drivers/STM32L4xx_HAL_Driver/Src/stm32l4xx_hal_crc_ex.c **** 
 137:Drivers/STM32L4xx_HAL_Driver/Src/stm32l4xx_hal_crc_ex.c ****       case CRC_POLYLENGTH_32B:
 138:Drivers/STM32L4xx_HAL_Driver/Src/stm32l4xx_hal_crc_ex.c ****         /* no polynomial definition vs. polynomial length issue possible */
 139:Drivers/STM32L4xx_HAL_Driver/Src/stm32l4xx_hal_crc_ex.c ****         break;
 140:Drivers/STM32L4xx_HAL_Driver/Src/stm32l4xx_hal_crc_ex.c ****       default:
 141:Drivers/STM32L4xx_HAL_Driver/Src/stm32l4xx_hal_crc_ex.c ****         status =  HAL_ERROR;
 153              		.loc 1 141 16
 154 00d8 0123     		movs	r3, #1
 155 00da FB75     		strb	r3, [r7, #23]
 142:Drivers/STM32L4xx_HAL_Driver/Src/stm32l4xx_hal_crc_ex.c ****         break;
 156              		.loc 1 142 9
 157 00dc 06E0     		b	.L3
 158              	.L17:
 139:Drivers/STM32L4xx_HAL_Driver/Src/stm32l4xx_hal_crc_ex.c ****       default:
 159              		.loc 1 139 9
 160 00de 00BF     		nop
 161 00e0 04E0     		b	.L3
 162              	.L18:
 123:Drivers/STM32L4xx_HAL_Driver/Src/stm32l4xx_hal_crc_ex.c ****       case CRC_POLYLENGTH_8B:
 163              		.loc 1 123 9
 164 00e2 00BF     		nop
 165 00e4 02E0     		b	.L3
 166              	.L19:
 129:Drivers/STM32L4xx_HAL_Driver/Src/stm32l4xx_hal_crc_ex.c ****       case CRC_POLYLENGTH_16B:
 167              		.loc 1 129 9
 168 00e6 00BF     		nop
 169 00e8 00E0     		b	.L3
 170              	.L20:
 135:Drivers/STM32L4xx_HAL_Driver/Src/stm32l4xx_hal_crc_ex.c **** 
 171              		.loc 1 135 9
 172 00ea 00BF     		nop
 173              	.L3:
 143:Drivers/STM32L4xx_HAL_Driver/Src/stm32l4xx_hal_crc_ex.c ****     }
 144:Drivers/STM32L4xx_HAL_Driver/Src/stm32l4xx_hal_crc_ex.c ****   }
 145:Drivers/STM32L4xx_HAL_Driver/Src/stm32l4xx_hal_crc_ex.c ****   if (status == HAL_OK)
 174              		.loc 1 145 6
 175 00ec FB7D     		ldrb	r3, [r7, #23]	@ zero_extendqisi2
 176 00ee 002B     		cmp	r3, #0
 177 00f0 0DD1     		bne	.L15
 146:Drivers/STM32L4xx_HAL_Driver/Src/stm32l4xx_hal_crc_ex.c ****   {
 147:Drivers/STM32L4xx_HAL_Driver/Src/stm32l4xx_hal_crc_ex.c ****     /* set generating polynomial */
 148:Drivers/STM32L4xx_HAL_Driver/Src/stm32l4xx_hal_crc_ex.c ****     WRITE_REG(hcrc->Instance->POL, Pol);
 178              		.loc 1 148 5
 179 00f2 FB68     		ldr	r3, [r7, #12]
 180 00f4 1B68     		ldr	r3, [r3]
 181 00f6 BA68     		ldr	r2, [r7, #8]
 182 00f8 5A61     		str	r2, [r3, #20]
 149:Drivers/STM32L4xx_HAL_Driver/Src/stm32l4xx_hal_crc_ex.c **** 
 150:Drivers/STM32L4xx_HAL_Driver/Src/stm32l4xx_hal_crc_ex.c ****     /* set generating polynomial size */
 151:Drivers/STM32L4xx_HAL_Driver/Src/stm32l4xx_hal_crc_ex.c ****     MODIFY_REG(hcrc->Instance->CR, CRC_CR_POLYSIZE, PolyLength);
 183              		.loc 1 151 5
 184 00fa FB68     		ldr	r3, [r7, #12]
 185 00fc 1B68     		ldr	r3, [r3]
 186 00fe 9B68     		ldr	r3, [r3, #8]
 187 0100 23F01801 		bic	r1, r3, #24
 188 0104 FB68     		ldr	r3, [r7, #12]
 189 0106 1B68     		ldr	r3, [r3]
ARM GAS  /tmp/ccmkPlUt.s 			page 7


 190 0108 7A68     		ldr	r2, [r7, #4]
 191 010a 0A43     		orrs	r2, r2, r1
 192 010c 9A60     		str	r2, [r3, #8]
 193              	.L15:
 152:Drivers/STM32L4xx_HAL_Driver/Src/stm32l4xx_hal_crc_ex.c ****   }
 153:Drivers/STM32L4xx_HAL_Driver/Src/stm32l4xx_hal_crc_ex.c ****   /* Return function status */
 154:Drivers/STM32L4xx_HAL_Driver/Src/stm32l4xx_hal_crc_ex.c ****   return status;
 194              		.loc 1 154 10
 195 010e FB7D     		ldrb	r3, [r7, #23]	@ zero_extendqisi2
 155:Drivers/STM32L4xx_HAL_Driver/Src/stm32l4xx_hal_crc_ex.c **** }
 196              		.loc 1 155 1
 197 0110 1846     		mov	r0, r3
 198 0112 1C37     		adds	r7, r7, #28
 199              		.cfi_def_cfa_offset 4
 200 0114 BD46     		mov	sp, r7
 201              		.cfi_def_cfa_register 13
 202              		@ sp needed
 203 0116 5DF8047B 		ldr	r7, [sp], #4
 204              		.cfi_restore 7
 205              		.cfi_def_cfa_offset 0
 206 011a 7047     		bx	lr
 207              		.cfi_endproc
 208              	.LFE445:
 210              		.section	.text.HAL_CRCEx_Input_Data_Reverse,"ax",%progbits
 211              		.align	1
 212              		.global	HAL_CRCEx_Input_Data_Reverse
 213              		.syntax unified
 214              		.thumb
 215              		.thumb_func
 217              	HAL_CRCEx_Input_Data_Reverse:
 218              	.LFB446:
 156:Drivers/STM32L4xx_HAL_Driver/Src/stm32l4xx_hal_crc_ex.c **** 
 157:Drivers/STM32L4xx_HAL_Driver/Src/stm32l4xx_hal_crc_ex.c **** /**
 158:Drivers/STM32L4xx_HAL_Driver/Src/stm32l4xx_hal_crc_ex.c ****   * @brief  Set the Reverse Input data mode.
 159:Drivers/STM32L4xx_HAL_Driver/Src/stm32l4xx_hal_crc_ex.c ****   * @param  hcrc CRC handle
 160:Drivers/STM32L4xx_HAL_Driver/Src/stm32l4xx_hal_crc_ex.c ****   * @param  InputReverseMode Input Data inversion mode.
 161:Drivers/STM32L4xx_HAL_Driver/Src/stm32l4xx_hal_crc_ex.c ****   *         This parameter can be one of the following values:
 162:Drivers/STM32L4xx_HAL_Driver/Src/stm32l4xx_hal_crc_ex.c ****   *          @arg @ref CRC_INPUTDATA_INVERSION_NONE     no change in bit order (default value)
 163:Drivers/STM32L4xx_HAL_Driver/Src/stm32l4xx_hal_crc_ex.c ****   *          @arg @ref CRC_INPUTDATA_INVERSION_BYTE     Byte-wise bit reversal
 164:Drivers/STM32L4xx_HAL_Driver/Src/stm32l4xx_hal_crc_ex.c ****   *          @arg @ref CRC_INPUTDATA_INVERSION_HALFWORD HalfWord-wise bit reversal
 165:Drivers/STM32L4xx_HAL_Driver/Src/stm32l4xx_hal_crc_ex.c ****   *          @arg @ref CRC_INPUTDATA_INVERSION_WORD     Word-wise bit reversal
 166:Drivers/STM32L4xx_HAL_Driver/Src/stm32l4xx_hal_crc_ex.c ****   * @retval HAL status
 167:Drivers/STM32L4xx_HAL_Driver/Src/stm32l4xx_hal_crc_ex.c ****   */
 168:Drivers/STM32L4xx_HAL_Driver/Src/stm32l4xx_hal_crc_ex.c **** HAL_StatusTypeDef HAL_CRCEx_Input_Data_Reverse(CRC_HandleTypeDef *hcrc, uint32_t InputReverseMode)
 169:Drivers/STM32L4xx_HAL_Driver/Src/stm32l4xx_hal_crc_ex.c **** {
 219              		.loc 1 169 1
 220              		.cfi_startproc
 221              		@ args = 0, pretend = 0, frame = 8
 222              		@ frame_needed = 1, uses_anonymous_args = 0
 223              		@ link register save eliminated.
 224 0000 80B4     		push	{r7}
 225              		.cfi_def_cfa_offset 4
 226              		.cfi_offset 7, -4
 227 0002 83B0     		sub	sp, sp, #12
 228              		.cfi_def_cfa_offset 16
 229 0004 00AF     		add	r7, sp, #0
 230              		.cfi_def_cfa_register 7
ARM GAS  /tmp/ccmkPlUt.s 			page 8


 231 0006 7860     		str	r0, [r7, #4]
 232 0008 3960     		str	r1, [r7]
 170:Drivers/STM32L4xx_HAL_Driver/Src/stm32l4xx_hal_crc_ex.c ****   /* Check the parameters */
 171:Drivers/STM32L4xx_HAL_Driver/Src/stm32l4xx_hal_crc_ex.c ****   assert_param(IS_CRC_INPUTDATA_INVERSION_MODE(InputReverseMode));
 172:Drivers/STM32L4xx_HAL_Driver/Src/stm32l4xx_hal_crc_ex.c **** 
 173:Drivers/STM32L4xx_HAL_Driver/Src/stm32l4xx_hal_crc_ex.c ****   /* Change CRC peripheral state */
 174:Drivers/STM32L4xx_HAL_Driver/Src/stm32l4xx_hal_crc_ex.c ****   hcrc->State = HAL_CRC_STATE_BUSY;
 233              		.loc 1 174 15
 234 000a 7B68     		ldr	r3, [r7, #4]
 235 000c 0222     		movs	r2, #2
 236 000e 5A77     		strb	r2, [r3, #29]
 175:Drivers/STM32L4xx_HAL_Driver/Src/stm32l4xx_hal_crc_ex.c **** 
 176:Drivers/STM32L4xx_HAL_Driver/Src/stm32l4xx_hal_crc_ex.c ****   /* set input data inversion mode */
 177:Drivers/STM32L4xx_HAL_Driver/Src/stm32l4xx_hal_crc_ex.c ****   MODIFY_REG(hcrc->Instance->CR, CRC_CR_REV_IN, InputReverseMode);
 237              		.loc 1 177 3
 238 0010 7B68     		ldr	r3, [r7, #4]
 239 0012 1B68     		ldr	r3, [r3]
 240 0014 9B68     		ldr	r3, [r3, #8]
 241 0016 23F06001 		bic	r1, r3, #96
 242 001a 7B68     		ldr	r3, [r7, #4]
 243 001c 1B68     		ldr	r3, [r3]
 244 001e 3A68     		ldr	r2, [r7]
 245 0020 0A43     		orrs	r2, r2, r1
 246 0022 9A60     		str	r2, [r3, #8]
 178:Drivers/STM32L4xx_HAL_Driver/Src/stm32l4xx_hal_crc_ex.c ****   /* Change CRC peripheral state */
 179:Drivers/STM32L4xx_HAL_Driver/Src/stm32l4xx_hal_crc_ex.c ****   hcrc->State = HAL_CRC_STATE_READY;
 247              		.loc 1 179 15
 248 0024 7B68     		ldr	r3, [r7, #4]
 249 0026 0122     		movs	r2, #1
 250 0028 5A77     		strb	r2, [r3, #29]
 180:Drivers/STM32L4xx_HAL_Driver/Src/stm32l4xx_hal_crc_ex.c **** 
 181:Drivers/STM32L4xx_HAL_Driver/Src/stm32l4xx_hal_crc_ex.c ****   /* Return function status */
 182:Drivers/STM32L4xx_HAL_Driver/Src/stm32l4xx_hal_crc_ex.c ****   return HAL_OK;
 251              		.loc 1 182 10
 252 002a 0023     		movs	r3, #0
 183:Drivers/STM32L4xx_HAL_Driver/Src/stm32l4xx_hal_crc_ex.c **** }
 253              		.loc 1 183 1
 254 002c 1846     		mov	r0, r3
 255 002e 0C37     		adds	r7, r7, #12
 256              		.cfi_def_cfa_offset 4
 257 0030 BD46     		mov	sp, r7
 258              		.cfi_def_cfa_register 13
 259              		@ sp needed
 260 0032 5DF8047B 		ldr	r7, [sp], #4
 261              		.cfi_restore 7
 262              		.cfi_def_cfa_offset 0
 263 0036 7047     		bx	lr
 264              		.cfi_endproc
 265              	.LFE446:
 267              		.section	.text.HAL_CRCEx_Output_Data_Reverse,"ax",%progbits
 268              		.align	1
 269              		.global	HAL_CRCEx_Output_Data_Reverse
 270              		.syntax unified
 271              		.thumb
 272              		.thumb_func
 274              	HAL_CRCEx_Output_Data_Reverse:
 275              	.LFB447:
ARM GAS  /tmp/ccmkPlUt.s 			page 9


 184:Drivers/STM32L4xx_HAL_Driver/Src/stm32l4xx_hal_crc_ex.c **** 
 185:Drivers/STM32L4xx_HAL_Driver/Src/stm32l4xx_hal_crc_ex.c **** /**
 186:Drivers/STM32L4xx_HAL_Driver/Src/stm32l4xx_hal_crc_ex.c ****   * @brief  Set the Reverse Output data mode.
 187:Drivers/STM32L4xx_HAL_Driver/Src/stm32l4xx_hal_crc_ex.c ****   * @param  hcrc CRC handle
 188:Drivers/STM32L4xx_HAL_Driver/Src/stm32l4xx_hal_crc_ex.c ****   * @param  OutputReverseMode Output Data inversion mode.
 189:Drivers/STM32L4xx_HAL_Driver/Src/stm32l4xx_hal_crc_ex.c ****   *         This parameter can be one of the following values:
 190:Drivers/STM32L4xx_HAL_Driver/Src/stm32l4xx_hal_crc_ex.c ****   *          @arg @ref CRC_OUTPUTDATA_INVERSION_DISABLE no CRC inversion (default value)
 191:Drivers/STM32L4xx_HAL_Driver/Src/stm32l4xx_hal_crc_ex.c ****   *          @arg @ref CRC_OUTPUTDATA_INVERSION_ENABLE  bit-level inversion (e.g. for a 8-bit CRC: 
 192:Drivers/STM32L4xx_HAL_Driver/Src/stm32l4xx_hal_crc_ex.c ****   * @retval HAL status
 193:Drivers/STM32L4xx_HAL_Driver/Src/stm32l4xx_hal_crc_ex.c ****   */
 194:Drivers/STM32L4xx_HAL_Driver/Src/stm32l4xx_hal_crc_ex.c **** HAL_StatusTypeDef HAL_CRCEx_Output_Data_Reverse(CRC_HandleTypeDef *hcrc, uint32_t OutputReverseMode
 195:Drivers/STM32L4xx_HAL_Driver/Src/stm32l4xx_hal_crc_ex.c **** {
 276              		.loc 1 195 1
 277              		.cfi_startproc
 278              		@ args = 0, pretend = 0, frame = 8
 279              		@ frame_needed = 1, uses_anonymous_args = 0
 280              		@ link register save eliminated.
 281 0000 80B4     		push	{r7}
 282              		.cfi_def_cfa_offset 4
 283              		.cfi_offset 7, -4
 284 0002 83B0     		sub	sp, sp, #12
 285              		.cfi_def_cfa_offset 16
 286 0004 00AF     		add	r7, sp, #0
 287              		.cfi_def_cfa_register 7
 288 0006 7860     		str	r0, [r7, #4]
 289 0008 3960     		str	r1, [r7]
 196:Drivers/STM32L4xx_HAL_Driver/Src/stm32l4xx_hal_crc_ex.c ****   /* Check the parameters */
 197:Drivers/STM32L4xx_HAL_Driver/Src/stm32l4xx_hal_crc_ex.c ****   assert_param(IS_CRC_OUTPUTDATA_INVERSION_MODE(OutputReverseMode));
 198:Drivers/STM32L4xx_HAL_Driver/Src/stm32l4xx_hal_crc_ex.c **** 
 199:Drivers/STM32L4xx_HAL_Driver/Src/stm32l4xx_hal_crc_ex.c ****   /* Change CRC peripheral state */
 200:Drivers/STM32L4xx_HAL_Driver/Src/stm32l4xx_hal_crc_ex.c ****   hcrc->State = HAL_CRC_STATE_BUSY;
 290              		.loc 1 200 15
 291 000a 7B68     		ldr	r3, [r7, #4]
 292 000c 0222     		movs	r2, #2
 293 000e 5A77     		strb	r2, [r3, #29]
 201:Drivers/STM32L4xx_HAL_Driver/Src/stm32l4xx_hal_crc_ex.c **** 
 202:Drivers/STM32L4xx_HAL_Driver/Src/stm32l4xx_hal_crc_ex.c ****   /* set output data inversion mode */
 203:Drivers/STM32L4xx_HAL_Driver/Src/stm32l4xx_hal_crc_ex.c ****   MODIFY_REG(hcrc->Instance->CR, CRC_CR_REV_OUT, OutputReverseMode);
 294              		.loc 1 203 3
 295 0010 7B68     		ldr	r3, [r7, #4]
 296 0012 1B68     		ldr	r3, [r3]
 297 0014 9B68     		ldr	r3, [r3, #8]
 298 0016 23F08001 		bic	r1, r3, #128
 299 001a 7B68     		ldr	r3, [r7, #4]
 300 001c 1B68     		ldr	r3, [r3]
 301 001e 3A68     		ldr	r2, [r7]
 302 0020 0A43     		orrs	r2, r2, r1
 303 0022 9A60     		str	r2, [r3, #8]
 204:Drivers/STM32L4xx_HAL_Driver/Src/stm32l4xx_hal_crc_ex.c **** 
 205:Drivers/STM32L4xx_HAL_Driver/Src/stm32l4xx_hal_crc_ex.c ****   /* Change CRC peripheral state */
 206:Drivers/STM32L4xx_HAL_Driver/Src/stm32l4xx_hal_crc_ex.c ****   hcrc->State = HAL_CRC_STATE_READY;
 304              		.loc 1 206 15
 305 0024 7B68     		ldr	r3, [r7, #4]
 306 0026 0122     		movs	r2, #1
 307 0028 5A77     		strb	r2, [r3, #29]
 207:Drivers/STM32L4xx_HAL_Driver/Src/stm32l4xx_hal_crc_ex.c **** 
 208:Drivers/STM32L4xx_HAL_Driver/Src/stm32l4xx_hal_crc_ex.c ****   /* Return function status */
ARM GAS  /tmp/ccmkPlUt.s 			page 10


 209:Drivers/STM32L4xx_HAL_Driver/Src/stm32l4xx_hal_crc_ex.c ****   return HAL_OK;
 308              		.loc 1 209 10
 309 002a 0023     		movs	r3, #0
 210:Drivers/STM32L4xx_HAL_Driver/Src/stm32l4xx_hal_crc_ex.c **** }
 310              		.loc 1 210 1
 311 002c 1846     		mov	r0, r3
 312 002e 0C37     		adds	r7, r7, #12
 313              		.cfi_def_cfa_offset 4
 314 0030 BD46     		mov	sp, r7
 315              		.cfi_def_cfa_register 13
 316              		@ sp needed
 317 0032 5DF8047B 		ldr	r7, [sp], #4
 318              		.cfi_restore 7
 319              		.cfi_def_cfa_offset 0
 320 0036 7047     		bx	lr
 321              		.cfi_endproc
 322              	.LFE447:
 324              		.text
 325              	.Letext0:
 326              		.file 2 "/usr/lib/gcc/arm-none-eabi/13.2.1/include/stdint.h"
 327              		.file 3 "Drivers/CMSIS/Device/ST/STM32L4xx/Include/stm32l475xx.h"
 328              		.file 4 "Drivers/STM32L4xx_HAL_Driver/Inc/stm32l4xx_hal_def.h"
 329              		.file 5 "Drivers/STM32L4xx_HAL_Driver/Inc/stm32l4xx_hal_crc.h"
 330              		.file 6 "Drivers/STM32L4xx_HAL_Driver/Inc/stm32l4xx_ll_dma.h"
ARM GAS  /tmp/ccmkPlUt.s 			page 11


DEFINED SYMBOLS
                            *ABS*:00000000 stm32l4xx_hal_crc_ex.c
     /tmp/ccmkPlUt.s:21     .rodata.CHANNEL_OFFSET_TAB:00000000 $d
     /tmp/ccmkPlUt.s:24     .rodata.CHANNEL_OFFSET_TAB:00000000 CHANNEL_OFFSET_TAB
     /tmp/ccmkPlUt.s:27     .text.HAL_CRCEx_Polynomial_Set:00000000 $t
     /tmp/ccmkPlUt.s:33     .text.HAL_CRCEx_Polynomial_Set:00000000 HAL_CRCEx_Polynomial_Set
     /tmp/ccmkPlUt.s:96     .text.HAL_CRCEx_Polynomial_Set:00000050 $d
     /tmp/ccmkPlUt.s:121    .text.HAL_CRCEx_Polynomial_Set:000000b4 $t
     /tmp/ccmkPlUt.s:211    .text.HAL_CRCEx_Input_Data_Reverse:00000000 $t
     /tmp/ccmkPlUt.s:217    .text.HAL_CRCEx_Input_Data_Reverse:00000000 HAL_CRCEx_Input_Data_Reverse
     /tmp/ccmkPlUt.s:268    .text.HAL_CRCEx_Output_Data_Reverse:00000000 $t
     /tmp/ccmkPlUt.s:274    .text.HAL_CRCEx_Output_Data_Reverse:00000000 HAL_CRCEx_Output_Data_Reverse
                           .group:00000000 wm4.0.e7b64c2c371cf922f2c8028878d5c18e
                           .group:00000000 wm4.stm32l4xx_hal_conf.h.23.286c2f63aaa73ed97ffb4d26f7caa6e9
                           .group:00000000 wm4.stm32l4xx.h.38.9f5830373ca31b8a3cd182fdc6c7b69a
                           .group:00000000 wm4.stm32l475xx.h.34.2f1a75aed66751e299f09004aef64973
                           .group:00000000 wm4.stdint.h.29.6d480f4ba0f60596e88234283d42444f
                           .group:00000000 wm4.cmsis_version.h.32.46e8eccfa2cfeaae11d008bb2823a3ed
                           .group:00000000 wm4.core_cm4.h.66.e4ff136c4a17abc46741866f64f8e729
                           .group:00000000 wm4.cmsis_gcc.h.26.78077cef1206e937f7b56043ffca496a
                           .group:00000000 wm4.core_cm4.h.174.fcddd62df80231752fa39eb9b61dadfe
                           .group:00000000 wm4.mpu_armv7.h.32.4049752bb5792d4e15357775e9506cfc
                           .group:00000000 wm4.stm32l475xx.h.423.4d783859c9ac66890c9807dd7bd3a4db
                           .group:00000000 wm4.stm32l4xx.h.196.f5ae8047c57b6175c94f246ef967a286
                           .group:00000000 wm4.stm32_hal_legacy.h.22.08b8350ccf512ba8d98002fb33e7cbe5
                           .group:00000000 wm4.stddef.h.39.0dc9006b34572d4d9cae4c8b422c4971
                           .group:00000000 wm4.stm32l4xx_hal_def.h.58.1058a33f7217e935f2a6b51956d66a69
                           .group:00000000 wm4.stm32l4xx_hal_rcc.h.156.ab8eecc4e10f4827a2aa75d3549a356d
                           .group:00000000 wm4.stm32l4xx_hal_rcc_ex.h.20.4a82a27d561b6d42fa16a54f82e29067
                           .group:00000000 wm4.stm32l4xx_hal_gpio.h.21.2d2b1fd6aa6afa7b6dcc89cf752a9a25
                           .group:00000000 wm4.stm32l4xx_hal_gpio_ex.h.21.7ea705f5185dd3c6b8ea336f2858cd46
                           .group:00000000 wm4.stm32l4xx_ll_dma.h.21.b30e7f48d60d1fc53041ec1e3fd6e54a
                           .group:00000000 wm4.stm32l4xx_hal_dma.h.166.54a7f8d65cee6f051d541dc010387b5a
                           .group:00000000 wm4.stm32l4xx_hal_dfsdm.h.21.6785e38d00075079c7f2e5657def82ae
                           .group:00000000 wm4.stm32l4xx_hal_cortex.h.21.cb491126bd2d6f44e90b66f27acb8434
                           .group:00000000 wm4.stm32l4xx_ll_adc.h.21.0c578f71501c74365c67044efed214d6
                           .group:00000000 wm4.stm32l4xx_hal_adc.h.411.68f60682cdb20556089756a482f23764
                           .group:00000000 wm4.stm32l4xx_hal_adc_ex.h.21.7b82cb80166a21dfa8cb3e2fa8f8e654
                           .group:00000000 wm4.stm32l4xx_hal_can.h.21.5019586d8e7137c0cec16eb1f9d6677b
                           .group:00000000 wm4.stm32l4xx_ll_exti.h.21.d866eff070d6f999af2ce4ea60aa40ac
                           .group:00000000 wm4.stm32l4xx_hal_comp.h.87.7f14cb673a463359c83faa552328844d
                           .group:00000000 wm4.stm32l4xx_hal_crc.h.21.4c36a140cca35e6a8e478e76c6ad98e3
                           .group:00000000 wm4.stm32l4xx_hal_crc_ex.h.21.9cc3dead436542d416ee5572c231a242
                           .group:00000000 wm4.stm32l4xx_hal_dac.h.21.69feba704135531cf3d9b92de27b71d5
                           .group:00000000 wm4.stm32l4xx_hal_dac_ex.h.21.c86699169bead5415cc3e94027b67df4
                           .group:00000000 wm4.stm32l4xx_hal_exti.h.21.242e0410874d91d6d7523948fff74125
                           .group:00000000 wm4.stm32l4xx_hal_firewall.h.21.7ed44f4228fcc2ef96d2177dd8632645
                           .group:00000000 wm4.stm32l4xx_hal_flash.h.20.5e337018ccfa211b4afe888a79aae9f5
                           .group:00000000 wm4.stm32l4xx_hal_flash.h.846.0445f6ea07a3f9aac82891c8687d96fb
                           .group:00000000 wm4.stm32l4xx_ll_usb.h.21.5b5e42fb72a33dd326d7b20064953946
                           .group:00000000 wm4.stm32l4xx_hal_hcd.h.107.73f2fd24f57e8822da5cc86bd5ad3dfd
                           .group:00000000 wm4.stm32l4xx_hal_i2c.h.21.e7fc2065051c77019a818818e4a637d8
                           .group:00000000 wm4.stm32l4xx_hal_i2c_ex.h.21.ad4ad4e558d4fec06df87d163a6927d7
                           .group:00000000 wm4.stm32l4xx_hal_i2c.h.737.fa3908c81294cf0f9894ae336466002c
                           .group:00000000 wm4.stm32l4xx_hal_irda.h.21.136c042f9eef333167a549cc099df0c9
                           .group:00000000 wm4.stm32l4xx_hal_irda_ex.h.21.e0ada4e6d2b2cadfb512dd3c8ac0a637
                           .group:00000000 wm4.stm32l4xx_hal_iwdg.h.21.f94ca75f2fe1ebc7a2a8d0f5b58d8430
ARM GAS  /tmp/ccmkPlUt.s 			page 12


                           .group:00000000 wm4.stm32l4xx_hal_lptim.h.21.78222ea6639fc8c02789d293a048991e
                           .group:00000000 wm4.stm32l4xx_ll_sdmmc.h.21.65a5a8696b6ca7b87cc93d218084d702
                           .group:00000000 wm4.stm32l4xx_hal_mmc.h.69.8f4159f0a88ef1ebc33c58a8f10362b9
                           .group:00000000 wm4.stm32l4xx_ll_fmc.h.21.156a244c55010643ee92c6119049cb68
                           .group:00000000 wm4.stm32l4xx_hal_nand.h.176.9bfeac6e4e757991088bbd0df44e2be9
                           .group:00000000 wm4.stm32l4xx_hal_nor.h.21.d47e91e825f466bbac02fac0a7845a7a
                           .group:00000000 wm4.stm32l4xx_hal_opamp.h.21.9d841e1eaccee939f247b3f973f8af5f
                           .group:00000000 wm4.stm32l4xx_hal_pcd.h.169.addb1fac652268a18a0707cfcb5e2e47
                           .group:00000000 wm4.stm32l4xx_hal_pwr.h.21.7ddab2caa97243c36e496eca17b27618
                           .group:00000000 wm4.stm32l4xx_hal_pwr_ex.h.21.65ad8bbdbcb1950d945c0de10f22dc80
                           .group:00000000 wm4.stm32l4xx_hal_qspi.h.21.0291dad4eaa82101f2f77d76315c9b12
                           .group:00000000 wm4.stm32l4xx_hal_rng.h.21.96593715bdeab0c74ac9dfc538fb2feb
                           .group:00000000 wm4.stm32l4xx_hal_rtc.h.21.9da6b1aeebde99930891f803cb7f9678
                           .group:00000000 wm4.stm32l4xx_hal_rtc_ex.h.21.c692539378320719c7f2a2da1ca64502
                           .group:00000000 wm4.stm32l4xx_hal_rtc.h.999.c8bd9450c783628bd606ecb31bea5cc9
                           .group:00000000 wm4.stm32l4xx_hal_sai.h.21.c1165aaf2bbde65fae28ed4817be5cc5
                           .group:00000000 wm4.stm32l4xx_hal_sd.h.21.b395c90a87e82f7e8d77d4a518036063
                           .group:00000000 wm4.stm32l4xx_hal_smartcard.h.21.423c3ad63e0df35b864303e89e6d253c
                           .group:00000000 wm4.stm32l4xx_hal_smartcard_ex.h.21.801a2ce9252a785aec000b3fc7667a74
                           .group:00000000 wm4.stm32l4xx_hal_smbus.h.21.7480adb16468bfdce819ee591f21299e
                           .group:00000000 wm4.stm32l4xx_hal_smbus_ex.h.21.bdc715f5f6fb6612a871d3c03c3b871f
                           .group:00000000 wm4.stm32l4xx_hal_spi.h.21.3b51f9f7b241962f6b3483c47a43334f
                           .group:00000000 wm4.stm32l4xx_hal_sram.h.21.285210181e158bddc1cdde63dde572fd
                           .group:00000000 wm4.stm32l4xx_hal_swpmi.h.21.787f994f40b117a62aad9a6dd408b8fc
                           .group:00000000 wm4.stm32l4xx_hal_tim.h.21.d190832030e7505384ad081daa7ba8d6
                           .group:00000000 wm4.stm32l4xx_hal_tim_ex.h.21.1d0860218366ee9f64a97fd8af0ddee1
                           .group:00000000 wm4.stm32l4xx_hal_tsc.h.21.e9010049847ea38297d4b95a5ede0d8c
                           .group:00000000 wm4.stm32l4xx_hal_uart.h.21.480c0a64ca01596a921cda9dceb01df4
                           .group:00000000 wm4.stm32l4xx_hal_uart_ex.h.21.d793e64693c93af07c90464aef42bd83
                           .group:00000000 wm4.stm32l4xx_hal_usart.h.21.561c0058e33cb8df6671dcd29d5d25f9
                           .group:00000000 wm4.stm32l4xx_hal_usart_ex.h.21.111da650523691ebc80d64103d7b26e5
                           .group:00000000 wm4.stm32l4xx_hal_wwdg.h.21.073aa79d58120ae4fb8590c46b210051
                           .group:00000000 wm4.stm32l4xx_hal.h.75.d364b3778b3801d2f66bb409c48d396d

NO UNDEFINED SYMBOLS
