ARM GAS  /tmp/cc0dTca0.s 			page 1


   1              		.cpu cortex-m4
   2              		.arch armv7e-m
   3              		.fpu fpv4-sp-d16
   4              		.eabi_attribute 27, 1
   5              		.eabi_attribute 28, 1
   6              		.eabi_attribute 20, 1
   7              		.eabi_attribute 21, 1
   8              		.eabi_attribute 23, 3
   9              		.eabi_attribute 24, 1
  10              		.eabi_attribute 25, 1
  11              		.eabi_attribute 26, 1
  12              		.eabi_attribute 30, 6
  13              		.eabi_attribute 34, 1
  14              		.eabi_attribute 18, 4
  15              		.file	"system_stm32l4xx.c"
  16              		.text
  17              	.Ltext0:
  18              		.cfi_sections	.debug_frame
  19              		.file 1 "Drivers/CMSIS/Device/ST/STM32L4xx/Source/system_stm32l4xx.c"
  20              		.section	.rodata.CHANNEL_OFFSET_TAB,"a"
  21              		.align	2
  24              	CHANNEL_OFFSET_TAB:
  25 0000 081C3044 		.ascii	"\010\0340DXl\200"
  25      586C80
  26              		.global	SystemCoreClock
  27              		.section	.data.SystemCoreClock,"aw"
  28              		.align	2
  31              	SystemCoreClock:
  32 0000 00093D00 		.word	4000000
  33              		.global	AHBPrescTable
  34              		.section	.rodata.AHBPrescTable,"a"
  35              		.align	2
  38              	AHBPrescTable:
  39 0000 00000000 		.ascii	"\000\000\000\000\000\000\000\000\001\002\003\004\006"
  39      00000000 
  39      01020304 
  39      06
  40 000d 070809   		.ascii	"\007\010\011"
  41              		.global	APBPrescTable
  42              		.section	.rodata.APBPrescTable,"a"
  43              		.align	2
  46              	APBPrescTable:
  47 0000 00000000 		.ascii	"\000\000\000\000\001\002\003\004"
  47      01020304 
  48              		.global	MSIRangeTable
  49              		.section	.rodata.MSIRangeTable,"a"
  50              		.align	2
  53              	MSIRangeTable:
  54 0000 A0860100 		.word	100000
  55 0004 400D0300 		.word	200000
  56 0008 801A0600 		.word	400000
  57 000c 00350C00 		.word	800000
  58 0010 40420F00 		.word	1000000
  59 0014 80841E00 		.word	2000000
  60 0018 00093D00 		.word	4000000
  61 001c 00127A00 		.word	8000000
  62 0020 0024F400 		.word	16000000
ARM GAS  /tmp/cc0dTca0.s 			page 2


  63 0024 00366E01 		.word	24000000
  64 0028 0048E801 		.word	32000000
  65 002c 006CDC02 		.word	48000000
  66              		.section	.text.SystemInit,"ax",%progbits
  67              		.align	1
  68              		.global	SystemInit
  69              		.syntax unified
  70              		.thumb
  71              		.thumb_func
  73              	SystemInit:
  74              	.LFB445:
   1:Drivers/CMSIS/Device/ST/STM32L4xx/Source/system_stm32l4xx.c **** /**
   2:Drivers/CMSIS/Device/ST/STM32L4xx/Source/system_stm32l4xx.c ****   ******************************************************************************
   3:Drivers/CMSIS/Device/ST/STM32L4xx/Source/system_stm32l4xx.c ****   * @file    system_stm32l4xx.c
   4:Drivers/CMSIS/Device/ST/STM32L4xx/Source/system_stm32l4xx.c ****   * @author  MCD Application Team
   5:Drivers/CMSIS/Device/ST/STM32L4xx/Source/system_stm32l4xx.c ****   * @brief   CMSIS Cortex-M4 Device Peripheral Access Layer System Source File
   6:Drivers/CMSIS/Device/ST/STM32L4xx/Source/system_stm32l4xx.c ****   *
   7:Drivers/CMSIS/Device/ST/STM32L4xx/Source/system_stm32l4xx.c ****   *   This file provides two functions and one global variable to be called from
   8:Drivers/CMSIS/Device/ST/STM32L4xx/Source/system_stm32l4xx.c ****   *   user application:
   9:Drivers/CMSIS/Device/ST/STM32L4xx/Source/system_stm32l4xx.c ****   *      - SystemInit(): This function is called at startup just after reset and
  10:Drivers/CMSIS/Device/ST/STM32L4xx/Source/system_stm32l4xx.c ****   *                      before branch to main program. This call is made inside
  11:Drivers/CMSIS/Device/ST/STM32L4xx/Source/system_stm32l4xx.c ****   *                      the "startup_stm32l4xx.s" file.
  12:Drivers/CMSIS/Device/ST/STM32L4xx/Source/system_stm32l4xx.c ****   *
  13:Drivers/CMSIS/Device/ST/STM32L4xx/Source/system_stm32l4xx.c ****   *      - SystemCoreClock variable: Contains the core clock (HCLK), it can be used
  14:Drivers/CMSIS/Device/ST/STM32L4xx/Source/system_stm32l4xx.c ****   *                                  by the user application to setup the SysTick
  15:Drivers/CMSIS/Device/ST/STM32L4xx/Source/system_stm32l4xx.c ****   *                                  timer or configure other parameters.
  16:Drivers/CMSIS/Device/ST/STM32L4xx/Source/system_stm32l4xx.c ****   *
  17:Drivers/CMSIS/Device/ST/STM32L4xx/Source/system_stm32l4xx.c ****   *      - SystemCoreClockUpdate(): Updates the variable SystemCoreClock and must
  18:Drivers/CMSIS/Device/ST/STM32L4xx/Source/system_stm32l4xx.c ****   *                                 be called whenever the core clock is changed
  19:Drivers/CMSIS/Device/ST/STM32L4xx/Source/system_stm32l4xx.c ****   *                                 during program execution.
  20:Drivers/CMSIS/Device/ST/STM32L4xx/Source/system_stm32l4xx.c ****   *
  21:Drivers/CMSIS/Device/ST/STM32L4xx/Source/system_stm32l4xx.c ****   *   After each device reset the MSI (4 MHz) is used as system clock source.
  22:Drivers/CMSIS/Device/ST/STM32L4xx/Source/system_stm32l4xx.c ****   *   Then SystemInit() function is called, in "startup_stm32l4xx.s" file, to
  23:Drivers/CMSIS/Device/ST/STM32L4xx/Source/system_stm32l4xx.c ****   *   configure the system clock before to branch to main program.
  24:Drivers/CMSIS/Device/ST/STM32L4xx/Source/system_stm32l4xx.c ****   *
  25:Drivers/CMSIS/Device/ST/STM32L4xx/Source/system_stm32l4xx.c ****   *   This file configures the system clock as follows:
  26:Drivers/CMSIS/Device/ST/STM32L4xx/Source/system_stm32l4xx.c ****   *=============================================================================
  27:Drivers/CMSIS/Device/ST/STM32L4xx/Source/system_stm32l4xx.c ****   *-----------------------------------------------------------------------------
  28:Drivers/CMSIS/Device/ST/STM32L4xx/Source/system_stm32l4xx.c ****   *        System Clock source                    | MSI
  29:Drivers/CMSIS/Device/ST/STM32L4xx/Source/system_stm32l4xx.c ****   *-----------------------------------------------------------------------------
  30:Drivers/CMSIS/Device/ST/STM32L4xx/Source/system_stm32l4xx.c ****   *        SYSCLK(Hz)                             | 4000000
  31:Drivers/CMSIS/Device/ST/STM32L4xx/Source/system_stm32l4xx.c ****   *-----------------------------------------------------------------------------
  32:Drivers/CMSIS/Device/ST/STM32L4xx/Source/system_stm32l4xx.c ****   *        HCLK(Hz)                               | 4000000
  33:Drivers/CMSIS/Device/ST/STM32L4xx/Source/system_stm32l4xx.c ****   *-----------------------------------------------------------------------------
  34:Drivers/CMSIS/Device/ST/STM32L4xx/Source/system_stm32l4xx.c ****   *        AHB Prescaler                          | 1
  35:Drivers/CMSIS/Device/ST/STM32L4xx/Source/system_stm32l4xx.c ****   *-----------------------------------------------------------------------------
  36:Drivers/CMSIS/Device/ST/STM32L4xx/Source/system_stm32l4xx.c ****   *        APB1 Prescaler                         | 1
  37:Drivers/CMSIS/Device/ST/STM32L4xx/Source/system_stm32l4xx.c ****   *-----------------------------------------------------------------------------
  38:Drivers/CMSIS/Device/ST/STM32L4xx/Source/system_stm32l4xx.c ****   *        APB2 Prescaler                         | 1
  39:Drivers/CMSIS/Device/ST/STM32L4xx/Source/system_stm32l4xx.c ****   *-----------------------------------------------------------------------------
  40:Drivers/CMSIS/Device/ST/STM32L4xx/Source/system_stm32l4xx.c ****   *        PLL_M                                  | 1
  41:Drivers/CMSIS/Device/ST/STM32L4xx/Source/system_stm32l4xx.c ****   *-----------------------------------------------------------------------------
  42:Drivers/CMSIS/Device/ST/STM32L4xx/Source/system_stm32l4xx.c ****   *        PLL_N                                  | 8
  43:Drivers/CMSIS/Device/ST/STM32L4xx/Source/system_stm32l4xx.c ****   *-----------------------------------------------------------------------------
  44:Drivers/CMSIS/Device/ST/STM32L4xx/Source/system_stm32l4xx.c ****   *        PLL_P                                  | 7
  45:Drivers/CMSIS/Device/ST/STM32L4xx/Source/system_stm32l4xx.c ****   *-----------------------------------------------------------------------------
  46:Drivers/CMSIS/Device/ST/STM32L4xx/Source/system_stm32l4xx.c ****   *        PLL_Q                                  | 2
ARM GAS  /tmp/cc0dTca0.s 			page 3


  47:Drivers/CMSIS/Device/ST/STM32L4xx/Source/system_stm32l4xx.c ****   *-----------------------------------------------------------------------------
  48:Drivers/CMSIS/Device/ST/STM32L4xx/Source/system_stm32l4xx.c ****   *        PLL_R                                  | 2
  49:Drivers/CMSIS/Device/ST/STM32L4xx/Source/system_stm32l4xx.c ****   *-----------------------------------------------------------------------------
  50:Drivers/CMSIS/Device/ST/STM32L4xx/Source/system_stm32l4xx.c ****   *        PLLSAI1_P                              | NA
  51:Drivers/CMSIS/Device/ST/STM32L4xx/Source/system_stm32l4xx.c ****   *-----------------------------------------------------------------------------
  52:Drivers/CMSIS/Device/ST/STM32L4xx/Source/system_stm32l4xx.c ****   *        PLLSAI1_Q                              | NA
  53:Drivers/CMSIS/Device/ST/STM32L4xx/Source/system_stm32l4xx.c ****   *-----------------------------------------------------------------------------
  54:Drivers/CMSIS/Device/ST/STM32L4xx/Source/system_stm32l4xx.c ****   *        PLLSAI1_R                              | NA
  55:Drivers/CMSIS/Device/ST/STM32L4xx/Source/system_stm32l4xx.c ****   *-----------------------------------------------------------------------------
  56:Drivers/CMSIS/Device/ST/STM32L4xx/Source/system_stm32l4xx.c ****   *        PLLSAI2_P                              | NA
  57:Drivers/CMSIS/Device/ST/STM32L4xx/Source/system_stm32l4xx.c ****   *-----------------------------------------------------------------------------
  58:Drivers/CMSIS/Device/ST/STM32L4xx/Source/system_stm32l4xx.c ****   *        PLLSAI2_Q                              | NA
  59:Drivers/CMSIS/Device/ST/STM32L4xx/Source/system_stm32l4xx.c ****   *-----------------------------------------------------------------------------
  60:Drivers/CMSIS/Device/ST/STM32L4xx/Source/system_stm32l4xx.c ****   *        PLLSAI2_R                              | NA
  61:Drivers/CMSIS/Device/ST/STM32L4xx/Source/system_stm32l4xx.c ****   *-----------------------------------------------------------------------------
  62:Drivers/CMSIS/Device/ST/STM32L4xx/Source/system_stm32l4xx.c ****   *        Require 48MHz for USB OTG FS,          | Disabled
  63:Drivers/CMSIS/Device/ST/STM32L4xx/Source/system_stm32l4xx.c ****   *        SDIO and RNG clock                     |
  64:Drivers/CMSIS/Device/ST/STM32L4xx/Source/system_stm32l4xx.c ****   *-----------------------------------------------------------------------------
  65:Drivers/CMSIS/Device/ST/STM32L4xx/Source/system_stm32l4xx.c ****   *=============================================================================
  66:Drivers/CMSIS/Device/ST/STM32L4xx/Source/system_stm32l4xx.c ****   ******************************************************************************
  67:Drivers/CMSIS/Device/ST/STM32L4xx/Source/system_stm32l4xx.c ****   * @attention
  68:Drivers/CMSIS/Device/ST/STM32L4xx/Source/system_stm32l4xx.c ****   *
  69:Drivers/CMSIS/Device/ST/STM32L4xx/Source/system_stm32l4xx.c ****   * Copyright (c) 2017 STMicroelectronics.
  70:Drivers/CMSIS/Device/ST/STM32L4xx/Source/system_stm32l4xx.c ****   * All rights reserved.
  71:Drivers/CMSIS/Device/ST/STM32L4xx/Source/system_stm32l4xx.c ****   *
  72:Drivers/CMSIS/Device/ST/STM32L4xx/Source/system_stm32l4xx.c ****   * This software is licensed under terms that can be found in the LICENSE file
  73:Drivers/CMSIS/Device/ST/STM32L4xx/Source/system_stm32l4xx.c ****   * in the root directory of this software component.
  74:Drivers/CMSIS/Device/ST/STM32L4xx/Source/system_stm32l4xx.c ****   * If no LICENSE file comes with this software, it is provided AS-IS.
  75:Drivers/CMSIS/Device/ST/STM32L4xx/Source/system_stm32l4xx.c ****   *
  76:Drivers/CMSIS/Device/ST/STM32L4xx/Source/system_stm32l4xx.c ****   ******************************************************************************
  77:Drivers/CMSIS/Device/ST/STM32L4xx/Source/system_stm32l4xx.c ****   */
  78:Drivers/CMSIS/Device/ST/STM32L4xx/Source/system_stm32l4xx.c **** 
  79:Drivers/CMSIS/Device/ST/STM32L4xx/Source/system_stm32l4xx.c **** /** @addtogroup CMSIS
  80:Drivers/CMSIS/Device/ST/STM32L4xx/Source/system_stm32l4xx.c ****   * @{
  81:Drivers/CMSIS/Device/ST/STM32L4xx/Source/system_stm32l4xx.c ****   */
  82:Drivers/CMSIS/Device/ST/STM32L4xx/Source/system_stm32l4xx.c **** 
  83:Drivers/CMSIS/Device/ST/STM32L4xx/Source/system_stm32l4xx.c **** /** @addtogroup stm32l4xx_system
  84:Drivers/CMSIS/Device/ST/STM32L4xx/Source/system_stm32l4xx.c ****   * @{
  85:Drivers/CMSIS/Device/ST/STM32L4xx/Source/system_stm32l4xx.c ****   */
  86:Drivers/CMSIS/Device/ST/STM32L4xx/Source/system_stm32l4xx.c **** 
  87:Drivers/CMSIS/Device/ST/STM32L4xx/Source/system_stm32l4xx.c **** /** @addtogroup STM32L4xx_System_Private_Includes
  88:Drivers/CMSIS/Device/ST/STM32L4xx/Source/system_stm32l4xx.c ****   * @{
  89:Drivers/CMSIS/Device/ST/STM32L4xx/Source/system_stm32l4xx.c ****   */
  90:Drivers/CMSIS/Device/ST/STM32L4xx/Source/system_stm32l4xx.c **** 
  91:Drivers/CMSIS/Device/ST/STM32L4xx/Source/system_stm32l4xx.c **** #include "stm32l4xx.h"
  92:Drivers/CMSIS/Device/ST/STM32L4xx/Source/system_stm32l4xx.c **** 
  93:Drivers/CMSIS/Device/ST/STM32L4xx/Source/system_stm32l4xx.c **** /**
  94:Drivers/CMSIS/Device/ST/STM32L4xx/Source/system_stm32l4xx.c ****   * @}
  95:Drivers/CMSIS/Device/ST/STM32L4xx/Source/system_stm32l4xx.c ****   */
  96:Drivers/CMSIS/Device/ST/STM32L4xx/Source/system_stm32l4xx.c **** 
  97:Drivers/CMSIS/Device/ST/STM32L4xx/Source/system_stm32l4xx.c **** /** @addtogroup STM32L4xx_System_Private_TypesDefinitions
  98:Drivers/CMSIS/Device/ST/STM32L4xx/Source/system_stm32l4xx.c ****   * @{
  99:Drivers/CMSIS/Device/ST/STM32L4xx/Source/system_stm32l4xx.c ****   */
 100:Drivers/CMSIS/Device/ST/STM32L4xx/Source/system_stm32l4xx.c **** 
 101:Drivers/CMSIS/Device/ST/STM32L4xx/Source/system_stm32l4xx.c **** /**
 102:Drivers/CMSIS/Device/ST/STM32L4xx/Source/system_stm32l4xx.c ****   * @}
 103:Drivers/CMSIS/Device/ST/STM32L4xx/Source/system_stm32l4xx.c ****   */
ARM GAS  /tmp/cc0dTca0.s 			page 4


 104:Drivers/CMSIS/Device/ST/STM32L4xx/Source/system_stm32l4xx.c **** 
 105:Drivers/CMSIS/Device/ST/STM32L4xx/Source/system_stm32l4xx.c **** /** @addtogroup STM32L4xx_System_Private_Defines
 106:Drivers/CMSIS/Device/ST/STM32L4xx/Source/system_stm32l4xx.c ****   * @{
 107:Drivers/CMSIS/Device/ST/STM32L4xx/Source/system_stm32l4xx.c ****   */
 108:Drivers/CMSIS/Device/ST/STM32L4xx/Source/system_stm32l4xx.c **** 
 109:Drivers/CMSIS/Device/ST/STM32L4xx/Source/system_stm32l4xx.c **** #if !defined  (HSE_VALUE)
 110:Drivers/CMSIS/Device/ST/STM32L4xx/Source/system_stm32l4xx.c ****   #define HSE_VALUE    8000000U  /*!< Value of the External oscillator in Hz */
 111:Drivers/CMSIS/Device/ST/STM32L4xx/Source/system_stm32l4xx.c **** #endif /* HSE_VALUE */
 112:Drivers/CMSIS/Device/ST/STM32L4xx/Source/system_stm32l4xx.c **** 
 113:Drivers/CMSIS/Device/ST/STM32L4xx/Source/system_stm32l4xx.c **** #if !defined  (MSI_VALUE)
 114:Drivers/CMSIS/Device/ST/STM32L4xx/Source/system_stm32l4xx.c ****   #define MSI_VALUE    4000000U  /*!< Value of the Internal oscillator in Hz*/
 115:Drivers/CMSIS/Device/ST/STM32L4xx/Source/system_stm32l4xx.c **** #endif /* MSI_VALUE */
 116:Drivers/CMSIS/Device/ST/STM32L4xx/Source/system_stm32l4xx.c **** 
 117:Drivers/CMSIS/Device/ST/STM32L4xx/Source/system_stm32l4xx.c **** #if !defined  (HSI_VALUE)
 118:Drivers/CMSIS/Device/ST/STM32L4xx/Source/system_stm32l4xx.c ****   #define HSI_VALUE    16000000U /*!< Value of the Internal oscillator in Hz*/
 119:Drivers/CMSIS/Device/ST/STM32L4xx/Source/system_stm32l4xx.c **** #endif /* HSI_VALUE */
 120:Drivers/CMSIS/Device/ST/STM32L4xx/Source/system_stm32l4xx.c **** 
 121:Drivers/CMSIS/Device/ST/STM32L4xx/Source/system_stm32l4xx.c **** /* Note: Following vector table addresses must be defined in line with linker
 122:Drivers/CMSIS/Device/ST/STM32L4xx/Source/system_stm32l4xx.c ****          configuration. */
 123:Drivers/CMSIS/Device/ST/STM32L4xx/Source/system_stm32l4xx.c **** /*!< Uncomment the following line if you need to relocate the vector table
 124:Drivers/CMSIS/Device/ST/STM32L4xx/Source/system_stm32l4xx.c ****      anywhere in Flash or Sram, else the vector table is kept at the automatic
 125:Drivers/CMSIS/Device/ST/STM32L4xx/Source/system_stm32l4xx.c ****      remap of boot address selected */
 126:Drivers/CMSIS/Device/ST/STM32L4xx/Source/system_stm32l4xx.c **** /* #define USER_VECT_TAB_ADDRESS */
 127:Drivers/CMSIS/Device/ST/STM32L4xx/Source/system_stm32l4xx.c **** 
 128:Drivers/CMSIS/Device/ST/STM32L4xx/Source/system_stm32l4xx.c **** #if defined(USER_VECT_TAB_ADDRESS)
 129:Drivers/CMSIS/Device/ST/STM32L4xx/Source/system_stm32l4xx.c **** /*!< Uncomment the following line if you need to relocate your vector Table
 130:Drivers/CMSIS/Device/ST/STM32L4xx/Source/system_stm32l4xx.c ****      in Sram else user remap will be done in Flash. */
 131:Drivers/CMSIS/Device/ST/STM32L4xx/Source/system_stm32l4xx.c **** /* #define VECT_TAB_SRAM */
 132:Drivers/CMSIS/Device/ST/STM32L4xx/Source/system_stm32l4xx.c **** 
 133:Drivers/CMSIS/Device/ST/STM32L4xx/Source/system_stm32l4xx.c **** #if defined(VECT_TAB_SRAM)
 134:Drivers/CMSIS/Device/ST/STM32L4xx/Source/system_stm32l4xx.c **** #define VECT_TAB_BASE_ADDRESS   SRAM1_BASE      /*!< Vector Table base address field.
 135:Drivers/CMSIS/Device/ST/STM32L4xx/Source/system_stm32l4xx.c ****                                                      This value must be a multiple of 0x200. */
 136:Drivers/CMSIS/Device/ST/STM32L4xx/Source/system_stm32l4xx.c **** #else
 137:Drivers/CMSIS/Device/ST/STM32L4xx/Source/system_stm32l4xx.c **** #define VECT_TAB_BASE_ADDRESS   FLASH_BASE      /*!< Vector Table base address field.
 138:Drivers/CMSIS/Device/ST/STM32L4xx/Source/system_stm32l4xx.c ****                                                      This value must be a multiple of 0x200. */
 139:Drivers/CMSIS/Device/ST/STM32L4xx/Source/system_stm32l4xx.c **** #endif /* VECT_TAB_SRAM */
 140:Drivers/CMSIS/Device/ST/STM32L4xx/Source/system_stm32l4xx.c **** 
 141:Drivers/CMSIS/Device/ST/STM32L4xx/Source/system_stm32l4xx.c **** #if !defined(VECT_TAB_OFFSET)
 142:Drivers/CMSIS/Device/ST/STM32L4xx/Source/system_stm32l4xx.c **** #define VECT_TAB_OFFSET         0x00000000U     /*!< Vector Table offset field.
 143:Drivers/CMSIS/Device/ST/STM32L4xx/Source/system_stm32l4xx.c ****                                                      This value must be a multiple of 0x200. */
 144:Drivers/CMSIS/Device/ST/STM32L4xx/Source/system_stm32l4xx.c **** #endif /* VECT_TAB_OFFSET */
 145:Drivers/CMSIS/Device/ST/STM32L4xx/Source/system_stm32l4xx.c **** 
 146:Drivers/CMSIS/Device/ST/STM32L4xx/Source/system_stm32l4xx.c **** #endif /* USER_VECT_TAB_ADDRESS */
 147:Drivers/CMSIS/Device/ST/STM32L4xx/Source/system_stm32l4xx.c **** 
 148:Drivers/CMSIS/Device/ST/STM32L4xx/Source/system_stm32l4xx.c **** /******************************************************************************/
 149:Drivers/CMSIS/Device/ST/STM32L4xx/Source/system_stm32l4xx.c **** /**
 150:Drivers/CMSIS/Device/ST/STM32L4xx/Source/system_stm32l4xx.c ****   * @}
 151:Drivers/CMSIS/Device/ST/STM32L4xx/Source/system_stm32l4xx.c ****   */
 152:Drivers/CMSIS/Device/ST/STM32L4xx/Source/system_stm32l4xx.c **** 
 153:Drivers/CMSIS/Device/ST/STM32L4xx/Source/system_stm32l4xx.c **** /** @addtogroup STM32L4xx_System_Private_Macros
 154:Drivers/CMSIS/Device/ST/STM32L4xx/Source/system_stm32l4xx.c ****   * @{
 155:Drivers/CMSIS/Device/ST/STM32L4xx/Source/system_stm32l4xx.c ****   */
 156:Drivers/CMSIS/Device/ST/STM32L4xx/Source/system_stm32l4xx.c **** 
 157:Drivers/CMSIS/Device/ST/STM32L4xx/Source/system_stm32l4xx.c **** /**
 158:Drivers/CMSIS/Device/ST/STM32L4xx/Source/system_stm32l4xx.c ****   * @}
 159:Drivers/CMSIS/Device/ST/STM32L4xx/Source/system_stm32l4xx.c ****   */
 160:Drivers/CMSIS/Device/ST/STM32L4xx/Source/system_stm32l4xx.c **** 
ARM GAS  /tmp/cc0dTca0.s 			page 5


 161:Drivers/CMSIS/Device/ST/STM32L4xx/Source/system_stm32l4xx.c **** /** @addtogroup STM32L4xx_System_Private_Variables
 162:Drivers/CMSIS/Device/ST/STM32L4xx/Source/system_stm32l4xx.c ****   * @{
 163:Drivers/CMSIS/Device/ST/STM32L4xx/Source/system_stm32l4xx.c ****   */
 164:Drivers/CMSIS/Device/ST/STM32L4xx/Source/system_stm32l4xx.c ****   /* The SystemCoreClock variable is updated in three ways:
 165:Drivers/CMSIS/Device/ST/STM32L4xx/Source/system_stm32l4xx.c ****       1) by calling CMSIS function SystemCoreClockUpdate()
 166:Drivers/CMSIS/Device/ST/STM32L4xx/Source/system_stm32l4xx.c ****       2) by calling HAL API function HAL_RCC_GetHCLKFreq()
 167:Drivers/CMSIS/Device/ST/STM32L4xx/Source/system_stm32l4xx.c ****       3) each time HAL_RCC_ClockConfig() is called to configure the system clock frequency
 168:Drivers/CMSIS/Device/ST/STM32L4xx/Source/system_stm32l4xx.c ****          Note: If you use this function to configure the system clock; then there
 169:Drivers/CMSIS/Device/ST/STM32L4xx/Source/system_stm32l4xx.c ****                is no need to call the 2 first functions listed above, since SystemCoreClock
 170:Drivers/CMSIS/Device/ST/STM32L4xx/Source/system_stm32l4xx.c ****                variable is updated automatically.
 171:Drivers/CMSIS/Device/ST/STM32L4xx/Source/system_stm32l4xx.c ****   */
 172:Drivers/CMSIS/Device/ST/STM32L4xx/Source/system_stm32l4xx.c ****   uint32_t SystemCoreClock = 4000000U;
 173:Drivers/CMSIS/Device/ST/STM32L4xx/Source/system_stm32l4xx.c **** 
 174:Drivers/CMSIS/Device/ST/STM32L4xx/Source/system_stm32l4xx.c ****   const uint8_t  AHBPrescTable[16] = {0U, 0U, 0U, 0U, 0U, 0U, 0U, 0U, 1U, 2U, 3U, 4U, 6U, 7U, 8U, 9
 175:Drivers/CMSIS/Device/ST/STM32L4xx/Source/system_stm32l4xx.c ****   const uint8_t  APBPrescTable[8] =  {0U, 0U, 0U, 0U, 1U, 2U, 3U, 4U};
 176:Drivers/CMSIS/Device/ST/STM32L4xx/Source/system_stm32l4xx.c ****   const uint32_t MSIRangeTable[12] = {100000U,   200000U,   400000U,   800000U,  1000000U,  2000000
 177:Drivers/CMSIS/Device/ST/STM32L4xx/Source/system_stm32l4xx.c ****                                       4000000U, 8000000U, 16000000U, 24000000U, 32000000U, 48000000
 178:Drivers/CMSIS/Device/ST/STM32L4xx/Source/system_stm32l4xx.c **** /**
 179:Drivers/CMSIS/Device/ST/STM32L4xx/Source/system_stm32l4xx.c ****   * @}
 180:Drivers/CMSIS/Device/ST/STM32L4xx/Source/system_stm32l4xx.c ****   */
 181:Drivers/CMSIS/Device/ST/STM32L4xx/Source/system_stm32l4xx.c **** 
 182:Drivers/CMSIS/Device/ST/STM32L4xx/Source/system_stm32l4xx.c **** /** @addtogroup STM32L4xx_System_Private_FunctionPrototypes
 183:Drivers/CMSIS/Device/ST/STM32L4xx/Source/system_stm32l4xx.c ****   * @{
 184:Drivers/CMSIS/Device/ST/STM32L4xx/Source/system_stm32l4xx.c ****   */
 185:Drivers/CMSIS/Device/ST/STM32L4xx/Source/system_stm32l4xx.c **** 
 186:Drivers/CMSIS/Device/ST/STM32L4xx/Source/system_stm32l4xx.c **** /**
 187:Drivers/CMSIS/Device/ST/STM32L4xx/Source/system_stm32l4xx.c ****   * @}
 188:Drivers/CMSIS/Device/ST/STM32L4xx/Source/system_stm32l4xx.c ****   */
 189:Drivers/CMSIS/Device/ST/STM32L4xx/Source/system_stm32l4xx.c **** 
 190:Drivers/CMSIS/Device/ST/STM32L4xx/Source/system_stm32l4xx.c **** /** @addtogroup STM32L4xx_System_Private_Functions
 191:Drivers/CMSIS/Device/ST/STM32L4xx/Source/system_stm32l4xx.c ****   * @{
 192:Drivers/CMSIS/Device/ST/STM32L4xx/Source/system_stm32l4xx.c ****   */
 193:Drivers/CMSIS/Device/ST/STM32L4xx/Source/system_stm32l4xx.c **** 
 194:Drivers/CMSIS/Device/ST/STM32L4xx/Source/system_stm32l4xx.c **** /**
 195:Drivers/CMSIS/Device/ST/STM32L4xx/Source/system_stm32l4xx.c ****   * @brief  Setup the microcontroller system.
 196:Drivers/CMSIS/Device/ST/STM32L4xx/Source/system_stm32l4xx.c ****   * @retval None
 197:Drivers/CMSIS/Device/ST/STM32L4xx/Source/system_stm32l4xx.c ****   */
 198:Drivers/CMSIS/Device/ST/STM32L4xx/Source/system_stm32l4xx.c **** 
 199:Drivers/CMSIS/Device/ST/STM32L4xx/Source/system_stm32l4xx.c **** void SystemInit(void)
 200:Drivers/CMSIS/Device/ST/STM32L4xx/Source/system_stm32l4xx.c **** {
  75              		.loc 1 200 1
  76              		.cfi_startproc
  77              		@ args = 0, pretend = 0, frame = 0
  78              		@ frame_needed = 1, uses_anonymous_args = 0
  79              		@ link register save eliminated.
  80 0000 80B4     		push	{r7}
  81              		.cfi_def_cfa_offset 4
  82              		.cfi_offset 7, -4
  83 0002 00AF     		add	r7, sp, #0
  84              		.cfi_def_cfa_register 7
 201:Drivers/CMSIS/Device/ST/STM32L4xx/Source/system_stm32l4xx.c **** #if defined(USER_VECT_TAB_ADDRESS)
 202:Drivers/CMSIS/Device/ST/STM32L4xx/Source/system_stm32l4xx.c ****   /* Configure the Vector Table location -------------------------------------*/
 203:Drivers/CMSIS/Device/ST/STM32L4xx/Source/system_stm32l4xx.c ****   SCB->VTOR = VECT_TAB_BASE_ADDRESS | VECT_TAB_OFFSET;
 204:Drivers/CMSIS/Device/ST/STM32L4xx/Source/system_stm32l4xx.c **** #endif
 205:Drivers/CMSIS/Device/ST/STM32L4xx/Source/system_stm32l4xx.c **** 
 206:Drivers/CMSIS/Device/ST/STM32L4xx/Source/system_stm32l4xx.c ****   /* FPU settings ------------------------------------------------------------*/
 207:Drivers/CMSIS/Device/ST/STM32L4xx/Source/system_stm32l4xx.c **** #if (__FPU_PRESENT == 1) && (__FPU_USED == 1)
ARM GAS  /tmp/cc0dTca0.s 			page 6


 208:Drivers/CMSIS/Device/ST/STM32L4xx/Source/system_stm32l4xx.c ****   SCB->CPACR |= ((3UL << 20U)|(3UL << 22U));  /* set CP10 and CP11 Full Access */
  85              		.loc 1 208 6
  86 0004 064B     		ldr	r3, .L2
  87 0006 D3F88830 		ldr	r3, [r3, #136]
  88 000a 054A     		ldr	r2, .L2
  89              		.loc 1 208 14
  90 000c 43F47003 		orr	r3, r3, #15728640
  91 0010 C2F88830 		str	r3, [r2, #136]
 209:Drivers/CMSIS/Device/ST/STM32L4xx/Source/system_stm32l4xx.c **** #endif
 210:Drivers/CMSIS/Device/ST/STM32L4xx/Source/system_stm32l4xx.c **** }
  92              		.loc 1 210 1
  93 0014 00BF     		nop
  94 0016 BD46     		mov	sp, r7
  95              		.cfi_def_cfa_register 13
  96              		@ sp needed
  97 0018 5DF8047B 		ldr	r7, [sp], #4
  98              		.cfi_restore 7
  99              		.cfi_def_cfa_offset 0
 100 001c 7047     		bx	lr
 101              	.L3:
 102 001e 00BF     		.align	2
 103              	.L2:
 104 0020 00ED00E0 		.word	-536810240
 105              		.cfi_endproc
 106              	.LFE445:
 108              		.section	.text.SystemCoreClockUpdate,"ax",%progbits
 109              		.align	1
 110              		.global	SystemCoreClockUpdate
 111              		.syntax unified
 112              		.thumb
 113              		.thumb_func
 115              	SystemCoreClockUpdate:
 116              	.LFB446:
 211:Drivers/CMSIS/Device/ST/STM32L4xx/Source/system_stm32l4xx.c **** 
 212:Drivers/CMSIS/Device/ST/STM32L4xx/Source/system_stm32l4xx.c **** /**
 213:Drivers/CMSIS/Device/ST/STM32L4xx/Source/system_stm32l4xx.c ****   * @brief  Update SystemCoreClock variable according to Clock Register Values.
 214:Drivers/CMSIS/Device/ST/STM32L4xx/Source/system_stm32l4xx.c ****   *         The SystemCoreClock variable contains the core clock (HCLK), it can
 215:Drivers/CMSIS/Device/ST/STM32L4xx/Source/system_stm32l4xx.c ****   *         be used by the user application to setup the SysTick timer or configure
 216:Drivers/CMSIS/Device/ST/STM32L4xx/Source/system_stm32l4xx.c ****   *         other parameters.
 217:Drivers/CMSIS/Device/ST/STM32L4xx/Source/system_stm32l4xx.c ****   *
 218:Drivers/CMSIS/Device/ST/STM32L4xx/Source/system_stm32l4xx.c ****   * @note   Each time the core clock (HCLK) changes, this function must be called
 219:Drivers/CMSIS/Device/ST/STM32L4xx/Source/system_stm32l4xx.c ****   *         to update SystemCoreClock variable value. Otherwise, any configuration
 220:Drivers/CMSIS/Device/ST/STM32L4xx/Source/system_stm32l4xx.c ****   *         based on this variable will be incorrect.
 221:Drivers/CMSIS/Device/ST/STM32L4xx/Source/system_stm32l4xx.c ****   *
 222:Drivers/CMSIS/Device/ST/STM32L4xx/Source/system_stm32l4xx.c ****   * @note   - The system frequency computed by this function is not the real
 223:Drivers/CMSIS/Device/ST/STM32L4xx/Source/system_stm32l4xx.c ****   *           frequency in the chip. It is calculated based on the predefined
 224:Drivers/CMSIS/Device/ST/STM32L4xx/Source/system_stm32l4xx.c ****   *           constant and the selected clock source:
 225:Drivers/CMSIS/Device/ST/STM32L4xx/Source/system_stm32l4xx.c ****   *
 226:Drivers/CMSIS/Device/ST/STM32L4xx/Source/system_stm32l4xx.c ****   *           - If SYSCLK source is MSI, SystemCoreClock will contain the MSI_VALUE(*)
 227:Drivers/CMSIS/Device/ST/STM32L4xx/Source/system_stm32l4xx.c ****   *
 228:Drivers/CMSIS/Device/ST/STM32L4xx/Source/system_stm32l4xx.c ****   *           - If SYSCLK source is HSI, SystemCoreClock will contain the HSI_VALUE(**)
 229:Drivers/CMSIS/Device/ST/STM32L4xx/Source/system_stm32l4xx.c ****   *
 230:Drivers/CMSIS/Device/ST/STM32L4xx/Source/system_stm32l4xx.c ****   *           - If SYSCLK source is HSE, SystemCoreClock will contain the HSE_VALUE(***)
 231:Drivers/CMSIS/Device/ST/STM32L4xx/Source/system_stm32l4xx.c ****   *
 232:Drivers/CMSIS/Device/ST/STM32L4xx/Source/system_stm32l4xx.c ****   *           - If SYSCLK source is PLL, SystemCoreClock will contain the HSE_VALUE(***)
 233:Drivers/CMSIS/Device/ST/STM32L4xx/Source/system_stm32l4xx.c ****   *             or HSI_VALUE(*) or MSI_VALUE(*) multiplied/divided by the PLL factors.
 234:Drivers/CMSIS/Device/ST/STM32L4xx/Source/system_stm32l4xx.c ****   *
ARM GAS  /tmp/cc0dTca0.s 			page 7


 235:Drivers/CMSIS/Device/ST/STM32L4xx/Source/system_stm32l4xx.c ****   *         (*) MSI_VALUE is a constant defined in stm32l4xx_hal.h file (default value
 236:Drivers/CMSIS/Device/ST/STM32L4xx/Source/system_stm32l4xx.c ****   *             4 MHz) but the real value may vary depending on the variations
 237:Drivers/CMSIS/Device/ST/STM32L4xx/Source/system_stm32l4xx.c ****   *             in voltage and temperature.
 238:Drivers/CMSIS/Device/ST/STM32L4xx/Source/system_stm32l4xx.c ****   *
 239:Drivers/CMSIS/Device/ST/STM32L4xx/Source/system_stm32l4xx.c ****   *         (**) HSI_VALUE is a constant defined in stm32l4xx_hal.h file (default value
 240:Drivers/CMSIS/Device/ST/STM32L4xx/Source/system_stm32l4xx.c ****   *              16 MHz) but the real value may vary depending on the variations
 241:Drivers/CMSIS/Device/ST/STM32L4xx/Source/system_stm32l4xx.c ****   *              in voltage and temperature.
 242:Drivers/CMSIS/Device/ST/STM32L4xx/Source/system_stm32l4xx.c ****   *
 243:Drivers/CMSIS/Device/ST/STM32L4xx/Source/system_stm32l4xx.c ****   *         (***) HSE_VALUE is a constant defined in stm32l4xx_hal.h file (default value
 244:Drivers/CMSIS/Device/ST/STM32L4xx/Source/system_stm32l4xx.c ****   *              8 MHz), user has to ensure that HSE_VALUE is same as the real
 245:Drivers/CMSIS/Device/ST/STM32L4xx/Source/system_stm32l4xx.c ****   *              frequency of the crystal used. Otherwise, this function may
 246:Drivers/CMSIS/Device/ST/STM32L4xx/Source/system_stm32l4xx.c ****   *              have wrong result.
 247:Drivers/CMSIS/Device/ST/STM32L4xx/Source/system_stm32l4xx.c ****   *
 248:Drivers/CMSIS/Device/ST/STM32L4xx/Source/system_stm32l4xx.c ****   *         - The result of this function could be not correct when using fractional
 249:Drivers/CMSIS/Device/ST/STM32L4xx/Source/system_stm32l4xx.c ****   *           value for HSE crystal.
 250:Drivers/CMSIS/Device/ST/STM32L4xx/Source/system_stm32l4xx.c ****   *
 251:Drivers/CMSIS/Device/ST/STM32L4xx/Source/system_stm32l4xx.c ****   * @retval None
 252:Drivers/CMSIS/Device/ST/STM32L4xx/Source/system_stm32l4xx.c ****   */
 253:Drivers/CMSIS/Device/ST/STM32L4xx/Source/system_stm32l4xx.c **** void SystemCoreClockUpdate(void)
 254:Drivers/CMSIS/Device/ST/STM32L4xx/Source/system_stm32l4xx.c **** {
 117              		.loc 1 254 1
 118              		.cfi_startproc
 119              		@ args = 0, pretend = 0, frame = 24
 120              		@ frame_needed = 1, uses_anonymous_args = 0
 121              		@ link register save eliminated.
 122 0000 80B4     		push	{r7}
 123              		.cfi_def_cfa_offset 4
 124              		.cfi_offset 7, -4
 125 0002 87B0     		sub	sp, sp, #28
 126              		.cfi_def_cfa_offset 32
 127 0004 00AF     		add	r7, sp, #0
 128              		.cfi_def_cfa_register 7
 255:Drivers/CMSIS/Device/ST/STM32L4xx/Source/system_stm32l4xx.c ****   uint32_t tmp, msirange, pllvco, pllsource, pllm, pllr;
 256:Drivers/CMSIS/Device/ST/STM32L4xx/Source/system_stm32l4xx.c **** 
 257:Drivers/CMSIS/Device/ST/STM32L4xx/Source/system_stm32l4xx.c ****   /* Get MSI Range frequency--------------------------------------------------*/
 258:Drivers/CMSIS/Device/ST/STM32L4xx/Source/system_stm32l4xx.c ****   if ((RCC->CR & RCC_CR_MSIRGSEL) == 0U)
 129              		.loc 1 258 11
 130 0006 4F4B     		ldr	r3, .L19
 131 0008 1B68     		ldr	r3, [r3]
 132              		.loc 1 258 16
 133 000a 03F00803 		and	r3, r3, #8
 134              		.loc 1 258 6
 135 000e 002B     		cmp	r3, #0
 136 0010 07D1     		bne	.L5
 259:Drivers/CMSIS/Device/ST/STM32L4xx/Source/system_stm32l4xx.c ****   { /* MSISRANGE from RCC_CSR applies */
 260:Drivers/CMSIS/Device/ST/STM32L4xx/Source/system_stm32l4xx.c ****     msirange = (RCC->CSR & RCC_CSR_MSISRANGE) >> 8U;
 137              		.loc 1 260 20
 138 0012 4C4B     		ldr	r3, .L19
 139 0014 D3F89430 		ldr	r3, [r3, #148]
 140              		.loc 1 260 47
 141 0018 1B0A     		lsrs	r3, r3, #8
 142              		.loc 1 260 14
 143 001a 03F00F03 		and	r3, r3, #15
 144 001e 7B61     		str	r3, [r7, #20]
 145 0020 05E0     		b	.L6
 146              	.L5:
 261:Drivers/CMSIS/Device/ST/STM32L4xx/Source/system_stm32l4xx.c ****   }
ARM GAS  /tmp/cc0dTca0.s 			page 8


 262:Drivers/CMSIS/Device/ST/STM32L4xx/Source/system_stm32l4xx.c ****   else
 263:Drivers/CMSIS/Device/ST/STM32L4xx/Source/system_stm32l4xx.c ****   { /* MSIRANGE from RCC_CR applies */
 264:Drivers/CMSIS/Device/ST/STM32L4xx/Source/system_stm32l4xx.c ****     msirange = (RCC->CR & RCC_CR_MSIRANGE) >> 4U;
 147              		.loc 1 264 20
 148 0022 484B     		ldr	r3, .L19
 149 0024 1B68     		ldr	r3, [r3]
 150              		.loc 1 264 44
 151 0026 1B09     		lsrs	r3, r3, #4
 152              		.loc 1 264 14
 153 0028 03F00F03 		and	r3, r3, #15
 154 002c 7B61     		str	r3, [r7, #20]
 155              	.L6:
 265:Drivers/CMSIS/Device/ST/STM32L4xx/Source/system_stm32l4xx.c ****   }
 266:Drivers/CMSIS/Device/ST/STM32L4xx/Source/system_stm32l4xx.c ****   /*MSI frequency range in HZ*/
 267:Drivers/CMSIS/Device/ST/STM32L4xx/Source/system_stm32l4xx.c ****   msirange = MSIRangeTable[msirange];
 156              		.loc 1 267 12
 157 002e 464A     		ldr	r2, .L19+4
 158 0030 7B69     		ldr	r3, [r7, #20]
 159 0032 52F82330 		ldr	r3, [r2, r3, lsl #2]
 160 0036 7B61     		str	r3, [r7, #20]
 268:Drivers/CMSIS/Device/ST/STM32L4xx/Source/system_stm32l4xx.c **** 
 269:Drivers/CMSIS/Device/ST/STM32L4xx/Source/system_stm32l4xx.c ****   /* Get SYSCLK source -------------------------------------------------------*/
 270:Drivers/CMSIS/Device/ST/STM32L4xx/Source/system_stm32l4xx.c ****   switch (RCC->CFGR & RCC_CFGR_SWS)
 161              		.loc 1 270 14
 162 0038 424B     		ldr	r3, .L19
 163 003a 9B68     		ldr	r3, [r3, #8]
 164              		.loc 1 270 21
 165 003c 03F00C03 		and	r3, r3, #12
 166              		.loc 1 270 3
 167 0040 0C2B     		cmp	r3, #12
 168 0042 66D8     		bhi	.L7
 169 0044 01A2     		adr	r2, .L9
 170 0046 52F823F0 		ldr	pc, [r2, r3, lsl #2]
 171 004a 00BF     		.p2align 2
 172              	.L9:
 173 004c 81000000 		.word	.L12+1
 174 0050 13010000 		.word	.L7+1
 175 0054 13010000 		.word	.L7+1
 176 0058 13010000 		.word	.L7+1
 177 005c 89000000 		.word	.L11+1
 178 0060 13010000 		.word	.L7+1
 179 0064 13010000 		.word	.L7+1
 180 0068 13010000 		.word	.L7+1
 181 006c 91000000 		.word	.L10+1
 182 0070 13010000 		.word	.L7+1
 183 0074 13010000 		.word	.L7+1
 184 0078 13010000 		.word	.L7+1
 185 007c 99000000 		.word	.L8+1
 186              		.p2align 1
 187              	.L12:
 271:Drivers/CMSIS/Device/ST/STM32L4xx/Source/system_stm32l4xx.c ****   {
 272:Drivers/CMSIS/Device/ST/STM32L4xx/Source/system_stm32l4xx.c ****     case 0x00:  /* MSI used as system clock source */
 273:Drivers/CMSIS/Device/ST/STM32L4xx/Source/system_stm32l4xx.c ****       SystemCoreClock = msirange;
 188              		.loc 1 273 23
 189 0080 324A     		ldr	r2, .L19+8
 190 0082 7B69     		ldr	r3, [r7, #20]
 191 0084 1360     		str	r3, [r2]
ARM GAS  /tmp/cc0dTca0.s 			page 9


 274:Drivers/CMSIS/Device/ST/STM32L4xx/Source/system_stm32l4xx.c ****       break;
 192              		.loc 1 274 7
 193 0086 48E0     		b	.L13
 194              	.L11:
 275:Drivers/CMSIS/Device/ST/STM32L4xx/Source/system_stm32l4xx.c **** 
 276:Drivers/CMSIS/Device/ST/STM32L4xx/Source/system_stm32l4xx.c ****     case 0x04:  /* HSI used as system clock source */
 277:Drivers/CMSIS/Device/ST/STM32L4xx/Source/system_stm32l4xx.c ****       SystemCoreClock = HSI_VALUE;
 195              		.loc 1 277 23
 196 0088 304B     		ldr	r3, .L19+8
 197 008a 314A     		ldr	r2, .L19+12
 198 008c 1A60     		str	r2, [r3]
 278:Drivers/CMSIS/Device/ST/STM32L4xx/Source/system_stm32l4xx.c ****       break;
 199              		.loc 1 278 7
 200 008e 44E0     		b	.L13
 201              	.L10:
 279:Drivers/CMSIS/Device/ST/STM32L4xx/Source/system_stm32l4xx.c **** 
 280:Drivers/CMSIS/Device/ST/STM32L4xx/Source/system_stm32l4xx.c ****     case 0x08:  /* HSE used as system clock source */
 281:Drivers/CMSIS/Device/ST/STM32L4xx/Source/system_stm32l4xx.c ****       SystemCoreClock = HSE_VALUE;
 202              		.loc 1 281 23
 203 0090 2E4B     		ldr	r3, .L19+8
 204 0092 304A     		ldr	r2, .L19+16
 205 0094 1A60     		str	r2, [r3]
 282:Drivers/CMSIS/Device/ST/STM32L4xx/Source/system_stm32l4xx.c ****       break;
 206              		.loc 1 282 7
 207 0096 40E0     		b	.L13
 208              	.L8:
 283:Drivers/CMSIS/Device/ST/STM32L4xx/Source/system_stm32l4xx.c **** 
 284:Drivers/CMSIS/Device/ST/STM32L4xx/Source/system_stm32l4xx.c ****     case 0x0C:  /* PLL used as system clock  source */
 285:Drivers/CMSIS/Device/ST/STM32L4xx/Source/system_stm32l4xx.c ****       /* PLL_VCO = (HSE_VALUE or HSI_VALUE or MSI_VALUE/ PLLM) * PLLN
 286:Drivers/CMSIS/Device/ST/STM32L4xx/Source/system_stm32l4xx.c ****          SYSCLK = PLL_VCO / PLLR
 287:Drivers/CMSIS/Device/ST/STM32L4xx/Source/system_stm32l4xx.c ****          */
 288:Drivers/CMSIS/Device/ST/STM32L4xx/Source/system_stm32l4xx.c ****       pllsource = (RCC->PLLCFGR & RCC_PLLCFGR_PLLSRC);
 209              		.loc 1 288 23
 210 0098 2A4B     		ldr	r3, .L19
 211 009a DB68     		ldr	r3, [r3, #12]
 212              		.loc 1 288 17
 213 009c 03F00303 		and	r3, r3, #3
 214 00a0 FB60     		str	r3, [r7, #12]
 289:Drivers/CMSIS/Device/ST/STM32L4xx/Source/system_stm32l4xx.c ****       pllm = ((RCC->PLLCFGR & RCC_PLLCFGR_PLLM) >> 4U) + 1U ;
 215              		.loc 1 289 19
 216 00a2 284B     		ldr	r3, .L19
 217 00a4 DB68     		ldr	r3, [r3, #12]
 218              		.loc 1 289 49
 219 00a6 1B09     		lsrs	r3, r3, #4
 220 00a8 03F00703 		and	r3, r3, #7
 221              		.loc 1 289 12
 222 00ac 0133     		adds	r3, r3, #1
 223 00ae BB60     		str	r3, [r7, #8]
 224 00b0 FB68     		ldr	r3, [r7, #12]
 225 00b2 022B     		cmp	r3, #2
 226 00b4 03D0     		beq	.L14
 227 00b6 FB68     		ldr	r3, [r7, #12]
 228 00b8 032B     		cmp	r3, #3
 229 00ba 06D0     		beq	.L15
 230 00bc 0BE0     		b	.L18
 231              	.L14:
 290:Drivers/CMSIS/Device/ST/STM32L4xx/Source/system_stm32l4xx.c **** 
ARM GAS  /tmp/cc0dTca0.s 			page 10


 291:Drivers/CMSIS/Device/ST/STM32L4xx/Source/system_stm32l4xx.c ****       switch (pllsource)
 292:Drivers/CMSIS/Device/ST/STM32L4xx/Source/system_stm32l4xx.c ****       {
 293:Drivers/CMSIS/Device/ST/STM32L4xx/Source/system_stm32l4xx.c ****         case 0x02:  /* HSI used as PLL clock source */
 294:Drivers/CMSIS/Device/ST/STM32L4xx/Source/system_stm32l4xx.c ****           pllvco = (HSI_VALUE / pllm);
 232              		.loc 1 294 18
 233 00be 244A     		ldr	r2, .L19+12
 234 00c0 BB68     		ldr	r3, [r7, #8]
 235 00c2 B2FBF3F3 		udiv	r3, r2, r3
 236 00c6 3B61     		str	r3, [r7, #16]
 295:Drivers/CMSIS/Device/ST/STM32L4xx/Source/system_stm32l4xx.c ****           break;
 237              		.loc 1 295 11
 238 00c8 0BE0     		b	.L17
 239              	.L15:
 296:Drivers/CMSIS/Device/ST/STM32L4xx/Source/system_stm32l4xx.c **** 
 297:Drivers/CMSIS/Device/ST/STM32L4xx/Source/system_stm32l4xx.c ****         case 0x03:  /* HSE used as PLL clock source */
 298:Drivers/CMSIS/Device/ST/STM32L4xx/Source/system_stm32l4xx.c ****           pllvco = (HSE_VALUE / pllm);
 240              		.loc 1 298 18
 241 00ca 224A     		ldr	r2, .L19+16
 242 00cc BB68     		ldr	r3, [r7, #8]
 243 00ce B2FBF3F3 		udiv	r3, r2, r3
 244 00d2 3B61     		str	r3, [r7, #16]
 299:Drivers/CMSIS/Device/ST/STM32L4xx/Source/system_stm32l4xx.c ****           break;
 245              		.loc 1 299 11
 246 00d4 05E0     		b	.L17
 247              	.L18:
 300:Drivers/CMSIS/Device/ST/STM32L4xx/Source/system_stm32l4xx.c **** 
 301:Drivers/CMSIS/Device/ST/STM32L4xx/Source/system_stm32l4xx.c ****         default:    /* MSI used as PLL clock source */
 302:Drivers/CMSIS/Device/ST/STM32L4xx/Source/system_stm32l4xx.c ****           pllvco = (msirange / pllm);
 248              		.loc 1 302 18
 249 00d6 7A69     		ldr	r2, [r7, #20]
 250 00d8 BB68     		ldr	r3, [r7, #8]
 251 00da B2FBF3F3 		udiv	r3, r2, r3
 252 00de 3B61     		str	r3, [r7, #16]
 303:Drivers/CMSIS/Device/ST/STM32L4xx/Source/system_stm32l4xx.c ****           break;
 253              		.loc 1 303 11
 254 00e0 00BF     		nop
 255              	.L17:
 304:Drivers/CMSIS/Device/ST/STM32L4xx/Source/system_stm32l4xx.c ****       }
 305:Drivers/CMSIS/Device/ST/STM32L4xx/Source/system_stm32l4xx.c ****       pllvco = pllvco * ((RCC->PLLCFGR & RCC_PLLCFGR_PLLN) >> 8U);
 256              		.loc 1 305 30
 257 00e2 184B     		ldr	r3, .L19
 258 00e4 DB68     		ldr	r3, [r3, #12]
 259              		.loc 1 305 60
 260 00e6 1B0A     		lsrs	r3, r3, #8
 261 00e8 03F07F02 		and	r2, r3, #127
 262              		.loc 1 305 14
 263 00ec 3B69     		ldr	r3, [r7, #16]
 264 00ee 02FB03F3 		mul	r3, r2, r3
 265 00f2 3B61     		str	r3, [r7, #16]
 306:Drivers/CMSIS/Device/ST/STM32L4xx/Source/system_stm32l4xx.c ****       pllr = (((RCC->PLLCFGR & RCC_PLLCFGR_PLLR) >> 25U) + 1U) * 2U;
 266              		.loc 1 306 20
 267 00f4 134B     		ldr	r3, .L19
 268 00f6 DB68     		ldr	r3, [r3, #12]
 269              		.loc 1 306 50
 270 00f8 5B0E     		lsrs	r3, r3, #25
 271 00fa 03F00303 		and	r3, r3, #3
 272              		.loc 1 306 58
ARM GAS  /tmp/cc0dTca0.s 			page 11


 273 00fe 0133     		adds	r3, r3, #1
 274              		.loc 1 306 12
 275 0100 5B00     		lsls	r3, r3, #1
 276 0102 7B60     		str	r3, [r7, #4]
 307:Drivers/CMSIS/Device/ST/STM32L4xx/Source/system_stm32l4xx.c ****       SystemCoreClock = pllvco/pllr;
 277              		.loc 1 307 31
 278 0104 3A69     		ldr	r2, [r7, #16]
 279 0106 7B68     		ldr	r3, [r7, #4]
 280 0108 B2FBF3F3 		udiv	r3, r2, r3
 281              		.loc 1 307 23
 282 010c 0F4A     		ldr	r2, .L19+8
 283 010e 1360     		str	r3, [r2]
 308:Drivers/CMSIS/Device/ST/STM32L4xx/Source/system_stm32l4xx.c ****       break;
 284              		.loc 1 308 7
 285 0110 03E0     		b	.L13
 286              	.L7:
 309:Drivers/CMSIS/Device/ST/STM32L4xx/Source/system_stm32l4xx.c **** 
 310:Drivers/CMSIS/Device/ST/STM32L4xx/Source/system_stm32l4xx.c ****     default:
 311:Drivers/CMSIS/Device/ST/STM32L4xx/Source/system_stm32l4xx.c ****       SystemCoreClock = msirange;
 287              		.loc 1 311 23
 288 0112 0E4A     		ldr	r2, .L19+8
 289 0114 7B69     		ldr	r3, [r7, #20]
 290 0116 1360     		str	r3, [r2]
 312:Drivers/CMSIS/Device/ST/STM32L4xx/Source/system_stm32l4xx.c ****       break;
 291              		.loc 1 312 7
 292 0118 00BF     		nop
 293              	.L13:
 313:Drivers/CMSIS/Device/ST/STM32L4xx/Source/system_stm32l4xx.c ****   }
 314:Drivers/CMSIS/Device/ST/STM32L4xx/Source/system_stm32l4xx.c ****   /* Compute HCLK clock frequency --------------------------------------------*/
 315:Drivers/CMSIS/Device/ST/STM32L4xx/Source/system_stm32l4xx.c ****   /* Get HCLK prescaler */
 316:Drivers/CMSIS/Device/ST/STM32L4xx/Source/system_stm32l4xx.c ****   tmp = AHBPrescTable[((RCC->CFGR & RCC_CFGR_HPRE) >> 4U)];
 294              		.loc 1 316 28
 295 011a 0A4B     		ldr	r3, .L19
 296 011c 9B68     		ldr	r3, [r3, #8]
 297              		.loc 1 316 52
 298 011e 1B09     		lsrs	r3, r3, #4
 299 0120 03F00F03 		and	r3, r3, #15
 300              		.loc 1 316 22
 301 0124 0C4A     		ldr	r2, .L19+20
 302 0126 D35C     		ldrb	r3, [r2, r3]	@ zero_extendqisi2
 303              		.loc 1 316 7
 304 0128 3B60     		str	r3, [r7]
 317:Drivers/CMSIS/Device/ST/STM32L4xx/Source/system_stm32l4xx.c ****   /* HCLK clock frequency */
 318:Drivers/CMSIS/Device/ST/STM32L4xx/Source/system_stm32l4xx.c ****   SystemCoreClock >>= tmp;
 305              		.loc 1 318 19
 306 012a 084B     		ldr	r3, .L19+8
 307 012c 1A68     		ldr	r2, [r3]
 308 012e 3B68     		ldr	r3, [r7]
 309 0130 22FA03F3 		lsr	r3, r2, r3
 310 0134 054A     		ldr	r2, .L19+8
 311 0136 1360     		str	r3, [r2]
 319:Drivers/CMSIS/Device/ST/STM32L4xx/Source/system_stm32l4xx.c **** }
 312              		.loc 1 319 1
 313 0138 00BF     		nop
 314 013a 1C37     		adds	r7, r7, #28
 315              		.cfi_def_cfa_offset 4
 316 013c BD46     		mov	sp, r7
ARM GAS  /tmp/cc0dTca0.s 			page 12


 317              		.cfi_def_cfa_register 13
 318              		@ sp needed
 319 013e 5DF8047B 		ldr	r7, [sp], #4
 320              		.cfi_restore 7
 321              		.cfi_def_cfa_offset 0
 322 0142 7047     		bx	lr
 323              	.L20:
 324              		.align	2
 325              	.L19:
 326 0144 00100240 		.word	1073876992
 327 0148 00000000 		.word	MSIRangeTable
 328 014c 00000000 		.word	SystemCoreClock
 329 0150 0024F400 		.word	16000000
 330 0154 00127A00 		.word	8000000
 331 0158 00000000 		.word	AHBPrescTable
 332              		.cfi_endproc
 333              	.LFE446:
 335              		.text
 336              	.Letext0:
 337              		.file 2 "/usr/lib/gcc/arm-none-eabi/13.2.1/include/stdint.h"
 338              		.file 3 "Drivers/CMSIS/Core/Include/core_cm4.h"
 339              		.file 4 "Drivers/CMSIS/Device/ST/STM32L4xx/Include/system_stm32l4xx.h"
 340              		.file 5 "Drivers/CMSIS/Device/ST/STM32L4xx/Include/stm32l475xx.h"
 341              		.file 6 "Drivers/STM32L4xx_HAL_Driver/Inc/stm32l4xx_ll_dma.h"
ARM GAS  /tmp/cc0dTca0.s 			page 13


DEFINED SYMBOLS
                            *ABS*:00000000 system_stm32l4xx.c
     /tmp/cc0dTca0.s:21     .rodata.CHANNEL_OFFSET_TAB:00000000 $d
     /tmp/cc0dTca0.s:24     .rodata.CHANNEL_OFFSET_TAB:00000000 CHANNEL_OFFSET_TAB
     /tmp/cc0dTca0.s:31     .data.SystemCoreClock:00000000 SystemCoreClock
     /tmp/cc0dTca0.s:28     .data.SystemCoreClock:00000000 $d
     /tmp/cc0dTca0.s:38     .rodata.AHBPrescTable:00000000 AHBPrescTable
     /tmp/cc0dTca0.s:35     .rodata.AHBPrescTable:00000000 $d
     /tmp/cc0dTca0.s:46     .rodata.APBPrescTable:00000000 APBPrescTable
     /tmp/cc0dTca0.s:43     .rodata.APBPrescTable:00000000 $d
     /tmp/cc0dTca0.s:53     .rodata.MSIRangeTable:00000000 MSIRangeTable
     /tmp/cc0dTca0.s:50     .rodata.MSIRangeTable:00000000 $d
     /tmp/cc0dTca0.s:67     .text.SystemInit:00000000 $t
     /tmp/cc0dTca0.s:73     .text.SystemInit:00000000 SystemInit
     /tmp/cc0dTca0.s:104    .text.SystemInit:00000020 $d
     /tmp/cc0dTca0.s:109    .text.SystemCoreClockUpdate:00000000 $t
     /tmp/cc0dTca0.s:115    .text.SystemCoreClockUpdate:00000000 SystemCoreClockUpdate
     /tmp/cc0dTca0.s:173    .text.SystemCoreClockUpdate:0000004c $d
     /tmp/cc0dTca0.s:186    .text.SystemCoreClockUpdate:00000080 $t
     /tmp/cc0dTca0.s:326    .text.SystemCoreClockUpdate:00000144 $d
                           .group:00000000 wm4.0.e7b64c2c371cf922f2c8028878d5c18e
                           .group:00000000 wm4.stm32l4xx.h.38.9f5830373ca31b8a3cd182fdc6c7b69a
                           .group:00000000 wm4.stm32l475xx.h.34.2f1a75aed66751e299f09004aef64973
                           .group:00000000 wm4.stdint.h.29.6d480f4ba0f60596e88234283d42444f
                           .group:00000000 wm4.cmsis_version.h.32.46e8eccfa2cfeaae11d008bb2823a3ed
                           .group:00000000 wm4.core_cm4.h.66.e4ff136c4a17abc46741866f64f8e729
                           .group:00000000 wm4.cmsis_gcc.h.26.78077cef1206e937f7b56043ffca496a
                           .group:00000000 wm4.core_cm4.h.174.fcddd62df80231752fa39eb9b61dadfe
                           .group:00000000 wm4.mpu_armv7.h.32.4049752bb5792d4e15357775e9506cfc
                           .group:00000000 wm4.stm32l475xx.h.423.4d783859c9ac66890c9807dd7bd3a4db
                           .group:00000000 wm4.stm32l4xx.h.196.f5ae8047c57b6175c94f246ef967a286
                           .group:00000000 wm4.stm32l4xx_hal_conf.h.23.286c2f63aaa73ed97ffb4d26f7caa6e9
                           .group:00000000 wm4.stm32_hal_legacy.h.22.08b8350ccf512ba8d98002fb33e7cbe5
                           .group:00000000 wm4.stddef.h.39.0dc9006b34572d4d9cae4c8b422c4971
                           .group:00000000 wm4.stm32l4xx_hal_def.h.58.1058a33f7217e935f2a6b51956d66a69
                           .group:00000000 wm4.stm32l4xx_hal_rcc.h.156.ab8eecc4e10f4827a2aa75d3549a356d
                           .group:00000000 wm4.stm32l4xx_hal_rcc_ex.h.20.4a82a27d561b6d42fa16a54f82e29067
                           .group:00000000 wm4.stm32l4xx_hal_gpio.h.21.2d2b1fd6aa6afa7b6dcc89cf752a9a25
                           .group:00000000 wm4.stm32l4xx_hal_gpio_ex.h.21.7ea705f5185dd3c6b8ea336f2858cd46
                           .group:00000000 wm4.stm32l4xx_ll_dma.h.21.b30e7f48d60d1fc53041ec1e3fd6e54a
                           .group:00000000 wm4.stm32l4xx_hal_dma.h.166.54a7f8d65cee6f051d541dc010387b5a
                           .group:00000000 wm4.stm32l4xx_hal_dfsdm.h.21.6785e38d00075079c7f2e5657def82ae
                           .group:00000000 wm4.stm32l4xx_hal_cortex.h.21.cb491126bd2d6f44e90b66f27acb8434
                           .group:00000000 wm4.stm32l4xx_ll_adc.h.21.0c578f71501c74365c67044efed214d6
                           .group:00000000 wm4.stm32l4xx_hal_adc.h.411.68f60682cdb20556089756a482f23764
                           .group:00000000 wm4.stm32l4xx_hal_adc_ex.h.21.7b82cb80166a21dfa8cb3e2fa8f8e654
                           .group:00000000 wm4.stm32l4xx_hal_can.h.21.5019586d8e7137c0cec16eb1f9d6677b
                           .group:00000000 wm4.stm32l4xx_ll_exti.h.21.d866eff070d6f999af2ce4ea60aa40ac
                           .group:00000000 wm4.stm32l4xx_hal_comp.h.87.7f14cb673a463359c83faa552328844d
                           .group:00000000 wm4.stm32l4xx_hal_crc.h.21.4c36a140cca35e6a8e478e76c6ad98e3
                           .group:00000000 wm4.stm32l4xx_hal_crc_ex.h.21.9cc3dead436542d416ee5572c231a242
                           .group:00000000 wm4.stm32l4xx_hal_dac.h.21.69feba704135531cf3d9b92de27b71d5
                           .group:00000000 wm4.stm32l4xx_hal_dac_ex.h.21.c86699169bead5415cc3e94027b67df4
                           .group:00000000 wm4.stm32l4xx_hal_exti.h.21.242e0410874d91d6d7523948fff74125
                           .group:00000000 wm4.stm32l4xx_hal_firewall.h.21.7ed44f4228fcc2ef96d2177dd8632645
                           .group:00000000 wm4.stm32l4xx_hal_flash.h.20.5e337018ccfa211b4afe888a79aae9f5
                           .group:00000000 wm4.stm32l4xx_hal_flash.h.846.0445f6ea07a3f9aac82891c8687d96fb
ARM GAS  /tmp/cc0dTca0.s 			page 14


                           .group:00000000 wm4.stm32l4xx_ll_usb.h.21.5b5e42fb72a33dd326d7b20064953946
                           .group:00000000 wm4.stm32l4xx_hal_hcd.h.107.73f2fd24f57e8822da5cc86bd5ad3dfd
                           .group:00000000 wm4.stm32l4xx_hal_i2c.h.21.e7fc2065051c77019a818818e4a637d8
                           .group:00000000 wm4.stm32l4xx_hal_i2c_ex.h.21.ad4ad4e558d4fec06df87d163a6927d7
                           .group:00000000 wm4.stm32l4xx_hal_i2c.h.737.fa3908c81294cf0f9894ae336466002c
                           .group:00000000 wm4.stm32l4xx_hal_irda.h.21.136c042f9eef333167a549cc099df0c9
                           .group:00000000 wm4.stm32l4xx_hal_irda_ex.h.21.e0ada4e6d2b2cadfb512dd3c8ac0a637
                           .group:00000000 wm4.stm32l4xx_hal_iwdg.h.21.f94ca75f2fe1ebc7a2a8d0f5b58d8430
                           .group:00000000 wm4.stm32l4xx_hal_lptim.h.21.78222ea6639fc8c02789d293a048991e
                           .group:00000000 wm4.stm32l4xx_ll_sdmmc.h.21.65a5a8696b6ca7b87cc93d218084d702
                           .group:00000000 wm4.stm32l4xx_hal_mmc.h.69.8f4159f0a88ef1ebc33c58a8f10362b9
                           .group:00000000 wm4.stm32l4xx_ll_fmc.h.21.156a244c55010643ee92c6119049cb68
                           .group:00000000 wm4.stm32l4xx_hal_nand.h.176.9bfeac6e4e757991088bbd0df44e2be9
                           .group:00000000 wm4.stm32l4xx_hal_nor.h.21.d47e91e825f466bbac02fac0a7845a7a
                           .group:00000000 wm4.stm32l4xx_hal_opamp.h.21.9d841e1eaccee939f247b3f973f8af5f
                           .group:00000000 wm4.stm32l4xx_hal_pcd.h.169.addb1fac652268a18a0707cfcb5e2e47
                           .group:00000000 wm4.stm32l4xx_hal_pwr.h.21.7ddab2caa97243c36e496eca17b27618
                           .group:00000000 wm4.stm32l4xx_hal_pwr_ex.h.21.65ad8bbdbcb1950d945c0de10f22dc80
                           .group:00000000 wm4.stm32l4xx_hal_qspi.h.21.0291dad4eaa82101f2f77d76315c9b12
                           .group:00000000 wm4.stm32l4xx_hal_rng.h.21.96593715bdeab0c74ac9dfc538fb2feb
                           .group:00000000 wm4.stm32l4xx_hal_rtc.h.21.9da6b1aeebde99930891f803cb7f9678
                           .group:00000000 wm4.stm32l4xx_hal_rtc_ex.h.21.c692539378320719c7f2a2da1ca64502
                           .group:00000000 wm4.stm32l4xx_hal_rtc.h.999.c8bd9450c783628bd606ecb31bea5cc9
                           .group:00000000 wm4.stm32l4xx_hal_sai.h.21.c1165aaf2bbde65fae28ed4817be5cc5
                           .group:00000000 wm4.stm32l4xx_hal_sd.h.21.b395c90a87e82f7e8d77d4a518036063
                           .group:00000000 wm4.stm32l4xx_hal_smartcard.h.21.423c3ad63e0df35b864303e89e6d253c
                           .group:00000000 wm4.stm32l4xx_hal_smartcard_ex.h.21.801a2ce9252a785aec000b3fc7667a74
                           .group:00000000 wm4.stm32l4xx_hal_smbus.h.21.7480adb16468bfdce819ee591f21299e
                           .group:00000000 wm4.stm32l4xx_hal_smbus_ex.h.21.bdc715f5f6fb6612a871d3c03c3b871f
                           .group:00000000 wm4.stm32l4xx_hal_spi.h.21.3b51f9f7b241962f6b3483c47a43334f
                           .group:00000000 wm4.stm32l4xx_hal_sram.h.21.285210181e158bddc1cdde63dde572fd
                           .group:00000000 wm4.stm32l4xx_hal_swpmi.h.21.787f994f40b117a62aad9a6dd408b8fc
                           .group:00000000 wm4.stm32l4xx_hal_tim.h.21.d190832030e7505384ad081daa7ba8d6
                           .group:00000000 wm4.stm32l4xx_hal_tim_ex.h.21.1d0860218366ee9f64a97fd8af0ddee1
                           .group:00000000 wm4.stm32l4xx_hal_tsc.h.21.e9010049847ea38297d4b95a5ede0d8c
                           .group:00000000 wm4.stm32l4xx_hal_uart.h.21.480c0a64ca01596a921cda9dceb01df4
                           .group:00000000 wm4.stm32l4xx_hal_uart_ex.h.21.d793e64693c93af07c90464aef42bd83
                           .group:00000000 wm4.stm32l4xx_hal_usart.h.21.561c0058e33cb8df6671dcd29d5d25f9
                           .group:00000000 wm4.stm32l4xx_hal_usart_ex.h.21.111da650523691ebc80d64103d7b26e5
                           .group:00000000 wm4.stm32l4xx_hal_wwdg.h.21.073aa79d58120ae4fb8590c46b210051
                           .group:00000000 wm4.stm32l4xx_hal.h.75.d364b3778b3801d2f66bb409c48d396d

NO UNDEFINED SYMBOLS
